[2024-10-11T15:05:20.547+0000] {processor.py:186} INFO - Started process (PID=58) to work on /opt/airflow/dags/dag1.py
[2024-10-11T15:05:20.597+0000] {processor.py:914} INFO - Processing file /opt/airflow/dags/dag1.py for tasks to queue
[2024-10-11T15:05:20.619+0000] {logging_mixin.py:190} INFO - [2024-10-11T15:05:20.610+0000] {dagbag.py:588} INFO - Filling up the DagBag from /opt/airflow/dags/dag1.py
[2024-10-11T15:05:21.305+0000] {processor.py:925} INFO - DAG(s) 'dag1' retrieved from /opt/airflow/dags/dag1.py
[2024-10-11T15:05:22.251+0000] {logging_mixin.py:190} INFO - [2024-10-11T15:05:22.250+0000] {dag.py:3239} INFO - Sync 1 DAGs
[2024-10-11T15:05:22.483+0000] {processor.py:208} INFO - Processing /opt/airflow/dags/dag1.py took 2.247 seconds
[2024-10-11T15:05:52.926+0000] {processor.py:186} INFO - Started process (PID=80) to work on /opt/airflow/dags/dag1.py
[2024-10-11T15:05:52.931+0000] {processor.py:914} INFO - Processing file /opt/airflow/dags/dag1.py for tasks to queue
[2024-10-11T15:05:53.033+0000] {logging_mixin.py:190} INFO - [2024-10-11T15:05:53.028+0000] {dagbag.py:588} INFO - Filling up the DagBag from /opt/airflow/dags/dag1.py
[2024-10-11T15:05:53.316+0000] {processor.py:925} INFO - DAG(s) 'dag1' retrieved from /opt/airflow/dags/dag1.py
[2024-10-11T15:05:53.491+0000] {logging_mixin.py:190} INFO - [2024-10-11T15:05:53.491+0000] {dag.py:3239} INFO - Sync 1 DAGs
[2024-10-11T15:05:53.714+0000] {processor.py:208} INFO - Processing /opt/airflow/dags/dag1.py took 0.854 seconds
[2024-10-11T15:06:24.030+0000] {processor.py:186} INFO - Started process (PID=88) to work on /opt/airflow/dags/dag1.py
[2024-10-11T15:06:24.031+0000] {processor.py:914} INFO - Processing file /opt/airflow/dags/dag1.py for tasks to queue
[2024-10-11T15:06:24.034+0000] {logging_mixin.py:190} INFO - [2024-10-11T15:06:24.034+0000] {dagbag.py:588} INFO - Filling up the DagBag from /opt/airflow/dags/dag1.py
[2024-10-11T15:06:24.054+0000] {processor.py:925} INFO - DAG(s) 'dag1' retrieved from /opt/airflow/dags/dag1.py
[2024-10-11T15:06:24.084+0000] {logging_mixin.py:190} INFO - [2024-10-11T15:06:24.084+0000] {dag.py:3239} INFO - Sync 1 DAGs
[2024-10-11T15:06:24.143+0000] {processor.py:208} INFO - Processing /opt/airflow/dags/dag1.py took 0.118 seconds
[2024-10-11T15:06:54.313+0000] {processor.py:186} INFO - Started process (PID=96) to work on /opt/airflow/dags/dag1.py
[2024-10-11T15:06:54.317+0000] {processor.py:914} INFO - Processing file /opt/airflow/dags/dag1.py for tasks to queue
[2024-10-11T15:06:54.326+0000] {logging_mixin.py:190} INFO - [2024-10-11T15:06:54.325+0000] {dagbag.py:588} INFO - Filling up the DagBag from /opt/airflow/dags/dag1.py
[2024-10-11T15:06:54.379+0000] {processor.py:925} INFO - DAG(s) 'dag1' retrieved from /opt/airflow/dags/dag1.py
[2024-10-11T15:06:54.444+0000] {logging_mixin.py:190} INFO - [2024-10-11T15:06:54.443+0000] {dag.py:3239} INFO - Sync 1 DAGs
[2024-10-11T15:06:54.514+0000] {processor.py:208} INFO - Processing /opt/airflow/dags/dag1.py took 0.218 seconds
[2024-10-11T15:07:24.809+0000] {processor.py:186} INFO - Started process (PID=104) to work on /opt/airflow/dags/dag1.py
[2024-10-11T15:07:24.810+0000] {processor.py:914} INFO - Processing file /opt/airflow/dags/dag1.py for tasks to queue
[2024-10-11T15:07:24.812+0000] {logging_mixin.py:190} INFO - [2024-10-11T15:07:24.812+0000] {dagbag.py:588} INFO - Filling up the DagBag from /opt/airflow/dags/dag1.py
[2024-10-11T15:07:24.829+0000] {processor.py:925} INFO - DAG(s) 'dag1' retrieved from /opt/airflow/dags/dag1.py
[2024-10-11T15:07:24.854+0000] {logging_mixin.py:190} INFO - [2024-10-11T15:07:24.854+0000] {dag.py:3239} INFO - Sync 1 DAGs
[2024-10-11T15:07:24.902+0000] {processor.py:208} INFO - Processing /opt/airflow/dags/dag1.py took 0.097 seconds
[2024-10-11T15:07:55.124+0000] {processor.py:186} INFO - Started process (PID=112) to work on /opt/airflow/dags/dag1.py
[2024-10-11T15:07:55.126+0000] {processor.py:914} INFO - Processing file /opt/airflow/dags/dag1.py for tasks to queue
[2024-10-11T15:07:55.129+0000] {logging_mixin.py:190} INFO - [2024-10-11T15:07:55.128+0000] {dagbag.py:588} INFO - Filling up the DagBag from /opt/airflow/dags/dag1.py
[2024-10-11T15:07:55.171+0000] {processor.py:925} INFO - DAG(s) 'dag1' retrieved from /opt/airflow/dags/dag1.py
[2024-10-11T15:07:55.288+0000] {logging_mixin.py:190} INFO - [2024-10-11T15:07:55.288+0000] {dag.py:3239} INFO - Sync 1 DAGs
[2024-10-11T15:07:55.341+0000] {processor.py:208} INFO - Processing /opt/airflow/dags/dag1.py took 0.223 seconds
[2024-10-11T15:08:25.500+0000] {processor.py:186} INFO - Started process (PID=121) to work on /opt/airflow/dags/dag1.py
[2024-10-11T15:08:25.501+0000] {processor.py:914} INFO - Processing file /opt/airflow/dags/dag1.py for tasks to queue
[2024-10-11T15:08:25.505+0000] {logging_mixin.py:190} INFO - [2024-10-11T15:08:25.504+0000] {dagbag.py:588} INFO - Filling up the DagBag from /opt/airflow/dags/dag1.py
[2024-10-11T15:08:25.545+0000] {processor.py:925} INFO - DAG(s) 'dag1' retrieved from /opt/airflow/dags/dag1.py
[2024-10-11T15:08:25.589+0000] {logging_mixin.py:190} INFO - [2024-10-11T15:08:25.588+0000] {dag.py:3239} INFO - Sync 1 DAGs
[2024-10-11T15:08:25.641+0000] {processor.py:208} INFO - Processing /opt/airflow/dags/dag1.py took 0.147 seconds
[2024-10-11T15:09:02.093+0000] {processor.py:186} INFO - Started process (PID=123) to work on /opt/airflow/dags/dag1.py
[2024-10-11T15:09:02.095+0000] {processor.py:914} INFO - Processing file /opt/airflow/dags/dag1.py for tasks to queue
[2024-10-11T15:09:02.099+0000] {logging_mixin.py:190} INFO - [2024-10-11T15:09:02.098+0000] {dagbag.py:588} INFO - Filling up the DagBag from /opt/airflow/dags/dag1.py
[2024-10-11T15:09:02.142+0000] {processor.py:925} INFO - DAG(s) 'dag1' retrieved from /opt/airflow/dags/dag1.py
[2024-10-11T15:09:02.303+0000] {logging_mixin.py:190} INFO - [2024-10-11T15:09:02.303+0000] {dag.py:3239} INFO - Sync 1 DAGs
[2024-10-11T15:09:02.429+0000] {processor.py:208} INFO - Processing /opt/airflow/dags/dag1.py took 0.346 seconds
[2024-10-11T15:09:32.813+0000] {processor.py:186} INFO - Started process (PID=137) to work on /opt/airflow/dags/dag1.py
[2024-10-11T15:09:32.814+0000] {processor.py:914} INFO - Processing file /opt/airflow/dags/dag1.py for tasks to queue
[2024-10-11T15:09:32.826+0000] {logging_mixin.py:190} INFO - [2024-10-11T15:09:32.826+0000] {dagbag.py:588} INFO - Filling up the DagBag from /opt/airflow/dags/dag1.py
[2024-10-11T15:09:32.950+0000] {processor.py:925} INFO - DAG(s) 'dag1' retrieved from /opt/airflow/dags/dag1.py
[2024-10-11T15:09:33.145+0000] {logging_mixin.py:190} INFO - [2024-10-11T15:09:33.142+0000] {dag.py:3239} INFO - Sync 1 DAGs
[2024-10-11T15:09:33.200+0000] {processor.py:208} INFO - Processing /opt/airflow/dags/dag1.py took 0.393 seconds
[2024-10-11T15:10:03.281+0000] {processor.py:186} INFO - Started process (PID=144) to work on /opt/airflow/dags/dag1.py
[2024-10-11T15:10:03.282+0000] {processor.py:914} INFO - Processing file /opt/airflow/dags/dag1.py for tasks to queue
[2024-10-11T15:10:03.285+0000] {logging_mixin.py:190} INFO - [2024-10-11T15:10:03.284+0000] {dagbag.py:588} INFO - Filling up the DagBag from /opt/airflow/dags/dag1.py
[2024-10-11T15:10:03.335+0000] {processor.py:925} INFO - DAG(s) 'dag1' retrieved from /opt/airflow/dags/dag1.py
[2024-10-11T15:10:03.388+0000] {logging_mixin.py:190} INFO - [2024-10-11T15:10:03.388+0000] {dag.py:3239} INFO - Sync 1 DAGs
[2024-10-11T15:10:03.441+0000] {processor.py:208} INFO - Processing /opt/airflow/dags/dag1.py took 0.172 seconds
[2024-10-11T15:10:33.812+0000] {processor.py:186} INFO - Started process (PID=146) to work on /opt/airflow/dags/dag1.py
[2024-10-11T15:10:33.814+0000] {processor.py:914} INFO - Processing file /opt/airflow/dags/dag1.py for tasks to queue
[2024-10-11T15:10:33.818+0000] {logging_mixin.py:190} INFO - [2024-10-11T15:10:33.817+0000] {dagbag.py:588} INFO - Filling up the DagBag from /opt/airflow/dags/dag1.py
[2024-10-11T15:10:33.919+0000] {processor.py:925} INFO - DAG(s) 'dag1' retrieved from /opt/airflow/dags/dag1.py
[2024-10-11T15:10:57.552+0000] {logging_mixin.py:190} INFO - [2024-10-11T15:10:57.551+0000] {dag.py:3239} INFO - Sync 1 DAGs
[2024-10-11T15:11:01.506+0000] {processor.py:208} INFO - Processing /opt/airflow/dags/dag1.py took 27.703 seconds
[2024-10-11T15:11:34.878+0000] {processor.py:186} INFO - Started process (PID=154) to work on /opt/airflow/dags/dag1.py
[2024-10-11T15:11:34.881+0000] {processor.py:914} INFO - Processing file /opt/airflow/dags/dag1.py for tasks to queue
[2024-10-11T15:11:34.895+0000] {logging_mixin.py:190} INFO - [2024-10-11T15:11:34.894+0000] {dagbag.py:588} INFO - Filling up the DagBag from /opt/airflow/dags/dag1.py
[2024-10-11T15:11:35.071+0000] {processor.py:925} INFO - DAG(s) 'dag1' retrieved from /opt/airflow/dags/dag1.py
[2024-10-11T15:11:35.243+0000] {logging_mixin.py:190} INFO - [2024-10-11T15:11:35.242+0000] {dag.py:3239} INFO - Sync 1 DAGs
[2024-10-11T15:11:35.311+0000] {processor.py:208} INFO - Processing /opt/airflow/dags/dag1.py took 0.443 seconds
[2024-10-11T15:12:06.197+0000] {processor.py:186} INFO - Started process (PID=162) to work on /opt/airflow/dags/dag1.py
[2024-10-11T15:12:06.199+0000] {processor.py:914} INFO - Processing file /opt/airflow/dags/dag1.py for tasks to queue
[2024-10-11T15:12:06.207+0000] {logging_mixin.py:190} INFO - [2024-10-11T15:12:06.205+0000] {dagbag.py:588} INFO - Filling up the DagBag from /opt/airflow/dags/dag1.py
[2024-10-11T15:12:06.291+0000] {processor.py:925} INFO - DAG(s) 'dag1' retrieved from /opt/airflow/dags/dag1.py
[2024-10-11T15:12:06.367+0000] {logging_mixin.py:190} INFO - [2024-10-11T15:12:06.366+0000] {dag.py:3239} INFO - Sync 1 DAGs
[2024-10-11T15:12:06.451+0000] {processor.py:208} INFO - Processing /opt/airflow/dags/dag1.py took 0.271 seconds
[2024-10-11T15:12:25.387+0000] {processor.py:186} INFO - Started process (PID=169) to work on /opt/airflow/dags/dag1.py
[2024-10-11T15:12:25.388+0000] {processor.py:914} INFO - Processing file /opt/airflow/dags/dag1.py for tasks to queue
[2024-10-11T15:12:25.391+0000] {logging_mixin.py:190} INFO - [2024-10-11T15:12:25.390+0000] {dagbag.py:588} INFO - Filling up the DagBag from /opt/airflow/dags/dag1.py
[2024-10-11T15:12:25.440+0000] {processor.py:925} INFO - DAG(s) 'dag1' retrieved from /opt/airflow/dags/dag1.py
[2024-10-11T15:12:26.813+0000] {logging_mixin.py:190} INFO - [2024-10-11T15:12:26.812+0000] {dag.py:3239} INFO - Sync 1 DAGs
[2024-10-11T15:12:26.870+0000] {processor.py:208} INFO - Processing /opt/airflow/dags/dag1.py took 1.489 seconds
[2024-10-11T15:13:02.254+0000] {processor.py:186} INFO - Started process (PID=177) to work on /opt/airflow/dags/dag1.py
[2024-10-11T15:13:02.258+0000] {processor.py:914} INFO - Processing file /opt/airflow/dags/dag1.py for tasks to queue
[2024-10-11T15:13:02.262+0000] {logging_mixin.py:190} INFO - [2024-10-11T15:13:02.261+0000] {dagbag.py:588} INFO - Filling up the DagBag from /opt/airflow/dags/dag1.py
[2024-10-11T15:13:02.318+0000] {processor.py:925} INFO - DAG(s) 'dag1' retrieved from /opt/airflow/dags/dag1.py
[2024-10-11T15:13:02.511+0000] {logging_mixin.py:190} INFO - [2024-10-11T15:13:02.510+0000] {dag.py:3239} INFO - Sync 1 DAGs
[2024-10-11T15:13:03.126+0000] {processor.py:208} INFO - Processing /opt/airflow/dags/dag1.py took 0.889 seconds
[2024-10-11T15:13:33.508+0000] {processor.py:186} INFO - Started process (PID=185) to work on /opt/airflow/dags/dag1.py
[2024-10-11T15:13:33.509+0000] {processor.py:914} INFO - Processing file /opt/airflow/dags/dag1.py for tasks to queue
[2024-10-11T15:13:33.513+0000] {logging_mixin.py:190} INFO - [2024-10-11T15:13:33.512+0000] {dagbag.py:588} INFO - Filling up the DagBag from /opt/airflow/dags/dag1.py
[2024-10-11T15:13:33.545+0000] {processor.py:925} INFO - DAG(s) 'dag1' retrieved from /opt/airflow/dags/dag1.py
[2024-10-11T15:13:33.588+0000] {logging_mixin.py:190} INFO - [2024-10-11T15:13:33.587+0000] {dag.py:3239} INFO - Sync 1 DAGs
[2024-10-11T15:13:33.632+0000] {logging_mixin.py:190} INFO - [2024-10-11T15:13:33.631+0000] {dag.py:4180} INFO - Setting next_dagrun for dag1 to 2024-10-11 00:07:00+00:00, run_after=2024-10-11 00:08:00+00:00
[2024-10-11T15:13:33.878+0000] {processor.py:208} INFO - Processing /opt/airflow/dags/dag1.py took 0.378 seconds
[2024-10-11T15:14:04.084+0000] {processor.py:186} INFO - Started process (PID=192) to work on /opt/airflow/dags/dag1.py
[2024-10-11T15:14:04.086+0000] {processor.py:914} INFO - Processing file /opt/airflow/dags/dag1.py for tasks to queue
[2024-10-11T15:14:04.088+0000] {logging_mixin.py:190} INFO - [2024-10-11T15:14:04.087+0000] {dagbag.py:588} INFO - Filling up the DagBag from /opt/airflow/dags/dag1.py
[2024-10-11T15:14:04.119+0000] {processor.py:925} INFO - DAG(s) 'dag1' retrieved from /opt/airflow/dags/dag1.py
[2024-10-11T15:14:04.163+0000] {logging_mixin.py:190} INFO - [2024-10-11T15:14:04.163+0000] {dag.py:3239} INFO - Sync 1 DAGs
[2024-10-11T15:14:04.373+0000] {processor.py:208} INFO - Processing /opt/airflow/dags/dag1.py took 0.296 seconds
[2024-10-11T15:14:34.660+0000] {processor.py:186} INFO - Started process (PID=200) to work on /opt/airflow/dags/dag1.py
[2024-10-11T15:14:34.667+0000] {processor.py:914} INFO - Processing file /opt/airflow/dags/dag1.py for tasks to queue
[2024-10-11T15:14:34.679+0000] {logging_mixin.py:190} INFO - [2024-10-11T15:14:34.671+0000] {dagbag.py:588} INFO - Filling up the DagBag from /opt/airflow/dags/dag1.py
[2024-10-11T15:14:34.958+0000] {processor.py:925} INFO - DAG(s) 'dag1' retrieved from /opt/airflow/dags/dag1.py
[2024-10-11T15:15:02.799+0000] {logging_mixin.py:190} INFO - [2024-10-11T15:15:02.798+0000] {dag.py:3239} INFO - Sync 1 DAGs
[2024-10-11T15:15:02.867+0000] {logging_mixin.py:190} INFO - [2024-10-11T15:15:02.866+0000] {dag.py:4180} INFO - Setting next_dagrun for dag1 to 2024-10-11 00:13:00+00:00, run_after=2024-10-11 00:14:00+00:00
[2024-10-11T15:15:02.908+0000] {processor.py:208} INFO - Processing /opt/airflow/dags/dag1.py took 28.286 seconds
[2024-10-11T15:15:33.418+0000] {processor.py:186} INFO - Started process (PID=208) to work on /opt/airflow/dags/dag1.py
[2024-10-11T15:15:33.421+0000] {processor.py:914} INFO - Processing file /opt/airflow/dags/dag1.py for tasks to queue
[2024-10-11T15:15:33.443+0000] {logging_mixin.py:190} INFO - [2024-10-11T15:15:33.443+0000] {dagbag.py:588} INFO - Filling up the DagBag from /opt/airflow/dags/dag1.py
[2024-10-11T15:15:33.574+0000] {processor.py:925} INFO - DAG(s) 'dag1' retrieved from /opt/airflow/dags/dag1.py
[2024-10-11T15:15:33.685+0000] {logging_mixin.py:190} INFO - [2024-10-11T15:15:33.685+0000] {dag.py:3239} INFO - Sync 1 DAGs
[2024-10-11T15:15:33.724+0000] {logging_mixin.py:190} INFO - [2024-10-11T15:15:33.724+0000] {dag.py:4180} INFO - Setting next_dagrun for dag1 to 2024-10-11 00:13:00+00:00, run_after=2024-10-11 00:14:00+00:00
[2024-10-11T15:15:33.750+0000] {processor.py:208} INFO - Processing /opt/airflow/dags/dag1.py took 0.368 seconds
[2024-10-11T15:16:04.024+0000] {processor.py:186} INFO - Started process (PID=222) to work on /opt/airflow/dags/dag1.py
[2024-10-11T15:16:04.025+0000] {processor.py:914} INFO - Processing file /opt/airflow/dags/dag1.py for tasks to queue
[2024-10-11T15:16:04.032+0000] {logging_mixin.py:190} INFO - [2024-10-11T15:16:04.031+0000] {dagbag.py:588} INFO - Filling up the DagBag from /opt/airflow/dags/dag1.py
[2024-10-11T15:16:04.070+0000] {processor.py:925} INFO - DAG(s) 'dag1' retrieved from /opt/airflow/dags/dag1.py
[2024-10-11T15:16:04.110+0000] {logging_mixin.py:190} INFO - [2024-10-11T15:16:04.109+0000] {dag.py:3239} INFO - Sync 1 DAGs
[2024-10-11T15:16:04.141+0000] {logging_mixin.py:190} INFO - [2024-10-11T15:16:04.140+0000] {dag.py:4180} INFO - Setting next_dagrun for dag1 to 2024-10-11 00:13:00+00:00, run_after=2024-10-11 00:14:00+00:00
[2024-10-11T15:16:04.167+0000] {processor.py:208} INFO - Processing /opt/airflow/dags/dag1.py took 0.149 seconds
[2024-10-11T15:16:34.309+0000] {processor.py:186} INFO - Started process (PID=230) to work on /opt/airflow/dags/dag1.py
[2024-10-11T15:16:34.310+0000] {processor.py:914} INFO - Processing file /opt/airflow/dags/dag1.py for tasks to queue
[2024-10-11T15:16:34.313+0000] {logging_mixin.py:190} INFO - [2024-10-11T15:16:34.312+0000] {dagbag.py:588} INFO - Filling up the DagBag from /opt/airflow/dags/dag1.py
[2024-10-11T15:16:34.352+0000] {processor.py:925} INFO - DAG(s) 'dag1' retrieved from /opt/airflow/dags/dag1.py
[2024-10-11T15:16:34.393+0000] {logging_mixin.py:190} INFO - [2024-10-11T15:16:34.393+0000] {dag.py:3239} INFO - Sync 1 DAGs
[2024-10-11T15:16:34.424+0000] {logging_mixin.py:190} INFO - [2024-10-11T15:16:34.423+0000] {dag.py:4180} INFO - Setting next_dagrun for dag1 to 2024-10-11 00:13:00+00:00, run_after=2024-10-11 00:14:00+00:00
[2024-10-11T15:16:34.446+0000] {processor.py:208} INFO - Processing /opt/airflow/dags/dag1.py took 0.145 seconds
[2024-10-11T15:17:10.857+0000] {processor.py:186} INFO - Started process (PID=232) to work on /opt/airflow/dags/dag1.py
[2024-10-11T15:17:10.870+0000] {processor.py:914} INFO - Processing file /opt/airflow/dags/dag1.py for tasks to queue
[2024-10-11T15:17:10.894+0000] {logging_mixin.py:190} INFO - [2024-10-11T15:17:10.891+0000] {dagbag.py:588} INFO - Filling up the DagBag from /opt/airflow/dags/dag1.py
[2024-10-11T15:17:10.976+0000] {processor.py:925} INFO - DAG(s) 'dag1' retrieved from /opt/airflow/dags/dag1.py
[2024-10-11T15:17:11.477+0000] {logging_mixin.py:190} INFO - [2024-10-11T15:17:11.469+0000] {dag.py:3239} INFO - Sync 1 DAGs
[2024-10-11T15:17:11.547+0000] {logging_mixin.py:190} INFO - [2024-10-11T15:17:11.547+0000] {dag.py:4180} INFO - Setting next_dagrun for dag1 to 2024-10-11 00:13:00+00:00, run_after=2024-10-11 00:14:00+00:00
[2024-10-11T15:17:16.423+0000] {processor.py:208} INFO - Processing /opt/airflow/dags/dag1.py took 5.667 seconds
[2024-10-11T15:17:46.803+0000] {processor.py:186} INFO - Started process (PID=247) to work on /opt/airflow/dags/dag1.py
[2024-10-11T15:17:46.805+0000] {processor.py:914} INFO - Processing file /opt/airflow/dags/dag1.py for tasks to queue
[2024-10-11T15:17:46.825+0000] {logging_mixin.py:190} INFO - [2024-10-11T15:17:46.823+0000] {dagbag.py:588} INFO - Filling up the DagBag from /opt/airflow/dags/dag1.py
[2024-10-11T15:17:46.934+0000] {processor.py:925} INFO - DAG(s) 'dag1' retrieved from /opt/airflow/dags/dag1.py
[2024-10-11T15:17:47.051+0000] {logging_mixin.py:190} INFO - [2024-10-11T15:17:47.051+0000] {dag.py:3239} INFO - Sync 1 DAGs
[2024-10-11T15:17:47.801+0000] {logging_mixin.py:190} INFO - [2024-10-11T15:17:47.800+0000] {dag.py:4180} INFO - Setting next_dagrun for dag1 to 2024-10-11 00:13:00+00:00, run_after=2024-10-11 00:14:00+00:00
[2024-10-11T15:17:47.823+0000] {processor.py:208} INFO - Processing /opt/airflow/dags/dag1.py took 1.057 seconds
[2024-10-11T15:18:18.078+0000] {processor.py:186} INFO - Started process (PID=255) to work on /opt/airflow/dags/dag1.py
[2024-10-11T15:18:18.084+0000] {processor.py:914} INFO - Processing file /opt/airflow/dags/dag1.py for tasks to queue
[2024-10-11T15:18:18.089+0000] {logging_mixin.py:190} INFO - [2024-10-11T15:18:18.088+0000] {dagbag.py:588} INFO - Filling up the DagBag from /opt/airflow/dags/dag1.py
[2024-10-11T15:18:18.129+0000] {processor.py:925} INFO - DAG(s) 'dag1' retrieved from /opt/airflow/dags/dag1.py
[2024-10-11T15:18:18.171+0000] {logging_mixin.py:190} INFO - [2024-10-11T15:18:18.171+0000] {dag.py:3239} INFO - Sync 1 DAGs
[2024-10-11T15:18:18.204+0000] {logging_mixin.py:190} INFO - [2024-10-11T15:18:18.203+0000] {dag.py:4180} INFO - Setting next_dagrun for dag1 to 2024-10-11 00:13:00+00:00, run_after=2024-10-11 00:14:00+00:00
[2024-10-11T15:18:18.228+0000] {processor.py:208} INFO - Processing /opt/airflow/dags/dag1.py took 0.160 seconds
[2024-10-11T15:18:48.460+0000] {processor.py:186} INFO - Started process (PID=263) to work on /opt/airflow/dags/dag1.py
[2024-10-11T15:18:48.461+0000] {processor.py:914} INFO - Processing file /opt/airflow/dags/dag1.py for tasks to queue
[2024-10-11T15:18:48.465+0000] {logging_mixin.py:190} INFO - [2024-10-11T15:18:48.463+0000] {dagbag.py:588} INFO - Filling up the DagBag from /opt/airflow/dags/dag1.py
[2024-10-11T15:18:48.506+0000] {processor.py:925} INFO - DAG(s) 'dag1' retrieved from /opt/airflow/dags/dag1.py
[2024-10-11T15:18:48.561+0000] {logging_mixin.py:190} INFO - [2024-10-11T15:18:48.561+0000] {dag.py:3239} INFO - Sync 1 DAGs
[2024-10-11T15:18:48.591+0000] {logging_mixin.py:190} INFO - [2024-10-11T15:18:48.591+0000] {dag.py:4180} INFO - Setting next_dagrun for dag1 to 2024-10-11 00:13:00+00:00, run_after=2024-10-11 00:14:00+00:00
[2024-10-11T15:18:48.614+0000] {processor.py:208} INFO - Processing /opt/airflow/dags/dag1.py took 0.164 seconds
[2024-10-11T15:19:18.765+0000] {processor.py:186} INFO - Started process (PID=271) to work on /opt/airflow/dags/dag1.py
[2024-10-11T15:19:18.766+0000] {processor.py:914} INFO - Processing file /opt/airflow/dags/dag1.py for tasks to queue
[2024-10-11T15:19:18.770+0000] {logging_mixin.py:190} INFO - [2024-10-11T15:19:18.769+0000] {dagbag.py:588} INFO - Filling up the DagBag from /opt/airflow/dags/dag1.py
[2024-10-11T15:19:18.817+0000] {processor.py:925} INFO - DAG(s) 'dag1' retrieved from /opt/airflow/dags/dag1.py
[2024-10-11T15:19:18.889+0000] {logging_mixin.py:190} INFO - [2024-10-11T15:19:18.889+0000] {dag.py:3239} INFO - Sync 1 DAGs
[2024-10-11T15:19:18.920+0000] {logging_mixin.py:190} INFO - [2024-10-11T15:19:18.920+0000] {dag.py:4180} INFO - Setting next_dagrun for dag1 to 2024-10-11 00:13:00+00:00, run_after=2024-10-11 00:14:00+00:00
[2024-10-11T15:19:18.943+0000] {processor.py:208} INFO - Processing /opt/airflow/dags/dag1.py took 0.189 seconds
[2024-10-11T15:19:49.166+0000] {processor.py:186} INFO - Started process (PID=279) to work on /opt/airflow/dags/dag1.py
[2024-10-11T15:19:49.167+0000] {processor.py:914} INFO - Processing file /opt/airflow/dags/dag1.py for tasks to queue
[2024-10-11T15:19:49.171+0000] {logging_mixin.py:190} INFO - [2024-10-11T15:19:49.169+0000] {dagbag.py:588} INFO - Filling up the DagBag from /opt/airflow/dags/dag1.py
[2024-10-11T15:19:49.206+0000] {processor.py:925} INFO - DAG(s) 'dag1' retrieved from /opt/airflow/dags/dag1.py
[2024-10-11T15:19:49.257+0000] {logging_mixin.py:190} INFO - [2024-10-11T15:19:49.257+0000] {dag.py:3239} INFO - Sync 1 DAGs
[2024-10-11T15:19:49.286+0000] {logging_mixin.py:190} INFO - [2024-10-11T15:19:49.286+0000] {dag.py:4180} INFO - Setting next_dagrun for dag1 to 2024-10-11 00:13:00+00:00, run_after=2024-10-11 00:14:00+00:00
[2024-10-11T15:19:49.488+0000] {processor.py:208} INFO - Processing /opt/airflow/dags/dag1.py took 0.330 seconds
[2024-10-11T15:20:19.799+0000] {processor.py:186} INFO - Started process (PID=288) to work on /opt/airflow/dags/dag1.py
[2024-10-11T15:20:19.803+0000] {processor.py:914} INFO - Processing file /opt/airflow/dags/dag1.py for tasks to queue
[2024-10-11T15:20:19.809+0000] {logging_mixin.py:190} INFO - [2024-10-11T15:20:19.806+0000] {dagbag.py:588} INFO - Filling up the DagBag from /opt/airflow/dags/dag1.py
[2024-10-11T15:20:19.869+0000] {processor.py:925} INFO - DAG(s) 'dag1' retrieved from /opt/airflow/dags/dag1.py
[2024-10-11T15:20:39.305+0000] {logging_mixin.py:190} INFO - [2024-10-11T15:20:39.305+0000] {dag.py:3239} INFO - Sync 1 DAGs
[2024-10-11T15:20:39.738+0000] {logging_mixin.py:190} INFO - [2024-10-11T15:20:39.731+0000] {dag.py:4180} INFO - Setting next_dagrun for dag1 to 2024-10-11 00:13:00+00:00, run_after=2024-10-11 00:14:00+00:00
[2024-10-11T15:20:39.777+0000] {processor.py:208} INFO - Processing /opt/airflow/dags/dag1.py took 19.987 seconds
[2024-10-11T15:21:10.125+0000] {processor.py:186} INFO - Started process (PID=297) to work on /opt/airflow/dags/dag1.py
[2024-10-11T15:21:10.127+0000] {processor.py:914} INFO - Processing file /opt/airflow/dags/dag1.py for tasks to queue
[2024-10-11T15:21:10.135+0000] {logging_mixin.py:190} INFO - [2024-10-11T15:21:10.132+0000] {dagbag.py:588} INFO - Filling up the DagBag from /opt/airflow/dags/dag1.py
[2024-10-11T15:21:10.184+0000] {processor.py:925} INFO - DAG(s) 'dag1' retrieved from /opt/airflow/dags/dag1.py
[2024-10-11T15:21:10.282+0000] {logging_mixin.py:190} INFO - [2024-10-11T15:21:10.282+0000] {dag.py:3239} INFO - Sync 1 DAGs
[2024-10-11T15:21:10.327+0000] {logging_mixin.py:190} INFO - [2024-10-11T15:21:10.327+0000] {dag.py:4180} INFO - Setting next_dagrun for dag1 to 2024-10-11 00:13:00+00:00, run_after=2024-10-11 00:14:00+00:00
[2024-10-11T15:21:10.380+0000] {processor.py:208} INFO - Processing /opt/airflow/dags/dag1.py took 0.271 seconds
[2024-10-11T15:21:40.709+0000] {processor.py:186} INFO - Started process (PID=305) to work on /opt/airflow/dags/dag1.py
[2024-10-11T15:21:40.711+0000] {processor.py:914} INFO - Processing file /opt/airflow/dags/dag1.py for tasks to queue
[2024-10-11T15:21:40.715+0000] {logging_mixin.py:190} INFO - [2024-10-11T15:21:40.714+0000] {dagbag.py:588} INFO - Filling up the DagBag from /opt/airflow/dags/dag1.py
[2024-10-11T15:21:40.754+0000] {processor.py:925} INFO - DAG(s) 'dag1' retrieved from /opt/airflow/dags/dag1.py
[2024-10-11T15:21:40.900+0000] {logging_mixin.py:190} INFO - [2024-10-11T15:21:40.900+0000] {dag.py:3239} INFO - Sync 1 DAGs
[2024-10-11T15:21:40.935+0000] {logging_mixin.py:190} INFO - [2024-10-11T15:21:40.934+0000] {dag.py:4180} INFO - Setting next_dagrun for dag1 to 2024-10-11 00:13:00+00:00, run_after=2024-10-11 00:14:00+00:00
[2024-10-11T15:21:40.962+0000] {processor.py:208} INFO - Processing /opt/airflow/dags/dag1.py took 0.267 seconds
[2024-10-11T15:22:17.047+0000] {processor.py:186} INFO - Started process (PID=307) to work on /opt/airflow/dags/dag1.py
[2024-10-11T15:22:17.067+0000] {processor.py:914} INFO - Processing file /opt/airflow/dags/dag1.py for tasks to queue
[2024-10-11T15:22:17.104+0000] {logging_mixin.py:190} INFO - [2024-10-11T15:22:17.103+0000] {dagbag.py:588} INFO - Filling up the DagBag from /opt/airflow/dags/dag1.py
[2024-10-11T15:22:17.203+0000] {processor.py:925} INFO - DAG(s) 'dag1' retrieved from /opt/airflow/dags/dag1.py
[2024-10-11T15:22:17.473+0000] {logging_mixin.py:190} INFO - [2024-10-11T15:22:17.472+0000] {dag.py:3239} INFO - Sync 1 DAGs
[2024-10-11T15:22:17.522+0000] {logging_mixin.py:190} INFO - [2024-10-11T15:22:17.521+0000] {dag.py:4180} INFO - Setting next_dagrun for dag1 to 2024-10-11 00:13:00+00:00, run_after=2024-10-11 00:14:00+00:00
[2024-10-11T15:22:17.568+0000] {processor.py:208} INFO - Processing /opt/airflow/dags/dag1.py took 0.601 seconds
[2024-10-11T15:22:47.867+0000] {processor.py:186} INFO - Started process (PID=315) to work on /opt/airflow/dags/dag1.py
[2024-10-11T15:22:47.869+0000] {processor.py:914} INFO - Processing file /opt/airflow/dags/dag1.py for tasks to queue
[2024-10-11T15:22:47.873+0000] {logging_mixin.py:190} INFO - [2024-10-11T15:22:47.872+0000] {dagbag.py:588} INFO - Filling up the DagBag from /opt/airflow/dags/dag1.py
[2024-10-11T15:22:47.905+0000] {processor.py:925} INFO - DAG(s) 'dag1' retrieved from /opt/airflow/dags/dag1.py
[2024-10-11T15:22:47.959+0000] {logging_mixin.py:190} INFO - [2024-10-11T15:22:47.958+0000] {dag.py:3239} INFO - Sync 1 DAGs
[2024-10-11T15:22:47.996+0000] {logging_mixin.py:190} INFO - [2024-10-11T15:22:47.996+0000] {dag.py:4180} INFO - Setting next_dagrun for dag1 to 2024-10-11 00:13:00+00:00, run_after=2024-10-11 00:14:00+00:00
[2024-10-11T15:22:48.043+0000] {processor.py:208} INFO - Processing /opt/airflow/dags/dag1.py took 0.183 seconds
[2024-10-11T15:29:38.655+0000] {processor.py:186} INFO - Started process (PID=323) to work on /opt/airflow/dags/dag1.py
[2024-10-11T15:29:38.657+0000] {processor.py:914} INFO - Processing file /opt/airflow/dags/dag1.py for tasks to queue
[2024-10-11T15:29:38.661+0000] {logging_mixin.py:190} INFO - [2024-10-11T15:29:38.660+0000] {dagbag.py:588} INFO - Filling up the DagBag from /opt/airflow/dags/dag1.py
[2024-10-11T15:29:39.103+0000] {processor.py:925} INFO - DAG(s) 'dag1' retrieved from /opt/airflow/dags/dag1.py
[2024-10-11T15:29:39.434+0000] {logging_mixin.py:190} INFO - [2024-10-11T15:29:39.434+0000] {dag.py:3239} INFO - Sync 1 DAGs
[2024-10-11T15:29:39.551+0000] {logging_mixin.py:190} INFO - [2024-10-11T15:29:39.551+0000] {dag.py:4180} INFO - Setting next_dagrun for dag1 to 2024-10-11 00:13:00+00:00, run_after=2024-10-11 00:14:00+00:00
[2024-10-11T15:29:40.368+0000] {processor.py:208} INFO - Processing /opt/airflow/dags/dag1.py took 1.818 seconds
[2024-10-11T15:30:10.745+0000] {processor.py:186} INFO - Started process (PID=331) to work on /opt/airflow/dags/dag1.py
[2024-10-11T15:30:10.748+0000] {processor.py:914} INFO - Processing file /opt/airflow/dags/dag1.py for tasks to queue
[2024-10-11T15:30:10.753+0000] {logging_mixin.py:190} INFO - [2024-10-11T15:30:10.752+0000] {dagbag.py:588} INFO - Filling up the DagBag from /opt/airflow/dags/dag1.py
[2024-10-11T15:30:10.800+0000] {processor.py:925} INFO - DAG(s) 'dag1' retrieved from /opt/airflow/dags/dag1.py
[2024-10-11T15:30:10.851+0000] {logging_mixin.py:190} INFO - [2024-10-11T15:30:10.850+0000] {dag.py:3239} INFO - Sync 1 DAGs
[2024-10-11T15:30:11.096+0000] {logging_mixin.py:190} INFO - [2024-10-11T15:30:11.096+0000] {dag.py:4180} INFO - Setting next_dagrun for dag1 to 2024-10-11 00:13:00+00:00, run_after=2024-10-11 00:14:00+00:00
[2024-10-11T15:30:11.117+0000] {processor.py:208} INFO - Processing /opt/airflow/dags/dag1.py took 0.382 seconds
[2024-10-11T15:30:41.447+0000] {processor.py:186} INFO - Started process (PID=340) to work on /opt/airflow/dags/dag1.py
[2024-10-11T15:30:41.448+0000] {processor.py:914} INFO - Processing file /opt/airflow/dags/dag1.py for tasks to queue
[2024-10-11T15:30:41.450+0000] {logging_mixin.py:190} INFO - [2024-10-11T15:30:41.450+0000] {dagbag.py:588} INFO - Filling up the DagBag from /opt/airflow/dags/dag1.py
[2024-10-11T15:30:41.480+0000] {processor.py:925} INFO - DAG(s) 'dag1' retrieved from /opt/airflow/dags/dag1.py
[2024-10-11T15:30:41.518+0000] {logging_mixin.py:190} INFO - [2024-10-11T15:30:41.518+0000] {dag.py:3239} INFO - Sync 1 DAGs
[2024-10-11T15:30:41.711+0000] {logging_mixin.py:190} INFO - [2024-10-11T15:30:41.711+0000] {dag.py:4180} INFO - Setting next_dagrun for dag1 to 2024-10-11 00:13:00+00:00, run_after=2024-10-11 00:14:00+00:00
[2024-10-11T15:30:41.732+0000] {processor.py:208} INFO - Processing /opt/airflow/dags/dag1.py took 0.291 seconds
[2024-10-11T15:31:12.018+0000] {processor.py:186} INFO - Started process (PID=348) to work on /opt/airflow/dags/dag1.py
[2024-10-11T15:31:12.020+0000] {processor.py:914} INFO - Processing file /opt/airflow/dags/dag1.py for tasks to queue
[2024-10-11T15:31:12.023+0000] {logging_mixin.py:190} INFO - [2024-10-11T15:31:12.022+0000] {dagbag.py:588} INFO - Filling up the DagBag from /opt/airflow/dags/dag1.py
[2024-10-11T15:31:12.057+0000] {processor.py:925} INFO - DAG(s) 'dag1' retrieved from /opt/airflow/dags/dag1.py
[2024-10-11T15:31:12.100+0000] {logging_mixin.py:190} INFO - [2024-10-11T15:31:12.099+0000] {dag.py:3239} INFO - Sync 1 DAGs
[2024-10-11T15:31:12.127+0000] {logging_mixin.py:190} INFO - [2024-10-11T15:31:12.127+0000] {dag.py:4180} INFO - Setting next_dagrun for dag1 to 2024-10-11 00:13:00+00:00, run_after=2024-10-11 00:14:00+00:00
[2024-10-11T15:31:12.149+0000] {processor.py:208} INFO - Processing /opt/airflow/dags/dag1.py took 0.139 seconds
[2024-10-11T15:31:42.304+0000] {processor.py:186} INFO - Started process (PID=356) to work on /opt/airflow/dags/dag1.py
[2024-10-11T15:31:42.306+0000] {processor.py:914} INFO - Processing file /opt/airflow/dags/dag1.py for tasks to queue
[2024-10-11T15:31:42.309+0000] {logging_mixin.py:190} INFO - [2024-10-11T15:31:42.308+0000] {dagbag.py:588} INFO - Filling up the DagBag from /opt/airflow/dags/dag1.py
[2024-10-11T15:31:42.340+0000] {processor.py:925} INFO - DAG(s) 'dag1' retrieved from /opt/airflow/dags/dag1.py
[2024-10-11T15:31:42.386+0000] {logging_mixin.py:190} INFO - [2024-10-11T15:31:42.386+0000] {dag.py:3239} INFO - Sync 1 DAGs
[2024-10-11T15:31:42.417+0000] {logging_mixin.py:190} INFO - [2024-10-11T15:31:42.416+0000] {dag.py:4180} INFO - Setting next_dagrun for dag1 to 2024-10-11 00:13:00+00:00, run_after=2024-10-11 00:14:00+00:00
[2024-10-11T15:31:42.441+0000] {processor.py:208} INFO - Processing /opt/airflow/dags/dag1.py took 0.144 seconds
[2024-10-11T15:32:12.706+0000] {processor.py:186} INFO - Started process (PID=364) to work on /opt/airflow/dags/dag1.py
[2024-10-11T15:32:12.708+0000] {processor.py:914} INFO - Processing file /opt/airflow/dags/dag1.py for tasks to queue
[2024-10-11T15:32:12.713+0000] {logging_mixin.py:190} INFO - [2024-10-11T15:32:12.712+0000] {dagbag.py:588} INFO - Filling up the DagBag from /opt/airflow/dags/dag1.py
[2024-10-11T15:32:12.744+0000] {processor.py:925} INFO - DAG(s) 'dag1' retrieved from /opt/airflow/dags/dag1.py
[2024-10-11T15:32:12.808+0000] {logging_mixin.py:190} INFO - [2024-10-11T15:32:12.807+0000] {dag.py:3239} INFO - Sync 1 DAGs
[2024-10-11T15:32:12.873+0000] {processor.py:208} INFO - Processing /opt/airflow/dags/dag1.py took 0.186 seconds
[2024-10-11T15:32:43.059+0000] {processor.py:186} INFO - Started process (PID=372) to work on /opt/airflow/dags/dag1.py
[2024-10-11T15:32:43.060+0000] {processor.py:914} INFO - Processing file /opt/airflow/dags/dag1.py for tasks to queue
[2024-10-11T15:32:43.064+0000] {logging_mixin.py:190} INFO - [2024-10-11T15:32:43.063+0000] {dagbag.py:588} INFO - Filling up the DagBag from /opt/airflow/dags/dag1.py
[2024-10-11T15:32:43.101+0000] {processor.py:925} INFO - DAG(s) 'dag1' retrieved from /opt/airflow/dags/dag1.py
[2024-10-11T15:32:43.146+0000] {logging_mixin.py:190} INFO - [2024-10-11T15:32:43.146+0000] {dag.py:3239} INFO - Sync 1 DAGs
[2024-10-11T15:32:43.555+0000] {processor.py:208} INFO - Processing /opt/airflow/dags/dag1.py took 0.501 seconds
[2024-10-11T15:33:14.274+0000] {processor.py:186} INFO - Started process (PID=380) to work on /opt/airflow/dags/dag1.py
[2024-10-11T15:33:14.276+0000] {processor.py:914} INFO - Processing file /opt/airflow/dags/dag1.py for tasks to queue
[2024-10-11T15:33:14.283+0000] {logging_mixin.py:190} INFO - [2024-10-11T15:33:14.278+0000] {dagbag.py:588} INFO - Filling up the DagBag from /opt/airflow/dags/dag1.py
[2024-10-11T15:33:14.331+0000] {processor.py:925} INFO - DAG(s) 'dag1' retrieved from /opt/airflow/dags/dag1.py
[2024-10-11T15:33:14.438+0000] {logging_mixin.py:190} INFO - [2024-10-11T15:33:14.438+0000] {dag.py:3239} INFO - Sync 1 DAGs
[2024-10-11T15:33:15.499+0000] {processor.py:208} INFO - Processing /opt/airflow/dags/dag1.py took 1.235 seconds
[2024-10-11T15:33:56.254+0000] {processor.py:186} INFO - Started process (PID=389) to work on /opt/airflow/dags/dag1.py
[2024-10-11T15:33:56.257+0000] {processor.py:914} INFO - Processing file /opt/airflow/dags/dag1.py for tasks to queue
[2024-10-11T15:33:56.269+0000] {logging_mixin.py:190} INFO - [2024-10-11T15:33:56.268+0000] {dagbag.py:588} INFO - Filling up the DagBag from /opt/airflow/dags/dag1.py
[2024-10-11T15:33:56.353+0000] {processor.py:925} INFO - DAG(s) 'dag1' retrieved from /opt/airflow/dags/dag1.py
[2024-10-11T15:33:57.251+0000] {logging_mixin.py:190} INFO - [2024-10-11T15:33:57.250+0000] {dag.py:3239} INFO - Sync 1 DAGs
[2024-10-11T15:33:57.327+0000] {processor.py:208} INFO - Processing /opt/airflow/dags/dag1.py took 10.887 seconds
[2024-10-11T15:34:27.708+0000] {processor.py:186} INFO - Started process (PID=397) to work on /opt/airflow/dags/dag1.py
[2024-10-11T15:34:27.712+0000] {processor.py:914} INFO - Processing file /opt/airflow/dags/dag1.py for tasks to queue
[2024-10-11T15:34:27.724+0000] {logging_mixin.py:190} INFO - [2024-10-11T15:34:27.722+0000] {dagbag.py:588} INFO - Filling up the DagBag from /opt/airflow/dags/dag1.py
[2024-10-11T15:34:27.876+0000] {processor.py:925} INFO - DAG(s) 'dag1' retrieved from /opt/airflow/dags/dag1.py
[2024-10-11T15:34:27.926+0000] {logging_mixin.py:190} INFO - [2024-10-11T15:34:27.926+0000] {dag.py:3239} INFO - Sync 1 DAGs
[2024-10-11T15:34:28.011+0000] {processor.py:208} INFO - Processing /opt/airflow/dags/dag1.py took 0.318 seconds
[2024-10-11T15:34:58.336+0000] {processor.py:186} INFO - Started process (PID=412) to work on /opt/airflow/dags/dag1.py
[2024-10-11T15:34:58.338+0000] {processor.py:914} INFO - Processing file /opt/airflow/dags/dag1.py for tasks to queue
[2024-10-11T15:34:58.340+0000] {logging_mixin.py:190} INFO - [2024-10-11T15:34:58.340+0000] {dagbag.py:588} INFO - Filling up the DagBag from /opt/airflow/dags/dag1.py
[2024-10-11T15:34:58.365+0000] {processor.py:925} INFO - DAG(s) 'dag1' retrieved from /opt/airflow/dags/dag1.py
[2024-10-11T15:34:58.401+0000] {logging_mixin.py:190} INFO - [2024-10-11T15:34:58.401+0000] {dag.py:3239} INFO - Sync 1 DAGs
[2024-10-11T15:34:58.491+0000] {processor.py:208} INFO - Processing /opt/airflow/dags/dag1.py took 0.161 seconds
[2024-10-11T15:35:29.026+0000] {processor.py:186} INFO - Started process (PID=414) to work on /opt/airflow/dags/dag1.py
[2024-10-11T15:35:29.272+0000] {processor.py:914} INFO - Processing file /opt/airflow/dags/dag1.py for tasks to queue
[2024-10-11T15:35:29.365+0000] {logging_mixin.py:190} INFO - [2024-10-11T15:35:29.340+0000] {dagbag.py:588} INFO - Filling up the DagBag from /opt/airflow/dags/dag1.py
[2024-10-11T15:35:30.503+0000] {processor.py:925} INFO - DAG(s) 'dag1' retrieved from /opt/airflow/dags/dag1.py
[2024-10-11T15:35:42.845+0000] {logging_mixin.py:190} INFO - [2024-10-11T15:35:42.844+0000] {dag.py:3239} INFO - Sync 1 DAGs
[2024-10-11T15:35:43.169+0000] {processor.py:208} INFO - Processing /opt/airflow/dags/dag1.py took 14.339 seconds
[2024-10-11T15:36:14.110+0000] {processor.py:186} INFO - Started process (PID=422) to work on /opt/airflow/dags/dag1.py
[2024-10-11T15:36:14.112+0000] {processor.py:914} INFO - Processing file /opt/airflow/dags/dag1.py for tasks to queue
[2024-10-11T15:36:14.126+0000] {logging_mixin.py:190} INFO - [2024-10-11T15:36:14.121+0000] {dagbag.py:588} INFO - Filling up the DagBag from /opt/airflow/dags/dag1.py
[2024-10-11T15:36:14.270+0000] {processor.py:925} INFO - DAG(s) 'dag1' retrieved from /opt/airflow/dags/dag1.py
[2024-10-11T15:36:14.328+0000] {logging_mixin.py:190} INFO - [2024-10-11T15:36:14.328+0000] {dag.py:3239} INFO - Sync 1 DAGs
[2024-10-11T15:36:16.298+0000] {processor.py:208} INFO - Processing /opt/airflow/dags/dag1.py took 2.212 seconds
[2024-10-11T15:36:46.418+0000] {processor.py:186} INFO - Started process (PID=438) to work on /opt/airflow/dags/dag1.py
[2024-10-11T15:36:46.419+0000] {processor.py:914} INFO - Processing file /opt/airflow/dags/dag1.py for tasks to queue
[2024-10-11T15:36:46.422+0000] {logging_mixin.py:190} INFO - [2024-10-11T15:36:46.421+0000] {dagbag.py:588} INFO - Filling up the DagBag from /opt/airflow/dags/dag1.py
[2024-10-11T15:36:46.451+0000] {processor.py:925} INFO - DAG(s) 'dag1' retrieved from /opt/airflow/dags/dag1.py
[2024-10-11T15:36:46.492+0000] {logging_mixin.py:190} INFO - [2024-10-11T15:36:46.492+0000] {dag.py:3239} INFO - Sync 1 DAGs
[2024-10-11T15:36:46.729+0000] {processor.py:208} INFO - Processing /opt/airflow/dags/dag1.py took 0.318 seconds
[2024-10-11T15:37:26.164+0000] {processor.py:186} INFO - Started process (PID=440) to work on /opt/airflow/dags/dag1.py
[2024-10-11T15:37:26.172+0000] {processor.py:914} INFO - Processing file /opt/airflow/dags/dag1.py for tasks to queue
[2024-10-11T15:37:26.231+0000] {logging_mixin.py:190} INFO - [2024-10-11T15:37:26.220+0000] {dagbag.py:588} INFO - Filling up the DagBag from /opt/airflow/dags/dag1.py
[2024-10-11T15:37:26.626+0000] {processor.py:925} INFO - DAG(s) 'dag1' retrieved from /opt/airflow/dags/dag1.py
[2024-10-11T15:37:28.644+0000] {logging_mixin.py:190} INFO - [2024-10-11T15:37:28.644+0000] {dag.py:3239} INFO - Sync 1 DAGs
[2024-10-11T15:37:28.766+0000] {processor.py:208} INFO - Processing /opt/airflow/dags/dag1.py took 2.746 seconds
[2024-10-11T15:37:59.101+0000] {processor.py:186} INFO - Started process (PID=454) to work on /opt/airflow/dags/dag1.py
[2024-10-11T15:37:59.104+0000] {processor.py:914} INFO - Processing file /opt/airflow/dags/dag1.py for tasks to queue
[2024-10-11T15:37:59.112+0000] {logging_mixin.py:190} INFO - [2024-10-11T15:37:59.111+0000] {dagbag.py:588} INFO - Filling up the DagBag from /opt/airflow/dags/dag1.py
[2024-10-11T15:37:59.164+0000] {processor.py:925} INFO - DAG(s) 'dag1' retrieved from /opt/airflow/dags/dag1.py
[2024-10-11T15:37:59.201+0000] {logging_mixin.py:190} INFO - [2024-10-11T15:37:59.201+0000] {dag.py:3239} INFO - Sync 1 DAGs
[2024-10-11T15:37:59.274+0000] {processor.py:208} INFO - Processing /opt/airflow/dags/dag1.py took 0.182 seconds
[2024-10-11T15:38:29.376+0000] {processor.py:186} INFO - Started process (PID=461) to work on /opt/airflow/dags/dag1.py
[2024-10-11T15:38:29.377+0000] {processor.py:914} INFO - Processing file /opt/airflow/dags/dag1.py for tasks to queue
[2024-10-11T15:38:29.379+0000] {logging_mixin.py:190} INFO - [2024-10-11T15:38:29.379+0000] {dagbag.py:588} INFO - Filling up the DagBag from /opt/airflow/dags/dag1.py
[2024-10-11T15:38:29.406+0000] {processor.py:925} INFO - DAG(s) 'dag1' retrieved from /opt/airflow/dags/dag1.py
[2024-10-11T15:38:29.439+0000] {logging_mixin.py:190} INFO - [2024-10-11T15:38:29.438+0000] {dag.py:3239} INFO - Sync 1 DAGs
[2024-10-11T15:38:29.492+0000] {processor.py:208} INFO - Processing /opt/airflow/dags/dag1.py took 0.123 seconds
[2024-10-11T15:38:59.650+0000] {processor.py:186} INFO - Started process (PID=469) to work on /opt/airflow/dags/dag1.py
[2024-10-11T15:38:59.652+0000] {processor.py:914} INFO - Processing file /opt/airflow/dags/dag1.py for tasks to queue
[2024-10-11T15:38:59.655+0000] {logging_mixin.py:190} INFO - [2024-10-11T15:38:59.654+0000] {dagbag.py:588} INFO - Filling up the DagBag from /opt/airflow/dags/dag1.py
[2024-10-11T15:38:59.678+0000] {processor.py:925} INFO - DAG(s) 'dag1' retrieved from /opt/airflow/dags/dag1.py
[2024-10-11T15:38:59.707+0000] {logging_mixin.py:190} INFO - [2024-10-11T15:38:59.706+0000] {dag.py:3239} INFO - Sync 1 DAGs
[2024-10-11T15:38:59.760+0000] {processor.py:208} INFO - Processing /opt/airflow/dags/dag1.py took 0.115 seconds
[2024-10-11T15:39:30.104+0000] {processor.py:186} INFO - Started process (PID=477) to work on /opt/airflow/dags/dag1.py
[2024-10-11T15:39:30.107+0000] {processor.py:914} INFO - Processing file /opt/airflow/dags/dag1.py for tasks to queue
[2024-10-11T15:39:30.117+0000] {logging_mixin.py:190} INFO - [2024-10-11T15:39:30.116+0000] {dagbag.py:588} INFO - Filling up the DagBag from /opt/airflow/dags/dag1.py
[2024-10-11T15:39:30.151+0000] {processor.py:925} INFO - DAG(s) 'dag1' retrieved from /opt/airflow/dags/dag1.py
[2024-10-11T15:39:30.202+0000] {logging_mixin.py:190} INFO - [2024-10-11T15:39:30.202+0000] {dag.py:3239} INFO - Sync 1 DAGs
[2024-10-11T15:39:30.558+0000] {processor.py:208} INFO - Processing /opt/airflow/dags/dag1.py took 0.466 seconds
[2024-10-11T15:40:00.855+0000] {processor.py:186} INFO - Started process (PID=485) to work on /opt/airflow/dags/dag1.py
[2024-10-11T15:40:00.856+0000] {processor.py:914} INFO - Processing file /opt/airflow/dags/dag1.py for tasks to queue
[2024-10-11T15:40:00.859+0000] {logging_mixin.py:190} INFO - [2024-10-11T15:40:00.859+0000] {dagbag.py:588} INFO - Filling up the DagBag from /opt/airflow/dags/dag1.py
[2024-10-11T15:40:00.887+0000] {processor.py:925} INFO - DAG(s) 'dag1' retrieved from /opt/airflow/dags/dag1.py
[2024-10-11T15:40:00.922+0000] {logging_mixin.py:190} INFO - [2024-10-11T15:40:00.922+0000] {dag.py:3239} INFO - Sync 1 DAGs
[2024-10-11T15:40:01.145+0000] {logging_mixin.py:190} INFO - [2024-10-11T15:40:01.145+0000] {dag.py:4180} INFO - Setting next_dagrun for dag1 to 2024-10-11 01:38:00+00:00, run_after=2024-10-11 01:39:00+00:00
[2024-10-11T15:40:01.171+0000] {processor.py:208} INFO - Processing /opt/airflow/dags/dag1.py took 0.324 seconds
[2024-10-11T15:40:31.560+0000] {processor.py:186} INFO - Started process (PID=493) to work on /opt/airflow/dags/dag1.py
[2024-10-11T15:40:31.561+0000] {processor.py:914} INFO - Processing file /opt/airflow/dags/dag1.py for tasks to queue
[2024-10-11T15:40:31.564+0000] {logging_mixin.py:190} INFO - [2024-10-11T15:40:31.564+0000] {dagbag.py:588} INFO - Filling up the DagBag from /opt/airflow/dags/dag1.py
[2024-10-11T15:40:31.585+0000] {processor.py:925} INFO - DAG(s) 'dag1' retrieved from /opt/airflow/dags/dag1.py
[2024-10-11T15:40:31.613+0000] {logging_mixin.py:190} INFO - [2024-10-11T15:40:31.612+0000] {dag.py:3239} INFO - Sync 1 DAGs
[2024-10-11T15:40:31.664+0000] {processor.py:208} INFO - Processing /opt/airflow/dags/dag1.py took 0.110 seconds
[2024-10-11T15:41:02.002+0000] {processor.py:186} INFO - Started process (PID=501) to work on /opt/airflow/dags/dag1.py
[2024-10-11T15:41:02.003+0000] {processor.py:914} INFO - Processing file /opt/airflow/dags/dag1.py for tasks to queue
[2024-10-11T15:41:02.007+0000] {logging_mixin.py:190} INFO - [2024-10-11T15:41:02.006+0000] {dagbag.py:588} INFO - Filling up the DagBag from /opt/airflow/dags/dag1.py
[2024-10-11T15:41:02.030+0000] {processor.py:925} INFO - DAG(s) 'dag1' retrieved from /opt/airflow/dags/dag1.py
[2024-10-11T15:41:02.059+0000] {logging_mixin.py:190} INFO - [2024-10-11T15:41:02.058+0000] {dag.py:3239} INFO - Sync 1 DAGs
[2024-10-11T15:41:02.109+0000] {processor.py:208} INFO - Processing /opt/airflow/dags/dag1.py took 0.113 seconds
[2024-10-11T15:41:32.287+0000] {processor.py:186} INFO - Started process (PID=509) to work on /opt/airflow/dags/dag1.py
[2024-10-11T15:41:32.289+0000] {processor.py:914} INFO - Processing file /opt/airflow/dags/dag1.py for tasks to queue
[2024-10-11T15:41:32.292+0000] {logging_mixin.py:190} INFO - [2024-10-11T15:41:32.292+0000] {dagbag.py:588} INFO - Filling up the DagBag from /opt/airflow/dags/dag1.py
[2024-10-11T15:41:32.321+0000] {processor.py:925} INFO - DAG(s) 'dag1' retrieved from /opt/airflow/dags/dag1.py
[2024-10-11T15:41:32.352+0000] {logging_mixin.py:190} INFO - [2024-10-11T15:41:32.352+0000] {dag.py:3239} INFO - Sync 1 DAGs
[2024-10-11T15:41:32.404+0000] {processor.py:208} INFO - Processing /opt/airflow/dags/dag1.py took 0.123 seconds
[2024-10-11T15:42:02.719+0000] {processor.py:186} INFO - Started process (PID=517) to work on /opt/airflow/dags/dag1.py
[2024-10-11T15:42:02.720+0000] {processor.py:914} INFO - Processing file /opt/airflow/dags/dag1.py for tasks to queue
[2024-10-11T15:42:02.723+0000] {logging_mixin.py:190} INFO - [2024-10-11T15:42:02.723+0000] {dagbag.py:588} INFO - Filling up the DagBag from /opt/airflow/dags/dag1.py
[2024-10-11T15:42:02.746+0000] {processor.py:925} INFO - DAG(s) 'dag1' retrieved from /opt/airflow/dags/dag1.py
[2024-10-11T15:42:02.776+0000] {logging_mixin.py:190} INFO - [2024-10-11T15:42:02.776+0000] {dag.py:3239} INFO - Sync 1 DAGs
[2024-10-11T15:42:03.775+0000] {processor.py:208} INFO - Processing /opt/airflow/dags/dag1.py took 1.062 seconds
[2024-10-11T15:42:34.065+0000] {processor.py:186} INFO - Started process (PID=525) to work on /opt/airflow/dags/dag1.py
[2024-10-11T15:42:34.069+0000] {processor.py:914} INFO - Processing file /opt/airflow/dags/dag1.py for tasks to queue
[2024-10-11T15:42:34.072+0000] {logging_mixin.py:190} INFO - [2024-10-11T15:42:34.072+0000] {dagbag.py:588} INFO - Filling up the DagBag from /opt/airflow/dags/dag1.py
[2024-10-11T15:42:34.100+0000] {processor.py:925} INFO - DAG(s) 'dag1' retrieved from /opt/airflow/dags/dag1.py
[2024-10-11T15:42:34.134+0000] {logging_mixin.py:190} INFO - [2024-10-11T15:42:34.134+0000] {dag.py:3239} INFO - Sync 1 DAGs
[2024-10-11T15:42:34.325+0000] {logging_mixin.py:190} INFO - [2024-10-11T15:42:34.325+0000] {dag.py:4180} INFO - Setting next_dagrun for dag1 to 2024-10-11 02:23:00+00:00, run_after=2024-10-11 02:24:00+00:00
[2024-10-11T15:42:34.349+0000] {processor.py:208} INFO - Processing /opt/airflow/dags/dag1.py took 0.292 seconds
[2024-10-11T15:43:04.618+0000] {processor.py:186} INFO - Started process (PID=533) to work on /opt/airflow/dags/dag1.py
[2024-10-11T15:43:04.619+0000] {processor.py:914} INFO - Processing file /opt/airflow/dags/dag1.py for tasks to queue
[2024-10-11T15:43:04.622+0000] {logging_mixin.py:190} INFO - [2024-10-11T15:43:04.621+0000] {dagbag.py:588} INFO - Filling up the DagBag from /opt/airflow/dags/dag1.py
[2024-10-11T15:43:04.643+0000] {processor.py:925} INFO - DAG(s) 'dag1' retrieved from /opt/airflow/dags/dag1.py
[2024-10-11T15:43:04.831+0000] {logging_mixin.py:190} INFO - [2024-10-11T15:43:04.831+0000] {dag.py:3239} INFO - Sync 1 DAGs
[2024-10-11T15:43:04.858+0000] {logging_mixin.py:190} INFO - [2024-10-11T15:43:04.858+0000] {dag.py:4180} INFO - Setting next_dagrun for dag1 to 2024-10-11 02:32:00+00:00, run_after=2024-10-11 02:33:00+00:00
[2024-10-11T15:43:04.880+0000] {processor.py:208} INFO - Processing /opt/airflow/dags/dag1.py took 0.269 seconds
[2024-10-11T15:43:35.408+0000] {processor.py:186} INFO - Started process (PID=541) to work on /opt/airflow/dags/dag1.py
[2024-10-11T15:43:35.409+0000] {processor.py:914} INFO - Processing file /opt/airflow/dags/dag1.py for tasks to queue
[2024-10-11T15:43:35.413+0000] {logging_mixin.py:190} INFO - [2024-10-11T15:43:35.412+0000] {dagbag.py:588} INFO - Filling up the DagBag from /opt/airflow/dags/dag1.py
[2024-10-11T15:43:35.441+0000] {processor.py:925} INFO - DAG(s) 'dag1' retrieved from /opt/airflow/dags/dag1.py
[2024-10-11T15:43:35.476+0000] {logging_mixin.py:190} INFO - [2024-10-11T15:43:35.476+0000] {dag.py:3239} INFO - Sync 1 DAGs
[2024-10-11T15:43:35.537+0000] {processor.py:208} INFO - Processing /opt/airflow/dags/dag1.py took 0.135 seconds
[2024-10-11T15:44:06.007+0000] {processor.py:186} INFO - Started process (PID=548) to work on /opt/airflow/dags/dag1.py
[2024-10-11T15:44:06.009+0000] {processor.py:914} INFO - Processing file /opt/airflow/dags/dag1.py for tasks to queue
[2024-10-11T15:44:06.013+0000] {logging_mixin.py:190} INFO - [2024-10-11T15:44:06.013+0000] {dagbag.py:588} INFO - Filling up the DagBag from /opt/airflow/dags/dag1.py
[2024-10-11T15:44:06.038+0000] {processor.py:925} INFO - DAG(s) 'dag1' retrieved from /opt/airflow/dags/dag1.py
[2024-10-11T15:44:06.068+0000] {logging_mixin.py:190} INFO - [2024-10-11T15:44:06.068+0000] {dag.py:3239} INFO - Sync 1 DAGs
[2024-10-11T15:44:06.118+0000] {processor.py:208} INFO - Processing /opt/airflow/dags/dag1.py took 0.117 seconds
[2024-10-11T15:44:36.703+0000] {processor.py:186} INFO - Started process (PID=556) to work on /opt/airflow/dags/dag1.py
[2024-10-11T15:44:36.706+0000] {processor.py:914} INFO - Processing file /opt/airflow/dags/dag1.py for tasks to queue
[2024-10-11T15:44:36.712+0000] {logging_mixin.py:190} INFO - [2024-10-11T15:44:36.711+0000] {dagbag.py:588} INFO - Filling up the DagBag from /opt/airflow/dags/dag1.py
[2024-10-11T15:44:36.823+0000] {processor.py:925} INFO - DAG(s) 'dag1' retrieved from /opt/airflow/dags/dag1.py
[2024-10-11T15:44:36.884+0000] {logging_mixin.py:190} INFO - [2024-10-11T15:44:36.883+0000] {dag.py:3239} INFO - Sync 1 DAGs
[2024-10-11T15:44:39.294+0000] {processor.py:208} INFO - Processing /opt/airflow/dags/dag1.py took 2.617 seconds
[2024-10-11T15:45:09.602+0000] {processor.py:186} INFO - Started process (PID=564) to work on /opt/airflow/dags/dag1.py
[2024-10-11T15:45:09.603+0000] {processor.py:914} INFO - Processing file /opt/airflow/dags/dag1.py for tasks to queue
[2024-10-11T15:45:09.607+0000] {logging_mixin.py:190} INFO - [2024-10-11T15:45:09.606+0000] {dagbag.py:588} INFO - Filling up the DagBag from /opt/airflow/dags/dag1.py
[2024-10-11T15:45:09.644+0000] {processor.py:925} INFO - DAG(s) 'dag1' retrieved from /opt/airflow/dags/dag1.py
[2024-10-11T15:45:09.683+0000] {logging_mixin.py:190} INFO - [2024-10-11T15:45:09.683+0000] {dag.py:3239} INFO - Sync 1 DAGs
[2024-10-11T15:45:09.925+0000] {logging_mixin.py:190} INFO - [2024-10-11T15:45:09.925+0000] {dag.py:4180} INFO - Setting next_dagrun for dag1 to 2024-10-11 03:06:00+00:00, run_after=2024-10-11 03:07:00+00:00
[2024-10-11T15:45:09.954+0000] {processor.py:208} INFO - Processing /opt/airflow/dags/dag1.py took 0.366 seconds
[2024-10-11T15:45:40.259+0000] {processor.py:186} INFO - Started process (PID=572) to work on /opt/airflow/dags/dag1.py
[2024-10-11T15:45:40.260+0000] {processor.py:914} INFO - Processing file /opt/airflow/dags/dag1.py for tasks to queue
[2024-10-11T15:45:40.263+0000] {logging_mixin.py:190} INFO - [2024-10-11T15:45:40.262+0000] {dagbag.py:588} INFO - Filling up the DagBag from /opt/airflow/dags/dag1.py
[2024-10-11T15:45:40.285+0000] {processor.py:925} INFO - DAG(s) 'dag1' retrieved from /opt/airflow/dags/dag1.py
[2024-10-11T15:45:40.313+0000] {logging_mixin.py:190} INFO - [2024-10-11T15:45:40.312+0000] {dag.py:3239} INFO - Sync 1 DAGs
[2024-10-11T15:45:40.521+0000] {logging_mixin.py:190} INFO - [2024-10-11T15:45:40.521+0000] {dag.py:4180} INFO - Setting next_dagrun for dag1 to 2024-10-11 03:15:00+00:00, run_after=2024-10-11 03:16:00+00:00
[2024-10-11T15:45:40.551+0000] {processor.py:208} INFO - Processing /opt/airflow/dags/dag1.py took 0.299 seconds
[2024-10-11T15:49:40.474+0000] {processor.py:186} INFO - Started process (PID=58) to work on /opt/airflow/dags/dag1.py
[2024-10-11T15:49:40.476+0000] {processor.py:914} INFO - Processing file /opt/airflow/dags/dag1.py for tasks to queue
[2024-10-11T15:49:40.483+0000] {logging_mixin.py:190} INFO - [2024-10-11T15:49:40.482+0000] {dagbag.py:588} INFO - Filling up the DagBag from /opt/airflow/dags/dag1.py
[2024-10-11T15:49:40.604+0000] {processor.py:925} INFO - DAG(s) 'dag1' retrieved from /opt/airflow/dags/dag1.py
[2024-10-11T15:49:42.304+0000] {logging_mixin.py:190} INFO - [2024-10-11T15:49:42.300+0000] {override.py:1900} INFO - Created Permission View: can delete on DAG:dag1
[2024-10-11T15:49:42.377+0000] {logging_mixin.py:190} INFO - [2024-10-11T15:49:42.375+0000] {override.py:1900} INFO - Created Permission View: can read on DAG:dag1
[2024-10-11T15:49:42.510+0000] {logging_mixin.py:190} INFO - [2024-10-11T15:49:42.510+0000] {override.py:1900} INFO - Created Permission View: can edit on DAG:dag1
[2024-10-11T15:49:42.673+0000] {logging_mixin.py:190} INFO - [2024-10-11T15:49:42.672+0000] {override.py:1900} INFO - Created Permission View: can create on DAG Run:dag1
[2024-10-11T15:49:42.739+0000] {logging_mixin.py:190} INFO - [2024-10-11T15:49:42.738+0000] {override.py:1900} INFO - Created Permission View: can delete on DAG Run:dag1
[2024-10-11T15:49:42.821+0000] {logging_mixin.py:190} INFO - [2024-10-11T15:49:42.821+0000] {override.py:1900} INFO - Created Permission View: can read on DAG Run:dag1
[2024-10-11T15:49:42.863+0000] {logging_mixin.py:190} INFO - [2024-10-11T15:49:42.862+0000] {override.py:1900} INFO - Created Permission View: menu access on DAG Run:dag1
[2024-10-11T15:49:42.866+0000] {logging_mixin.py:190} INFO - [2024-10-11T15:49:42.866+0000] {dag.py:3239} INFO - Sync 1 DAGs
[2024-10-11T15:49:43.037+0000] {logging_mixin.py:190} INFO - [2024-10-11T15:49:43.037+0000] {dag.py:3262} INFO - Creating ORM DAG for dag1
[2024-10-11T15:49:43.132+0000] {logging_mixin.py:190} INFO - [2024-10-11T15:49:43.131+0000] {dag.py:4180} INFO - Setting next_dagrun for dag1 to 2024-10-11 00:00:00+00:00, run_after=2024-10-11 00:01:00+00:00
[2024-10-11T15:49:43.293+0000] {processor.py:208} INFO - Processing /opt/airflow/dags/dag1.py took 2.831 seconds
[2024-10-11T15:50:13.740+0000] {processor.py:186} INFO - Started process (PID=67) to work on /opt/airflow/dags/dag1.py
[2024-10-11T15:50:13.743+0000] {processor.py:914} INFO - Processing file /opt/airflow/dags/dag1.py for tasks to queue
[2024-10-11T15:50:13.786+0000] {logging_mixin.py:190} INFO - [2024-10-11T15:50:13.785+0000] {dagbag.py:588} INFO - Filling up the DagBag from /opt/airflow/dags/dag1.py
[2024-10-11T15:50:13.886+0000] {processor.py:925} INFO - DAG(s) 'dag1' retrieved from /opt/airflow/dags/dag1.py
[2024-10-11T15:50:14.061+0000] {logging_mixin.py:190} INFO - [2024-10-11T15:50:14.061+0000] {dag.py:3239} INFO - Sync 1 DAGs
[2024-10-11T15:50:14.223+0000] {logging_mixin.py:190} INFO - [2024-10-11T15:50:14.223+0000] {dag.py:4180} INFO - Setting next_dagrun for dag1 to 2024-10-11 00:00:00+00:00, run_after=2024-10-11 00:01:00+00:00
[2024-10-11T15:50:14.289+0000] {processor.py:208} INFO - Processing /opt/airflow/dags/dag1.py took 0.584 seconds
[2024-10-11T15:50:44.646+0000] {processor.py:186} INFO - Started process (PID=75) to work on /opt/airflow/dags/dag1.py
[2024-10-11T15:50:44.653+0000] {processor.py:914} INFO - Processing file /opt/airflow/dags/dag1.py for tasks to queue
[2024-10-11T15:50:44.665+0000] {logging_mixin.py:190} INFO - [2024-10-11T15:50:44.663+0000] {dagbag.py:588} INFO - Filling up the DagBag from /opt/airflow/dags/dag1.py
[2024-10-11T15:50:44.783+0000] {processor.py:925} INFO - DAG(s) 'dag1' retrieved from /opt/airflow/dags/dag1.py
[2024-10-11T15:50:44.858+0000] {logging_mixin.py:190} INFO - [2024-10-11T15:50:44.857+0000] {dag.py:3239} INFO - Sync 1 DAGs
[2024-10-11T15:50:44.920+0000] {logging_mixin.py:190} INFO - [2024-10-11T15:50:44.920+0000] {dag.py:4180} INFO - Setting next_dagrun for dag1 to 2024-10-11 00:00:00+00:00, run_after=2024-10-11 00:01:00+00:00
[2024-10-11T15:50:44.944+0000] {processor.py:208} INFO - Processing /opt/airflow/dags/dag1.py took 0.323 seconds
[2024-10-11T15:51:15.246+0000] {processor.py:186} INFO - Started process (PID=83) to work on /opt/airflow/dags/dag1.py
[2024-10-11T15:51:15.247+0000] {processor.py:914} INFO - Processing file /opt/airflow/dags/dag1.py for tasks to queue
[2024-10-11T15:51:15.249+0000] {logging_mixin.py:190} INFO - [2024-10-11T15:51:15.249+0000] {dagbag.py:588} INFO - Filling up the DagBag from /opt/airflow/dags/dag1.py
[2024-10-11T15:51:15.270+0000] {processor.py:925} INFO - DAG(s) 'dag1' retrieved from /opt/airflow/dags/dag1.py
[2024-10-11T15:51:15.304+0000] {logging_mixin.py:190} INFO - [2024-10-11T15:51:15.304+0000] {dag.py:3239} INFO - Sync 1 DAGs
[2024-10-11T15:51:15.344+0000] {logging_mixin.py:190} INFO - [2024-10-11T15:51:15.343+0000] {dag.py:4180} INFO - Setting next_dagrun for dag1 to 2024-10-11 00:00:00+00:00, run_after=2024-10-11 00:01:00+00:00
[2024-10-11T15:51:15.370+0000] {processor.py:208} INFO - Processing /opt/airflow/dags/dag1.py took 0.130 seconds
[2024-10-11T15:51:45.521+0000] {processor.py:186} INFO - Started process (PID=97) to work on /opt/airflow/dags/dag1.py
[2024-10-11T15:51:45.522+0000] {processor.py:914} INFO - Processing file /opt/airflow/dags/dag1.py for tasks to queue
[2024-10-11T15:51:45.525+0000] {logging_mixin.py:190} INFO - [2024-10-11T15:51:45.525+0000] {dagbag.py:588} INFO - Filling up the DagBag from /opt/airflow/dags/dag1.py
[2024-10-11T15:51:45.545+0000] {processor.py:925} INFO - DAG(s) 'dag1' retrieved from /opt/airflow/dags/dag1.py
[2024-10-11T15:51:45.590+0000] {logging_mixin.py:190} INFO - [2024-10-11T15:51:45.590+0000] {dag.py:3239} INFO - Sync 1 DAGs
[2024-10-11T15:51:45.632+0000] {logging_mixin.py:190} INFO - [2024-10-11T15:51:45.632+0000] {dag.py:4180} INFO - Setting next_dagrun for dag1 to 2024-10-11 00:00:00+00:00, run_after=2024-10-11 00:01:00+00:00
[2024-10-11T15:51:45.667+0000] {processor.py:208} INFO - Processing /opt/airflow/dags/dag1.py took 0.152 seconds
[2024-10-11T15:52:15.969+0000] {processor.py:186} INFO - Started process (PID=106) to work on /opt/airflow/dags/dag1.py
[2024-10-11T15:52:15.971+0000] {processor.py:914} INFO - Processing file /opt/airflow/dags/dag1.py for tasks to queue
[2024-10-11T15:52:15.976+0000] {logging_mixin.py:190} INFO - [2024-10-11T15:52:15.976+0000] {dagbag.py:588} INFO - Filling up the DagBag from /opt/airflow/dags/dag1.py
[2024-10-11T15:52:16.023+0000] {processor.py:925} INFO - DAG(s) 'dag1' retrieved from /opt/airflow/dags/dag1.py
[2024-10-11T15:52:16.051+0000] {logging_mixin.py:190} INFO - [2024-10-11T15:52:16.051+0000] {dag.py:3239} INFO - Sync 1 DAGs
[2024-10-11T15:52:16.082+0000] {logging_mixin.py:190} INFO - [2024-10-11T15:52:16.082+0000] {dag.py:4180} INFO - Setting next_dagrun for dag1 to 2024-10-11 00:00:00+00:00, run_after=2024-10-11 00:01:00+00:00
[2024-10-11T15:52:16.107+0000] {processor.py:208} INFO - Processing /opt/airflow/dags/dag1.py took 0.146 seconds
[2024-10-11T15:52:46.303+0000] {processor.py:186} INFO - Started process (PID=114) to work on /opt/airflow/dags/dag1.py
[2024-10-11T15:52:46.305+0000] {processor.py:914} INFO - Processing file /opt/airflow/dags/dag1.py for tasks to queue
[2024-10-11T15:52:46.309+0000] {logging_mixin.py:190} INFO - [2024-10-11T15:52:46.309+0000] {dagbag.py:588} INFO - Filling up the DagBag from /opt/airflow/dags/dag1.py
[2024-10-11T15:52:46.350+0000] {processor.py:925} INFO - DAG(s) 'dag1' retrieved from /opt/airflow/dags/dag1.py
[2024-10-11T15:52:46.395+0000] {logging_mixin.py:190} INFO - [2024-10-11T15:52:46.394+0000] {dag.py:3239} INFO - Sync 1 DAGs
[2024-10-11T15:52:46.430+0000] {logging_mixin.py:190} INFO - [2024-10-11T15:52:46.430+0000] {dag.py:4180} INFO - Setting next_dagrun for dag1 to 2024-10-11 00:00:00+00:00, run_after=2024-10-11 00:01:00+00:00
[2024-10-11T15:52:46.462+0000] {processor.py:208} INFO - Processing /opt/airflow/dags/dag1.py took 0.166 seconds
[2024-10-11T15:53:16.764+0000] {processor.py:186} INFO - Started process (PID=122) to work on /opt/airflow/dags/dag1.py
[2024-10-11T15:53:16.765+0000] {processor.py:914} INFO - Processing file /opt/airflow/dags/dag1.py for tasks to queue
[2024-10-11T15:53:16.768+0000] {logging_mixin.py:190} INFO - [2024-10-11T15:53:16.768+0000] {dagbag.py:588} INFO - Filling up the DagBag from /opt/airflow/dags/dag1.py
[2024-10-11T15:53:16.791+0000] {processor.py:925} INFO - DAG(s) 'dag1' retrieved from /opt/airflow/dags/dag1.py
[2024-10-11T15:53:16.834+0000] {logging_mixin.py:190} INFO - [2024-10-11T15:53:16.834+0000] {dag.py:3239} INFO - Sync 1 DAGs
[2024-10-11T15:53:16.863+0000] {logging_mixin.py:190} INFO - [2024-10-11T15:53:16.863+0000] {dag.py:4180} INFO - Setting next_dagrun for dag1 to 2024-10-11 00:00:00+00:00, run_after=2024-10-11 00:01:00+00:00
[2024-10-11T15:53:16.887+0000] {processor.py:208} INFO - Processing /opt/airflow/dags/dag1.py took 0.129 seconds
[2024-10-11T15:53:47.192+0000] {processor.py:186} INFO - Started process (PID=130) to work on /opt/airflow/dags/dag1.py
[2024-10-11T15:53:47.194+0000] {processor.py:914} INFO - Processing file /opt/airflow/dags/dag1.py for tasks to queue
[2024-10-11T15:53:47.200+0000] {logging_mixin.py:190} INFO - [2024-10-11T15:53:47.199+0000] {dagbag.py:588} INFO - Filling up the DagBag from /opt/airflow/dags/dag1.py
[2024-10-11T15:53:47.228+0000] {processor.py:925} INFO - DAG(s) 'dag1' retrieved from /opt/airflow/dags/dag1.py
[2024-10-11T15:53:47.268+0000] {logging_mixin.py:190} INFO - [2024-10-11T15:53:47.268+0000] {dag.py:3239} INFO - Sync 1 DAGs
[2024-10-11T15:53:47.339+0000] {processor.py:208} INFO - Processing /opt/airflow/dags/dag1.py took 0.154 seconds
