[2024-10-11T15:05:20.554+0000] {processor.py:186} INFO - Started process (PID=57) to work on /opt/airflow/dags/dag1.1.py
[2024-10-11T15:05:20.600+0000] {processor.py:914} INFO - Processing file /opt/airflow/dags/dag1.1.py for tasks to queue
[2024-10-11T15:05:20.619+0000] {logging_mixin.py:190} INFO - [2024-10-11T15:05:20.616+0000] {dagbag.py:588} INFO - Filling up the DagBag from /opt/airflow/dags/dag1.1.py
[2024-10-11T15:05:21.212+0000] {processor.py:925} INFO - DAG(s) 'dag1.1' retrieved from /opt/airflow/dags/dag1.1.py
[2024-10-11T15:05:22.275+0000] {logging_mixin.py:190} INFO - [2024-10-11T15:05:22.274+0000] {dag.py:3239} INFO - Sync 1 DAGs
[2024-10-11T15:05:22.467+0000] {processor.py:208} INFO - Processing /opt/airflow/dags/dag1.1.py took 2.343 seconds
[2024-10-11T15:05:52.926+0000] {processor.py:186} INFO - Started process (PID=79) to work on /opt/airflow/dags/dag1.1.py
[2024-10-11T15:05:52.931+0000] {processor.py:914} INFO - Processing file /opt/airflow/dags/dag1.1.py for tasks to queue
[2024-10-11T15:05:53.049+0000] {logging_mixin.py:190} INFO - [2024-10-11T15:05:53.048+0000] {dagbag.py:588} INFO - Filling up the DagBag from /opt/airflow/dags/dag1.1.py
[2024-10-11T15:05:53.316+0000] {processor.py:925} INFO - DAG(s) 'dag1.1' retrieved from /opt/airflow/dags/dag1.1.py
[2024-10-11T15:05:53.503+0000] {logging_mixin.py:190} INFO - [2024-10-11T15:05:53.502+0000] {dag.py:3239} INFO - Sync 1 DAGs
[2024-10-11T15:05:53.728+0000] {processor.py:208} INFO - Processing /opt/airflow/dags/dag1.1.py took 0.868 seconds
[2024-10-11T15:06:24.021+0000] {processor.py:186} INFO - Started process (PID=87) to work on /opt/airflow/dags/dag1.1.py
[2024-10-11T15:06:24.022+0000] {processor.py:914} INFO - Processing file /opt/airflow/dags/dag1.1.py for tasks to queue
[2024-10-11T15:06:24.026+0000] {logging_mixin.py:190} INFO - [2024-10-11T15:06:24.025+0000] {dagbag.py:588} INFO - Filling up the DagBag from /opt/airflow/dags/dag1.1.py
[2024-10-11T15:06:24.048+0000] {processor.py:925} INFO - DAG(s) 'dag1.1' retrieved from /opt/airflow/dags/dag1.1.py
[2024-10-11T15:06:24.079+0000] {logging_mixin.py:190} INFO - [2024-10-11T15:06:24.078+0000] {dag.py:3239} INFO - Sync 1 DAGs
[2024-10-11T15:06:24.139+0000] {processor.py:208} INFO - Processing /opt/airflow/dags/dag1.1.py took 0.123 seconds
[2024-10-11T15:06:54.302+0000] {processor.py:186} INFO - Started process (PID=95) to work on /opt/airflow/dags/dag1.1.py
[2024-10-11T15:06:54.305+0000] {processor.py:914} INFO - Processing file /opt/airflow/dags/dag1.1.py for tasks to queue
[2024-10-11T15:06:54.312+0000] {logging_mixin.py:190} INFO - [2024-10-11T15:06:54.312+0000] {dagbag.py:588} INFO - Filling up the DagBag from /opt/airflow/dags/dag1.1.py
[2024-10-11T15:06:54.358+0000] {processor.py:925} INFO - DAG(s) 'dag1.1' retrieved from /opt/airflow/dags/dag1.1.py
[2024-10-11T15:06:54.415+0000] {logging_mixin.py:190} INFO - [2024-10-11T15:06:54.415+0000] {dag.py:3239} INFO - Sync 1 DAGs
[2024-10-11T15:06:54.498+0000] {processor.py:208} INFO - Processing /opt/airflow/dags/dag1.1.py took 0.207 seconds
[2024-10-11T15:07:24.800+0000] {processor.py:186} INFO - Started process (PID=103) to work on /opt/airflow/dags/dag1.1.py
[2024-10-11T15:07:24.802+0000] {processor.py:914} INFO - Processing file /opt/airflow/dags/dag1.1.py for tasks to queue
[2024-10-11T15:07:24.805+0000] {logging_mixin.py:190} INFO - [2024-10-11T15:07:24.805+0000] {dagbag.py:588} INFO - Filling up the DagBag from /opt/airflow/dags/dag1.1.py
[2024-10-11T15:07:24.826+0000] {processor.py:925} INFO - DAG(s) 'dag1.1' retrieved from /opt/airflow/dags/dag1.1.py
[2024-10-11T15:07:24.854+0000] {logging_mixin.py:190} INFO - [2024-10-11T15:07:24.854+0000] {dag.py:3239} INFO - Sync 1 DAGs
[2024-10-11T15:07:24.904+0000] {processor.py:208} INFO - Processing /opt/airflow/dags/dag1.1.py took 0.110 seconds
[2024-10-11T15:07:55.123+0000] {processor.py:186} INFO - Started process (PID=111) to work on /opt/airflow/dags/dag1.1.py
[2024-10-11T15:07:55.126+0000] {processor.py:914} INFO - Processing file /opt/airflow/dags/dag1.1.py for tasks to queue
[2024-10-11T15:07:55.132+0000] {logging_mixin.py:190} INFO - [2024-10-11T15:07:55.132+0000] {dagbag.py:588} INFO - Filling up the DagBag from /opt/airflow/dags/dag1.1.py
[2024-10-11T15:07:55.171+0000] {processor.py:925} INFO - DAG(s) 'dag1.1' retrieved from /opt/airflow/dags/dag1.1.py
[2024-10-11T15:07:55.290+0000] {logging_mixin.py:190} INFO - [2024-10-11T15:07:55.289+0000] {dag.py:3239} INFO - Sync 1 DAGs
[2024-10-11T15:07:55.341+0000] {processor.py:208} INFO - Processing /opt/airflow/dags/dag1.1.py took 0.234 seconds
[2024-10-11T15:08:25.500+0000] {processor.py:186} INFO - Started process (PID=120) to work on /opt/airflow/dags/dag1.1.py
[2024-10-11T15:08:25.501+0000] {processor.py:914} INFO - Processing file /opt/airflow/dags/dag1.1.py for tasks to queue
[2024-10-11T15:08:25.505+0000] {logging_mixin.py:190} INFO - [2024-10-11T15:08:25.504+0000] {dagbag.py:588} INFO - Filling up the DagBag from /opt/airflow/dags/dag1.1.py
[2024-10-11T15:08:25.545+0000] {processor.py:925} INFO - DAG(s) 'dag1.1' retrieved from /opt/airflow/dags/dag1.1.py
[2024-10-11T15:08:25.589+0000] {logging_mixin.py:190} INFO - [2024-10-11T15:08:25.588+0000] {dag.py:3239} INFO - Sync 1 DAGs
[2024-10-11T15:08:25.640+0000] {processor.py:208} INFO - Processing /opt/airflow/dags/dag1.1.py took 0.151 seconds
[2024-10-11T15:09:02.080+0000] {processor.py:186} INFO - Started process (PID=122) to work on /opt/airflow/dags/dag1.1.py
[2024-10-11T15:09:02.081+0000] {processor.py:914} INFO - Processing file /opt/airflow/dags/dag1.1.py for tasks to queue
[2024-10-11T15:09:02.086+0000] {logging_mixin.py:190} INFO - [2024-10-11T15:09:02.085+0000] {dagbag.py:588} INFO - Filling up the DagBag from /opt/airflow/dags/dag1.1.py
[2024-10-11T15:09:02.142+0000] {processor.py:925} INFO - DAG(s) 'dag1.1' retrieved from /opt/airflow/dags/dag1.1.py
[2024-10-11T15:09:02.297+0000] {logging_mixin.py:190} INFO - [2024-10-11T15:09:02.296+0000] {dag.py:3239} INFO - Sync 1 DAGs
[2024-10-11T15:09:02.460+0000] {processor.py:208} INFO - Processing /opt/airflow/dags/dag1.1.py took 0.395 seconds
[2024-10-11T15:09:32.803+0000] {processor.py:186} INFO - Started process (PID=130) to work on /opt/airflow/dags/dag1.1.py
[2024-10-11T15:09:32.806+0000] {processor.py:914} INFO - Processing file /opt/airflow/dags/dag1.1.py for tasks to queue
[2024-10-11T15:09:32.811+0000] {logging_mixin.py:190} INFO - [2024-10-11T15:09:32.808+0000] {dagbag.py:588} INFO - Filling up the DagBag from /opt/airflow/dags/dag1.1.py
[2024-10-11T15:09:32.950+0000] {processor.py:925} INFO - DAG(s) 'dag1.1' retrieved from /opt/airflow/dags/dag1.1.py
[2024-10-11T15:09:33.145+0000] {logging_mixin.py:190} INFO - [2024-10-11T15:09:33.143+0000] {dag.py:3239} INFO - Sync 1 DAGs
[2024-10-11T15:09:33.200+0000] {processor.py:208} INFO - Processing /opt/airflow/dags/dag1.1.py took 0.407 seconds
[2024-10-11T15:10:03.271+0000] {processor.py:186} INFO - Started process (PID=143) to work on /opt/airflow/dags/dag1.1.py
[2024-10-11T15:10:03.273+0000] {processor.py:914} INFO - Processing file /opt/airflow/dags/dag1.1.py for tasks to queue
[2024-10-11T15:10:03.283+0000] {logging_mixin.py:190} INFO - [2024-10-11T15:10:03.280+0000] {dagbag.py:588} INFO - Filling up the DagBag from /opt/airflow/dags/dag1.1.py
[2024-10-11T15:10:03.334+0000] {processor.py:925} INFO - DAG(s) 'dag1.1' retrieved from /opt/airflow/dags/dag1.1.py
[2024-10-11T15:10:03.388+0000] {logging_mixin.py:190} INFO - [2024-10-11T15:10:03.388+0000] {dag.py:3239} INFO - Sync 1 DAGs
[2024-10-11T15:10:03.441+0000] {processor.py:208} INFO - Processing /opt/airflow/dags/dag1.1.py took 0.182 seconds
[2024-10-11T15:10:33.790+0000] {processor.py:186} INFO - Started process (PID=145) to work on /opt/airflow/dags/dag1.1.py
[2024-10-11T15:10:33.800+0000] {processor.py:914} INFO - Processing file /opt/airflow/dags/dag1.1.py for tasks to queue
[2024-10-11T15:10:33.805+0000] {logging_mixin.py:190} INFO - [2024-10-11T15:10:33.802+0000] {dagbag.py:588} INFO - Filling up the DagBag from /opt/airflow/dags/dag1.1.py
[2024-10-11T15:10:33.919+0000] {processor.py:925} INFO - DAG(s) 'dag1.1' retrieved from /opt/airflow/dags/dag1.1.py
[2024-10-11T15:10:57.544+0000] {logging_mixin.py:190} INFO - [2024-10-11T15:10:57.540+0000] {dag.py:3239} INFO - Sync 1 DAGs
[2024-10-11T15:11:01.506+0000] {processor.py:208} INFO - Processing /opt/airflow/dags/dag1.1.py took 27.730 seconds
[2024-10-11T15:11:34.883+0000] {processor.py:186} INFO - Started process (PID=153) to work on /opt/airflow/dags/dag1.1.py
[2024-10-11T15:11:34.892+0000] {processor.py:914} INFO - Processing file /opt/airflow/dags/dag1.1.py for tasks to queue
[2024-10-11T15:11:34.897+0000] {logging_mixin.py:190} INFO - [2024-10-11T15:11:34.897+0000] {dagbag.py:588} INFO - Filling up the DagBag from /opt/airflow/dags/dag1.1.py
[2024-10-11T15:11:35.065+0000] {processor.py:925} INFO - DAG(s) 'dag1.1' retrieved from /opt/airflow/dags/dag1.1.py
[2024-10-11T15:11:35.244+0000] {logging_mixin.py:190} INFO - [2024-10-11T15:11:35.242+0000] {dag.py:3239} INFO - Sync 1 DAGs
[2024-10-11T15:11:35.311+0000] {processor.py:208} INFO - Processing /opt/airflow/dags/dag1.1.py took 0.452 seconds
[2024-10-11T15:12:06.197+0000] {processor.py:186} INFO - Started process (PID=161) to work on /opt/airflow/dags/dag1.1.py
[2024-10-11T15:12:06.199+0000] {processor.py:914} INFO - Processing file /opt/airflow/dags/dag1.1.py for tasks to queue
[2024-10-11T15:12:06.207+0000] {logging_mixin.py:190} INFO - [2024-10-11T15:12:06.205+0000] {dagbag.py:588} INFO - Filling up the DagBag from /opt/airflow/dags/dag1.1.py
[2024-10-11T15:12:06.291+0000] {processor.py:925} INFO - DAG(s) 'dag1.1' retrieved from /opt/airflow/dags/dag1.1.py
[2024-10-11T15:12:06.370+0000] {logging_mixin.py:190} INFO - [2024-10-11T15:12:06.369+0000] {dag.py:3239} INFO - Sync 1 DAGs
[2024-10-11T15:12:06.451+0000] {processor.py:208} INFO - Processing /opt/airflow/dags/dag1.1.py took 0.273 seconds
[2024-10-11T15:12:36.841+0000] {processor.py:186} INFO - Started process (PID=170) to work on /opt/airflow/dags/dag1.1.py
[2024-10-11T15:12:36.844+0000] {processor.py:914} INFO - Processing file /opt/airflow/dags/dag1.1.py for tasks to queue
[2024-10-11T15:12:36.852+0000] {logging_mixin.py:190} INFO - [2024-10-11T15:12:36.850+0000] {dagbag.py:588} INFO - Filling up the DagBag from /opt/airflow/dags/dag1.1.py
[2024-10-11T15:12:36.908+0000] {processor.py:925} INFO - DAG(s) 'dag1.1' retrieved from /opt/airflow/dags/dag1.1.py
[2024-10-11T15:12:37.065+0000] {logging_mixin.py:190} INFO - [2024-10-11T15:12:37.064+0000] {dag.py:3239} INFO - Sync 1 DAGs
[2024-10-11T15:12:37.133+0000] {processor.py:208} INFO - Processing /opt/airflow/dags/dag1.1.py took 0.311 seconds
[2024-10-11T15:13:07.228+0000] {processor.py:186} INFO - Started process (PID=178) to work on /opt/airflow/dags/dag1.1.py
[2024-10-11T15:13:07.229+0000] {processor.py:914} INFO - Processing file /opt/airflow/dags/dag1.1.py for tasks to queue
[2024-10-11T15:13:07.234+0000] {logging_mixin.py:190} INFO - [2024-10-11T15:13:07.233+0000] {dagbag.py:588} INFO - Filling up the DagBag from /opt/airflow/dags/dag1.1.py
[2024-10-11T15:13:07.271+0000] {processor.py:925} INFO - DAG(s) 'dag1.1' retrieved from /opt/airflow/dags/dag1.1.py
[2024-10-11T15:13:07.325+0000] {logging_mixin.py:190} INFO - [2024-10-11T15:13:07.325+0000] {dag.py:3239} INFO - Sync 1 DAGs
[2024-10-11T15:13:07.388+0000] {processor.py:208} INFO - Processing /opt/airflow/dags/dag1.1.py took 0.169 seconds
[2024-10-11T15:13:39.741+0000] {processor.py:186} INFO - Started process (PID=186) to work on /opt/airflow/dags/dag1.1.py
[2024-10-11T15:13:39.743+0000] {processor.py:914} INFO - Processing file /opt/airflow/dags/dag1.1.py for tasks to queue
[2024-10-11T15:13:39.754+0000] {logging_mixin.py:190} INFO - [2024-10-11T15:13:39.752+0000] {dagbag.py:588} INFO - Filling up the DagBag from /opt/airflow/dags/dag1.1.py
[2024-10-11T15:13:39.805+0000] {processor.py:925} INFO - DAG(s) 'dag1.1' retrieved from /opt/airflow/dags/dag1.1.py
[2024-10-11T15:13:40.031+0000] {logging_mixin.py:190} INFO - [2024-10-11T15:13:40.031+0000] {dag.py:3239} INFO - Sync 1 DAGs
[2024-10-11T15:13:40.341+0000] {processor.py:208} INFO - Processing /opt/airflow/dags/dag1.1.py took 0.614 seconds
[2024-10-11T15:14:10.482+0000] {processor.py:186} INFO - Started process (PID=193) to work on /opt/airflow/dags/dag1.1.py
[2024-10-11T15:14:10.483+0000] {processor.py:914} INFO - Processing file /opt/airflow/dags/dag1.1.py for tasks to queue
[2024-10-11T15:14:10.486+0000] {logging_mixin.py:190} INFO - [2024-10-11T15:14:10.485+0000] {dagbag.py:588} INFO - Filling up the DagBag from /opt/airflow/dags/dag1.1.py
[2024-10-11T15:14:10.511+0000] {processor.py:925} INFO - DAG(s) 'dag1.1' retrieved from /opt/airflow/dags/dag1.1.py
[2024-10-11T15:14:10.547+0000] {logging_mixin.py:190} INFO - [2024-10-11T15:14:10.547+0000] {dag.py:3239} INFO - Sync 1 DAGs
[2024-10-11T15:14:10.784+0000] {processor.py:208} INFO - Processing /opt/airflow/dags/dag1.1.py took 0.308 seconds
[2024-10-11T15:15:02.059+0000] {processor.py:186} INFO - Started process (PID=201) to work on /opt/airflow/dags/dag1.1.py
[2024-10-11T15:15:02.074+0000] {processor.py:914} INFO - Processing file /opt/airflow/dags/dag1.1.py for tasks to queue
[2024-10-11T15:15:02.084+0000] {logging_mixin.py:190} INFO - [2024-10-11T15:15:02.081+0000] {dagbag.py:588} INFO - Filling up the DagBag from /opt/airflow/dags/dag1.1.py
[2024-10-11T15:15:02.192+0000] {processor.py:925} INFO - DAG(s) 'dag1.1' retrieved from /opt/airflow/dags/dag1.1.py
[2024-10-11T15:15:02.799+0000] {logging_mixin.py:190} INFO - [2024-10-11T15:15:02.799+0000] {dag.py:3239} INFO - Sync 1 DAGs
[2024-10-11T15:15:02.894+0000] {processor.py:208} INFO - Processing /opt/airflow/dags/dag1.1.py took 0.895 seconds
[2024-10-11T15:15:33.420+0000] {processor.py:186} INFO - Started process (PID=209) to work on /opt/airflow/dags/dag1.1.py
[2024-10-11T15:15:33.422+0000] {processor.py:914} INFO - Processing file /opt/airflow/dags/dag1.1.py for tasks to queue
[2024-10-11T15:15:33.426+0000] {logging_mixin.py:190} INFO - [2024-10-11T15:15:33.425+0000] {dagbag.py:588} INFO - Filling up the DagBag from /opt/airflow/dags/dag1.1.py
[2024-10-11T15:15:33.563+0000] {processor.py:925} INFO - DAG(s) 'dag1.1' retrieved from /opt/airflow/dags/dag1.1.py
[2024-10-11T15:15:33.690+0000] {logging_mixin.py:190} INFO - [2024-10-11T15:15:33.690+0000] {dag.py:3239} INFO - Sync 1 DAGs
[2024-10-11T15:15:33.748+0000] {processor.py:208} INFO - Processing /opt/airflow/dags/dag1.1.py took 0.343 seconds
[2024-10-11T15:16:04.045+0000] {processor.py:186} INFO - Started process (PID=223) to work on /opt/airflow/dags/dag1.1.py
[2024-10-11T15:16:04.048+0000] {processor.py:914} INFO - Processing file /opt/airflow/dags/dag1.1.py for tasks to queue
[2024-10-11T15:16:04.052+0000] {logging_mixin.py:190} INFO - [2024-10-11T15:16:04.052+0000] {dagbag.py:588} INFO - Filling up the DagBag from /opt/airflow/dags/dag1.1.py
[2024-10-11T15:16:04.074+0000] {processor.py:925} INFO - DAG(s) 'dag1.1' retrieved from /opt/airflow/dags/dag1.1.py
[2024-10-11T15:16:04.110+0000] {logging_mixin.py:190} INFO - [2024-10-11T15:16:04.109+0000] {dag.py:3239} INFO - Sync 1 DAGs
[2024-10-11T15:16:04.162+0000] {processor.py:208} INFO - Processing /opt/airflow/dags/dag1.1.py took 0.135 seconds
[2024-10-11T15:16:34.317+0000] {processor.py:186} INFO - Started process (PID=231) to work on /opt/airflow/dags/dag1.1.py
[2024-10-11T15:16:34.318+0000] {processor.py:914} INFO - Processing file /opt/airflow/dags/dag1.1.py for tasks to queue
[2024-10-11T15:16:34.321+0000] {logging_mixin.py:190} INFO - [2024-10-11T15:16:34.320+0000] {dagbag.py:588} INFO - Filling up the DagBag from /opt/airflow/dags/dag1.1.py
[2024-10-11T15:16:34.351+0000] {processor.py:925} INFO - DAG(s) 'dag1.1' retrieved from /opt/airflow/dags/dag1.1.py
[2024-10-11T15:16:34.393+0000] {logging_mixin.py:190} INFO - [2024-10-11T15:16:34.393+0000] {dag.py:3239} INFO - Sync 1 DAGs
[2024-10-11T15:16:34.446+0000] {processor.py:208} INFO - Processing /opt/airflow/dags/dag1.1.py took 0.137 seconds
[2024-10-11T15:17:10.879+0000] {processor.py:186} INFO - Started process (PID=233) to work on /opt/airflow/dags/dag1.1.py
[2024-10-11T15:17:10.886+0000] {processor.py:914} INFO - Processing file /opt/airflow/dags/dag1.1.py for tasks to queue
[2024-10-11T15:17:10.910+0000] {logging_mixin.py:190} INFO - [2024-10-11T15:17:10.908+0000] {dagbag.py:588} INFO - Filling up the DagBag from /opt/airflow/dags/dag1.1.py
[2024-10-11T15:17:10.977+0000] {processor.py:925} INFO - DAG(s) 'dag1.1' retrieved from /opt/airflow/dags/dag1.1.py
[2024-10-11T15:17:11.477+0000] {logging_mixin.py:190} INFO - [2024-10-11T15:17:11.469+0000] {dag.py:3239} INFO - Sync 1 DAGs
[2024-10-11T15:17:16.412+0000] {processor.py:208} INFO - Processing /opt/airflow/dags/dag1.1.py took 5.586 seconds
[2024-10-11T15:17:46.803+0000] {processor.py:186} INFO - Started process (PID=248) to work on /opt/airflow/dags/dag1.1.py
[2024-10-11T15:17:46.805+0000] {processor.py:914} INFO - Processing file /opt/airflow/dags/dag1.1.py for tasks to queue
[2024-10-11T15:17:46.825+0000] {logging_mixin.py:190} INFO - [2024-10-11T15:17:46.823+0000] {dagbag.py:588} INFO - Filling up the DagBag from /opt/airflow/dags/dag1.1.py
[2024-10-11T15:17:46.934+0000] {processor.py:925} INFO - DAG(s) 'dag1.1' retrieved from /opt/airflow/dags/dag1.1.py
[2024-10-11T15:17:47.051+0000] {logging_mixin.py:190} INFO - [2024-10-11T15:17:47.051+0000] {dag.py:3239} INFO - Sync 1 DAGs
[2024-10-11T15:17:47.823+0000] {processor.py:208} INFO - Processing /opt/airflow/dags/dag1.1.py took 1.057 seconds
[2024-10-11T15:18:18.079+0000] {processor.py:186} INFO - Started process (PID=256) to work on /opt/airflow/dags/dag1.1.py
[2024-10-11T15:18:18.084+0000] {processor.py:914} INFO - Processing file /opt/airflow/dags/dag1.1.py for tasks to queue
[2024-10-11T15:18:18.087+0000] {logging_mixin.py:190} INFO - [2024-10-11T15:18:18.086+0000] {dagbag.py:588} INFO - Filling up the DagBag from /opt/airflow/dags/dag1.1.py
[2024-10-11T15:18:18.128+0000] {processor.py:925} INFO - DAG(s) 'dag1.1' retrieved from /opt/airflow/dags/dag1.1.py
[2024-10-11T15:18:18.171+0000] {logging_mixin.py:190} INFO - [2024-10-11T15:18:18.171+0000] {dag.py:3239} INFO - Sync 1 DAGs
[2024-10-11T15:18:18.225+0000] {processor.py:208} INFO - Processing /opt/airflow/dags/dag1.1.py took 0.151 seconds
[2024-10-11T15:18:48.465+0000] {processor.py:186} INFO - Started process (PID=264) to work on /opt/airflow/dags/dag1.1.py
[2024-10-11T15:18:48.466+0000] {processor.py:914} INFO - Processing file /opt/airflow/dags/dag1.1.py for tasks to queue
[2024-10-11T15:18:48.469+0000] {logging_mixin.py:190} INFO - [2024-10-11T15:18:48.469+0000] {dagbag.py:588} INFO - Filling up the DagBag from /opt/airflow/dags/dag1.1.py
[2024-10-11T15:18:48.506+0000] {processor.py:925} INFO - DAG(s) 'dag1.1' retrieved from /opt/airflow/dags/dag1.1.py
[2024-10-11T15:18:48.561+0000] {logging_mixin.py:190} INFO - [2024-10-11T15:18:48.561+0000] {dag.py:3239} INFO - Sync 1 DAGs
[2024-10-11T15:18:48.611+0000] {processor.py:208} INFO - Processing /opt/airflow/dags/dag1.1.py took 0.152 seconds
[2024-10-11T15:19:18.771+0000] {processor.py:186} INFO - Started process (PID=272) to work on /opt/airflow/dags/dag1.1.py
[2024-10-11T15:19:18.772+0000] {processor.py:914} INFO - Processing file /opt/airflow/dags/dag1.1.py for tasks to queue
[2024-10-11T15:19:18.775+0000] {logging_mixin.py:190} INFO - [2024-10-11T15:19:18.774+0000] {dagbag.py:588} INFO - Filling up the DagBag from /opt/airflow/dags/dag1.1.py
[2024-10-11T15:19:18.815+0000] {processor.py:925} INFO - DAG(s) 'dag1.1' retrieved from /opt/airflow/dags/dag1.1.py
[2024-10-11T15:19:18.889+0000] {logging_mixin.py:190} INFO - [2024-10-11T15:19:18.889+0000] {dag.py:3239} INFO - Sync 1 DAGs
[2024-10-11T15:19:18.940+0000] {processor.py:208} INFO - Processing /opt/airflow/dags/dag1.1.py took 0.175 seconds
[2024-10-11T15:19:49.177+0000] {processor.py:186} INFO - Started process (PID=280) to work on /opt/airflow/dags/dag1.1.py
[2024-10-11T15:19:49.178+0000] {processor.py:914} INFO - Processing file /opt/airflow/dags/dag1.1.py for tasks to queue
[2024-10-11T15:19:49.181+0000] {logging_mixin.py:190} INFO - [2024-10-11T15:19:49.181+0000] {dagbag.py:588} INFO - Filling up the DagBag from /opt/airflow/dags/dag1.1.py
[2024-10-11T15:19:49.206+0000] {processor.py:925} INFO - DAG(s) 'dag1.1' retrieved from /opt/airflow/dags/dag1.1.py
[2024-10-11T15:19:49.257+0000] {logging_mixin.py:190} INFO - [2024-10-11T15:19:49.257+0000] {dag.py:3239} INFO - Sync 1 DAGs
[2024-10-11T15:19:49.487+0000] {processor.py:208} INFO - Processing /opt/airflow/dags/dag1.1.py took 0.316 seconds
[2024-10-11T15:20:19.807+0000] {processor.py:186} INFO - Started process (PID=289) to work on /opt/airflow/dags/dag1.1.py
[2024-10-11T15:20:19.810+0000] {processor.py:914} INFO - Processing file /opt/airflow/dags/dag1.1.py for tasks to queue
[2024-10-11T15:20:19.814+0000] {logging_mixin.py:190} INFO - [2024-10-11T15:20:19.813+0000] {dagbag.py:588} INFO - Filling up the DagBag from /opt/airflow/dags/dag1.1.py
[2024-10-11T15:20:19.871+0000] {processor.py:925} INFO - DAG(s) 'dag1.1' retrieved from /opt/airflow/dags/dag1.1.py
[2024-10-11T15:20:39.296+0000] {logging_mixin.py:190} INFO - [2024-10-11T15:20:39.290+0000] {dag.py:3239} INFO - Sync 1 DAGs
[2024-10-11T15:20:39.769+0000] {processor.py:208} INFO - Processing /opt/airflow/dags/dag1.1.py took 19.971 seconds
[2024-10-11T15:21:10.129+0000] {processor.py:186} INFO - Started process (PID=298) to work on /opt/airflow/dags/dag1.1.py
[2024-10-11T15:21:10.132+0000] {processor.py:914} INFO - Processing file /opt/airflow/dags/dag1.1.py for tasks to queue
[2024-10-11T15:21:10.137+0000] {logging_mixin.py:190} INFO - [2024-10-11T15:21:10.137+0000] {dagbag.py:588} INFO - Filling up the DagBag from /opt/airflow/dags/dag1.1.py
[2024-10-11T15:21:10.184+0000] {processor.py:925} INFO - DAG(s) 'dag1.1' retrieved from /opt/airflow/dags/dag1.1.py
[2024-10-11T15:21:10.282+0000] {logging_mixin.py:190} INFO - [2024-10-11T15:21:10.282+0000] {dag.py:3239} INFO - Sync 1 DAGs
[2024-10-11T15:21:10.372+0000] {processor.py:208} INFO - Processing /opt/airflow/dags/dag1.1.py took 0.251 seconds
[2024-10-11T15:21:40.709+0000] {processor.py:186} INFO - Started process (PID=306) to work on /opt/airflow/dags/dag1.1.py
[2024-10-11T15:21:40.711+0000] {processor.py:914} INFO - Processing file /opt/airflow/dags/dag1.1.py for tasks to queue
[2024-10-11T15:21:40.715+0000] {logging_mixin.py:190} INFO - [2024-10-11T15:21:40.714+0000] {dagbag.py:588} INFO - Filling up the DagBag from /opt/airflow/dags/dag1.1.py
[2024-10-11T15:21:40.754+0000] {processor.py:925} INFO - DAG(s) 'dag1.1' retrieved from /opt/airflow/dags/dag1.1.py
[2024-10-11T15:21:40.900+0000] {logging_mixin.py:190} INFO - [2024-10-11T15:21:40.900+0000] {dag.py:3239} INFO - Sync 1 DAGs
[2024-10-11T15:21:40.953+0000] {processor.py:208} INFO - Processing /opt/airflow/dags/dag1.1.py took 0.249 seconds
[2024-10-11T15:22:17.064+0000] {processor.py:186} INFO - Started process (PID=308) to work on /opt/airflow/dags/dag1.1.py
[2024-10-11T15:22:17.070+0000] {processor.py:914} INFO - Processing file /opt/airflow/dags/dag1.1.py for tasks to queue
[2024-10-11T15:22:17.089+0000] {logging_mixin.py:190} INFO - [2024-10-11T15:22:17.087+0000] {dagbag.py:588} INFO - Filling up the DagBag from /opt/airflow/dags/dag1.1.py
[2024-10-11T15:22:17.202+0000] {processor.py:925} INFO - DAG(s) 'dag1.1' retrieved from /opt/airflow/dags/dag1.1.py
[2024-10-11T15:22:17.473+0000] {logging_mixin.py:190} INFO - [2024-10-11T15:22:17.472+0000] {dag.py:3239} INFO - Sync 1 DAGs
[2024-10-11T15:22:17.562+0000] {processor.py:208} INFO - Processing /opt/airflow/dags/dag1.1.py took 0.549 seconds
[2024-10-11T15:22:47.878+0000] {processor.py:186} INFO - Started process (PID=316) to work on /opt/airflow/dags/dag1.1.py
[2024-10-11T15:22:47.879+0000] {processor.py:914} INFO - Processing file /opt/airflow/dags/dag1.1.py for tasks to queue
[2024-10-11T15:22:47.882+0000] {logging_mixin.py:190} INFO - [2024-10-11T15:22:47.882+0000] {dagbag.py:588} INFO - Filling up the DagBag from /opt/airflow/dags/dag1.1.py
[2024-10-11T15:22:47.905+0000] {processor.py:925} INFO - DAG(s) 'dag1.1' retrieved from /opt/airflow/dags/dag1.1.py
[2024-10-11T15:22:47.959+0000] {logging_mixin.py:190} INFO - [2024-10-11T15:22:47.958+0000] {dag.py:3239} INFO - Sync 1 DAGs
[2024-10-11T15:22:48.033+0000] {processor.py:208} INFO - Processing /opt/airflow/dags/dag1.1.py took 0.163 seconds
[2024-10-11T15:29:38.739+0000] {processor.py:186} INFO - Started process (PID=324) to work on /opt/airflow/dags/dag1.1.py
[2024-10-11T15:29:38.798+0000] {processor.py:914} INFO - Processing file /opt/airflow/dags/dag1.1.py for tasks to queue
[2024-10-11T15:29:38.883+0000] {logging_mixin.py:190} INFO - [2024-10-11T15:29:38.879+0000] {dagbag.py:588} INFO - Filling up the DagBag from /opt/airflow/dags/dag1.1.py
[2024-10-11T15:29:39.150+0000] {processor.py:925} INFO - DAG(s) 'dag1.1' retrieved from /opt/airflow/dags/dag1.1.py
[2024-10-11T15:29:39.389+0000] {logging_mixin.py:190} INFO - [2024-10-11T15:29:39.389+0000] {dag.py:3239} INFO - Sync 1 DAGs
[2024-10-11T15:29:40.378+0000] {processor.py:208} INFO - Processing /opt/airflow/dags/dag1.1.py took 1.738 seconds
[2024-10-11T15:30:10.749+0000] {processor.py:186} INFO - Started process (PID=332) to work on /opt/airflow/dags/dag1.1.py
[2024-10-11T15:30:10.752+0000] {processor.py:914} INFO - Processing file /opt/airflow/dags/dag1.1.py for tasks to queue
[2024-10-11T15:30:10.754+0000] {logging_mixin.py:190} INFO - [2024-10-11T15:30:10.754+0000] {dagbag.py:588} INFO - Filling up the DagBag from /opt/airflow/dags/dag1.1.py
[2024-10-11T15:30:10.800+0000] {processor.py:925} INFO - DAG(s) 'dag1.1' retrieved from /opt/airflow/dags/dag1.1.py
[2024-10-11T15:30:10.853+0000] {logging_mixin.py:190} INFO - [2024-10-11T15:30:10.851+0000] {dag.py:3239} INFO - Sync 1 DAGs
[2024-10-11T15:30:11.114+0000] {processor.py:208} INFO - Processing /opt/airflow/dags/dag1.1.py took 0.372 seconds
[2024-10-11T15:30:41.456+0000] {processor.py:186} INFO - Started process (PID=341) to work on /opt/airflow/dags/dag1.1.py
[2024-10-11T15:30:41.457+0000] {processor.py:914} INFO - Processing file /opt/airflow/dags/dag1.1.py for tasks to queue
[2024-10-11T15:30:41.459+0000] {logging_mixin.py:190} INFO - [2024-10-11T15:30:41.459+0000] {dagbag.py:588} INFO - Filling up the DagBag from /opt/airflow/dags/dag1.1.py
[2024-10-11T15:30:41.480+0000] {processor.py:925} INFO - DAG(s) 'dag1.1' retrieved from /opt/airflow/dags/dag1.1.py
[2024-10-11T15:30:41.518+0000] {logging_mixin.py:190} INFO - [2024-10-11T15:30:41.518+0000] {dag.py:3239} INFO - Sync 1 DAGs
[2024-10-11T15:30:41.729+0000] {processor.py:208} INFO - Processing /opt/airflow/dags/dag1.1.py took 0.279 seconds
[2024-10-11T15:31:12.022+0000] {processor.py:186} INFO - Started process (PID=349) to work on /opt/airflow/dags/dag1.1.py
[2024-10-11T15:31:12.023+0000] {processor.py:914} INFO - Processing file /opt/airflow/dags/dag1.1.py for tasks to queue
[2024-10-11T15:31:12.026+0000] {logging_mixin.py:190} INFO - [2024-10-11T15:31:12.026+0000] {dagbag.py:588} INFO - Filling up the DagBag from /opt/airflow/dags/dag1.1.py
[2024-10-11T15:31:12.058+0000] {processor.py:925} INFO - DAG(s) 'dag1.1' retrieved from /opt/airflow/dags/dag1.1.py
[2024-10-11T15:31:12.100+0000] {logging_mixin.py:190} INFO - [2024-10-11T15:31:12.100+0000] {dag.py:3239} INFO - Sync 1 DAGs
[2024-10-11T15:31:12.149+0000] {processor.py:208} INFO - Processing /opt/airflow/dags/dag1.1.py took 0.133 seconds
[2024-10-11T15:31:42.308+0000] {processor.py:186} INFO - Started process (PID=357) to work on /opt/airflow/dags/dag1.1.py
[2024-10-11T15:31:42.309+0000] {processor.py:914} INFO - Processing file /opt/airflow/dags/dag1.1.py for tasks to queue
[2024-10-11T15:31:42.312+0000] {logging_mixin.py:190} INFO - [2024-10-11T15:31:42.312+0000] {dagbag.py:588} INFO - Filling up the DagBag from /opt/airflow/dags/dag1.1.py
[2024-10-11T15:31:42.340+0000] {processor.py:925} INFO - DAG(s) 'dag1.1' retrieved from /opt/airflow/dags/dag1.1.py
[2024-10-11T15:31:42.386+0000] {logging_mixin.py:190} INFO - [2024-10-11T15:31:42.386+0000] {dag.py:3239} INFO - Sync 1 DAGs
[2024-10-11T15:31:42.436+0000] {processor.py:208} INFO - Processing /opt/airflow/dags/dag1.1.py took 0.134 seconds
[2024-10-11T15:32:12.706+0000] {processor.py:186} INFO - Started process (PID=365) to work on /opt/airflow/dags/dag1.1.py
[2024-10-11T15:32:12.707+0000] {processor.py:914} INFO - Processing file /opt/airflow/dags/dag1.1.py for tasks to queue
[2024-10-11T15:32:12.710+0000] {logging_mixin.py:190} INFO - [2024-10-11T15:32:12.710+0000] {dagbag.py:588} INFO - Filling up the DagBag from /opt/airflow/dags/dag1.1.py
[2024-10-11T15:32:12.743+0000] {processor.py:925} INFO - DAG(s) 'dag1.1' retrieved from /opt/airflow/dags/dag1.1.py
[2024-10-11T15:32:12.809+0000] {logging_mixin.py:190} INFO - [2024-10-11T15:32:12.808+0000] {dag.py:3239} INFO - Sync 1 DAGs
[2024-10-11T15:32:12.876+0000] {processor.py:208} INFO - Processing /opt/airflow/dags/dag1.1.py took 0.177 seconds
[2024-10-11T15:32:43.067+0000] {processor.py:186} INFO - Started process (PID=373) to work on /opt/airflow/dags/dag1.1.py
[2024-10-11T15:32:43.068+0000] {processor.py:914} INFO - Processing file /opt/airflow/dags/dag1.1.py for tasks to queue
[2024-10-11T15:32:43.071+0000] {logging_mixin.py:190} INFO - [2024-10-11T15:32:43.070+0000] {dagbag.py:588} INFO - Filling up the DagBag from /opt/airflow/dags/dag1.1.py
[2024-10-11T15:32:43.101+0000] {processor.py:925} INFO - DAG(s) 'dag1.1' retrieved from /opt/airflow/dags/dag1.1.py
[2024-10-11T15:32:43.149+0000] {logging_mixin.py:190} INFO - [2024-10-11T15:32:43.149+0000] {dag.py:3239} INFO - Sync 1 DAGs
[2024-10-11T15:32:43.570+0000] {processor.py:208} INFO - Processing /opt/airflow/dags/dag1.1.py took 0.509 seconds
[2024-10-11T15:33:14.276+0000] {processor.py:186} INFO - Started process (PID=381) to work on /opt/airflow/dags/dag1.1.py
[2024-10-11T15:33:14.278+0000] {processor.py:914} INFO - Processing file /opt/airflow/dags/dag1.1.py for tasks to queue
[2024-10-11T15:33:14.283+0000] {logging_mixin.py:190} INFO - [2024-10-11T15:33:14.281+0000] {dagbag.py:588} INFO - Filling up the DagBag from /opt/airflow/dags/dag1.1.py
[2024-10-11T15:33:14.342+0000] {processor.py:925} INFO - DAG(s) 'dag1.1' retrieved from /opt/airflow/dags/dag1.1.py
[2024-10-11T15:33:14.431+0000] {logging_mixin.py:190} INFO - [2024-10-11T15:33:14.430+0000] {dag.py:3239} INFO - Sync 1 DAGs
[2024-10-11T15:33:15.497+0000] {processor.py:208} INFO - Processing /opt/airflow/dags/dag1.1.py took 1.226 seconds
[2024-10-11T15:33:56.257+0000] {processor.py:186} INFO - Started process (PID=390) to work on /opt/airflow/dags/dag1.1.py
[2024-10-11T15:33:56.258+0000] {processor.py:914} INFO - Processing file /opt/airflow/dags/dag1.1.py for tasks to queue
[2024-10-11T15:33:56.261+0000] {logging_mixin.py:190} INFO - [2024-10-11T15:33:56.261+0000] {dagbag.py:588} INFO - Filling up the DagBag from /opt/airflow/dags/dag1.1.py
[2024-10-11T15:33:56.361+0000] {processor.py:925} INFO - DAG(s) 'dag1.1' retrieved from /opt/airflow/dags/dag1.1.py
[2024-10-11T15:33:57.251+0000] {logging_mixin.py:190} INFO - [2024-10-11T15:33:57.249+0000] {dag.py:3239} INFO - Sync 1 DAGs
[2024-10-11T15:33:57.329+0000] {processor.py:208} INFO - Processing /opt/airflow/dags/dag1.1.py took 8.930 seconds
[2024-10-11T15:34:27.711+0000] {processor.py:186} INFO - Started process (PID=405) to work on /opt/airflow/dags/dag1.1.py
[2024-10-11T15:34:27.712+0000] {processor.py:914} INFO - Processing file /opt/airflow/dags/dag1.1.py for tasks to queue
[2024-10-11T15:34:27.723+0000] {logging_mixin.py:190} INFO - [2024-10-11T15:34:27.722+0000] {dagbag.py:588} INFO - Filling up the DagBag from /opt/airflow/dags/dag1.1.py
[2024-10-11T15:34:27.885+0000] {processor.py:925} INFO - DAG(s) 'dag1.1' retrieved from /opt/airflow/dags/dag1.1.py
[2024-10-11T15:34:27.932+0000] {logging_mixin.py:190} INFO - [2024-10-11T15:34:27.932+0000] {dag.py:3239} INFO - Sync 1 DAGs
[2024-10-11T15:34:27.990+0000] {processor.py:208} INFO - Processing /opt/airflow/dags/dag1.1.py took 0.297 seconds
[2024-10-11T15:34:58.347+0000] {processor.py:186} INFO - Started process (PID=413) to work on /opt/airflow/dags/dag1.1.py
[2024-10-11T15:34:58.348+0000] {processor.py:914} INFO - Processing file /opt/airflow/dags/dag1.1.py for tasks to queue
[2024-10-11T15:34:58.350+0000] {logging_mixin.py:190} INFO - [2024-10-11T15:34:58.350+0000] {dagbag.py:588} INFO - Filling up the DagBag from /opt/airflow/dags/dag1.1.py
[2024-10-11T15:34:58.372+0000] {processor.py:925} INFO - DAG(s) 'dag1.1' retrieved from /opt/airflow/dags/dag1.1.py
[2024-10-11T15:34:58.404+0000] {logging_mixin.py:190} INFO - [2024-10-11T15:34:58.403+0000] {dag.py:3239} INFO - Sync 1 DAGs
[2024-10-11T15:34:58.479+0000] {processor.py:208} INFO - Processing /opt/airflow/dags/dag1.1.py took 0.137 seconds
[2024-10-11T15:35:29.026+0000] {processor.py:186} INFO - Started process (PID=415) to work on /opt/airflow/dags/dag1.1.py
[2024-10-11T15:35:29.272+0000] {processor.py:914} INFO - Processing file /opt/airflow/dags/dag1.1.py for tasks to queue
[2024-10-11T15:35:29.368+0000] {logging_mixin.py:190} INFO - [2024-10-11T15:35:29.340+0000] {dagbag.py:588} INFO - Filling up the DagBag from /opt/airflow/dags/dag1.1.py
[2024-10-11T15:35:30.503+0000] {processor.py:925} INFO - DAG(s) 'dag1.1' retrieved from /opt/airflow/dags/dag1.1.py
[2024-10-11T15:35:42.849+0000] {logging_mixin.py:190} INFO - [2024-10-11T15:35:42.848+0000] {dag.py:3239} INFO - Sync 1 DAGs
[2024-10-11T15:35:43.162+0000] {processor.py:208} INFO - Processing /opt/airflow/dags/dag1.1.py took 14.329 seconds
[2024-10-11T15:36:14.121+0000] {processor.py:186} INFO - Started process (PID=423) to work on /opt/airflow/dags/dag1.1.py
[2024-10-11T15:36:14.122+0000] {processor.py:914} INFO - Processing file /opt/airflow/dags/dag1.1.py for tasks to queue
[2024-10-11T15:36:14.126+0000] {logging_mixin.py:190} INFO - [2024-10-11T15:36:14.124+0000] {dagbag.py:588} INFO - Filling up the DagBag from /opt/airflow/dags/dag1.1.py
[2024-10-11T15:36:14.259+0000] {processor.py:925} INFO - DAG(s) 'dag1.1' retrieved from /opt/airflow/dags/dag1.1.py
[2024-10-11T15:36:14.328+0000] {logging_mixin.py:190} INFO - [2024-10-11T15:36:14.328+0000] {dag.py:3239} INFO - Sync 1 DAGs
[2024-10-11T15:36:16.293+0000] {processor.py:208} INFO - Processing /opt/airflow/dags/dag1.1.py took 2.208 seconds
[2024-10-11T15:36:46.426+0000] {processor.py:186} INFO - Started process (PID=439) to work on /opt/airflow/dags/dag1.1.py
[2024-10-11T15:36:46.427+0000] {processor.py:914} INFO - Processing file /opt/airflow/dags/dag1.1.py for tasks to queue
[2024-10-11T15:36:46.429+0000] {logging_mixin.py:190} INFO - [2024-10-11T15:36:46.429+0000] {dagbag.py:588} INFO - Filling up the DagBag from /opt/airflow/dags/dag1.1.py
[2024-10-11T15:36:46.451+0000] {processor.py:925} INFO - DAG(s) 'dag1.1' retrieved from /opt/airflow/dags/dag1.1.py
[2024-10-11T15:36:46.493+0000] {logging_mixin.py:190} INFO - [2024-10-11T15:36:46.492+0000] {dag.py:3239} INFO - Sync 1 DAGs
[2024-10-11T15:36:46.729+0000] {processor.py:208} INFO - Processing /opt/airflow/dags/dag1.1.py took 0.308 seconds
[2024-10-11T15:37:26.184+0000] {processor.py:186} INFO - Started process (PID=441) to work on /opt/airflow/dags/dag1.1.py
[2024-10-11T15:37:26.194+0000] {processor.py:914} INFO - Processing file /opt/airflow/dags/dag1.1.py for tasks to queue
[2024-10-11T15:37:26.250+0000] {logging_mixin.py:190} INFO - [2024-10-11T15:37:26.247+0000] {dagbag.py:588} INFO - Filling up the DagBag from /opt/airflow/dags/dag1.1.py
[2024-10-11T15:37:26.625+0000] {processor.py:925} INFO - DAG(s) 'dag1.1' retrieved from /opt/airflow/dags/dag1.1.py
[2024-10-11T15:37:28.643+0000] {logging_mixin.py:190} INFO - [2024-10-11T15:37:28.643+0000] {dag.py:3239} INFO - Sync 1 DAGs
[2024-10-11T15:37:28.711+0000] {processor.py:208} INFO - Processing /opt/airflow/dags/dag1.1.py took 2.583 seconds
[2024-10-11T15:37:59.112+0000] {processor.py:186} INFO - Started process (PID=455) to work on /opt/airflow/dags/dag1.1.py
[2024-10-11T15:37:59.113+0000] {processor.py:914} INFO - Processing file /opt/airflow/dags/dag1.1.py for tasks to queue
[2024-10-11T15:37:59.118+0000] {logging_mixin.py:190} INFO - [2024-10-11T15:37:59.117+0000] {dagbag.py:588} INFO - Filling up the DagBag from /opt/airflow/dags/dag1.1.py
[2024-10-11T15:37:59.164+0000] {processor.py:925} INFO - DAG(s) 'dag1.1' retrieved from /opt/airflow/dags/dag1.1.py
[2024-10-11T15:37:59.201+0000] {logging_mixin.py:190} INFO - [2024-10-11T15:37:59.201+0000] {dag.py:3239} INFO - Sync 1 DAGs
[2024-10-11T15:37:59.268+0000] {processor.py:208} INFO - Processing /opt/airflow/dags/dag1.1.py took 0.162 seconds
[2024-10-11T15:38:29.383+0000] {processor.py:186} INFO - Started process (PID=462) to work on /opt/airflow/dags/dag1.1.py
[2024-10-11T15:38:29.385+0000] {processor.py:914} INFO - Processing file /opt/airflow/dags/dag1.1.py for tasks to queue
[2024-10-11T15:38:29.387+0000] {logging_mixin.py:190} INFO - [2024-10-11T15:38:29.387+0000] {dagbag.py:588} INFO - Filling up the DagBag from /opt/airflow/dags/dag1.1.py
[2024-10-11T15:38:29.410+0000] {processor.py:925} INFO - DAG(s) 'dag1.1' retrieved from /opt/airflow/dags/dag1.1.py
[2024-10-11T15:38:29.445+0000] {logging_mixin.py:190} INFO - [2024-10-11T15:38:29.445+0000] {dag.py:3239} INFO - Sync 1 DAGs
[2024-10-11T15:38:29.501+0000] {processor.py:208} INFO - Processing /opt/airflow/dags/dag1.1.py took 0.123 seconds
[2024-10-11T15:38:59.661+0000] {processor.py:186} INFO - Started process (PID=470) to work on /opt/airflow/dags/dag1.1.py
[2024-10-11T15:38:59.662+0000] {processor.py:914} INFO - Processing file /opt/airflow/dags/dag1.1.py for tasks to queue
[2024-10-11T15:38:59.667+0000] {logging_mixin.py:190} INFO - [2024-10-11T15:38:59.666+0000] {dagbag.py:588} INFO - Filling up the DagBag from /opt/airflow/dags/dag1.1.py
[2024-10-11T15:38:59.688+0000] {processor.py:925} INFO - DAG(s) 'dag1.1' retrieved from /opt/airflow/dags/dag1.1.py
[2024-10-11T15:38:59.719+0000] {logging_mixin.py:190} INFO - [2024-10-11T15:38:59.718+0000] {dag.py:3239} INFO - Sync 1 DAGs
[2024-10-11T15:38:59.774+0000] {processor.py:208} INFO - Processing /opt/airflow/dags/dag1.1.py took 0.121 seconds
[2024-10-11T15:39:30.109+0000] {processor.py:186} INFO - Started process (PID=478) to work on /opt/airflow/dags/dag1.1.py
[2024-10-11T15:39:30.113+0000] {processor.py:914} INFO - Processing file /opt/airflow/dags/dag1.1.py for tasks to queue
[2024-10-11T15:39:30.118+0000] {logging_mixin.py:190} INFO - [2024-10-11T15:39:30.117+0000] {dagbag.py:588} INFO - Filling up the DagBag from /opt/airflow/dags/dag1.1.py
[2024-10-11T15:39:30.151+0000] {processor.py:925} INFO - DAG(s) 'dag1.1' retrieved from /opt/airflow/dags/dag1.1.py
[2024-10-11T15:39:30.202+0000] {logging_mixin.py:190} INFO - [2024-10-11T15:39:30.202+0000] {dag.py:3239} INFO - Sync 1 DAGs
[2024-10-11T15:39:30.555+0000] {processor.py:208} INFO - Processing /opt/airflow/dags/dag1.1.py took 0.456 seconds
[2024-10-11T15:40:00.860+0000] {processor.py:186} INFO - Started process (PID=486) to work on /opt/airflow/dags/dag1.1.py
[2024-10-11T15:40:00.861+0000] {processor.py:914} INFO - Processing file /opt/airflow/dags/dag1.1.py for tasks to queue
[2024-10-11T15:40:00.864+0000] {logging_mixin.py:190} INFO - [2024-10-11T15:40:00.863+0000] {dagbag.py:588} INFO - Filling up the DagBag from /opt/airflow/dags/dag1.1.py
[2024-10-11T15:40:00.887+0000] {processor.py:925} INFO - DAG(s) 'dag1.1' retrieved from /opt/airflow/dags/dag1.1.py
[2024-10-11T15:40:00.922+0000] {logging_mixin.py:190} INFO - [2024-10-11T15:40:00.922+0000] {dag.py:3239} INFO - Sync 1 DAGs
[2024-10-11T15:40:01.145+0000] {processor.py:208} INFO - Processing /opt/airflow/dags/dag1.1.py took 0.291 seconds
[2024-10-11T15:40:31.567+0000] {processor.py:186} INFO - Started process (PID=494) to work on /opt/airflow/dags/dag1.1.py
[2024-10-11T15:40:31.568+0000] {processor.py:914} INFO - Processing file /opt/airflow/dags/dag1.1.py for tasks to queue
[2024-10-11T15:40:31.571+0000] {logging_mixin.py:190} INFO - [2024-10-11T15:40:31.571+0000] {dagbag.py:588} INFO - Filling up the DagBag from /opt/airflow/dags/dag1.1.py
[2024-10-11T15:40:31.592+0000] {processor.py:925} INFO - DAG(s) 'dag1.1' retrieved from /opt/airflow/dags/dag1.1.py
[2024-10-11T15:40:31.620+0000] {logging_mixin.py:190} INFO - [2024-10-11T15:40:31.620+0000] {dag.py:3239} INFO - Sync 1 DAGs
[2024-10-11T15:40:31.673+0000] {processor.py:208} INFO - Processing /opt/airflow/dags/dag1.1.py took 0.110 seconds
[2024-10-11T15:41:02.010+0000] {processor.py:186} INFO - Started process (PID=502) to work on /opt/airflow/dags/dag1.1.py
[2024-10-11T15:41:02.011+0000] {processor.py:914} INFO - Processing file /opt/airflow/dags/dag1.1.py for tasks to queue
[2024-10-11T15:41:02.014+0000] {logging_mixin.py:190} INFO - [2024-10-11T15:41:02.013+0000] {dagbag.py:588} INFO - Filling up the DagBag from /opt/airflow/dags/dag1.1.py
[2024-10-11T15:41:02.037+0000] {processor.py:925} INFO - DAG(s) 'dag1.1' retrieved from /opt/airflow/dags/dag1.1.py
[2024-10-11T15:41:02.064+0000] {logging_mixin.py:190} INFO - [2024-10-11T15:41:02.064+0000] {dag.py:3239} INFO - Sync 1 DAGs
[2024-10-11T15:41:02.113+0000] {processor.py:208} INFO - Processing /opt/airflow/dags/dag1.1.py took 0.108 seconds
[2024-10-11T15:41:32.302+0000] {processor.py:186} INFO - Started process (PID=510) to work on /opt/airflow/dags/dag1.1.py
[2024-10-11T15:41:32.304+0000] {processor.py:914} INFO - Processing file /opt/airflow/dags/dag1.1.py for tasks to queue
[2024-10-11T15:41:32.308+0000] {logging_mixin.py:190} INFO - [2024-10-11T15:41:32.307+0000] {dagbag.py:588} INFO - Filling up the DagBag from /opt/airflow/dags/dag1.1.py
[2024-10-11T15:41:32.333+0000] {processor.py:925} INFO - DAG(s) 'dag1.1' retrieved from /opt/airflow/dags/dag1.1.py
[2024-10-11T15:41:32.362+0000] {logging_mixin.py:190} INFO - [2024-10-11T15:41:32.362+0000] {dag.py:3239} INFO - Sync 1 DAGs
[2024-10-11T15:41:32.415+0000] {processor.py:208} INFO - Processing /opt/airflow/dags/dag1.1.py took 0.125 seconds
[2024-10-11T15:42:02.726+0000] {processor.py:186} INFO - Started process (PID=518) to work on /opt/airflow/dags/dag1.1.py
[2024-10-11T15:42:02.728+0000] {processor.py:914} INFO - Processing file /opt/airflow/dags/dag1.1.py for tasks to queue
[2024-10-11T15:42:02.730+0000] {logging_mixin.py:190} INFO - [2024-10-11T15:42:02.730+0000] {dagbag.py:588} INFO - Filling up the DagBag from /opt/airflow/dags/dag1.1.py
[2024-10-11T15:42:02.753+0000] {processor.py:925} INFO - DAG(s) 'dag1.1' retrieved from /opt/airflow/dags/dag1.1.py
[2024-10-11T15:42:02.782+0000] {logging_mixin.py:190} INFO - [2024-10-11T15:42:02.781+0000] {dag.py:3239} INFO - Sync 1 DAGs
[2024-10-11T15:42:03.784+0000] {processor.py:208} INFO - Processing /opt/airflow/dags/dag1.1.py took 1.063 seconds
[2024-10-11T15:42:34.077+0000] {processor.py:186} INFO - Started process (PID=526) to work on /opt/airflow/dags/dag1.1.py
[2024-10-11T15:42:34.078+0000] {processor.py:914} INFO - Processing file /opt/airflow/dags/dag1.1.py for tasks to queue
[2024-10-11T15:42:34.080+0000] {logging_mixin.py:190} INFO - [2024-10-11T15:42:34.080+0000] {dagbag.py:588} INFO - Filling up the DagBag from /opt/airflow/dags/dag1.1.py
[2024-10-11T15:42:34.103+0000] {processor.py:925} INFO - DAG(s) 'dag1.1' retrieved from /opt/airflow/dags/dag1.1.py
[2024-10-11T15:42:34.134+0000] {logging_mixin.py:190} INFO - [2024-10-11T15:42:34.133+0000] {dag.py:3239} INFO - Sync 1 DAGs
[2024-10-11T15:42:34.346+0000] {processor.py:208} INFO - Processing /opt/airflow/dags/dag1.1.py took 0.275 seconds
[2024-10-11T15:43:04.625+0000] {processor.py:186} INFO - Started process (PID=534) to work on /opt/airflow/dags/dag1.1.py
[2024-10-11T15:43:04.626+0000] {processor.py:914} INFO - Processing file /opt/airflow/dags/dag1.1.py for tasks to queue
[2024-10-11T15:43:04.629+0000] {logging_mixin.py:190} INFO - [2024-10-11T15:43:04.628+0000] {dagbag.py:588} INFO - Filling up the DagBag from /opt/airflow/dags/dag1.1.py
[2024-10-11T15:43:04.649+0000] {processor.py:925} INFO - DAG(s) 'dag1.1' retrieved from /opt/airflow/dags/dag1.1.py
[2024-10-11T15:43:04.836+0000] {logging_mixin.py:190} INFO - [2024-10-11T15:43:04.836+0000] {dag.py:3239} INFO - Sync 1 DAGs
[2024-10-11T15:43:04.881+0000] {processor.py:208} INFO - Processing /opt/airflow/dags/dag1.1.py took 0.261 seconds
[2024-10-11T15:43:35.419+0000] {processor.py:186} INFO - Started process (PID=542) to work on /opt/airflow/dags/dag1.1.py
[2024-10-11T15:43:35.420+0000] {processor.py:914} INFO - Processing file /opt/airflow/dags/dag1.1.py for tasks to queue
[2024-10-11T15:43:35.424+0000] {logging_mixin.py:190} INFO - [2024-10-11T15:43:35.423+0000] {dagbag.py:588} INFO - Filling up the DagBag from /opt/airflow/dags/dag1.1.py
[2024-10-11T15:43:35.450+0000] {processor.py:925} INFO - DAG(s) 'dag1.1' retrieved from /opt/airflow/dags/dag1.1.py
[2024-10-11T15:43:35.484+0000] {logging_mixin.py:190} INFO - [2024-10-11T15:43:35.484+0000] {dag.py:3239} INFO - Sync 1 DAGs
[2024-10-11T15:43:35.547+0000] {processor.py:208} INFO - Processing /opt/airflow/dags/dag1.1.py took 0.135 seconds
[2024-10-11T15:44:06.015+0000] {processor.py:186} INFO - Started process (PID=549) to work on /opt/airflow/dags/dag1.1.py
[2024-10-11T15:44:06.016+0000] {processor.py:914} INFO - Processing file /opt/airflow/dags/dag1.1.py for tasks to queue
[2024-10-11T15:44:06.020+0000] {logging_mixin.py:190} INFO - [2024-10-11T15:44:06.020+0000] {dagbag.py:588} INFO - Filling up the DagBag from /opt/airflow/dags/dag1.1.py
[2024-10-11T15:44:06.043+0000] {processor.py:925} INFO - DAG(s) 'dag1.1' retrieved from /opt/airflow/dags/dag1.1.py
[2024-10-11T15:44:06.073+0000] {logging_mixin.py:190} INFO - [2024-10-11T15:44:06.072+0000] {dag.py:3239} INFO - Sync 1 DAGs
[2024-10-11T15:44:06.118+0000] {processor.py:208} INFO - Processing /opt/airflow/dags/dag1.1.py took 0.110 seconds
[2024-10-11T15:44:36.723+0000] {processor.py:186} INFO - Started process (PID=557) to work on /opt/airflow/dags/dag1.1.py
[2024-10-11T15:44:36.732+0000] {processor.py:914} INFO - Processing file /opt/airflow/dags/dag1.1.py for tasks to queue
[2024-10-11T15:44:36.737+0000] {logging_mixin.py:190} INFO - [2024-10-11T15:44:36.737+0000] {dagbag.py:588} INFO - Filling up the DagBag from /opt/airflow/dags/dag1.1.py
[2024-10-11T15:44:36.956+0000] {processor.py:925} INFO - DAG(s) 'dag1.1' retrieved from /opt/airflow/dags/dag1.1.py
[2024-10-11T15:44:37.057+0000] {logging_mixin.py:190} INFO - [2024-10-11T15:44:37.056+0000] {dag.py:3239} INFO - Sync 1 DAGs
[2024-10-11T15:44:39.295+0000] {processor.py:208} INFO - Processing /opt/airflow/dags/dag1.1.py took 2.580 seconds
[2024-10-11T15:45:09.602+0000] {processor.py:186} INFO - Started process (PID=565) to work on /opt/airflow/dags/dag1.1.py
[2024-10-11T15:45:09.603+0000] {processor.py:914} INFO - Processing file /opt/airflow/dags/dag1.1.py for tasks to queue
[2024-10-11T15:45:09.607+0000] {logging_mixin.py:190} INFO - [2024-10-11T15:45:09.606+0000] {dagbag.py:588} INFO - Filling up the DagBag from /opt/airflow/dags/dag1.1.py
[2024-10-11T15:45:09.644+0000] {processor.py:925} INFO - DAG(s) 'dag1.1' retrieved from /opt/airflow/dags/dag1.1.py
[2024-10-11T15:45:09.683+0000] {logging_mixin.py:190} INFO - [2024-10-11T15:45:09.683+0000] {dag.py:3239} INFO - Sync 1 DAGs
[2024-10-11T15:45:09.951+0000] {processor.py:208} INFO - Processing /opt/airflow/dags/dag1.1.py took 0.358 seconds
[2024-10-11T15:45:40.267+0000] {processor.py:186} INFO - Started process (PID=573) to work on /opt/airflow/dags/dag1.1.py
[2024-10-11T15:45:40.268+0000] {processor.py:914} INFO - Processing file /opt/airflow/dags/dag1.1.py for tasks to queue
[2024-10-11T15:45:40.271+0000] {logging_mixin.py:190} INFO - [2024-10-11T15:45:40.270+0000] {dagbag.py:588} INFO - Filling up the DagBag from /opt/airflow/dags/dag1.1.py
[2024-10-11T15:45:40.292+0000] {processor.py:925} INFO - DAG(s) 'dag1.1' retrieved from /opt/airflow/dags/dag1.1.py
[2024-10-11T15:45:40.320+0000] {logging_mixin.py:190} INFO - [2024-10-11T15:45:40.320+0000] {dag.py:3239} INFO - Sync 1 DAGs
[2024-10-11T15:45:40.573+0000] {processor.py:208} INFO - Processing /opt/airflow/dags/dag1.1.py took 0.312 seconds
[2024-10-11T15:49:40.526+0000] {processor.py:186} INFO - Started process (PID=59) to work on /opt/airflow/dags/dag1.1.py
[2024-10-11T15:49:40.528+0000] {processor.py:914} INFO - Processing file /opt/airflow/dags/dag1.1.py for tasks to queue
[2024-10-11T15:49:40.536+0000] {logging_mixin.py:190} INFO - [2024-10-11T15:49:40.535+0000] {dagbag.py:588} INFO - Filling up the DagBag from /opt/airflow/dags/dag1.1.py
[2024-10-11T15:49:40.598+0000] {processor.py:925} INFO - DAG(s) 'dag1.1' retrieved from /opt/airflow/dags/dag1.1.py
[2024-10-11T15:49:42.367+0000] {logging_mixin.py:190} INFO - [2024-10-11T15:49:42.361+0000] {override.py:1900} INFO - Created Permission View: can delete on DAG:dag1.1
[2024-10-11T15:49:42.460+0000] {logging_mixin.py:190} INFO - [2024-10-11T15:49:42.460+0000] {override.py:1900} INFO - Created Permission View: can read on DAG:dag1.1
[2024-10-11T15:49:42.579+0000] {logging_mixin.py:190} INFO - [2024-10-11T15:49:42.578+0000] {override.py:1900} INFO - Created Permission View: can edit on DAG:dag1.1
[2024-10-11T15:49:42.701+0000] {logging_mixin.py:190} INFO - [2024-10-11T15:49:42.700+0000] {override.py:1900} INFO - Created Permission View: can create on DAG Run:dag1.1
[2024-10-11T15:49:42.748+0000] {logging_mixin.py:190} INFO - [2024-10-11T15:49:42.747+0000] {override.py:1900} INFO - Created Permission View: can delete on DAG Run:dag1.1
[2024-10-11T15:49:42.785+0000] {logging_mixin.py:190} INFO - [2024-10-11T15:49:42.785+0000] {override.py:1900} INFO - Created Permission View: can read on DAG Run:dag1.1
[2024-10-11T15:49:42.826+0000] {logging_mixin.py:190} INFO - [2024-10-11T15:49:42.826+0000] {override.py:1900} INFO - Created Permission View: menu access on DAG Run:dag1.1
[2024-10-11T15:49:42.829+0000] {logging_mixin.py:190} INFO - [2024-10-11T15:49:42.828+0000] {dag.py:3239} INFO - Sync 1 DAGs
[2024-10-11T15:49:42.925+0000] {logging_mixin.py:190} INFO - [2024-10-11T15:49:42.925+0000] {dag.py:3262} INFO - Creating ORM DAG for dag1.1
[2024-10-11T15:49:43.112+0000] {logging_mixin.py:190} INFO - [2024-10-11T15:49:43.109+0000] {dag.py:4180} INFO - Setting next_dagrun for dag1.1 to 2024-10-11 00:00:00+00:00, run_after=2024-10-11 00:01:00+00:00
[2024-10-11T15:49:43.271+0000] {processor.py:208} INFO - Processing /opt/airflow/dags/dag1.1.py took 2.769 seconds
[2024-10-11T15:50:13.740+0000] {processor.py:186} INFO - Started process (PID=68) to work on /opt/airflow/dags/dag1.1.py
[2024-10-11T15:50:13.743+0000] {processor.py:914} INFO - Processing file /opt/airflow/dags/dag1.1.py for tasks to queue
[2024-10-11T15:50:13.763+0000] {logging_mixin.py:190} INFO - [2024-10-11T15:50:13.761+0000] {dagbag.py:588} INFO - Filling up the DagBag from /opt/airflow/dags/dag1.1.py
[2024-10-11T15:50:13.885+0000] {processor.py:925} INFO - DAG(s) 'dag1.1' retrieved from /opt/airflow/dags/dag1.1.py
[2024-10-11T15:50:14.064+0000] {logging_mixin.py:190} INFO - [2024-10-11T15:50:14.063+0000] {dag.py:3239} INFO - Sync 1 DAGs
[2024-10-11T15:50:14.223+0000] {logging_mixin.py:190} INFO - [2024-10-11T15:50:14.223+0000] {dag.py:4180} INFO - Setting next_dagrun for dag1.1 to 2024-10-11 00:00:00+00:00, run_after=2024-10-11 00:01:00+00:00
[2024-10-11T15:50:14.304+0000] {processor.py:208} INFO - Processing /opt/airflow/dags/dag1.1.py took 0.580 seconds
[2024-10-11T15:50:44.667+0000] {processor.py:186} INFO - Started process (PID=76) to work on /opt/airflow/dags/dag1.1.py
[2024-10-11T15:50:44.670+0000] {processor.py:914} INFO - Processing file /opt/airflow/dags/dag1.1.py for tasks to queue
[2024-10-11T15:50:44.674+0000] {logging_mixin.py:190} INFO - [2024-10-11T15:50:44.673+0000] {dagbag.py:588} INFO - Filling up the DagBag from /opt/airflow/dags/dag1.1.py
[2024-10-11T15:50:44.784+0000] {processor.py:925} INFO - DAG(s) 'dag1.1' retrieved from /opt/airflow/dags/dag1.1.py
[2024-10-11T15:50:44.858+0000] {logging_mixin.py:190} INFO - [2024-10-11T15:50:44.858+0000] {dag.py:3239} INFO - Sync 1 DAGs
[2024-10-11T15:50:44.939+0000] {logging_mixin.py:190} INFO - [2024-10-11T15:50:44.939+0000] {dag.py:4180} INFO - Setting next_dagrun for dag1.1 to 2024-10-11 00:00:00+00:00, run_after=2024-10-11 00:01:00+00:00
[2024-10-11T15:50:44.964+0000] {processor.py:208} INFO - Processing /opt/airflow/dags/dag1.1.py took 0.324 seconds
[2024-10-11T15:51:15.255+0000] {processor.py:186} INFO - Started process (PID=84) to work on /opt/airflow/dags/dag1.1.py
[2024-10-11T15:51:15.256+0000] {processor.py:914} INFO - Processing file /opt/airflow/dags/dag1.1.py for tasks to queue
[2024-10-11T15:51:15.258+0000] {logging_mixin.py:190} INFO - [2024-10-11T15:51:15.257+0000] {dagbag.py:588} INFO - Filling up the DagBag from /opt/airflow/dags/dag1.1.py
[2024-10-11T15:51:15.277+0000] {processor.py:925} INFO - DAG(s) 'dag1.1' retrieved from /opt/airflow/dags/dag1.1.py
[2024-10-11T15:51:15.313+0000] {logging_mixin.py:190} INFO - [2024-10-11T15:51:15.313+0000] {dag.py:3239} INFO - Sync 1 DAGs
[2024-10-11T15:51:15.348+0000] {logging_mixin.py:190} INFO - [2024-10-11T15:51:15.348+0000] {dag.py:4180} INFO - Setting next_dagrun for dag1.1 to 2024-10-11 00:00:00+00:00, run_after=2024-10-11 00:01:00+00:00
[2024-10-11T15:51:15.373+0000] {processor.py:208} INFO - Processing /opt/airflow/dags/dag1.1.py took 0.123 seconds
[2024-10-11T15:51:45.537+0000] {processor.py:186} INFO - Started process (PID=98) to work on /opt/airflow/dags/dag1.1.py
[2024-10-11T15:51:45.538+0000] {processor.py:914} INFO - Processing file /opt/airflow/dags/dag1.1.py for tasks to queue
[2024-10-11T15:51:45.542+0000] {logging_mixin.py:190} INFO - [2024-10-11T15:51:45.541+0000] {dagbag.py:588} INFO - Filling up the DagBag from /opt/airflow/dags/dag1.1.py
[2024-10-11T15:51:45.563+0000] {processor.py:925} INFO - DAG(s) 'dag1.1' retrieved from /opt/airflow/dags/dag1.1.py
[2024-10-11T15:51:45.610+0000] {logging_mixin.py:190} INFO - [2024-10-11T15:51:45.609+0000] {dag.py:3239} INFO - Sync 1 DAGs
[2024-10-11T15:51:45.653+0000] {logging_mixin.py:190} INFO - [2024-10-11T15:51:45.652+0000] {dag.py:4180} INFO - Setting next_dagrun for dag1.1 to 2024-10-11 00:00:00+00:00, run_after=2024-10-11 00:01:00+00:00
[2024-10-11T15:51:45.684+0000] {processor.py:208} INFO - Processing /opt/airflow/dags/dag1.1.py took 0.160 seconds
[2024-10-11T15:52:15.974+0000] {processor.py:186} INFO - Started process (PID=107) to work on /opt/airflow/dags/dag1.1.py
[2024-10-11T15:52:15.976+0000] {processor.py:914} INFO - Processing file /opt/airflow/dags/dag1.1.py for tasks to queue
[2024-10-11T15:52:15.978+0000] {logging_mixin.py:190} INFO - [2024-10-11T15:52:15.978+0000] {dagbag.py:588} INFO - Filling up the DagBag from /opt/airflow/dags/dag1.1.py
[2024-10-11T15:52:16.007+0000] {processor.py:925} INFO - DAG(s) 'dag1.1' retrieved from /opt/airflow/dags/dag1.1.py
[2024-10-11T15:52:16.045+0000] {logging_mixin.py:190} INFO - [2024-10-11T15:52:16.044+0000] {dag.py:3239} INFO - Sync 1 DAGs
[2024-10-11T15:52:16.080+0000] {logging_mixin.py:190} INFO - [2024-10-11T15:52:16.079+0000] {dag.py:4180} INFO - Setting next_dagrun for dag1.1 to 2024-10-11 00:00:00+00:00, run_after=2024-10-11 00:01:00+00:00
[2024-10-11T15:52:16.103+0000] {processor.py:208} INFO - Processing /opt/airflow/dags/dag1.1.py took 0.134 seconds
[2024-10-11T15:52:46.326+0000] {processor.py:186} INFO - Started process (PID=115) to work on /opt/airflow/dags/dag1.1.py
[2024-10-11T15:52:46.327+0000] {processor.py:914} INFO - Processing file /opt/airflow/dags/dag1.1.py for tasks to queue
[2024-10-11T15:52:46.332+0000] {logging_mixin.py:190} INFO - [2024-10-11T15:52:46.331+0000] {dagbag.py:588} INFO - Filling up the DagBag from /opt/airflow/dags/dag1.1.py
[2024-10-11T15:52:46.369+0000] {processor.py:925} INFO - DAG(s) 'dag1.1' retrieved from /opt/airflow/dags/dag1.1.py
[2024-10-11T15:52:46.423+0000] {logging_mixin.py:190} INFO - [2024-10-11T15:52:46.423+0000] {dag.py:3239} INFO - Sync 1 DAGs
[2024-10-11T15:52:46.459+0000] {logging_mixin.py:190} INFO - [2024-10-11T15:52:46.459+0000] {dag.py:4180} INFO - Setting next_dagrun for dag1.1 to 2024-10-11 00:00:00+00:00, run_after=2024-10-11 00:01:00+00:00
[2024-10-11T15:52:46.486+0000] {processor.py:208} INFO - Processing /opt/airflow/dags/dag1.1.py took 0.168 seconds
[2024-10-11T15:53:16.771+0000] {processor.py:186} INFO - Started process (PID=123) to work on /opt/airflow/dags/dag1.1.py
[2024-10-11T15:53:16.772+0000] {processor.py:914} INFO - Processing file /opt/airflow/dags/dag1.1.py for tasks to queue
[2024-10-11T15:53:16.775+0000] {logging_mixin.py:190} INFO - [2024-10-11T15:53:16.774+0000] {dagbag.py:588} INFO - Filling up the DagBag from /opt/airflow/dags/dag1.1.py
[2024-10-11T15:53:16.796+0000] {processor.py:925} INFO - DAG(s) 'dag1.1' retrieved from /opt/airflow/dags/dag1.1.py
[2024-10-11T15:53:16.841+0000] {logging_mixin.py:190} INFO - [2024-10-11T15:53:16.841+0000] {dag.py:3239} INFO - Sync 1 DAGs
[2024-10-11T15:53:16.867+0000] {logging_mixin.py:190} INFO - [2024-10-11T15:53:16.867+0000] {dag.py:4180} INFO - Setting next_dagrun for dag1.1 to 2024-10-11 00:00:00+00:00, run_after=2024-10-11 00:01:00+00:00
[2024-10-11T15:53:16.892+0000] {processor.py:208} INFO - Processing /opt/airflow/dags/dag1.1.py took 0.126 seconds
[2024-10-11T15:53:47.210+0000] {processor.py:186} INFO - Started process (PID=131) to work on /opt/airflow/dags/dag1.1.py
[2024-10-11T15:53:47.211+0000] {processor.py:914} INFO - Processing file /opt/airflow/dags/dag1.1.py for tasks to queue
[2024-10-11T15:53:47.215+0000] {logging_mixin.py:190} INFO - [2024-10-11T15:53:47.214+0000] {dagbag.py:588} INFO - Filling up the DagBag from /opt/airflow/dags/dag1.1.py
[2024-10-11T15:53:47.236+0000] {processor.py:925} INFO - DAG(s) 'dag1.1' retrieved from /opt/airflow/dags/dag1.1.py
[2024-10-11T15:53:47.268+0000] {logging_mixin.py:190} INFO - [2024-10-11T15:53:47.268+0000] {dag.py:3239} INFO - Sync 1 DAGs
[2024-10-11T15:53:47.312+0000] {logging_mixin.py:190} INFO - [2024-10-11T15:53:47.311+0000] {dag.py:4180} INFO - Setting next_dagrun for dag1.1 to 2024-10-11 00:00:00+00:00, run_after=2024-10-11 00:01:00+00:00
[2024-10-11T15:53:47.342+0000] {processor.py:208} INFO - Processing /opt/airflow/dags/dag1.1.py took 0.141 seconds
