[2024-10-11T15:40:24.789+0000] {local_task_job_runner.py:123} INFO - ::group::Pre task execution logs
[2024-10-11T15:40:24.810+0000] {taskinstance.py:2612} INFO - Dependencies all met for dep_context=non-requeueable deps ti=<TaskInstance: dag1.task2 scheduled__2024-10-11T01:44:00+00:00 [queued]>
[2024-10-11T15:40:24.821+0000] {taskinstance.py:2612} INFO - Dependencies all met for dep_context=requeueable deps ti=<TaskInstance: dag1.task2 scheduled__2024-10-11T01:44:00+00:00 [queued]>
[2024-10-11T15:40:24.822+0000] {taskinstance.py:2865} INFO - Starting attempt 1 of 4
[2024-10-11T15:40:24.840+0000] {taskinstance.py:2888} INFO - Executing <Task(BashOperator): task2> on 2024-10-11 01:44:00+00:00
[2024-10-11T15:40:24.847+0000] {warnings.py:112} WARNING - /home/***/.local/lib/python3.12/site-packages/***/task/task_runner/standard_task_runner.py:70: DeprecationWarning: This process (pid=1236) is multi-threaded, use of fork() may lead to deadlocks in the child.
  pid = os.fork()

[2024-10-11T15:40:24.848+0000] {standard_task_runner.py:72} INFO - Started process 1237 to run task
[2024-10-11T15:40:24.848+0000] {standard_task_runner.py:104} INFO - Running: ['***', 'tasks', 'run', 'dag1', 'task2', 'scheduled__2024-10-11T01:44:00+00:00', '--job-id', '821', '--raw', '--subdir', 'DAGS_FOLDER/dag1.py', '--cfg-path', '/tmp/tmpmopdw1_r']
[2024-10-11T15:40:24.850+0000] {standard_task_runner.py:105} INFO - Job 821: Subtask task2
[2024-10-11T15:40:24.905+0000] {task_command.py:467} INFO - Running <TaskInstance: dag1.task2 scheduled__2024-10-11T01:44:00+00:00 [running]> on host 7c444714f472
[2024-10-11T15:40:25.007+0000] {taskinstance.py:3131} INFO - Exporting env vars: AIRFLOW_CTX_DAG_OWNER='etl_user' AIRFLOW_CTX_DAG_ID='dag1' AIRFLOW_CTX_TASK_ID='task2' AIRFLOW_CTX_EXECUTION_DATE='2024-10-11T01:44:00+00:00' AIRFLOW_CTX_TRY_NUMBER='1' AIRFLOW_CTX_DAG_RUN_ID='scheduled__2024-10-11T01:44:00+00:00'
[2024-10-11T15:40:25.008+0000] {taskinstance.py:731} INFO - ::endgroup::
[2024-10-11T15:40:25.023+0000] {subprocess.py:63} INFO - Tmp dir root location: /tmp
[2024-10-11T15:40:25.025+0000] {subprocess.py:75} INFO - Running command: ['/usr/bin/bash', '-c', 'echo hello']
[2024-10-11T15:40:25.040+0000] {subprocess.py:86} INFO - Output:
[2024-10-11T15:40:25.042+0000] {subprocess.py:93} INFO - hello
[2024-10-11T15:40:25.043+0000] {subprocess.py:97} INFO - Command exited with return code 0
[2024-10-11T15:40:25.071+0000] {taskinstance.py:340} INFO - ::group::Post task execution logs
[2024-10-11T15:40:25.072+0000] {taskinstance.py:352} INFO - Marking task as SUCCESS. dag_id=dag1, task_id=task2, run_id=scheduled__2024-10-11T01:44:00+00:00, execution_date=20241011T014400, start_date=20241011T154024, end_date=20241011T154025
[2024-10-11T15:40:25.104+0000] {local_task_job_runner.py:266} INFO - Task exited with return code 0
[2024-10-11T15:40:25.122+0000] {taskinstance.py:3900} INFO - 0 downstream tasks scheduled from follow-on schedule check
[2024-10-11T15:40:25.124+0000] {local_task_job_runner.py:245} INFO - ::endgroup::
