[2024-10-11T15:44:04.784+0000] {local_task_job_runner.py:123} INFO - ::group::Pre task execution logs
[2024-10-11T15:44:04.803+0000] {taskinstance.py:2612} INFO - Dependencies all met for dep_context=non-requeueable deps ti=<TaskInstance: dag1.task1 scheduled__2024-10-11T02:48:00+00:00 [queued]>
[2024-10-11T15:44:04.812+0000] {taskinstance.py:2612} INFO - Dependencies all met for dep_context=requeueable deps ti=<TaskInstance: dag1.task1 scheduled__2024-10-11T02:48:00+00:00 [queued]>
[2024-10-11T15:44:04.813+0000] {taskinstance.py:2865} INFO - Starting attempt 1 of 4
[2024-10-11T15:44:04.829+0000] {taskinstance.py:2888} INFO - Executing <Task(BashOperator): task1> on 2024-10-11 02:48:00+00:00
[2024-10-11T15:44:04.836+0000] {warnings.py:112} WARNING - /home/***/.local/lib/python3.12/site-packages/***/task/task_runner/standard_task_runner.py:70: DeprecationWarning: This process (pid=1787) is multi-threaded, use of fork() may lead to deadlocks in the child.
  pid = os.fork()

[2024-10-11T15:44:04.837+0000] {standard_task_runner.py:72} INFO - Started process 1788 to run task
[2024-10-11T15:44:04.838+0000] {standard_task_runner.py:104} INFO - Running: ['***', 'tasks', 'run', 'dag1', 'task1', 'scheduled__2024-10-11T02:48:00+00:00', '--job-id', '948', '--raw', '--subdir', 'DAGS_FOLDER/dag1.py', '--cfg-path', '/tmp/tmpntkc_ged']
[2024-10-11T15:44:04.839+0000] {standard_task_runner.py:105} INFO - Job 948: Subtask task1
[2024-10-11T15:44:04.885+0000] {task_command.py:467} INFO - Running <TaskInstance: dag1.task1 scheduled__2024-10-11T02:48:00+00:00 [running]> on host 7c444714f472
[2024-10-11T15:44:04.977+0000] {taskinstance.py:3131} INFO - Exporting env vars: AIRFLOW_CTX_DAG_OWNER='etl_user' AIRFLOW_CTX_DAG_ID='dag1' AIRFLOW_CTX_TASK_ID='task1' AIRFLOW_CTX_EXECUTION_DATE='2024-10-11T02:48:00+00:00' AIRFLOW_CTX_TRY_NUMBER='1' AIRFLOW_CTX_DAG_RUN_ID='scheduled__2024-10-11T02:48:00+00:00'
[2024-10-11T15:44:04.977+0000] {taskinstance.py:731} INFO - ::endgroup::
[2024-10-11T15:44:04.990+0000] {subprocess.py:63} INFO - Tmp dir root location: /tmp
[2024-10-11T15:44:04.991+0000] {subprocess.py:75} INFO - Running command: ['/usr/bin/bash', '-c', 'echo hellow']
[2024-10-11T15:44:05.003+0000] {subprocess.py:86} INFO - Output:
[2024-10-11T15:44:05.004+0000] {subprocess.py:93} INFO - hellow
[2024-10-11T15:44:05.005+0000] {subprocess.py:97} INFO - Command exited with return code 0
[2024-10-11T15:44:05.032+0000] {taskinstance.py:340} INFO - ::group::Post task execution logs
[2024-10-11T15:44:05.032+0000] {taskinstance.py:352} INFO - Marking task as SUCCESS. dag_id=dag1, task_id=task1, run_id=scheduled__2024-10-11T02:48:00+00:00, execution_date=20241011T024800, start_date=20241011T154404, end_date=20241011T154405
[2024-10-11T15:44:05.093+0000] {local_task_job_runner.py:266} INFO - Task exited with return code 0
[2024-10-11T15:44:05.119+0000] {taskinstance.py:3900} INFO - 1 downstream tasks scheduled from follow-on schedule check
[2024-10-11T15:44:05.122+0000] {local_task_job_runner.py:245} INFO - ::endgroup::
