[2024-09-22T16:07:09.456+0000] {processor.py:186} INFO - Started process (PID=55) to work on /opt/airflow/dags/dag1.1.py
[2024-09-22T16:07:09.537+0000] {processor.py:914} INFO - Processing file /opt/airflow/dags/dag1.1.py for tasks to queue
[2024-09-22T16:07:09.641+0000] {logging_mixin.py:190} INFO - [2024-09-22T16:07:09.636+0000] {dagbag.py:588} INFO - Filling up the DagBag from /opt/airflow/dags/dag1.1.py
[2024-09-22T16:07:10.595+0000] {processor.py:925} INFO - DAG(s) 'dag1.1' retrieved from /opt/airflow/dags/dag1.1.py
[2024-09-22T16:07:11.449+0000] {logging_mixin.py:190} INFO - [2024-09-22T16:07:11.445+0000] {override.py:1900} INFO - Created Permission View: can read on DAG:dag1.1
[2024-09-22T16:07:11.475+0000] {logging_mixin.py:190} INFO - [2024-09-22T16:07:11.474+0000] {override.py:1900} INFO - Created Permission View: can delete on DAG:dag1.1
[2024-09-22T16:07:11.504+0000] {logging_mixin.py:190} INFO - [2024-09-22T16:07:11.504+0000] {override.py:1900} INFO - Created Permission View: can edit on DAG:dag1.1
[2024-09-22T16:07:11.523+0000] {logging_mixin.py:190} INFO - [2024-09-22T16:07:11.523+0000] {override.py:1900} INFO - Created Permission View: can read on DAG Run:dag1.1
[2024-09-22T16:07:11.536+0000] {logging_mixin.py:190} INFO - [2024-09-22T16:07:11.535+0000] {override.py:1900} INFO - Created Permission View: can create on DAG Run:dag1.1
[2024-09-22T16:07:11.557+0000] {logging_mixin.py:190} INFO - [2024-09-22T16:07:11.556+0000] {override.py:1900} INFO - Created Permission View: menu access on DAG Run:dag1.1
[2024-09-22T16:07:11.567+0000] {logging_mixin.py:190} INFO - [2024-09-22T16:07:11.567+0000] {override.py:1900} INFO - Created Permission View: can delete on DAG Run:dag1.1
[2024-09-22T16:07:11.569+0000] {logging_mixin.py:190} INFO - [2024-09-22T16:07:11.568+0000] {dag.py:3239} INFO - Sync 1 DAGs
[2024-09-22T16:07:11.599+0000] {logging_mixin.py:190} INFO - [2024-09-22T16:07:11.599+0000] {dag.py:3262} INFO - Creating ORM DAG for dag1.1
[2024-09-22T16:07:11.625+0000] {logging_mixin.py:190} INFO - [2024-09-22T16:07:11.625+0000] {dag.py:4180} INFO - Setting next_dagrun for dag1.1 to 2024-09-22 01:00:00+00:00, run_after=2024-09-23 01:00:00+00:00
[2024-09-22T16:07:11.662+0000] {processor.py:208} INFO - Processing /opt/airflow/dags/dag1.1.py took 2.283 seconds
[2024-09-22T16:07:41.893+0000] {processor.py:186} INFO - Started process (PID=63) to work on /opt/airflow/dags/dag1.1.py
[2024-09-22T16:07:41.898+0000] {processor.py:914} INFO - Processing file /opt/airflow/dags/dag1.1.py for tasks to queue
[2024-09-22T16:07:41.944+0000] {logging_mixin.py:190} INFO - [2024-09-22T16:07:41.942+0000] {dagbag.py:588} INFO - Filling up the DagBag from /opt/airflow/dags/dag1.1.py
[2024-09-22T16:07:42.056+0000] {processor.py:925} INFO - DAG(s) 'dag1.1' retrieved from /opt/airflow/dags/dag1.1.py
[2024-09-22T16:07:42.185+0000] {logging_mixin.py:190} INFO - [2024-09-22T16:07:42.184+0000] {dag.py:3239} INFO - Sync 1 DAGs
[2024-09-22T16:07:42.379+0000] {logging_mixin.py:190} INFO - [2024-09-22T16:07:42.372+0000] {dag.py:4180} INFO - Setting next_dagrun for dag1.1 to 2024-09-22 01:00:00+00:00, run_after=2024-09-23 01:00:00+00:00
[2024-09-22T16:07:44.179+0000] {processor.py:208} INFO - Processing /opt/airflow/dags/dag1.1.py took 2.314 seconds
[2024-09-22T16:08:14.653+0000] {processor.py:186} INFO - Started process (PID=71) to work on /opt/airflow/dags/dag1.1.py
[2024-09-22T16:08:14.655+0000] {processor.py:914} INFO - Processing file /opt/airflow/dags/dag1.1.py for tasks to queue
[2024-09-22T16:08:14.659+0000] {logging_mixin.py:190} INFO - [2024-09-22T16:08:14.657+0000] {dagbag.py:588} INFO - Filling up the DagBag from /opt/airflow/dags/dag1.1.py
[2024-09-22T16:08:14.699+0000] {processor.py:925} INFO - DAG(s) 'dag1.1' retrieved from /opt/airflow/dags/dag1.1.py
[2024-09-22T16:08:14.807+0000] {logging_mixin.py:190} INFO - [2024-09-22T16:08:14.807+0000] {dag.py:3239} INFO - Sync 1 DAGs
[2024-09-22T16:08:14.837+0000] {logging_mixin.py:190} INFO - [2024-09-22T16:08:14.837+0000] {dag.py:4180} INFO - Setting next_dagrun for dag1.1 to 2024-09-22 01:00:00+00:00, run_after=2024-09-23 01:00:00+00:00
[2024-09-22T16:08:14.865+0000] {processor.py:208} INFO - Processing /opt/airflow/dags/dag1.1.py took 0.222 seconds
[2024-09-22T16:08:47.195+0000] {processor.py:186} INFO - Started process (PID=73) to work on /opt/airflow/dags/dag1.1.py
[2024-09-22T16:08:47.197+0000] {processor.py:914} INFO - Processing file /opt/airflow/dags/dag1.1.py for tasks to queue
[2024-09-22T16:08:47.205+0000] {logging_mixin.py:190} INFO - [2024-09-22T16:08:47.202+0000] {dagbag.py:588} INFO - Filling up the DagBag from /opt/airflow/dags/dag1.1.py
[2024-09-22T16:08:47.297+0000] {processor.py:925} INFO - DAG(s) 'dag1.1' retrieved from /opt/airflow/dags/dag1.1.py
[2024-09-22T16:08:47.507+0000] {logging_mixin.py:190} INFO - [2024-09-22T16:08:47.506+0000] {dag.py:3239} INFO - Sync 1 DAGs
[2024-09-22T16:08:47.563+0000] {logging_mixin.py:190} INFO - [2024-09-22T16:08:47.563+0000] {dag.py:4180} INFO - Setting next_dagrun for dag1.1 to 2024-09-22 01:00:00+00:00, run_after=2024-09-23 01:00:00+00:00
[2024-09-22T16:08:47.624+0000] {processor.py:208} INFO - Processing /opt/airflow/dags/dag1.1.py took 0.458 seconds
[2024-09-22T16:09:23.476+0000] {processor.py:186} INFO - Started process (PID=81) to work on /opt/airflow/dags/dag1.1.py
[2024-09-22T16:09:23.481+0000] {processor.py:914} INFO - Processing file /opt/airflow/dags/dag1.1.py for tasks to queue
[2024-09-22T16:09:23.486+0000] {logging_mixin.py:190} INFO - [2024-09-22T16:09:23.484+0000] {dagbag.py:588} INFO - Filling up the DagBag from /opt/airflow/dags/dag1.1.py
[2024-09-22T16:09:23.581+0000] {processor.py:925} INFO - DAG(s) 'dag1.1' retrieved from /opt/airflow/dags/dag1.1.py
[2024-09-22T16:09:23.900+0000] {logging_mixin.py:190} INFO - [2024-09-22T16:09:23.900+0000] {dag.py:3239} INFO - Sync 1 DAGs
[2024-09-22T16:09:24.025+0000] {processor.py:208} INFO - Processing /opt/airflow/dags/dag1.1.py took 0.568 seconds
[2024-09-22T16:09:54.859+0000] {processor.py:186} INFO - Started process (PID=95) to work on /opt/airflow/dags/dag1.1.py
[2024-09-22T16:09:54.861+0000] {processor.py:914} INFO - Processing file /opt/airflow/dags/dag1.1.py for tasks to queue
[2024-09-22T16:09:54.866+0000] {logging_mixin.py:190} INFO - [2024-09-22T16:09:54.864+0000] {dagbag.py:588} INFO - Filling up the DagBag from /opt/airflow/dags/dag1.1.py
[2024-09-22T16:09:54.939+0000] {processor.py:925} INFO - DAG(s) 'dag1.1' retrieved from /opt/airflow/dags/dag1.1.py
[2024-09-22T16:09:55.027+0000] {logging_mixin.py:190} INFO - [2024-09-22T16:09:55.026+0000] {dag.py:3239} INFO - Sync 1 DAGs
[2024-09-22T16:09:55.130+0000] {processor.py:208} INFO - Processing /opt/airflow/dags/dag1.1.py took 0.289 seconds
[2024-09-22T16:10:25.536+0000] {processor.py:186} INFO - Started process (PID=103) to work on /opt/airflow/dags/dag1.1.py
[2024-09-22T16:10:25.545+0000] {processor.py:914} INFO - Processing file /opt/airflow/dags/dag1.1.py for tasks to queue
[2024-09-22T16:10:25.549+0000] {logging_mixin.py:190} INFO - [2024-09-22T16:10:25.548+0000] {dagbag.py:588} INFO - Filling up the DagBag from /opt/airflow/dags/dag1.1.py
[2024-09-22T16:10:25.586+0000] {processor.py:925} INFO - DAG(s) 'dag1.1' retrieved from /opt/airflow/dags/dag1.1.py
[2024-09-22T16:10:25.671+0000] {logging_mixin.py:190} INFO - [2024-09-22T16:10:25.670+0000] {dag.py:3239} INFO - Sync 1 DAGs
[2024-09-22T16:10:25.726+0000] {processor.py:208} INFO - Processing /opt/airflow/dags/dag1.1.py took 0.199 seconds
[2024-09-22T16:10:56.351+0000] {processor.py:186} INFO - Started process (PID=105) to work on /opt/airflow/dags/dag1.1.py
[2024-09-22T16:10:56.373+0000] {processor.py:914} INFO - Processing file /opt/airflow/dags/dag1.1.py for tasks to queue
[2024-09-22T16:10:56.379+0000] {logging_mixin.py:190} INFO - [2024-09-22T16:10:56.378+0000] {dagbag.py:588} INFO - Filling up the DagBag from /opt/airflow/dags/dag1.1.py
[2024-09-22T16:10:56.450+0000] {processor.py:925} INFO - DAG(s) 'dag1.1' retrieved from /opt/airflow/dags/dag1.1.py
[2024-09-22T16:10:56.532+0000] {logging_mixin.py:190} INFO - [2024-09-22T16:10:56.530+0000] {dag.py:3239} INFO - Sync 1 DAGs
[2024-09-22T16:10:57.528+0000] {processor.py:208} INFO - Processing /opt/airflow/dags/dag1.1.py took 1.212 seconds
[2024-09-22T16:11:33.759+0000] {processor.py:186} INFO - Started process (PID=114) to work on /opt/airflow/dags/dag1.1.py
[2024-09-22T16:11:33.762+0000] {processor.py:914} INFO - Processing file /opt/airflow/dags/dag1.1.py for tasks to queue
[2024-09-22T16:11:33.779+0000] {logging_mixin.py:190} INFO - [2024-09-22T16:11:33.778+0000] {dagbag.py:588} INFO - Filling up the DagBag from /opt/airflow/dags/dag1.1.py
[2024-09-22T16:11:33.866+0000] {processor.py:925} INFO - DAG(s) 'dag1.1' retrieved from /opt/airflow/dags/dag1.1.py
[2024-09-22T16:11:34.128+0000] {logging_mixin.py:190} INFO - [2024-09-22T16:11:34.127+0000] {dag.py:3239} INFO - Sync 1 DAGs
[2024-09-22T16:11:34.194+0000] {processor.py:208} INFO - Processing /opt/airflow/dags/dag1.1.py took 0.481 seconds
[2024-09-22T16:12:07.740+0000] {processor.py:186} INFO - Started process (PID=122) to work on /opt/airflow/dags/dag1.1.py
[2024-09-22T16:12:07.743+0000] {processor.py:914} INFO - Processing file /opt/airflow/dags/dag1.1.py for tasks to queue
[2024-09-22T16:12:07.747+0000] {logging_mixin.py:190} INFO - [2024-09-22T16:12:07.745+0000] {dagbag.py:588} INFO - Filling up the DagBag from /opt/airflow/dags/dag1.1.py
[2024-09-22T16:12:07.819+0000] {processor.py:925} INFO - DAG(s) 'dag1.1' retrieved from /opt/airflow/dags/dag1.1.py
[2024-09-22T16:12:08.103+0000] {logging_mixin.py:190} INFO - [2024-09-22T16:12:08.101+0000] {dag.py:3239} INFO - Sync 1 DAGs
[2024-09-22T16:12:08.246+0000] {processor.py:208} INFO - Processing /opt/airflow/dags/dag1.1.py took 0.530 seconds
[2024-09-22T16:12:42.153+0000] {processor.py:186} INFO - Started process (PID=130) to work on /opt/airflow/dags/dag1.1.py
[2024-09-22T16:12:42.155+0000] {processor.py:914} INFO - Processing file /opt/airflow/dags/dag1.1.py for tasks to queue
[2024-09-22T16:12:42.161+0000] {logging_mixin.py:190} INFO - [2024-09-22T16:12:42.160+0000] {dagbag.py:588} INFO - Filling up the DagBag from /opt/airflow/dags/dag1.1.py
[2024-09-22T16:12:42.269+0000] {processor.py:925} INFO - DAG(s) 'dag1.1' retrieved from /opt/airflow/dags/dag1.1.py
[2024-09-22T16:12:42.691+0000] {logging_mixin.py:190} INFO - [2024-09-22T16:12:42.691+0000] {dag.py:3239} INFO - Sync 1 DAGs
[2024-09-22T16:12:42.797+0000] {processor.py:208} INFO - Processing /opt/airflow/dags/dag1.1.py took 0.683 seconds
[2024-09-22T16:13:21.214+0000] {processor.py:186} INFO - Started process (PID=132) to work on /opt/airflow/dags/dag1.1.py
[2024-09-22T16:13:26.355+0000] {processor.py:914} INFO - Processing file /opt/airflow/dags/dag1.1.py for tasks to queue
[2024-09-22T16:13:26.359+0000] {logging_mixin.py:190} INFO - [2024-09-22T16:13:26.359+0000] {dagbag.py:588} INFO - Filling up the DagBag from /opt/airflow/dags/dag1.1.py
[2024-09-22T16:13:26.446+0000] {processor.py:925} INFO - DAG(s) 'dag1.1' retrieved from /opt/airflow/dags/dag1.1.py
[2024-09-22T16:13:27.019+0000] {logging_mixin.py:190} INFO - [2024-09-22T16:13:27.019+0000] {dag.py:3239} INFO - Sync 1 DAGs
[2024-09-22T16:13:27.153+0000] {processor.py:208} INFO - Processing /opt/airflow/dags/dag1.1.py took 13.421 seconds
[2024-09-22T16:13:58.418+0000] {processor.py:186} INFO - Started process (PID=134) to work on /opt/airflow/dags/dag1.1.py
[2024-09-22T16:13:58.876+0000] {processor.py:914} INFO - Processing file /opt/airflow/dags/dag1.1.py for tasks to queue
[2024-09-22T16:14:09.064+0000] {logging_mixin.py:190} INFO - [2024-09-22T16:14:09.051+0000] {dagbag.py:588} INFO - Filling up the DagBag from /opt/airflow/dags/dag1.1.py
[2024-09-22T16:14:09.185+0000] {processor.py:925} INFO - DAG(s) 'dag1.1' retrieved from /opt/airflow/dags/dag1.1.py
[2024-09-22T16:14:10.997+0000] {logging_mixin.py:190} INFO - [2024-09-22T16:14:10.996+0000] {dag.py:3239} INFO - Sync 1 DAGs
[2024-09-22T16:15:35.192+0000] {processor.py:186} INFO - Started process (PID=142) to work on /opt/airflow/dags/dag1.1.py
[2024-09-22T16:15:35.195+0000] {processor.py:914} INFO - Processing file /opt/airflow/dags/dag1.1.py for tasks to queue
[2024-09-22T16:15:35.210+0000] {logging_mixin.py:190} INFO - [2024-09-22T16:15:35.208+0000] {dagbag.py:588} INFO - Filling up the DagBag from /opt/airflow/dags/dag1.1.py
[2024-09-22T16:15:35.318+0000] {processor.py:925} INFO - DAG(s) 'dag1.1' retrieved from /opt/airflow/dags/dag1.1.py
[2024-09-22T16:15:35.413+0000] {logging_mixin.py:190} INFO - [2024-09-22T16:15:35.413+0000] {dag.py:3239} INFO - Sync 1 DAGs
[2024-09-22T16:15:38.619+0000] {processor.py:208} INFO - Processing /opt/airflow/dags/dag1.1.py took 3.470 seconds
[2024-09-22T16:16:09.457+0000] {processor.py:186} INFO - Started process (PID=156) to work on /opt/airflow/dags/dag1.1.py
[2024-09-22T16:16:09.465+0000] {processor.py:914} INFO - Processing file /opt/airflow/dags/dag1.1.py for tasks to queue
[2024-09-22T16:16:09.468+0000] {logging_mixin.py:190} INFO - [2024-09-22T16:16:09.468+0000] {dagbag.py:588} INFO - Filling up the DagBag from /opt/airflow/dags/dag1.1.py
[2024-09-22T16:16:09.513+0000] {processor.py:925} INFO - DAG(s) 'dag1.1' retrieved from /opt/airflow/dags/dag1.1.py
[2024-09-22T16:16:09.549+0000] {logging_mixin.py:190} INFO - [2024-09-22T16:16:09.549+0000] {dag.py:3239} INFO - Sync 1 DAGs
[2024-09-22T16:16:09.765+0000] {processor.py:208} INFO - Processing /opt/airflow/dags/dag1.1.py took 0.319 seconds
[2024-09-22T16:16:40.647+0000] {processor.py:186} INFO - Started process (PID=158) to work on /opt/airflow/dags/dag1.1.py
[2024-09-22T16:16:40.839+0000] {processor.py:914} INFO - Processing file /opt/airflow/dags/dag1.1.py for tasks to queue
[2024-09-22T16:16:49.268+0000] {logging_mixin.py:190} INFO - [2024-09-22T16:16:49.263+0000] {dagbag.py:588} INFO - Filling up the DagBag from /opt/airflow/dags/dag1.1.py
[2024-09-22T16:16:49.423+0000] {processor.py:925} INFO - DAG(s) 'dag1.1' retrieved from /opt/airflow/dags/dag1.1.py
[2024-09-22T16:16:49.623+0000] {logging_mixin.py:190} INFO - [2024-09-22T16:16:49.622+0000] {dag.py:3239} INFO - Sync 1 DAGs
[2024-09-22T16:16:49.754+0000] {processor.py:208} INFO - Processing /opt/airflow/dags/dag1.1.py took 9.462 seconds
[2024-09-22T16:17:20.307+0000] {processor.py:186} INFO - Started process (PID=160) to work on /opt/airflow/dags/dag1.1.py
[2024-09-22T16:17:20.325+0000] {processor.py:914} INFO - Processing file /opt/airflow/dags/dag1.1.py for tasks to queue
[2024-09-22T16:17:20.395+0000] {logging_mixin.py:190} INFO - [2024-09-22T16:17:20.362+0000] {dagbag.py:588} INFO - Filling up the DagBag from /opt/airflow/dags/dag1.1.py
[2024-09-22T16:17:25.429+0000] {processor.py:925} INFO - DAG(s) 'dag1.1' retrieved from /opt/airflow/dags/dag1.1.py
[2024-09-22T16:17:26.346+0000] {logging_mixin.py:190} INFO - [2024-09-22T16:17:26.345+0000] {dag.py:3239} INFO - Sync 1 DAGs
[2024-09-22T16:17:26.486+0000] {processor.py:208} INFO - Processing /opt/airflow/dags/dag1.1.py took 6.227 seconds
[2024-09-22T16:17:57.659+0000] {processor.py:186} INFO - Started process (PID=162) to work on /opt/airflow/dags/dag1.1.py
[2024-09-22T16:17:57.975+0000] {processor.py:914} INFO - Processing file /opt/airflow/dags/dag1.1.py for tasks to queue
[2024-09-22T16:18:03.548+0000] {logging_mixin.py:190} INFO - [2024-09-22T16:18:02.430+0000] {dagbag.py:588} INFO - Filling up the DagBag from /opt/airflow/dags/dag1.1.py
[2024-09-22T16:18:03.672+0000] {processor.py:925} INFO - DAG(s) 'dag1.1' retrieved from /opt/airflow/dags/dag1.1.py
[2024-09-22T16:18:04.097+0000] {logging_mixin.py:190} INFO - [2024-09-22T16:18:04.092+0000] {dag.py:3239} INFO - Sync 1 DAGs
[2024-09-22T16:18:04.210+0000] {processor.py:208} INFO - Processing /opt/airflow/dags/dag1.1.py took 6.719 seconds
[2024-09-22T16:18:34.777+0000] {processor.py:186} INFO - Started process (PID=164) to work on /opt/airflow/dags/dag1.1.py
[2024-09-22T16:18:35.145+0000] {processor.py:914} INFO - Processing file /opt/airflow/dags/dag1.1.py for tasks to queue
[2024-09-22T16:18:39.423+0000] {logging_mixin.py:190} INFO - [2024-09-22T16:18:39.411+0000] {dagbag.py:588} INFO - Filling up the DagBag from /opt/airflow/dags/dag1.1.py
[2024-09-22T16:18:39.678+0000] {processor.py:925} INFO - DAG(s) 'dag1.1' retrieved from /opt/airflow/dags/dag1.1.py
[2024-09-22T16:18:41.327+0000] {logging_mixin.py:190} INFO - [2024-09-22T16:18:41.325+0000] {dag.py:3239} INFO - Sync 1 DAGs
[2024-09-22T16:18:41.537+0000] {processor.py:208} INFO - Processing /opt/airflow/dags/dag1.1.py took 7.227 seconds
[2024-09-22T16:19:12.082+0000] {processor.py:186} INFO - Started process (PID=166) to work on /opt/airflow/dags/dag1.1.py
[2024-09-22T16:19:12.096+0000] {processor.py:914} INFO - Processing file /opt/airflow/dags/dag1.1.py for tasks to queue
[2024-09-22T16:19:12.110+0000] {logging_mixin.py:190} INFO - [2024-09-22T16:19:12.106+0000] {dagbag.py:588} INFO - Filling up the DagBag from /opt/airflow/dags/dag1.1.py
[2024-09-22T16:19:22.229+0000] {processor.py:925} INFO - DAG(s) 'dag1.1' retrieved from /opt/airflow/dags/dag1.1.py
[2024-09-22T16:19:23.028+0000] {logging_mixin.py:190} INFO - [2024-09-22T16:19:23.028+0000] {dag.py:3239} INFO - Sync 1 DAGs
[2024-09-22T16:19:26.242+0000] {processor.py:208} INFO - Processing /opt/airflow/dags/dag1.1.py took 14.318 seconds
[2024-09-22T16:20:17.278+0000] {processor.py:186} INFO - Started process (PID=174) to work on /opt/airflow/dags/dag1.1.py
[2024-09-22T16:20:17.358+0000] {processor.py:914} INFO - Processing file /opt/airflow/dags/dag1.1.py for tasks to queue
[2024-09-22T16:20:17.656+0000] {logging_mixin.py:190} INFO - [2024-09-22T16:20:17.649+0000] {dagbag.py:588} INFO - Filling up the DagBag from /opt/airflow/dags/dag1.1.py
[2024-09-22T16:20:18.079+0000] {processor.py:925} INFO - DAG(s) 'dag1.1' retrieved from /opt/airflow/dags/dag1.1.py
[2024-09-22T16:20:18.470+0000] {logging_mixin.py:190} INFO - [2024-09-22T16:20:18.470+0000] {dag.py:3239} INFO - Sync 1 DAGs
[2024-09-22T16:20:35.518+0000] {processor.py:208} INFO - Processing /opt/airflow/dags/dag1.1.py took 18.476 seconds
[2024-09-22T16:21:06.133+0000] {processor.py:186} INFO - Started process (PID=181) to work on /opt/airflow/dags/dag1.1.py
[2024-09-22T16:21:06.138+0000] {processor.py:914} INFO - Processing file /opt/airflow/dags/dag1.1.py for tasks to queue
[2024-09-22T16:21:06.312+0000] {logging_mixin.py:190} INFO - [2024-09-22T16:21:06.310+0000] {dagbag.py:588} INFO - Filling up the DagBag from /opt/airflow/dags/dag1.1.py
[2024-09-22T16:21:07.132+0000] {processor.py:925} INFO - DAG(s) 'dag1.1' retrieved from /opt/airflow/dags/dag1.1.py
[2024-09-22T16:21:07.973+0000] {logging_mixin.py:190} INFO - [2024-09-22T16:21:07.956+0000] {dag.py:3239} INFO - Sync 1 DAGs
[2024-09-22T16:22:30.623+0000] {processor.py:186} INFO - Started process (PID=62) to work on /opt/airflow/dags/dag1.1.py
[2024-09-22T16:22:30.683+0000] {processor.py:914} INFO - Processing file /opt/airflow/dags/dag1.1.py for tasks to queue
[2024-09-22T16:22:30.762+0000] {logging_mixin.py:190} INFO - [2024-09-22T16:22:30.756+0000] {dagbag.py:588} INFO - Filling up the DagBag from /opt/airflow/dags/dag1.1.py
[2024-09-22T16:22:31.433+0000] {processor.py:925} INFO - DAG(s) 'dag1.1' retrieved from /opt/airflow/dags/dag1.1.py
[2024-09-22T16:22:32.092+0000] {logging_mixin.py:190} INFO - [2024-09-22T16:22:32.089+0000] {dag.py:3239} INFO - Sync 1 DAGs
[2024-09-22T16:22:32.796+0000] {processor.py:208} INFO - Processing /opt/airflow/dags/dag1.1.py took 2.430 seconds
[2024-09-22T16:23:03.456+0000] {processor.py:186} INFO - Started process (PID=71) to work on /opt/airflow/dags/dag1.1.py
[2024-09-22T16:23:03.461+0000] {processor.py:914} INFO - Processing file /opt/airflow/dags/dag1.1.py for tasks to queue
[2024-09-22T16:23:03.539+0000] {logging_mixin.py:190} INFO - [2024-09-22T16:23:03.537+0000] {dagbag.py:588} INFO - Filling up the DagBag from /opt/airflow/dags/dag1.1.py
[2024-09-22T16:23:03.778+0000] {processor.py:925} INFO - DAG(s) 'dag1.1' retrieved from /opt/airflow/dags/dag1.1.py
[2024-09-22T16:23:04.015+0000] {logging_mixin.py:190} INFO - [2024-09-22T16:23:04.014+0000] {dag.py:3239} INFO - Sync 1 DAGs
[2024-09-22T16:23:04.269+0000] {processor.py:208} INFO - Processing /opt/airflow/dags/dag1.1.py took 0.879 seconds
[2024-09-22T16:23:34.779+0000] {processor.py:186} INFO - Started process (PID=79) to work on /opt/airflow/dags/dag1.1.py
[2024-09-22T16:23:34.781+0000] {processor.py:914} INFO - Processing file /opt/airflow/dags/dag1.1.py for tasks to queue
[2024-09-22T16:23:34.784+0000] {logging_mixin.py:190} INFO - [2024-09-22T16:23:34.783+0000] {dagbag.py:588} INFO - Filling up the DagBag from /opt/airflow/dags/dag1.1.py
[2024-09-22T16:23:34.823+0000] {processor.py:925} INFO - DAG(s) 'dag1.1' retrieved from /opt/airflow/dags/dag1.1.py
[2024-09-22T16:23:34.900+0000] {logging_mixin.py:190} INFO - [2024-09-22T16:23:34.900+0000] {dag.py:3239} INFO - Sync 1 DAGs
[2024-09-22T16:23:34.968+0000] {processor.py:208} INFO - Processing /opt/airflow/dags/dag1.1.py took 0.200 seconds
[2024-09-22T16:25:25.802+0000] {processor.py:186} INFO - Started process (PID=81) to work on /opt/airflow/dags/dag1.1.py
[2024-09-22T16:25:25.807+0000] {processor.py:914} INFO - Processing file /opt/airflow/dags/dag1.1.py for tasks to queue
[2024-09-22T16:25:25.820+0000] {logging_mixin.py:190} INFO - [2024-09-22T16:25:25.816+0000] {dagbag.py:588} INFO - Filling up the DagBag from /opt/airflow/dags/dag1.1.py
[2024-09-22T16:25:26.088+0000] {processor.py:925} INFO - DAG(s) 'dag1.1' retrieved from /opt/airflow/dags/dag1.1.py
[2024-09-22T16:25:27.963+0000] {logging_mixin.py:190} INFO - [2024-09-22T16:25:27.955+0000] {dag.py:3239} INFO - Sync 1 DAGs
[2024-09-22T16:25:28.171+0000] {processor.py:208} INFO - Processing /opt/airflow/dags/dag1.1.py took 2.419 seconds
[2024-09-22T16:25:59.009+0000] {processor.py:186} INFO - Started process (PID=89) to work on /opt/airflow/dags/dag1.1.py
[2024-09-22T16:25:59.011+0000] {processor.py:914} INFO - Processing file /opt/airflow/dags/dag1.1.py for tasks to queue
[2024-09-22T16:25:59.015+0000] {logging_mixin.py:190} INFO - [2024-09-22T16:25:59.015+0000] {dagbag.py:588} INFO - Filling up the DagBag from /opt/airflow/dags/dag1.1.py
[2024-09-22T16:25:59.057+0000] {processor.py:925} INFO - DAG(s) 'dag1.1' retrieved from /opt/airflow/dags/dag1.1.py
[2024-09-22T16:25:59.096+0000] {logging_mixin.py:190} INFO - [2024-09-22T16:25:59.095+0000] {dag.py:3239} INFO - Sync 1 DAGs
[2024-09-22T16:25:59.161+0000] {processor.py:208} INFO - Processing /opt/airflow/dags/dag1.1.py took 0.161 seconds
[2024-09-22T16:26:34.912+0000] {processor.py:186} INFO - Started process (PID=97) to work on /opt/airflow/dags/dag1.1.py
[2024-09-22T16:26:34.913+0000] {processor.py:914} INFO - Processing file /opt/airflow/dags/dag1.1.py for tasks to queue
[2024-09-22T16:26:34.934+0000] {logging_mixin.py:190} INFO - [2024-09-22T16:26:34.931+0000] {dagbag.py:588} INFO - Filling up the DagBag from /opt/airflow/dags/dag1.1.py
[2024-09-22T16:26:35.066+0000] {processor.py:925} INFO - DAG(s) 'dag1.1' retrieved from /opt/airflow/dags/dag1.1.py
[2024-09-22T16:26:35.431+0000] {logging_mixin.py:190} INFO - [2024-09-22T16:26:35.431+0000] {dag.py:3239} INFO - Sync 1 DAGs
[2024-09-22T16:26:35.559+0000] {processor.py:208} INFO - Processing /opt/airflow/dags/dag1.1.py took 0.704 seconds
[2024-09-22T16:27:06.033+0000] {processor.py:186} INFO - Started process (PID=111) to work on /opt/airflow/dags/dag1.1.py
[2024-09-22T16:27:06.034+0000] {processor.py:914} INFO - Processing file /opt/airflow/dags/dag1.1.py for tasks to queue
[2024-09-22T16:27:06.037+0000] {logging_mixin.py:190} INFO - [2024-09-22T16:27:06.037+0000] {dagbag.py:588} INFO - Filling up the DagBag from /opt/airflow/dags/dag1.1.py
[2024-09-22T16:27:06.085+0000] {processor.py:925} INFO - DAG(s) 'dag1.1' retrieved from /opt/airflow/dags/dag1.1.py
[2024-09-22T16:27:06.176+0000] {logging_mixin.py:190} INFO - [2024-09-22T16:27:06.175+0000] {dag.py:3239} INFO - Sync 1 DAGs
[2024-09-22T16:27:06.248+0000] {processor.py:208} INFO - Processing /opt/airflow/dags/dag1.1.py took 0.227 seconds
[2024-09-22T16:27:36.800+0000] {processor.py:186} INFO - Started process (PID=119) to work on /opt/airflow/dags/dag1.1.py
[2024-09-22T16:27:36.801+0000] {processor.py:914} INFO - Processing file /opt/airflow/dags/dag1.1.py for tasks to queue
[2024-09-22T16:27:36.804+0000] {logging_mixin.py:190} INFO - [2024-09-22T16:27:36.804+0000] {dagbag.py:588} INFO - Filling up the DagBag from /opt/airflow/dags/dag1.1.py
[2024-09-22T16:27:36.845+0000] {processor.py:925} INFO - DAG(s) 'dag1.1' retrieved from /opt/airflow/dags/dag1.1.py
[2024-09-22T16:27:36.935+0000] {logging_mixin.py:190} INFO - [2024-09-22T16:27:36.934+0000] {dag.py:3239} INFO - Sync 1 DAGs
[2024-09-22T16:27:36.983+0000] {processor.py:208} INFO - Processing /opt/airflow/dags/dag1.1.py took 0.197 seconds
[2024-09-22T16:28:07.118+0000] {processor.py:186} INFO - Started process (PID=121) to work on /opt/airflow/dags/dag1.1.py
[2024-09-22T16:28:07.120+0000] {processor.py:914} INFO - Processing file /opt/airflow/dags/dag1.1.py for tasks to queue
[2024-09-22T16:28:07.125+0000] {logging_mixin.py:190} INFO - [2024-09-22T16:28:07.123+0000] {dagbag.py:588} INFO - Filling up the DagBag from /opt/airflow/dags/dag1.1.py
[2024-09-22T16:28:07.186+0000] {processor.py:925} INFO - DAG(s) 'dag1.1' retrieved from /opt/airflow/dags/dag1.1.py
[2024-09-22T16:28:18.088+0000] {logging_mixin.py:190} INFO - [2024-09-22T16:28:18.084+0000] {dag.py:3239} INFO - Sync 1 DAGs
[2024-09-22T16:28:18.122+0000] {logging_mixin.py:190} INFO - [2024-09-22T16:28:18.122+0000] {dag.py:4180} INFO - Setting next_dagrun for dag1.1 to 2024-09-22 01:00:00+00:00, run_after=2024-09-23 01:00:00+00:00
[2024-09-22T16:28:18.152+0000] {processor.py:208} INFO - Processing /opt/airflow/dags/dag1.1.py took 11.048 seconds
[2024-09-22T16:28:48.301+0000] {processor.py:186} INFO - Started process (PID=129) to work on /opt/airflow/dags/dag1.1.py
[2024-09-22T16:28:48.302+0000] {processor.py:914} INFO - Processing file /opt/airflow/dags/dag1.1.py for tasks to queue
[2024-09-22T16:28:48.317+0000] {logging_mixin.py:190} INFO - [2024-09-22T16:28:48.315+0000] {dagbag.py:588} INFO - Filling up the DagBag from /opt/airflow/dags/dag1.1.py
[2024-09-22T16:28:48.367+0000] {processor.py:925} INFO - DAG(s) 'dag1.1' retrieved from /opt/airflow/dags/dag1.1.py
[2024-09-22T16:28:48.463+0000] {logging_mixin.py:190} INFO - [2024-09-22T16:28:48.462+0000] {dag.py:3239} INFO - Sync 1 DAGs
[2024-09-22T16:28:48.510+0000] {logging_mixin.py:190} INFO - [2024-09-22T16:28:48.510+0000] {dag.py:4180} INFO - Setting next_dagrun for dag1.1 to 2024-09-22 01:00:00+00:00, run_after=2024-09-23 01:00:00+00:00
[2024-09-22T16:28:48.566+0000] {processor.py:208} INFO - Processing /opt/airflow/dags/dag1.1.py took 0.281 seconds
[2024-09-22T16:29:18.856+0000] {processor.py:186} INFO - Started process (PID=143) to work on /opt/airflow/dags/dag1.1.py
[2024-09-22T16:29:18.858+0000] {processor.py:914} INFO - Processing file /opt/airflow/dags/dag1.1.py for tasks to queue
[2024-09-22T16:29:18.867+0000] {logging_mixin.py:190} INFO - [2024-09-22T16:29:18.864+0000] {dagbag.py:588} INFO - Filling up the DagBag from /opt/airflow/dags/dag1.1.py
[2024-09-22T16:29:18.919+0000] {processor.py:925} INFO - DAG(s) 'dag1.1' retrieved from /opt/airflow/dags/dag1.1.py
[2024-09-22T16:29:19.028+0000] {logging_mixin.py:190} INFO - [2024-09-22T16:29:19.027+0000] {dag.py:3239} INFO - Sync 1 DAGs
[2024-09-22T16:29:27.434+0000] {logging_mixin.py:190} INFO - [2024-09-22T16:29:27.431+0000] {dag.py:4180} INFO - Setting next_dagrun for dag1.1 to 2024-09-22 01:00:00+00:00, run_after=2024-09-23 01:00:00+00:00
[2024-09-22T16:29:27.469+0000] {processor.py:208} INFO - Processing /opt/airflow/dags/dag1.1.py took 8.641 seconds
[2024-09-22T16:29:57.748+0000] {processor.py:186} INFO - Started process (PID=151) to work on /opt/airflow/dags/dag1.1.py
[2024-09-22T16:29:57.749+0000] {processor.py:914} INFO - Processing file /opt/airflow/dags/dag1.1.py for tasks to queue
[2024-09-22T16:29:57.753+0000] {logging_mixin.py:190} INFO - [2024-09-22T16:29:57.753+0000] {dagbag.py:588} INFO - Filling up the DagBag from /opt/airflow/dags/dag1.1.py
[2024-09-22T16:29:57.792+0000] {processor.py:925} INFO - DAG(s) 'dag1.1' retrieved from /opt/airflow/dags/dag1.1.py
[2024-09-22T16:29:57.846+0000] {logging_mixin.py:190} INFO - [2024-09-22T16:29:57.846+0000] {dag.py:3239} INFO - Sync 1 DAGs
[2024-09-22T16:29:58.126+0000] {logging_mixin.py:190} INFO - [2024-09-22T16:29:58.125+0000] {dag.py:4180} INFO - Setting next_dagrun for dag1.1 to 2024-09-22 01:00:00+00:00, run_after=2024-09-23 01:00:00+00:00
[2024-09-22T16:29:58.150+0000] {processor.py:208} INFO - Processing /opt/airflow/dags/dag1.1.py took 0.410 seconds
[2024-09-22T16:30:28.433+0000] {processor.py:186} INFO - Started process (PID=160) to work on /opt/airflow/dags/dag1.1.py
[2024-09-22T16:30:28.434+0000] {processor.py:914} INFO - Processing file /opt/airflow/dags/dag1.1.py for tasks to queue
[2024-09-22T16:30:28.437+0000] {logging_mixin.py:190} INFO - [2024-09-22T16:30:28.436+0000] {dagbag.py:588} INFO - Filling up the DagBag from /opt/airflow/dags/dag1.1.py
[2024-09-22T16:30:28.469+0000] {processor.py:925} INFO - DAG(s) 'dag1.1' retrieved from /opt/airflow/dags/dag1.1.py
[2024-09-22T16:30:28.509+0000] {logging_mixin.py:190} INFO - [2024-09-22T16:30:28.509+0000] {dag.py:3239} INFO - Sync 1 DAGs
[2024-09-22T16:30:28.537+0000] {logging_mixin.py:190} INFO - [2024-09-22T16:30:28.537+0000] {dag.py:4180} INFO - Setting next_dagrun for dag1.1 to 2024-09-22 01:00:00+00:00, run_after=2024-09-23 01:00:00+00:00
[2024-09-22T16:30:28.561+0000] {processor.py:208} INFO - Processing /opt/airflow/dags/dag1.1.py took 0.136 seconds
[2024-09-22T16:30:58.704+0000] {processor.py:186} INFO - Started process (PID=168) to work on /opt/airflow/dags/dag1.1.py
[2024-09-22T16:30:58.706+0000] {processor.py:914} INFO - Processing file /opt/airflow/dags/dag1.1.py for tasks to queue
[2024-09-22T16:30:58.710+0000] {logging_mixin.py:190} INFO - [2024-09-22T16:30:58.710+0000] {dagbag.py:588} INFO - Filling up the DagBag from /opt/airflow/dags/dag1.1.py
[2024-09-22T16:30:58.747+0000] {processor.py:925} INFO - DAG(s) 'dag1.1' retrieved from /opt/airflow/dags/dag1.1.py
[2024-09-22T16:30:58.786+0000] {logging_mixin.py:190} INFO - [2024-09-22T16:30:58.786+0000] {dag.py:3239} INFO - Sync 1 DAGs
[2024-09-22T16:30:58.831+0000] {logging_mixin.py:190} INFO - [2024-09-22T16:30:58.830+0000] {dag.py:4180} INFO - Setting next_dagrun for dag1.1 to 2024-09-22 01:00:00+00:00, run_after=2024-09-23 01:00:00+00:00
[2024-09-22T16:30:58.856+0000] {processor.py:208} INFO - Processing /opt/airflow/dags/dag1.1.py took 0.162 seconds
[2024-09-22T16:31:29.173+0000] {processor.py:186} INFO - Started process (PID=176) to work on /opt/airflow/dags/dag1.1.py
[2024-09-22T16:31:29.174+0000] {processor.py:914} INFO - Processing file /opt/airflow/dags/dag1.1.py for tasks to queue
[2024-09-22T16:31:29.177+0000] {logging_mixin.py:190} INFO - [2024-09-22T16:31:29.176+0000] {dagbag.py:588} INFO - Filling up the DagBag from /opt/airflow/dags/dag1.1.py
[2024-09-22T16:31:29.204+0000] {processor.py:925} INFO - DAG(s) 'dag1.1' retrieved from /opt/airflow/dags/dag1.1.py
[2024-09-22T16:31:29.245+0000] {logging_mixin.py:190} INFO - [2024-09-22T16:31:29.244+0000] {dag.py:3239} INFO - Sync 1 DAGs
[2024-09-22T16:31:29.272+0000] {logging_mixin.py:190} INFO - [2024-09-22T16:31:29.272+0000] {dag.py:4180} INFO - Setting next_dagrun for dag1.1 to 2024-09-22 01:00:00+00:00, run_after=2024-09-23 01:00:00+00:00
[2024-09-22T16:31:29.296+0000] {processor.py:208} INFO - Processing /opt/airflow/dags/dag1.1.py took 0.130 seconds
[2024-09-22T16:32:02.445+0000] {processor.py:186} INFO - Started process (PID=184) to work on /opt/airflow/dags/dag1.1.py
[2024-09-22T16:32:02.458+0000] {processor.py:914} INFO - Processing file /opt/airflow/dags/dag1.1.py for tasks to queue
[2024-09-22T16:32:02.518+0000] {logging_mixin.py:190} INFO - [2024-09-22T16:32:02.495+0000] {dagbag.py:588} INFO - Filling up the DagBag from /opt/airflow/dags/dag1.1.py
[2024-09-22T16:32:02.766+0000] {processor.py:925} INFO - DAG(s) 'dag1.1' retrieved from /opt/airflow/dags/dag1.1.py
[2024-09-22T16:32:03.491+0000] {logging_mixin.py:190} INFO - [2024-09-22T16:32:03.484+0000] {dag.py:3239} INFO - Sync 1 DAGs
[2024-09-22T16:32:03.559+0000] {logging_mixin.py:190} INFO - [2024-09-22T16:32:03.559+0000] {dag.py:4180} INFO - Setting next_dagrun for dag1.1 to 2024-09-22 01:00:00+00:00, run_after=2024-09-23 01:00:00+00:00
[2024-09-22T16:32:30.716+0000] {processor.py:208} INFO - Processing /opt/airflow/dags/dag1.1.py took 28.356 seconds
[2024-09-22T16:33:01.791+0000] {processor.py:186} INFO - Started process (PID=193) to work on /opt/airflow/dags/dag1.1.py
[2024-09-22T16:33:01.792+0000] {processor.py:914} INFO - Processing file /opt/airflow/dags/dag1.1.py for tasks to queue
[2024-09-22T16:33:01.795+0000] {logging_mixin.py:190} INFO - [2024-09-22T16:33:01.794+0000] {dagbag.py:588} INFO - Filling up the DagBag from /opt/airflow/dags/dag1.1.py
[2024-09-22T16:33:01.823+0000] {processor.py:925} INFO - DAG(s) 'dag1.1' retrieved from /opt/airflow/dags/dag1.1.py
[2024-09-22T16:33:01.853+0000] {logging_mixin.py:190} INFO - [2024-09-22T16:33:01.853+0000] {dag.py:3239} INFO - Sync 1 DAGs
[2024-09-22T16:33:02.043+0000] {logging_mixin.py:190} INFO - [2024-09-22T16:33:02.043+0000] {dag.py:4180} INFO - Setting next_dagrun for dag1.1 to 2024-09-22 01:00:00+00:00, run_after=2024-09-23 01:00:00+00:00
[2024-09-22T16:33:02.067+0000] {processor.py:208} INFO - Processing /opt/airflow/dags/dag1.1.py took 0.281 seconds
[2024-09-22T16:33:37.502+0000] {processor.py:186} INFO - Started process (PID=200) to work on /opt/airflow/dags/dag1.1.py
[2024-09-22T16:33:37.508+0000] {processor.py:914} INFO - Processing file /opt/airflow/dags/dag1.1.py for tasks to queue
[2024-09-22T16:33:37.516+0000] {logging_mixin.py:190} INFO - [2024-09-22T16:33:37.515+0000] {dagbag.py:588} INFO - Filling up the DagBag from /opt/airflow/dags/dag1.1.py
[2024-09-22T16:33:37.620+0000] {processor.py:925} INFO - DAG(s) 'dag1.1' retrieved from /opt/airflow/dags/dag1.1.py
[2024-09-22T16:33:37.872+0000] {logging_mixin.py:190} INFO - [2024-09-22T16:33:37.871+0000] {dag.py:3239} INFO - Sync 1 DAGs
[2024-09-22T16:33:38.217+0000] {logging_mixin.py:190} INFO - [2024-09-22T16:33:38.212+0000] {dag.py:4180} INFO - Setting next_dagrun for dag1.1 to 2024-09-22 01:00:00+00:00, run_after=2024-09-23 01:00:00+00:00
[2024-09-22T16:33:38.277+0000] {processor.py:208} INFO - Processing /opt/airflow/dags/dag1.1.py took 5.950 seconds
[2024-09-22T16:34:08.622+0000] {processor.py:186} INFO - Started process (PID=208) to work on /opt/airflow/dags/dag1.1.py
[2024-09-22T16:34:08.624+0000] {processor.py:914} INFO - Processing file /opt/airflow/dags/dag1.1.py for tasks to queue
[2024-09-22T16:34:08.633+0000] {logging_mixin.py:190} INFO - [2024-09-22T16:34:08.629+0000] {dagbag.py:588} INFO - Filling up the DagBag from /opt/airflow/dags/dag1.1.py
[2024-09-22T16:34:08.710+0000] {processor.py:925} INFO - DAG(s) 'dag1.1' retrieved from /opt/airflow/dags/dag1.1.py
[2024-09-22T16:34:08.756+0000] {logging_mixin.py:190} INFO - [2024-09-22T16:34:08.755+0000] {dag.py:3239} INFO - Sync 1 DAGs
[2024-09-22T16:34:08.789+0000] {logging_mixin.py:190} INFO - [2024-09-22T16:34:08.788+0000] {dag.py:4180} INFO - Setting next_dagrun for dag1.1 to 2024-09-22 01:00:00+00:00, run_after=2024-09-23 01:00:00+00:00
[2024-09-22T16:34:08.821+0000] {processor.py:208} INFO - Processing /opt/airflow/dags/dag1.1.py took 0.210 seconds
[2024-09-22T16:34:39.133+0000] {processor.py:186} INFO - Started process (PID=216) to work on /opt/airflow/dags/dag1.1.py
[2024-09-22T16:34:39.135+0000] {processor.py:914} INFO - Processing file /opt/airflow/dags/dag1.1.py for tasks to queue
[2024-09-22T16:34:39.137+0000] {logging_mixin.py:190} INFO - [2024-09-22T16:34:39.137+0000] {dagbag.py:588} INFO - Filling up the DagBag from /opt/airflow/dags/dag1.1.py
[2024-09-22T16:34:39.182+0000] {processor.py:925} INFO - DAG(s) 'dag1.1' retrieved from /opt/airflow/dags/dag1.1.py
[2024-09-22T16:34:39.216+0000] {logging_mixin.py:190} INFO - [2024-09-22T16:34:39.215+0000] {dag.py:3239} INFO - Sync 1 DAGs
[2024-09-22T16:34:39.270+0000] {logging_mixin.py:190} INFO - [2024-09-22T16:34:39.270+0000] {dag.py:4180} INFO - Setting next_dagrun for dag1.1 to 2024-09-22 01:00:00+00:00, run_after=2024-09-23 01:00:00+00:00
[2024-09-22T16:34:39.293+0000] {processor.py:208} INFO - Processing /opt/airflow/dags/dag1.1.py took 0.165 seconds
[2024-09-22T16:36:43.972+0000] {processor.py:186} INFO - Started process (PID=63) to work on /opt/airflow/dags/dag1.1.py
[2024-09-22T16:36:44.022+0000] {processor.py:914} INFO - Processing file /opt/airflow/dags/dag1.1.py for tasks to queue
[2024-09-22T16:36:44.123+0000] {logging_mixin.py:190} INFO - [2024-09-22T16:36:44.092+0000] {dagbag.py:588} INFO - Filling up the DagBag from /opt/airflow/dags/dag1.1.py
[2024-09-22T16:36:44.345+0000] {processor.py:925} INFO - DAG(s) 'dag1.1' retrieved from /opt/airflow/dags/dag1.1.py
[2024-09-22T16:36:45.410+0000] {logging_mixin.py:190} INFO - [2024-09-22T16:36:45.410+0000] {dag.py:3239} INFO - Sync 1 DAGs
[2024-09-22T16:36:45.489+0000] {logging_mixin.py:190} INFO - [2024-09-22T16:36:45.488+0000] {dag.py:4180} INFO - Setting next_dagrun for dag1.1 to 2024-09-22 01:00:00+00:00, run_after=2024-09-23 01:00:00+00:00
[2024-09-22T16:36:45.546+0000] {processor.py:208} INFO - Processing /opt/airflow/dags/dag1.1.py took 1.842 seconds
[2024-09-22T16:37:16.033+0000] {processor.py:186} INFO - Started process (PID=72) to work on /opt/airflow/dags/dag1.1.py
[2024-09-22T16:37:16.038+0000] {processor.py:914} INFO - Processing file /opt/airflow/dags/dag1.1.py for tasks to queue
[2024-09-22T16:37:16.067+0000] {logging_mixin.py:190} INFO - [2024-09-22T16:37:16.066+0000] {dagbag.py:588} INFO - Filling up the DagBag from /opt/airflow/dags/dag1.1.py
[2024-09-22T16:37:16.098+0000] {processor.py:925} INFO - DAG(s) 'dag1.1' retrieved from /opt/airflow/dags/dag1.1.py
[2024-09-22T16:37:16.133+0000] {logging_mixin.py:190} INFO - [2024-09-22T16:37:16.132+0000] {dag.py:3239} INFO - Sync 1 DAGs
[2024-09-22T16:37:16.192+0000] {logging_mixin.py:190} INFO - [2024-09-22T16:37:16.192+0000] {dag.py:4180} INFO - Setting next_dagrun for dag1.1 to 2024-09-22 01:00:00+00:00, run_after=2024-09-23 01:00:00+00:00
[2024-09-22T16:37:16.226+0000] {processor.py:208} INFO - Processing /opt/airflow/dags/dag1.1.py took 0.214 seconds
[2024-09-22T16:37:50.060+0000] {processor.py:186} INFO - Started process (PID=73) to work on /opt/airflow/dags/dag1.1.py
[2024-09-22T16:37:50.062+0000] {processor.py:914} INFO - Processing file /opt/airflow/dags/dag1.1.py for tasks to queue
[2024-09-22T16:37:50.066+0000] {logging_mixin.py:190} INFO - [2024-09-22T16:37:50.065+0000] {dagbag.py:588} INFO - Filling up the DagBag from /opt/airflow/dags/dag1.1.py
[2024-09-22T16:37:50.155+0000] {processor.py:925} INFO - DAG(s) 'dag1.1' retrieved from /opt/airflow/dags/dag1.1.py
[2024-09-22T16:37:50.499+0000] {logging_mixin.py:190} INFO - [2024-09-22T16:37:50.497+0000] {dag.py:3239} INFO - Sync 1 DAGs
[2024-09-22T16:37:50.560+0000] {logging_mixin.py:190} INFO - [2024-09-22T16:37:50.560+0000] {dag.py:4180} INFO - Setting next_dagrun for dag1.1 to 2024-09-22 01:00:00+00:00, run_after=2024-09-23 01:00:00+00:00
[2024-09-22T16:37:50.611+0000] {processor.py:208} INFO - Processing /opt/airflow/dags/dag1.1.py took 0.596 seconds
[2024-09-22T16:38:21.663+0000] {processor.py:186} INFO - Started process (PID=86) to work on /opt/airflow/dags/dag1.1.py
[2024-09-22T16:38:21.664+0000] {processor.py:914} INFO - Processing file /opt/airflow/dags/dag1.1.py for tasks to queue
[2024-09-22T16:38:21.669+0000] {logging_mixin.py:190} INFO - [2024-09-22T16:38:21.668+0000] {dagbag.py:588} INFO - Filling up the DagBag from /opt/airflow/dags/dag1.1.py
[2024-09-22T16:38:21.700+0000] {processor.py:925} INFO - DAG(s) 'dag1.1' retrieved from /opt/airflow/dags/dag1.1.py
[2024-09-22T16:38:21.735+0000] {logging_mixin.py:190} INFO - [2024-09-22T16:38:21.735+0000] {dag.py:3239} INFO - Sync 1 DAGs
[2024-09-22T16:38:21.764+0000] {logging_mixin.py:190} INFO - [2024-09-22T16:38:21.764+0000] {dag.py:4180} INFO - Setting next_dagrun for dag1.1 to 2024-09-22 01:00:00+00:00, run_after=2024-09-23 01:00:00+00:00
[2024-09-22T16:38:21.791+0000] {processor.py:208} INFO - Processing /opt/airflow/dags/dag1.1.py took 0.134 seconds
[2024-09-22T16:38:53.701+0000] {processor.py:186} INFO - Started process (PID=88) to work on /opt/airflow/dags/dag1.1.py
[2024-09-22T16:38:53.705+0000] {processor.py:914} INFO - Processing file /opt/airflow/dags/dag1.1.py for tasks to queue
[2024-09-22T16:38:53.710+0000] {logging_mixin.py:190} INFO - [2024-09-22T16:38:53.709+0000] {dagbag.py:588} INFO - Filling up the DagBag from /opt/airflow/dags/dag1.1.py
[2024-09-22T16:38:53.789+0000] {processor.py:925} INFO - DAG(s) 'dag1.1' retrieved from /opt/airflow/dags/dag1.1.py
[2024-09-22T16:38:53.995+0000] {logging_mixin.py:190} INFO - [2024-09-22T16:38:53.994+0000] {dag.py:3239} INFO - Sync 1 DAGs
[2024-09-22T16:38:54.035+0000] {logging_mixin.py:190} INFO - [2024-09-22T16:38:54.034+0000] {dag.py:4180} INFO - Setting next_dagrun for dag1.1 to 2024-09-22 01:00:00+00:00, run_after=2024-09-23 01:00:00+00:00
[2024-09-22T16:38:54.080+0000] {processor.py:208} INFO - Processing /opt/airflow/dags/dag1.1.py took 2.097 seconds
[2024-09-22T16:39:33.247+0000] {processor.py:186} INFO - Started process (PID=96) to work on /opt/airflow/dags/dag1.1.py
[2024-09-22T16:39:33.252+0000] {processor.py:914} INFO - Processing file /opt/airflow/dags/dag1.1.py for tasks to queue
[2024-09-22T16:39:33.268+0000] {logging_mixin.py:190} INFO - [2024-09-22T16:39:33.267+0000] {dagbag.py:588} INFO - Filling up the DagBag from /opt/airflow/dags/dag1.1.py
[2024-09-22T16:39:33.372+0000] {processor.py:925} INFO - DAG(s) 'dag1.1' retrieved from /opt/airflow/dags/dag1.1.py
[2024-09-22T16:39:33.747+0000] {logging_mixin.py:190} INFO - [2024-09-22T16:39:33.746+0000] {dag.py:3239} INFO - Sync 1 DAGs
[2024-09-22T16:39:33.804+0000] {logging_mixin.py:190} INFO - [2024-09-22T16:39:33.804+0000] {dag.py:4180} INFO - Setting next_dagrun for dag1.1 to 2024-09-22 01:00:00+00:00, run_after=2024-09-23 01:00:00+00:00
[2024-09-22T16:39:33.839+0000] {processor.py:208} INFO - Processing /opt/airflow/dags/dag1.1.py took 0.640 seconds
[2024-09-22T16:40:04.289+0000] {processor.py:186} INFO - Started process (PID=104) to work on /opt/airflow/dags/dag1.1.py
[2024-09-22T16:40:04.299+0000] {processor.py:914} INFO - Processing file /opt/airflow/dags/dag1.1.py for tasks to queue
[2024-09-22T16:40:04.315+0000] {logging_mixin.py:190} INFO - [2024-09-22T16:40:04.313+0000] {dagbag.py:588} INFO - Filling up the DagBag from /opt/airflow/dags/dag1.1.py
[2024-09-22T16:40:04.526+0000] {processor.py:925} INFO - DAG(s) 'dag1.1' retrieved from /opt/airflow/dags/dag1.1.py
[2024-09-22T16:40:04.778+0000] {logging_mixin.py:190} INFO - [2024-09-22T16:40:04.778+0000] {dag.py:3239} INFO - Sync 1 DAGs
[2024-09-22T16:40:04.869+0000] {logging_mixin.py:190} INFO - [2024-09-22T16:40:04.869+0000] {dag.py:4180} INFO - Setting next_dagrun for dag1.1 to 2024-09-22 01:00:00+00:00, run_after=2024-09-23 01:00:00+00:00
[2024-09-22T16:40:04.941+0000] {processor.py:208} INFO - Processing /opt/airflow/dags/dag1.1.py took 0.699 seconds
[2024-09-22T16:40:35.268+0000] {processor.py:186} INFO - Started process (PID=117) to work on /opt/airflow/dags/dag1.1.py
[2024-09-22T16:40:35.269+0000] {processor.py:914} INFO - Processing file /opt/airflow/dags/dag1.1.py for tasks to queue
[2024-09-22T16:40:35.273+0000] {logging_mixin.py:190} INFO - [2024-09-22T16:40:35.272+0000] {dagbag.py:588} INFO - Filling up the DagBag from /opt/airflow/dags/dag1.1.py
[2024-09-22T16:40:35.310+0000] {processor.py:925} INFO - DAG(s) 'dag1.1' retrieved from /opt/airflow/dags/dag1.1.py
[2024-09-22T16:40:35.356+0000] {logging_mixin.py:190} INFO - [2024-09-22T16:40:35.356+0000] {dag.py:3239} INFO - Sync 1 DAGs
[2024-09-22T16:40:35.386+0000] {logging_mixin.py:190} INFO - [2024-09-22T16:40:35.386+0000] {dag.py:4180} INFO - Setting next_dagrun for dag1.1 to 2024-09-22 01:00:00+00:00, run_after=2024-09-23 01:00:00+00:00
[2024-09-22T16:40:35.416+0000] {processor.py:208} INFO - Processing /opt/airflow/dags/dag1.1.py took 0.158 seconds
[2024-09-22T16:41:05.643+0000] {processor.py:186} INFO - Started process (PID=125) to work on /opt/airflow/dags/dag1.1.py
[2024-09-22T16:41:05.645+0000] {processor.py:914} INFO - Processing file /opt/airflow/dags/dag1.1.py for tasks to queue
[2024-09-22T16:41:05.649+0000] {logging_mixin.py:190} INFO - [2024-09-22T16:41:05.649+0000] {dagbag.py:588} INFO - Filling up the DagBag from /opt/airflow/dags/dag1.1.py
[2024-09-22T16:41:05.675+0000] {processor.py:925} INFO - DAG(s) 'dag1.1' retrieved from /opt/airflow/dags/dag1.1.py
[2024-09-22T16:41:05.705+0000] {logging_mixin.py:190} INFO - [2024-09-22T16:41:05.705+0000] {dag.py:3239} INFO - Sync 1 DAGs
[2024-09-22T16:41:05.732+0000] {logging_mixin.py:190} INFO - [2024-09-22T16:41:05.732+0000] {dag.py:4180} INFO - Setting next_dagrun for dag1.1 to 2024-09-22 01:00:00+00:00, run_after=2024-09-23 01:00:00+00:00
[2024-09-22T16:41:05.756+0000] {processor.py:208} INFO - Processing /opt/airflow/dags/dag1.1.py took 0.120 seconds
[2024-09-22T16:41:35.929+0000] {processor.py:186} INFO - Started process (PID=133) to work on /opt/airflow/dags/dag1.1.py
[2024-09-22T16:41:35.930+0000] {processor.py:914} INFO - Processing file /opt/airflow/dags/dag1.1.py for tasks to queue
[2024-09-22T16:41:35.933+0000] {logging_mixin.py:190} INFO - [2024-09-22T16:41:35.933+0000] {dagbag.py:588} INFO - Filling up the DagBag from /opt/airflow/dags/dag1.1.py
[2024-09-22T16:41:35.956+0000] {processor.py:925} INFO - DAG(s) 'dag1.1' retrieved from /opt/airflow/dags/dag1.1.py
[2024-09-22T16:41:35.984+0000] {logging_mixin.py:190} INFO - [2024-09-22T16:41:35.984+0000] {dag.py:3239} INFO - Sync 1 DAGs
[2024-09-22T16:41:36.021+0000] {logging_mixin.py:190} INFO - [2024-09-22T16:41:36.021+0000] {dag.py:4180} INFO - Setting next_dagrun for dag1.1 to 2024-09-22 01:00:00+00:00, run_after=2024-09-23 01:00:00+00:00
[2024-09-22T16:41:36.043+0000] {processor.py:208} INFO - Processing /opt/airflow/dags/dag1.1.py took 0.122 seconds
[2024-09-22T16:42:06.487+0000] {processor.py:186} INFO - Started process (PID=141) to work on /opt/airflow/dags/dag1.1.py
[2024-09-22T16:42:06.488+0000] {processor.py:914} INFO - Processing file /opt/airflow/dags/dag1.1.py for tasks to queue
[2024-09-22T16:42:06.493+0000] {logging_mixin.py:190} INFO - [2024-09-22T16:42:06.492+0000] {dagbag.py:588} INFO - Filling up the DagBag from /opt/airflow/dags/dag1.1.py
[2024-09-22T16:42:06.519+0000] {processor.py:925} INFO - DAG(s) 'dag1.1' retrieved from /opt/airflow/dags/dag1.1.py
[2024-09-22T16:42:06.548+0000] {logging_mixin.py:190} INFO - [2024-09-22T16:42:06.548+0000] {dag.py:3239} INFO - Sync 1 DAGs
[2024-09-22T16:42:06.581+0000] {logging_mixin.py:190} INFO - [2024-09-22T16:42:06.580+0000] {dag.py:4180} INFO - Setting next_dagrun for dag1.1 to 2024-09-22 01:00:00+00:00, run_after=2024-09-23 01:00:00+00:00
[2024-09-22T16:42:08.590+0000] {processor.py:208} INFO - Processing /opt/airflow/dags/dag1.1.py took 2.111 seconds
[2024-09-22T16:42:38.790+0000] {processor.py:186} INFO - Started process (PID=149) to work on /opt/airflow/dags/dag1.1.py
[2024-09-22T16:42:38.791+0000] {processor.py:914} INFO - Processing file /opt/airflow/dags/dag1.1.py for tasks to queue
[2024-09-22T16:42:38.795+0000] {logging_mixin.py:190} INFO - [2024-09-22T16:42:38.794+0000] {dagbag.py:588} INFO - Filling up the DagBag from /opt/airflow/dags/dag1.1.py
[2024-09-22T16:42:38.815+0000] {processor.py:925} INFO - DAG(s) 'dag1.1' retrieved from /opt/airflow/dags/dag1.1.py
[2024-09-22T16:42:38.853+0000] {logging_mixin.py:190} INFO - [2024-09-22T16:42:38.853+0000] {dag.py:3239} INFO - Sync 1 DAGs
[2024-09-22T16:42:39.057+0000] {logging_mixin.py:190} INFO - [2024-09-22T16:42:39.057+0000] {dag.py:4180} INFO - Setting next_dagrun for dag1.1 to 2024-09-22 01:00:00+00:00, run_after=2024-09-23 01:00:00+00:00
[2024-09-22T16:42:39.081+0000] {processor.py:208} INFO - Processing /opt/airflow/dags/dag1.1.py took 0.298 seconds
[2024-09-22T16:43:09.149+0000] {processor.py:186} INFO - Started process (PID=157) to work on /opt/airflow/dags/dag1.1.py
[2024-09-22T16:43:09.151+0000] {processor.py:914} INFO - Processing file /opt/airflow/dags/dag1.1.py for tasks to queue
[2024-09-22T16:43:09.154+0000] {logging_mixin.py:190} INFO - [2024-09-22T16:43:09.154+0000] {dagbag.py:588} INFO - Filling up the DagBag from /opt/airflow/dags/dag1.1.py
[2024-09-22T16:43:09.176+0000] {processor.py:925} INFO - DAG(s) 'dag1.1' retrieved from /opt/airflow/dags/dag1.1.py
[2024-09-22T16:43:09.209+0000] {logging_mixin.py:190} INFO - [2024-09-22T16:43:09.209+0000] {dag.py:3239} INFO - Sync 1 DAGs
[2024-09-22T16:43:09.236+0000] {logging_mixin.py:190} INFO - [2024-09-22T16:43:09.235+0000] {dag.py:4180} INFO - Setting next_dagrun for dag1.1 to 2024-09-22 01:00:00+00:00, run_after=2024-09-23 01:00:00+00:00
[2024-09-22T16:43:09.259+0000] {processor.py:208} INFO - Processing /opt/airflow/dags/dag1.1.py took 0.117 seconds
[2024-09-22T16:43:39.438+0000] {processor.py:186} INFO - Started process (PID=165) to work on /opt/airflow/dags/dag1.1.py
[2024-09-22T16:43:39.440+0000] {processor.py:914} INFO - Processing file /opt/airflow/dags/dag1.1.py for tasks to queue
[2024-09-22T16:43:39.442+0000] {logging_mixin.py:190} INFO - [2024-09-22T16:43:39.442+0000] {dagbag.py:588} INFO - Filling up the DagBag from /opt/airflow/dags/dag1.1.py
[2024-09-22T16:43:39.480+0000] {processor.py:925} INFO - DAG(s) 'dag1.1' retrieved from /opt/airflow/dags/dag1.1.py
[2024-09-22T16:43:39.515+0000] {logging_mixin.py:190} INFO - [2024-09-22T16:43:39.514+0000] {dag.py:3239} INFO - Sync 1 DAGs
[2024-09-22T16:43:39.539+0000] {logging_mixin.py:190} INFO - [2024-09-22T16:43:39.539+0000] {dag.py:4180} INFO - Setting next_dagrun for dag1.1 to 2024-09-22 01:00:00+00:00, run_after=2024-09-23 01:00:00+00:00
[2024-09-22T16:43:39.562+0000] {processor.py:208} INFO - Processing /opt/airflow/dags/dag1.1.py took 0.131 seconds
[2024-09-22T16:44:09.812+0000] {processor.py:186} INFO - Started process (PID=173) to work on /opt/airflow/dags/dag1.1.py
[2024-09-22T16:44:09.813+0000] {processor.py:914} INFO - Processing file /opt/airflow/dags/dag1.1.py for tasks to queue
[2024-09-22T16:44:09.816+0000] {logging_mixin.py:190} INFO - [2024-09-22T16:44:09.815+0000] {dagbag.py:588} INFO - Filling up the DagBag from /opt/airflow/dags/dag1.1.py
[2024-09-22T16:44:09.842+0000] {processor.py:925} INFO - DAG(s) 'dag1.1' retrieved from /opt/airflow/dags/dag1.1.py
[2024-09-22T16:44:09.899+0000] {logging_mixin.py:190} INFO - [2024-09-22T16:44:09.899+0000] {dag.py:3239} INFO - Sync 1 DAGs
[2024-09-22T16:44:09.927+0000] {logging_mixin.py:190} INFO - [2024-09-22T16:44:09.927+0000] {dag.py:4180} INFO - Setting next_dagrun for dag1.1 to 2024-09-22 01:00:00+00:00, run_after=2024-09-23 01:00:00+00:00
[2024-09-22T16:44:09.952+0000] {processor.py:208} INFO - Processing /opt/airflow/dags/dag1.1.py took 0.146 seconds
[2024-09-22T16:44:40.382+0000] {processor.py:186} INFO - Started process (PID=181) to work on /opt/airflow/dags/dag1.1.py
[2024-09-22T16:44:40.398+0000] {processor.py:914} INFO - Processing file /opt/airflow/dags/dag1.1.py for tasks to queue
[2024-09-22T16:44:40.439+0000] {logging_mixin.py:190} INFO - [2024-09-22T16:44:40.433+0000] {dagbag.py:588} INFO - Filling up the DagBag from /opt/airflow/dags/dag1.1.py
[2024-09-22T16:44:40.577+0000] {processor.py:925} INFO - DAG(s) 'dag1.1' retrieved from /opt/airflow/dags/dag1.1.py
[2024-09-22T16:44:44.800+0000] {logging_mixin.py:190} INFO - [2024-09-22T16:44:44.799+0000] {dag.py:3239} INFO - Sync 1 DAGs
[2024-09-22T16:44:44.879+0000] {logging_mixin.py:190} INFO - [2024-09-22T16:44:44.879+0000] {dag.py:4180} INFO - Setting next_dagrun for dag1.1 to 2024-09-22 01:00:00+00:00, run_after=2024-09-23 01:00:00+00:00
[2024-09-22T16:44:44.927+0000] {processor.py:208} INFO - Processing /opt/airflow/dags/dag1.1.py took 4.745 seconds
[2024-09-22T16:45:15.570+0000] {processor.py:186} INFO - Started process (PID=189) to work on /opt/airflow/dags/dag1.1.py
[2024-09-22T16:45:15.574+0000] {processor.py:914} INFO - Processing file /opt/airflow/dags/dag1.1.py for tasks to queue
[2024-09-22T16:45:15.577+0000] {logging_mixin.py:190} INFO - [2024-09-22T16:45:15.576+0000] {dagbag.py:588} INFO - Filling up the DagBag from /opt/airflow/dags/dag1.1.py
[2024-09-22T16:45:15.619+0000] {processor.py:925} INFO - DAG(s) 'dag1.1' retrieved from /opt/airflow/dags/dag1.1.py
[2024-09-22T16:45:15.673+0000] {logging_mixin.py:190} INFO - [2024-09-22T16:45:15.673+0000] {dag.py:3239} INFO - Sync 1 DAGs
[2024-09-22T16:45:15.703+0000] {logging_mixin.py:190} INFO - [2024-09-22T16:45:15.703+0000] {dag.py:4180} INFO - Setting next_dagrun for dag1.1 to 2024-09-22 01:00:00+00:00, run_after=2024-09-23 01:00:00+00:00
[2024-09-22T16:45:16.739+0000] {processor.py:208} INFO - Processing /opt/airflow/dags/dag1.1.py took 1.176 seconds
[2024-09-22T16:45:51.424+0000] {processor.py:186} INFO - Started process (PID=197) to work on /opt/airflow/dags/dag1.1.py
[2024-09-22T16:45:51.433+0000] {processor.py:914} INFO - Processing file /opt/airflow/dags/dag1.1.py for tasks to queue
[2024-09-22T16:45:51.467+0000] {logging_mixin.py:190} INFO - [2024-09-22T16:45:51.464+0000] {dagbag.py:588} INFO - Filling up the DagBag from /opt/airflow/dags/dag1.1.py
[2024-09-22T16:45:51.672+0000] {processor.py:925} INFO - DAG(s) 'dag1.1' retrieved from /opt/airflow/dags/dag1.1.py
[2024-09-22T16:45:52.099+0000] {logging_mixin.py:190} INFO - [2024-09-22T16:45:52.098+0000] {dag.py:3239} INFO - Sync 1 DAGs
[2024-09-22T16:45:52.429+0000] {logging_mixin.py:190} INFO - [2024-09-22T16:45:52.429+0000] {dag.py:4180} INFO - Setting next_dagrun for dag1.1 to 2024-09-22 01:00:00+00:00, run_after=2024-09-23 01:00:00+00:00
[2024-09-22T16:45:52.470+0000] {processor.py:208} INFO - Processing /opt/airflow/dags/dag1.1.py took 1.114 seconds
[2024-09-22T16:46:22.797+0000] {processor.py:186} INFO - Started process (PID=206) to work on /opt/airflow/dags/dag1.1.py
[2024-09-22T16:46:22.798+0000] {processor.py:914} INFO - Processing file /opt/airflow/dags/dag1.1.py for tasks to queue
[2024-09-22T16:46:22.801+0000] {logging_mixin.py:190} INFO - [2024-09-22T16:46:22.800+0000] {dagbag.py:588} INFO - Filling up the DagBag from /opt/airflow/dags/dag1.1.py
[2024-09-22T16:46:22.831+0000] {processor.py:925} INFO - DAG(s) 'dag1.1' retrieved from /opt/airflow/dags/dag1.1.py
[2024-09-22T16:46:22.881+0000] {logging_mixin.py:190} INFO - [2024-09-22T16:46:22.881+0000] {dag.py:3239} INFO - Sync 1 DAGs
[2024-09-22T16:46:22.934+0000] {logging_mixin.py:190} INFO - [2024-09-22T16:46:22.934+0000] {dag.py:4180} INFO - Setting next_dagrun for dag1.1 to 2024-09-22 01:00:00+00:00, run_after=2024-09-23 01:00:00+00:00
[2024-09-22T16:46:22.964+0000] {processor.py:208} INFO - Processing /opt/airflow/dags/dag1.1.py took 0.174 seconds
[2024-09-22T16:46:53.109+0000] {processor.py:186} INFO - Started process (PID=214) to work on /opt/airflow/dags/dag1.1.py
[2024-09-22T16:46:53.110+0000] {processor.py:914} INFO - Processing file /opt/airflow/dags/dag1.1.py for tasks to queue
[2024-09-22T16:46:53.113+0000] {logging_mixin.py:190} INFO - [2024-09-22T16:46:53.113+0000] {dagbag.py:588} INFO - Filling up the DagBag from /opt/airflow/dags/dag1.1.py
[2024-09-22T16:46:53.131+0000] {processor.py:925} INFO - DAG(s) 'dag1.1' retrieved from /opt/airflow/dags/dag1.1.py
[2024-09-22T16:46:53.160+0000] {logging_mixin.py:190} INFO - [2024-09-22T16:46:53.160+0000] {dag.py:3239} INFO - Sync 1 DAGs
[2024-09-22T16:46:53.186+0000] {logging_mixin.py:190} INFO - [2024-09-22T16:46:53.186+0000] {dag.py:4180} INFO - Setting next_dagrun for dag1.1 to 2024-09-22 01:00:00+00:00, run_after=2024-09-23 01:00:00+00:00
[2024-09-22T16:46:53.207+0000] {processor.py:208} INFO - Processing /opt/airflow/dags/dag1.1.py took 0.102 seconds
[2024-09-22T16:47:23.517+0000] {processor.py:186} INFO - Started process (PID=223) to work on /opt/airflow/dags/dag1.1.py
[2024-09-22T16:47:23.519+0000] {processor.py:914} INFO - Processing file /opt/airflow/dags/dag1.1.py for tasks to queue
[2024-09-22T16:47:23.523+0000] {logging_mixin.py:190} INFO - [2024-09-22T16:47:23.523+0000] {dagbag.py:588} INFO - Filling up the DagBag from /opt/airflow/dags/dag1.1.py
[2024-09-22T16:47:23.545+0000] {processor.py:925} INFO - DAG(s) 'dag1.1' retrieved from /opt/airflow/dags/dag1.1.py
[2024-09-22T16:47:23.572+0000] {logging_mixin.py:190} INFO - [2024-09-22T16:47:23.572+0000] {dag.py:3239} INFO - Sync 1 DAGs
[2024-09-22T16:47:23.599+0000] {logging_mixin.py:190} INFO - [2024-09-22T16:47:23.598+0000] {dag.py:4180} INFO - Setting next_dagrun for dag1.1 to 2024-09-22 01:00:00+00:00, run_after=2024-09-23 01:00:00+00:00
[2024-09-22T16:47:23.622+0000] {processor.py:208} INFO - Processing /opt/airflow/dags/dag1.1.py took 0.112 seconds
[2024-09-22T16:47:53.793+0000] {processor.py:186} INFO - Started process (PID=231) to work on /opt/airflow/dags/dag1.1.py
[2024-09-22T16:47:53.794+0000] {processor.py:914} INFO - Processing file /opt/airflow/dags/dag1.1.py for tasks to queue
[2024-09-22T16:47:53.796+0000] {logging_mixin.py:190} INFO - [2024-09-22T16:47:53.796+0000] {dagbag.py:588} INFO - Filling up the DagBag from /opt/airflow/dags/dag1.1.py
[2024-09-22T16:47:53.818+0000] {processor.py:925} INFO - DAG(s) 'dag1.1' retrieved from /opt/airflow/dags/dag1.1.py
[2024-09-22T16:47:53.848+0000] {logging_mixin.py:190} INFO - [2024-09-22T16:47:53.847+0000] {dag.py:3239} INFO - Sync 1 DAGs
[2024-09-22T16:47:53.877+0000] {logging_mixin.py:190} INFO - [2024-09-22T16:47:53.876+0000] {dag.py:4180} INFO - Setting next_dagrun for dag1.1 to 2024-09-22 01:00:00+00:00, run_after=2024-09-23 01:00:00+00:00
[2024-09-22T16:47:53.902+0000] {processor.py:208} INFO - Processing /opt/airflow/dags/dag1.1.py took 0.114 seconds
[2024-09-22T16:48:24.136+0000] {processor.py:186} INFO - Started process (PID=239) to work on /opt/airflow/dags/dag1.1.py
[2024-09-22T16:48:24.138+0000] {processor.py:914} INFO - Processing file /opt/airflow/dags/dag1.1.py for tasks to queue
[2024-09-22T16:48:24.140+0000] {logging_mixin.py:190} INFO - [2024-09-22T16:48:24.140+0000] {dagbag.py:588} INFO - Filling up the DagBag from /opt/airflow/dags/dag1.1.py
[2024-09-22T16:48:24.166+0000] {processor.py:925} INFO - DAG(s) 'dag1.1' retrieved from /opt/airflow/dags/dag1.1.py
[2024-09-22T16:48:24.200+0000] {logging_mixin.py:190} INFO - [2024-09-22T16:48:24.200+0000] {dag.py:3239} INFO - Sync 1 DAGs
[2024-09-22T16:48:24.382+0000] {logging_mixin.py:190} INFO - [2024-09-22T16:48:24.381+0000] {dag.py:4180} INFO - Setting next_dagrun for dag1.1 to 2024-09-22 01:00:00+00:00, run_after=2024-09-23 01:00:00+00:00
[2024-09-22T16:48:24.403+0000] {processor.py:208} INFO - Processing /opt/airflow/dags/dag1.1.py took 0.272 seconds
[2024-09-22T16:48:54.693+0000] {processor.py:186} INFO - Started process (PID=247) to work on /opt/airflow/dags/dag1.1.py
[2024-09-22T16:48:54.694+0000] {processor.py:914} INFO - Processing file /opt/airflow/dags/dag1.1.py for tasks to queue
[2024-09-22T16:48:54.698+0000] {logging_mixin.py:190} INFO - [2024-09-22T16:48:54.697+0000] {dagbag.py:588} INFO - Filling up the DagBag from /opt/airflow/dags/dag1.1.py
[2024-09-22T16:48:54.723+0000] {processor.py:925} INFO - DAG(s) 'dag1.1' retrieved from /opt/airflow/dags/dag1.1.py
[2024-09-22T16:48:54.755+0000] {logging_mixin.py:190} INFO - [2024-09-22T16:48:54.754+0000] {dag.py:3239} INFO - Sync 1 DAGs
[2024-09-22T16:48:54.935+0000] {logging_mixin.py:190} INFO - [2024-09-22T16:48:54.935+0000] {dag.py:4180} INFO - Setting next_dagrun for dag1.1 to 2024-09-22 01:00:00+00:00, run_after=2024-09-23 01:00:00+00:00
[2024-09-22T16:48:54.961+0000] {processor.py:208} INFO - Processing /opt/airflow/dags/dag1.1.py took 0.275 seconds
[2024-09-22T16:49:25.258+0000] {processor.py:186} INFO - Started process (PID=255) to work on /opt/airflow/dags/dag1.1.py
[2024-09-22T16:49:25.260+0000] {processor.py:914} INFO - Processing file /opt/airflow/dags/dag1.1.py for tasks to queue
[2024-09-22T16:49:25.263+0000] {logging_mixin.py:190} INFO - [2024-09-22T16:49:25.263+0000] {dagbag.py:588} INFO - Filling up the DagBag from /opt/airflow/dags/dag1.1.py
[2024-09-22T16:49:25.293+0000] {processor.py:925} INFO - DAG(s) 'dag1.1' retrieved from /opt/airflow/dags/dag1.1.py
[2024-09-22T16:49:25.333+0000] {logging_mixin.py:190} INFO - [2024-09-22T16:49:25.333+0000] {dag.py:3239} INFO - Sync 1 DAGs
[2024-09-22T16:49:25.361+0000] {logging_mixin.py:190} INFO - [2024-09-22T16:49:25.361+0000] {dag.py:4180} INFO - Setting next_dagrun for dag1.1 to 2024-09-22 01:00:00+00:00, run_after=2024-09-23 01:00:00+00:00
[2024-09-22T16:49:25.384+0000] {processor.py:208} INFO - Processing /opt/airflow/dags/dag1.1.py took 0.132 seconds
[2024-09-22T16:49:55.686+0000] {processor.py:186} INFO - Started process (PID=262) to work on /opt/airflow/dags/dag1.1.py
[2024-09-22T16:49:55.692+0000] {processor.py:914} INFO - Processing file /opt/airflow/dags/dag1.1.py for tasks to queue
[2024-09-22T16:49:55.708+0000] {logging_mixin.py:190} INFO - [2024-09-22T16:49:55.705+0000] {dagbag.py:588} INFO - Filling up the DagBag from /opt/airflow/dags/dag1.1.py
[2024-09-22T16:49:55.834+0000] {processor.py:925} INFO - DAG(s) 'dag1.1' retrieved from /opt/airflow/dags/dag1.1.py
[2024-09-22T16:49:55.963+0000] {logging_mixin.py:190} INFO - [2024-09-22T16:49:55.963+0000] {dag.py:3239} INFO - Sync 1 DAGs
[2024-09-22T16:49:56.035+0000] {logging_mixin.py:190} INFO - [2024-09-22T16:49:56.034+0000] {dag.py:4180} INFO - Setting next_dagrun for dag1.1 to 2024-09-22 01:00:00+00:00, run_after=2024-09-23 01:00:00+00:00
[2024-09-22T16:49:56.087+0000] {processor.py:208} INFO - Processing /opt/airflow/dags/dag1.1.py took 0.432 seconds
[2024-09-22T16:50:26.343+0000] {processor.py:186} INFO - Started process (PID=264) to work on /opt/airflow/dags/dag1.1.py
[2024-09-22T16:50:26.350+0000] {processor.py:914} INFO - Processing file /opt/airflow/dags/dag1.1.py for tasks to queue
[2024-09-22T16:50:26.373+0000] {logging_mixin.py:190} INFO - [2024-09-22T16:50:26.359+0000] {dagbag.py:588} INFO - Filling up the DagBag from /opt/airflow/dags/dag1.1.py
[2024-09-22T16:50:30.586+0000] {processor.py:925} INFO - DAG(s) 'dag1.1' retrieved from /opt/airflow/dags/dag1.1.py
[2024-09-22T16:50:30.945+0000] {logging_mixin.py:190} INFO - [2024-09-22T16:50:30.945+0000] {dag.py:3239} INFO - Sync 1 DAGs
[2024-09-22T16:50:30.986+0000] {logging_mixin.py:190} INFO - [2024-09-22T16:50:30.986+0000] {dag.py:4180} INFO - Setting next_dagrun for dag1.1 to 2024-09-22 01:00:00+00:00, run_after=2024-09-23 01:00:00+00:00
[2024-09-22T16:50:31.016+0000] {processor.py:208} INFO - Processing /opt/airflow/dags/dag1.1.py took 4.722 seconds
[2024-09-22T16:51:01.543+0000] {processor.py:186} INFO - Started process (PID=278) to work on /opt/airflow/dags/dag1.1.py
[2024-09-22T16:51:01.544+0000] {processor.py:914} INFO - Processing file /opt/airflow/dags/dag1.1.py for tasks to queue
[2024-09-22T16:51:01.548+0000] {logging_mixin.py:190} INFO - [2024-09-22T16:51:01.548+0000] {dagbag.py:588} INFO - Filling up the DagBag from /opt/airflow/dags/dag1.1.py
[2024-09-22T16:51:01.583+0000] {processor.py:925} INFO - DAG(s) 'dag1.1' retrieved from /opt/airflow/dags/dag1.1.py
[2024-09-22T16:51:01.631+0000] {logging_mixin.py:190} INFO - [2024-09-22T16:51:01.630+0000] {dag.py:3239} INFO - Sync 1 DAGs
[2024-09-22T16:51:01.664+0000] {logging_mixin.py:190} INFO - [2024-09-22T16:51:01.663+0000] {dag.py:4180} INFO - Setting next_dagrun for dag1.1 to 2024-09-22 01:00:00+00:00, run_after=2024-09-23 01:00:00+00:00
[2024-09-22T16:51:01.693+0000] {processor.py:208} INFO - Processing /opt/airflow/dags/dag1.1.py took 0.158 seconds
[2024-09-22T16:51:31.850+0000] {processor.py:186} INFO - Started process (PID=286) to work on /opt/airflow/dags/dag1.1.py
[2024-09-22T16:51:31.851+0000] {processor.py:914} INFO - Processing file /opt/airflow/dags/dag1.1.py for tasks to queue
[2024-09-22T16:51:31.855+0000] {logging_mixin.py:190} INFO - [2024-09-22T16:51:31.854+0000] {dagbag.py:588} INFO - Filling up the DagBag from /opt/airflow/dags/dag1.1.py
[2024-09-22T16:51:31.881+0000] {processor.py:925} INFO - DAG(s) 'dag1.1' retrieved from /opt/airflow/dags/dag1.1.py
[2024-09-22T16:51:31.910+0000] {logging_mixin.py:190} INFO - [2024-09-22T16:51:31.909+0000] {dag.py:3239} INFO - Sync 1 DAGs
[2024-09-22T16:51:31.939+0000] {logging_mixin.py:190} INFO - [2024-09-22T16:51:31.938+0000] {dag.py:4180} INFO - Setting next_dagrun for dag1.1 to 2024-09-22 01:00:00+00:00, run_after=2024-09-23 01:00:00+00:00
[2024-09-22T16:51:32.931+0000] {processor.py:208} INFO - Processing /opt/airflow/dags/dag1.1.py took 1.088 seconds
[2024-09-22T16:52:03.298+0000] {processor.py:186} INFO - Started process (PID=294) to work on /opt/airflow/dags/dag1.1.py
[2024-09-22T16:52:03.301+0000] {processor.py:914} INFO - Processing file /opt/airflow/dags/dag1.1.py for tasks to queue
[2024-09-22T16:52:03.303+0000] {logging_mixin.py:190} INFO - [2024-09-22T16:52:03.303+0000] {dagbag.py:588} INFO - Filling up the DagBag from /opt/airflow/dags/dag1.1.py
[2024-09-22T16:52:03.328+0000] {processor.py:925} INFO - DAG(s) 'dag1.1' retrieved from /opt/airflow/dags/dag1.1.py
[2024-09-22T16:52:03.363+0000] {logging_mixin.py:190} INFO - [2024-09-22T16:52:03.363+0000] {dag.py:3239} INFO - Sync 1 DAGs
[2024-09-22T16:52:03.586+0000] {logging_mixin.py:190} INFO - [2024-09-22T16:52:03.585+0000] {dag.py:4180} INFO - Setting next_dagrun for dag1.1 to 2024-09-22 01:00:00+00:00, run_after=2024-09-23 01:00:00+00:00
[2024-09-22T16:52:03.607+0000] {processor.py:208} INFO - Processing /opt/airflow/dags/dag1.1.py took 0.320 seconds
[2024-09-22T17:39:33.434+0000] {processor.py:186} INFO - Started process (PID=296) to work on /opt/airflow/dags/dag1.1.py
[2024-09-22T17:39:33.437+0000] {processor.py:914} INFO - Processing file /opt/airflow/dags/dag1.1.py for tasks to queue
[2024-09-22T17:39:33.446+0000] {logging_mixin.py:190} INFO - [2024-09-22T17:39:33.440+0000] {dagbag.py:588} INFO - Filling up the DagBag from /opt/airflow/dags/dag1.1.py
[2024-09-22T17:39:33.551+0000] {processor.py:925} INFO - DAG(s) 'dag1.1' retrieved from /opt/airflow/dags/dag1.1.py
[2024-09-22T17:39:33.650+0000] {logging_mixin.py:190} INFO - [2024-09-22T17:39:33.650+0000] {dag.py:3239} INFO - Sync 1 DAGs
[2024-09-22T17:39:33.745+0000] {logging_mixin.py:190} INFO - [2024-09-22T17:39:33.745+0000] {dag.py:4180} INFO - Setting next_dagrun for dag1.1 to 2024-09-22 01:00:00+00:00, run_after=2024-09-23 01:00:00+00:00
[2024-09-22T17:39:33.815+0000] {processor.py:208} INFO - Processing /opt/airflow/dags/dag1.1.py took 0.396 seconds
[2024-09-22T17:40:04.147+0000] {processor.py:186} INFO - Started process (PID=304) to work on /opt/airflow/dags/dag1.1.py
[2024-09-22T17:40:04.149+0000] {processor.py:914} INFO - Processing file /opt/airflow/dags/dag1.1.py for tasks to queue
[2024-09-22T17:40:04.151+0000] {logging_mixin.py:190} INFO - [2024-09-22T17:40:04.151+0000] {dagbag.py:588} INFO - Filling up the DagBag from /opt/airflow/dags/dag1.1.py
[2024-09-22T17:40:04.186+0000] {processor.py:925} INFO - DAG(s) 'dag1.1' retrieved from /opt/airflow/dags/dag1.1.py
[2024-09-22T17:40:04.220+0000] {logging_mixin.py:190} INFO - [2024-09-22T17:40:04.219+0000] {dag.py:3239} INFO - Sync 1 DAGs
[2024-09-22T17:40:04.268+0000] {logging_mixin.py:190} INFO - [2024-09-22T17:40:04.268+0000] {dag.py:4180} INFO - Setting next_dagrun for dag1.1 to 2024-09-22 01:00:00+00:00, run_after=2024-09-23 01:00:00+00:00
[2024-09-22T17:40:04.293+0000] {processor.py:208} INFO - Processing /opt/airflow/dags/dag1.1.py took 0.151 seconds
[2024-09-22T17:40:36.555+0000] {processor.py:186} INFO - Started process (PID=306) to work on /opt/airflow/dags/dag1.1.py
[2024-09-22T17:40:36.559+0000] {processor.py:914} INFO - Processing file /opt/airflow/dags/dag1.1.py for tasks to queue
[2024-09-22T17:40:36.566+0000] {logging_mixin.py:190} INFO - [2024-09-22T17:40:36.564+0000] {dagbag.py:588} INFO - Filling up the DagBag from /opt/airflow/dags/dag1.1.py
[2024-09-22T17:40:36.641+0000] {processor.py:925} INFO - DAG(s) 'dag1.1' retrieved from /opt/airflow/dags/dag1.1.py
[2024-09-22T17:40:37.001+0000] {logging_mixin.py:190} INFO - [2024-09-22T17:40:37.000+0000] {dag.py:3239} INFO - Sync 1 DAGs
[2024-09-22T17:40:37.063+0000] {logging_mixin.py:190} INFO - [2024-09-22T17:40:37.062+0000] {dag.py:4180} INFO - Setting next_dagrun for dag1.1 to 2024-09-22 01:00:00+00:00, run_after=2024-09-23 01:00:00+00:00
[2024-09-22T17:40:37.102+0000] {processor.py:208} INFO - Processing /opt/airflow/dags/dag1.1.py took 0.569 seconds
[2024-09-22T17:41:14.097+0000] {processor.py:186} INFO - Started process (PID=314) to work on /opt/airflow/dags/dag1.1.py
[2024-09-22T17:41:14.101+0000] {processor.py:914} INFO - Processing file /opt/airflow/dags/dag1.1.py for tasks to queue
[2024-09-22T17:41:14.109+0000] {logging_mixin.py:190} INFO - [2024-09-22T17:41:14.108+0000] {dagbag.py:588} INFO - Filling up the DagBag from /opt/airflow/dags/dag1.1.py
[2024-09-22T17:41:14.200+0000] {processor.py:925} INFO - DAG(s) 'dag1.1' retrieved from /opt/airflow/dags/dag1.1.py
[2024-09-22T17:41:14.420+0000] {logging_mixin.py:190} INFO - [2024-09-22T17:41:14.420+0000] {dag.py:3239} INFO - Sync 1 DAGs
[2024-09-22T17:41:14.469+0000] {logging_mixin.py:190} INFO - [2024-09-22T17:41:14.468+0000] {dag.py:4180} INFO - Setting next_dagrun for dag1.1 to 2024-09-22 01:00:00+00:00, run_after=2024-09-23 01:00:00+00:00
[2024-09-22T17:41:14.498+0000] {processor.py:208} INFO - Processing /opt/airflow/dags/dag1.1.py took 0.451 seconds
