[2024-10-11T15:41:25.554+0000] {local_task_job_runner.py:123} INFO - ::group::Pre task execution logs
[2024-10-11T15:41:25.572+0000] {taskinstance.py:2612} INFO - Dependencies all met for dep_context=non-requeueable deps ti=<TaskInstance: dag1.task1 scheduled__2024-10-11T02:02:00+00:00 [queued]>
[2024-10-11T15:41:25.582+0000] {taskinstance.py:2612} INFO - Dependencies all met for dep_context=requeueable deps ti=<TaskInstance: dag1.task1 scheduled__2024-10-11T02:02:00+00:00 [queued]>
[2024-10-11T15:41:25.583+0000] {taskinstance.py:2865} INFO - Starting attempt 1 of 4
[2024-10-11T15:41:25.599+0000] {taskinstance.py:2888} INFO - Executing <Task(BashOperator): task1> on 2024-10-11 02:02:00+00:00
[2024-10-11T15:41:25.606+0000] {warnings.py:112} WARNING - /home/***/.local/lib/python3.12/site-packages/***/task/task_runner/standard_task_runner.py:70: DeprecationWarning: This process (pid=1383) is multi-threaded, use of fork() may lead to deadlocks in the child.
  pid = os.fork()

[2024-10-11T15:41:25.608+0000] {standard_task_runner.py:72} INFO - Started process 1384 to run task
[2024-10-11T15:41:25.608+0000] {standard_task_runner.py:104} INFO - Running: ['***', 'tasks', 'run', 'dag1', 'task1', 'scheduled__2024-10-11T02:02:00+00:00', '--job-id', '856', '--raw', '--subdir', 'DAGS_FOLDER/dag1.py', '--cfg-path', '/tmp/tmptcdfee1v']
[2024-10-11T15:41:25.609+0000] {standard_task_runner.py:105} INFO - Job 856: Subtask task1
[2024-10-11T15:41:25.659+0000] {task_command.py:467} INFO - Running <TaskInstance: dag1.task1 scheduled__2024-10-11T02:02:00+00:00 [running]> on host 7c444714f472
[2024-10-11T15:41:25.750+0000] {taskinstance.py:3131} INFO - Exporting env vars: AIRFLOW_CTX_DAG_OWNER='etl_user' AIRFLOW_CTX_DAG_ID='dag1' AIRFLOW_CTX_TASK_ID='task1' AIRFLOW_CTX_EXECUTION_DATE='2024-10-11T02:02:00+00:00' AIRFLOW_CTX_TRY_NUMBER='1' AIRFLOW_CTX_DAG_RUN_ID='scheduled__2024-10-11T02:02:00+00:00'
[2024-10-11T15:41:25.751+0000] {taskinstance.py:731} INFO - ::endgroup::
[2024-10-11T15:41:25.764+0000] {subprocess.py:63} INFO - Tmp dir root location: /tmp
[2024-10-11T15:41:25.766+0000] {subprocess.py:75} INFO - Running command: ['/usr/bin/bash', '-c', 'echo hellow']
[2024-10-11T15:41:25.778+0000] {subprocess.py:86} INFO - Output:
[2024-10-11T15:41:25.779+0000] {subprocess.py:93} INFO - hellow
[2024-10-11T15:41:25.780+0000] {subprocess.py:97} INFO - Command exited with return code 0
[2024-10-11T15:41:25.807+0000] {taskinstance.py:340} INFO - ::group::Post task execution logs
[2024-10-11T15:41:25.808+0000] {taskinstance.py:352} INFO - Marking task as SUCCESS. dag_id=dag1, task_id=task1, run_id=scheduled__2024-10-11T02:02:00+00:00, execution_date=20241011T020200, start_date=20241011T154125, end_date=20241011T154125
[2024-10-11T15:41:25.864+0000] {local_task_job_runner.py:266} INFO - Task exited with return code 0
[2024-10-11T15:41:25.887+0000] {taskinstance.py:3900} INFO - 1 downstream tasks scheduled from follow-on schedule check
[2024-10-11T15:41:25.890+0000] {local_task_job_runner.py:245} INFO - ::endgroup::
