[2024-10-11T15:37:03.648+0000] {local_task_job_runner.py:123} INFO - ::group::Pre task execution logs
[2024-10-11T15:37:03.666+0000] {taskinstance.py:2612} INFO - Dependencies all met for dep_context=non-requeueable deps ti=<TaskInstance: dag1.task2 scheduled__2024-10-11T00:52:00+00:00 [queued]>
[2024-10-11T15:37:03.677+0000] {taskinstance.py:2612} INFO - Dependencies all met for dep_context=requeueable deps ti=<TaskInstance: dag1.task2 scheduled__2024-10-11T00:52:00+00:00 [queued]>
[2024-10-11T15:37:03.678+0000] {taskinstance.py:2865} INFO - Starting attempt 1 of 4
[2024-10-11T15:37:03.692+0000] {taskinstance.py:2888} INFO - Executing <Task(BashOperator): task2> on 2024-10-11 00:52:00+00:00
[2024-10-11T15:37:03.698+0000] {warnings.py:112} WARNING - /home/***/.local/lib/python3.12/site-packages/***/task/task_runner/standard_task_runner.py:70: DeprecationWarning: This process (pid=778) is multi-threaded, use of fork() may lead to deadlocks in the child.
  pid = os.fork()

[2024-10-11T15:37:03.700+0000] {standard_task_runner.py:72} INFO - Started process 779 to run task
[2024-10-11T15:37:03.700+0000] {standard_task_runner.py:104} INFO - Running: ['***', 'tasks', 'run', 'dag1', 'task2', 'scheduled__2024-10-11T00:52:00+00:00', '--job-id', '717', '--raw', '--subdir', 'DAGS_FOLDER/dag1.py', '--cfg-path', '/tmp/tmp_21qjkaw']
[2024-10-11T15:37:03.701+0000] {standard_task_runner.py:105} INFO - Job 717: Subtask task2
[2024-10-11T15:37:03.752+0000] {task_command.py:467} INFO - Running <TaskInstance: dag1.task2 scheduled__2024-10-11T00:52:00+00:00 [running]> on host 7c444714f472
[2024-10-11T15:37:03.846+0000] {taskinstance.py:3131} INFO - Exporting env vars: AIRFLOW_CTX_DAG_OWNER='etl_user' AIRFLOW_CTX_DAG_ID='dag1' AIRFLOW_CTX_TASK_ID='task2' AIRFLOW_CTX_EXECUTION_DATE='2024-10-11T00:52:00+00:00' AIRFLOW_CTX_TRY_NUMBER='1' AIRFLOW_CTX_DAG_RUN_ID='scheduled__2024-10-11T00:52:00+00:00'
[2024-10-11T15:37:03.847+0000] {taskinstance.py:731} INFO - ::endgroup::
[2024-10-11T15:37:03.860+0000] {subprocess.py:63} INFO - Tmp dir root location: /tmp
[2024-10-11T15:37:03.862+0000] {subprocess.py:75} INFO - Running command: ['/usr/bin/bash', '-c', 'echo hello']
[2024-10-11T15:37:03.874+0000] {subprocess.py:86} INFO - Output:
[2024-10-11T15:37:03.875+0000] {subprocess.py:93} INFO - hello
[2024-10-11T15:37:03.876+0000] {subprocess.py:97} INFO - Command exited with return code 0
[2024-10-11T15:37:03.905+0000] {taskinstance.py:340} INFO - ::group::Post task execution logs
[2024-10-11T15:37:03.905+0000] {taskinstance.py:352} INFO - Marking task as SUCCESS. dag_id=dag1, task_id=task2, run_id=scheduled__2024-10-11T00:52:00+00:00, execution_date=20241011T005200, start_date=20241011T153703, end_date=20241011T153703
[2024-10-11T15:37:03.957+0000] {local_task_job_runner.py:266} INFO - Task exited with return code 0
[2024-10-11T15:37:03.974+0000] {taskinstance.py:3900} INFO - 0 downstream tasks scheduled from follow-on schedule check
[2024-10-11T15:37:03.977+0000] {local_task_job_runner.py:245} INFO - ::endgroup::
