[2024-10-11T15:32:13.078+0000] {local_task_job_runner.py:123} INFO - ::group::Pre task execution logs
[2024-10-11T15:32:13.100+0000] {taskinstance.py:2612} INFO - Dependencies all met for dep_context=non-requeueable deps ti=<TaskInstance: dag1.task1 scheduled__2024-10-11T00:21:00+00:00 [queued]>
[2024-10-11T15:32:13.110+0000] {taskinstance.py:2612} INFO - Dependencies all met for dep_context=requeueable deps ti=<TaskInstance: dag1.task1 scheduled__2024-10-11T00:21:00+00:00 [queued]>
[2024-10-11T15:32:13.112+0000] {taskinstance.py:2865} INFO - Starting attempt 1 of 4
[2024-10-11T15:32:13.127+0000] {taskinstance.py:2888} INFO - Executing <Task(BashOperator): task1> on 2024-10-11 00:21:00+00:00
[2024-10-11T15:32:13.135+0000] {warnings.py:112} WARNING - /home/***/.local/lib/python3.12/site-packages/***/task/task_runner/standard_task_runner.py:70: DeprecationWarning: This process (pid=480) is multi-threaded, use of fork() may lead to deadlocks in the child.
  pid = os.fork()

[2024-10-11T15:32:13.137+0000] {standard_task_runner.py:72} INFO - Started process 481 to run task
[2024-10-11T15:32:13.137+0000] {standard_task_runner.py:104} INFO - Running: ['***', 'tasks', 'run', 'dag1', 'task1', 'scheduled__2024-10-11T00:21:00+00:00', '--job-id', '654', '--raw', '--subdir', 'DAGS_FOLDER/dag1.py', '--cfg-path', '/tmp/tmp2x9_f3q_']
[2024-10-11T15:32:13.138+0000] {standard_task_runner.py:105} INFO - Job 654: Subtask task1
[2024-10-11T15:32:13.198+0000] {task_command.py:467} INFO - Running <TaskInstance: dag1.task1 scheduled__2024-10-11T00:21:00+00:00 [running]> on host 7c444714f472
[2024-10-11T15:32:13.295+0000] {taskinstance.py:3131} INFO - Exporting env vars: AIRFLOW_CTX_DAG_OWNER='etl_user' AIRFLOW_CTX_DAG_ID='dag1' AIRFLOW_CTX_TASK_ID='task1' AIRFLOW_CTX_EXECUTION_DATE='2024-10-11T00:21:00+00:00' AIRFLOW_CTX_TRY_NUMBER='1' AIRFLOW_CTX_DAG_RUN_ID='scheduled__2024-10-11T00:21:00+00:00'
[2024-10-11T15:32:13.296+0000] {taskinstance.py:731} INFO - ::endgroup::
[2024-10-11T15:32:13.325+0000] {subprocess.py:63} INFO - Tmp dir root location: /tmp
[2024-10-11T15:32:13.326+0000] {subprocess.py:75} INFO - Running command: ['/usr/bin/bash', '-c', 'echo hellow']
[2024-10-11T15:32:13.341+0000] {subprocess.py:86} INFO - Output:
[2024-10-11T15:32:13.352+0000] {subprocess.py:93} INFO - hellow
[2024-10-11T15:32:13.353+0000] {subprocess.py:97} INFO - Command exited with return code 0
[2024-10-11T15:32:13.381+0000] {taskinstance.py:340} INFO - ::group::Post task execution logs
[2024-10-11T15:32:13.381+0000] {taskinstance.py:352} INFO - Marking task as SUCCESS. dag_id=dag1, task_id=task1, run_id=scheduled__2024-10-11T00:21:00+00:00, execution_date=20241011T002100, start_date=20241011T153213, end_date=20241011T153213
[2024-10-11T15:32:13.433+0000] {local_task_job_runner.py:266} INFO - Task exited with return code 0
[2024-10-11T15:32:13.456+0000] {taskinstance.py:3900} INFO - 1 downstream tasks scheduled from follow-on schedule check
[2024-10-11T15:32:13.458+0000] {local_task_job_runner.py:245} INFO - ::endgroup::
