[2024-09-24T19:06:00.657+0000] {local_task_job_runner.py:123} INFO - ::group::Pre task execution logs
[2024-09-24T19:06:00.682+0000] {taskinstance.py:2612} INFO - Dependencies all met for dep_context=non-requeueable deps ti=<TaskInstance: dag1.task1 scheduled__2024-09-24T00:10:00+00:00 [queued]>
[2024-09-24T19:06:00.700+0000] {taskinstance.py:2612} INFO - Dependencies all met for dep_context=requeueable deps ti=<TaskInstance: dag1.task1 scheduled__2024-09-24T00:10:00+00:00 [queued]>
[2024-09-24T19:06:00.701+0000] {taskinstance.py:2865} INFO - Starting attempt 1 of 4
[2024-09-24T19:06:00.721+0000] {taskinstance.py:2888} INFO - Executing <Task(BashOperator): task1> on 2024-09-24 00:10:00+00:00
[2024-09-24T19:06:00.736+0000] {standard_task_runner.py:104} INFO - Running: ['***', 'tasks', 'run', 'dag1', 'task1', 'scheduled__2024-09-24T00:10:00+00:00', '--job-id', '566', '--raw', '--subdir', 'DAGS_FOLDER/dag1.py', '--cfg-path', '/tmp/tmpyg06oxbx']
[2024-09-24T19:06:00.733+0000] {warnings.py:112} WARNING - /home/***/.local/lib/python3.12/site-packages/***/task/task_runner/standard_task_runner.py:70: DeprecationWarning: This process (pid=65) is multi-threaded, use of fork() may lead to deadlocks in the child.
  pid = os.fork()

[2024-09-24T19:06:00.741+0000] {standard_task_runner.py:105} INFO - Job 566: Subtask task1
[2024-09-24T19:06:00.741+0000] {standard_task_runner.py:72} INFO - Started process 66 to run task
[2024-09-24T19:06:00.932+0000] {task_command.py:467} INFO - Running <TaskInstance: dag1.task1 scheduled__2024-09-24T00:10:00+00:00 [running]> on host 5d6b20a950c7
[2024-09-24T19:06:01.092+0000] {taskinstance.py:3131} INFO - Exporting env vars: AIRFLOW_CTX_DAG_OWNER='etl_user' AIRFLOW_CTX_DAG_ID='dag1' AIRFLOW_CTX_TASK_ID='task1' AIRFLOW_CTX_EXECUTION_DATE='2024-09-24T00:10:00+00:00' AIRFLOW_CTX_TRY_NUMBER='1' AIRFLOW_CTX_DAG_RUN_ID='scheduled__2024-09-24T00:10:00+00:00'
[2024-09-24T19:06:01.095+0000] {taskinstance.py:731} INFO - ::endgroup::
[2024-09-24T19:06:01.137+0000] {subprocess.py:63} INFO - Tmp dir root location: /tmp
[2024-09-24T19:06:01.140+0000] {subprocess.py:75} INFO - Running command: ['/usr/bin/bash', '-c', 'echo "Hello, World!"']
[2024-09-24T19:06:01.157+0000] {subprocess.py:86} INFO - Output:
[2024-09-24T19:06:01.159+0000] {subprocess.py:93} INFO - Hello, World!
[2024-09-24T19:06:01.160+0000] {subprocess.py:97} INFO - Command exited with return code 0
[2024-09-24T19:06:01.208+0000] {taskinstance.py:340} INFO - ::group::Post task execution logs
[2024-09-24T19:06:01.209+0000] {taskinstance.py:352} INFO - Marking task as SUCCESS. dag_id=dag1, task_id=task1, run_id=scheduled__2024-09-24T00:10:00+00:00, execution_date=20240924T001000, start_date=20240924T190600, end_date=20240924T190601
[2024-09-24T19:06:01.242+0000] {local_task_job_runner.py:266} INFO - Task exited with return code 0
[2024-09-24T19:06:01.267+0000] {taskinstance.py:3900} INFO - 1 downstream tasks scheduled from follow-on schedule check
[2024-09-24T19:06:01.270+0000] {local_task_job_runner.py:245} INFO - ::endgroup::
