[2024-10-11T15:38:56.798+0000] {local_task_job_runner.py:123} INFO - ::group::Pre task execution logs
[2024-10-11T15:38:56.818+0000] {taskinstance.py:2612} INFO - Dependencies all met for dep_context=non-requeueable deps ti=<TaskInstance: dag1.task2 scheduled__2024-10-11T01:19:00+00:00 [queued]>
[2024-10-11T15:38:56.831+0000] {taskinstance.py:2612} INFO - Dependencies all met for dep_context=requeueable deps ti=<TaskInstance: dag1.task2 scheduled__2024-10-11T01:19:00+00:00 [queued]>
[2024-10-11T15:38:56.832+0000] {taskinstance.py:2865} INFO - Starting attempt 1 of 4
[2024-10-11T15:38:56.848+0000] {taskinstance.py:2888} INFO - Executing <Task(BashOperator): task2> on 2024-10-11 01:19:00+00:00
[2024-10-11T15:38:56.855+0000] {warnings.py:112} WARNING - /home/***/.local/lib/python3.12/site-packages/***/task/task_runner/standard_task_runner.py:70: DeprecationWarning: This process (pid=1015) is multi-threaded, use of fork() may lead to deadlocks in the child.
  pid = os.fork()

[2024-10-11T15:38:56.856+0000] {standard_task_runner.py:72} INFO - Started process 1016 to run task
[2024-10-11T15:38:56.857+0000] {standard_task_runner.py:104} INFO - Running: ['***', 'tasks', 'run', 'dag1', 'task2', 'scheduled__2024-10-11T01:19:00+00:00', '--job-id', '771', '--raw', '--subdir', 'DAGS_FOLDER/dag1.py', '--cfg-path', '/tmp/tmp6aas4j2l']
[2024-10-11T15:38:56.858+0000] {standard_task_runner.py:105} INFO - Job 771: Subtask task2
[2024-10-11T15:38:56.912+0000] {task_command.py:467} INFO - Running <TaskInstance: dag1.task2 scheduled__2024-10-11T01:19:00+00:00 [running]> on host 7c444714f472
[2024-10-11T15:38:57.010+0000] {taskinstance.py:3131} INFO - Exporting env vars: AIRFLOW_CTX_DAG_OWNER='etl_user' AIRFLOW_CTX_DAG_ID='dag1' AIRFLOW_CTX_TASK_ID='task2' AIRFLOW_CTX_EXECUTION_DATE='2024-10-11T01:19:00+00:00' AIRFLOW_CTX_TRY_NUMBER='1' AIRFLOW_CTX_DAG_RUN_ID='scheduled__2024-10-11T01:19:00+00:00'
[2024-10-11T15:38:57.012+0000] {taskinstance.py:731} INFO - ::endgroup::
[2024-10-11T15:38:57.027+0000] {subprocess.py:63} INFO - Tmp dir root location: /tmp
[2024-10-11T15:38:57.028+0000] {subprocess.py:75} INFO - Running command: ['/usr/bin/bash', '-c', 'echo hello']
[2024-10-11T15:38:57.040+0000] {subprocess.py:86} INFO - Output:
[2024-10-11T15:38:57.042+0000] {subprocess.py:93} INFO - hello
[2024-10-11T15:38:57.043+0000] {subprocess.py:97} INFO - Command exited with return code 0
[2024-10-11T15:38:57.071+0000] {taskinstance.py:340} INFO - ::group::Post task execution logs
[2024-10-11T15:38:57.072+0000] {taskinstance.py:352} INFO - Marking task as SUCCESS. dag_id=dag1, task_id=task2, run_id=scheduled__2024-10-11T01:19:00+00:00, execution_date=20241011T011900, start_date=20241011T153856, end_date=20241011T153857
[2024-10-11T15:38:57.113+0000] {local_task_job_runner.py:266} INFO - Task exited with return code 0
[2024-10-11T15:38:57.131+0000] {taskinstance.py:3900} INFO - 0 downstream tasks scheduled from follow-on schedule check
[2024-10-11T15:38:57.134+0000] {local_task_job_runner.py:245} INFO - ::endgroup::
