[2024-10-11T15:43:38.212+0000] {local_task_job_runner.py:123} INFO - ::group::Pre task execution logs
[2024-10-11T15:43:38.231+0000] {taskinstance.py:2612} INFO - Dependencies all met for dep_context=non-requeueable deps ti=<TaskInstance: dag1.task1 scheduled__2024-10-11T02:41:00+00:00 [queued]>
[2024-10-11T15:43:38.244+0000] {taskinstance.py:2612} INFO - Dependencies all met for dep_context=requeueable deps ti=<TaskInstance: dag1.task1 scheduled__2024-10-11T02:41:00+00:00 [queued]>
[2024-10-11T15:43:38.245+0000] {taskinstance.py:2865} INFO - Starting attempt 1 of 4
[2024-10-11T15:43:38.273+0000] {taskinstance.py:2888} INFO - Executing <Task(BashOperator): task1> on 2024-10-11 02:41:00+00:00
[2024-10-11T15:43:38.283+0000] {warnings.py:112} WARNING - /home/***/.local/lib/python3.12/site-packages/***/task/task_runner/standard_task_runner.py:70: DeprecationWarning: This process (pid=1723) is multi-threaded, use of fork() may lead to deadlocks in the child.
  pid = os.fork()

[2024-10-11T15:43:38.284+0000] {standard_task_runner.py:104} INFO - Running: ['***', 'tasks', 'run', 'dag1', 'task1', 'scheduled__2024-10-11T02:41:00+00:00', '--job-id', '934', '--raw', '--subdir', 'DAGS_FOLDER/dag1.py', '--cfg-path', '/tmp/tmp2t6ac3s5']
[2024-10-11T15:43:38.287+0000] {standard_task_runner.py:72} INFO - Started process 1724 to run task
[2024-10-11T15:43:38.288+0000] {standard_task_runner.py:105} INFO - Job 934: Subtask task1
[2024-10-11T15:43:38.381+0000] {task_command.py:467} INFO - Running <TaskInstance: dag1.task1 scheduled__2024-10-11T02:41:00+00:00 [running]> on host 7c444714f472
[2024-10-11T15:43:38.508+0000] {taskinstance.py:3131} INFO - Exporting env vars: AIRFLOW_CTX_DAG_OWNER='etl_user' AIRFLOW_CTX_DAG_ID='dag1' AIRFLOW_CTX_TASK_ID='task1' AIRFLOW_CTX_EXECUTION_DATE='2024-10-11T02:41:00+00:00' AIRFLOW_CTX_TRY_NUMBER='1' AIRFLOW_CTX_DAG_RUN_ID='scheduled__2024-10-11T02:41:00+00:00'
[2024-10-11T15:43:38.510+0000] {taskinstance.py:731} INFO - ::endgroup::
[2024-10-11T15:43:38.539+0000] {subprocess.py:63} INFO - Tmp dir root location: /tmp
[2024-10-11T15:43:38.551+0000] {subprocess.py:75} INFO - Running command: ['/usr/bin/bash', '-c', 'echo hellow']
[2024-10-11T15:43:38.593+0000] {subprocess.py:86} INFO - Output:
[2024-10-11T15:43:38.598+0000] {subprocess.py:93} INFO - hellow
[2024-10-11T15:43:38.615+0000] {subprocess.py:97} INFO - Command exited with return code 0
[2024-10-11T15:43:38.671+0000] {taskinstance.py:340} INFO - ::group::Post task execution logs
[2024-10-11T15:43:38.672+0000] {taskinstance.py:352} INFO - Marking task as SUCCESS. dag_id=dag1, task_id=task1, run_id=scheduled__2024-10-11T02:41:00+00:00, execution_date=20241011T024100, start_date=20241011T154338, end_date=20241011T154338
[2024-10-11T15:43:38.746+0000] {local_task_job_runner.py:266} INFO - Task exited with return code 0
[2024-10-11T15:43:38.770+0000] {local_task_job_runner.py:245} INFO - ::endgroup::
