[2024-10-11T15:32:02.826+0000] {local_task_job_runner.py:123} INFO - ::group::Pre task execution logs
[2024-10-11T15:32:02.847+0000] {taskinstance.py:2612} INFO - Dependencies all met for dep_context=non-requeueable deps ti=<TaskInstance: dag1.task1 scheduled__2024-10-11T00:18:00+00:00 [queued]>
[2024-10-11T15:32:02.859+0000] {taskinstance.py:2612} INFO - Dependencies all met for dep_context=requeueable deps ti=<TaskInstance: dag1.task1 scheduled__2024-10-11T00:18:00+00:00 [queued]>
[2024-10-11T15:32:02.860+0000] {taskinstance.py:2865} INFO - Starting attempt 1 of 4
[2024-10-11T15:32:02.879+0000] {taskinstance.py:2888} INFO - Executing <Task(BashOperator): task1> on 2024-10-11 00:18:00+00:00
[2024-10-11T15:32:02.893+0000] {standard_task_runner.py:104} INFO - Running: ['***', 'tasks', 'run', 'dag1', 'task1', 'scheduled__2024-10-11T00:18:00+00:00', '--job-id', '648', '--raw', '--subdir', 'DAGS_FOLDER/dag1.py', '--cfg-path', '/tmp/tmpruw7gdes']
[2024-10-11T15:32:02.890+0000] {warnings.py:112} WARNING - /home/***/.local/lib/python3.12/site-packages/***/task/task_runner/standard_task_runner.py:70: DeprecationWarning: This process (pid=448) is multi-threaded, use of fork() may lead to deadlocks in the child.
  pid = os.fork()

[2024-10-11T15:32:02.895+0000] {standard_task_runner.py:105} INFO - Job 648: Subtask task1
[2024-10-11T15:32:02.895+0000] {standard_task_runner.py:72} INFO - Started process 449 to run task
[2024-10-11T15:32:02.959+0000] {task_command.py:467} INFO - Running <TaskInstance: dag1.task1 scheduled__2024-10-11T00:18:00+00:00 [running]> on host 7c444714f472
[2024-10-11T15:32:03.065+0000] {taskinstance.py:3131} INFO - Exporting env vars: AIRFLOW_CTX_DAG_OWNER='etl_user' AIRFLOW_CTX_DAG_ID='dag1' AIRFLOW_CTX_TASK_ID='task1' AIRFLOW_CTX_EXECUTION_DATE='2024-10-11T00:18:00+00:00' AIRFLOW_CTX_TRY_NUMBER='1' AIRFLOW_CTX_DAG_RUN_ID='scheduled__2024-10-11T00:18:00+00:00'
[2024-10-11T15:32:03.066+0000] {taskinstance.py:731} INFO - ::endgroup::
[2024-10-11T15:32:03.099+0000] {subprocess.py:63} INFO - Tmp dir root location: /tmp
[2024-10-11T15:32:03.101+0000] {subprocess.py:75} INFO - Running command: ['/usr/bin/bash', '-c', 'echo hellow']
[2024-10-11T15:32:03.114+0000] {subprocess.py:86} INFO - Output:
[2024-10-11T15:32:03.116+0000] {subprocess.py:93} INFO - hellow
[2024-10-11T15:32:03.117+0000] {subprocess.py:97} INFO - Command exited with return code 0
[2024-10-11T15:32:03.151+0000] {taskinstance.py:340} INFO - ::group::Post task execution logs
[2024-10-11T15:32:03.152+0000] {taskinstance.py:352} INFO - Marking task as SUCCESS. dag_id=dag1, task_id=task1, run_id=scheduled__2024-10-11T00:18:00+00:00, execution_date=20241011T001800, start_date=20241011T153202, end_date=20241011T153203
[2024-10-11T15:32:03.193+0000] {local_task_job_runner.py:266} INFO - Task exited with return code 0
[2024-10-11T15:32:03.218+0000] {taskinstance.py:3900} INFO - 1 downstream tasks scheduled from follow-on schedule check
[2024-10-11T15:32:03.220+0000] {local_task_job_runner.py:245} INFO - ::endgroup::
