[2024-09-22T11:28:46.335+0000] {processor.py:186} INFO - Started process (PID=108) to work on /home/airflow/.local/lib/python3.12/site-packages/airflow/example_dags/example_dataset_alias_with_no_taskflow.py
[2024-09-22T11:28:46.336+0000] {processor.py:914} INFO - Processing file /home/airflow/.local/lib/python3.12/site-packages/airflow/example_dags/example_dataset_alias_with_no_taskflow.py for tasks to queue
[2024-09-22T11:28:46.343+0000] {logging_mixin.py:190} INFO - [2024-09-22T11:28:46.341+0000] {dagbag.py:588} INFO - Filling up the DagBag from /home/airflow/.local/lib/python3.12/site-packages/airflow/example_dags/example_dataset_alias_with_no_taskflow.py
[2024-09-22T11:28:46.610+0000] {processor.py:925} INFO - DAG(s) 'dataset_s3_bucket_consumer_with_no_taskflow', 'dataset_s3_bucket_producer_with_no_taskflow', 'dataset_alias_example_alias_consumer_with_no_taskflow', 'dataset_alias_example_alias_producer_with_no_taskflow' retrieved from /home/airflow/.local/lib/python3.12/site-packages/airflow/example_dags/example_dataset_alias_with_no_taskflow.py
[2024-09-22T11:28:46.993+0000] {logging_mixin.py:190} INFO - [2024-09-22T11:28:46.991+0000] {override.py:1900} INFO - Created Permission View: can read on DAG:dataset_s3_bucket_consumer_with_no_taskflow
[2024-09-22T11:28:47.021+0000] {logging_mixin.py:190} INFO - [2024-09-22T11:28:47.020+0000] {override.py:1900} INFO - Created Permission View: can delete on DAG:dataset_s3_bucket_consumer_with_no_taskflow
[2024-09-22T11:28:47.086+0000] {logging_mixin.py:190} INFO - [2024-09-22T11:28:47.086+0000] {override.py:1900} INFO - Created Permission View: can edit on DAG:dataset_s3_bucket_consumer_with_no_taskflow
[2024-09-22T11:28:47.639+0000] {logging_mixin.py:190} INFO - [2024-09-22T11:28:47.638+0000] {override.py:1900} INFO - Created Permission View: menu access on DAG Run:dataset_s3_bucket_consumer_with_no_taskflow
[2024-09-22T11:28:47.661+0000] {logging_mixin.py:190} INFO - [2024-09-22T11:28:47.660+0000] {override.py:1900} INFO - Created Permission View: can read on DAG Run:dataset_s3_bucket_consumer_with_no_taskflow
[2024-09-22T11:28:47.672+0000] {logging_mixin.py:190} INFO - [2024-09-22T11:28:47.671+0000] {override.py:1900} INFO - Created Permission View: can delete on DAG Run:dataset_s3_bucket_consumer_with_no_taskflow
[2024-09-22T11:28:47.682+0000] {logging_mixin.py:190} INFO - [2024-09-22T11:28:47.681+0000] {override.py:1900} INFO - Created Permission View: can create on DAG Run:dataset_s3_bucket_consumer_with_no_taskflow
[2024-09-22T11:28:47.996+0000] {logging_mixin.py:190} INFO - [2024-09-22T11:28:47.995+0000] {override.py:1900} INFO - Created Permission View: can read on DAG:dataset_s3_bucket_producer_with_no_taskflow
[2024-09-22T11:28:48.008+0000] {logging_mixin.py:190} INFO - [2024-09-22T11:28:48.007+0000] {override.py:1900} INFO - Created Permission View: can delete on DAG:dataset_s3_bucket_producer_with_no_taskflow
[2024-09-22T11:28:48.019+0000] {logging_mixin.py:190} INFO - [2024-09-22T11:28:48.019+0000] {override.py:1900} INFO - Created Permission View: can edit on DAG:dataset_s3_bucket_producer_with_no_taskflow
[2024-09-22T11:28:48.034+0000] {logging_mixin.py:190} INFO - [2024-09-22T11:28:48.033+0000] {override.py:1900} INFO - Created Permission View: menu access on DAG Run:dataset_s3_bucket_producer_with_no_taskflow
[2024-09-22T11:28:48.045+0000] {logging_mixin.py:190} INFO - [2024-09-22T11:28:48.045+0000] {override.py:1900} INFO - Created Permission View: can read on DAG Run:dataset_s3_bucket_producer_with_no_taskflow
[2024-09-22T11:28:48.059+0000] {logging_mixin.py:190} INFO - [2024-09-22T11:28:48.058+0000] {override.py:1900} INFO - Created Permission View: can delete on DAG Run:dataset_s3_bucket_producer_with_no_taskflow
[2024-09-22T11:28:48.070+0000] {logging_mixin.py:190} INFO - [2024-09-22T11:28:48.069+0000] {override.py:1900} INFO - Created Permission View: can create on DAG Run:dataset_s3_bucket_producer_with_no_taskflow
[2024-09-22T11:28:48.178+0000] {logging_mixin.py:190} INFO - [2024-09-22T11:28:48.178+0000] {override.py:1900} INFO - Created Permission View: can read on DAG:dataset_alias_example_alias_consumer_with_no_taskflow
[2024-09-22T11:28:48.193+0000] {logging_mixin.py:190} INFO - [2024-09-22T11:28:48.192+0000] {override.py:1900} INFO - Created Permission View: can delete on DAG:dataset_alias_example_alias_consumer_with_no_taskflow
[2024-09-22T11:28:48.209+0000] {logging_mixin.py:190} INFO - [2024-09-22T11:28:48.208+0000] {override.py:1900} INFO - Created Permission View: can edit on DAG:dataset_alias_example_alias_consumer_with_no_taskflow
[2024-09-22T11:28:48.225+0000] {logging_mixin.py:190} INFO - [2024-09-22T11:28:48.224+0000] {override.py:1900} INFO - Created Permission View: menu access on DAG Run:dataset_alias_example_alias_consumer_with_no_taskflow
[2024-09-22T11:28:48.245+0000] {logging_mixin.py:190} INFO - [2024-09-22T11:28:48.245+0000] {override.py:1900} INFO - Created Permission View: can read on DAG Run:dataset_alias_example_alias_consumer_with_no_taskflow
[2024-09-22T11:28:48.260+0000] {logging_mixin.py:190} INFO - [2024-09-22T11:28:48.260+0000] {override.py:1900} INFO - Created Permission View: can delete on DAG Run:dataset_alias_example_alias_consumer_with_no_taskflow
[2024-09-22T11:28:48.278+0000] {logging_mixin.py:190} INFO - [2024-09-22T11:28:48.275+0000] {override.py:1900} INFO - Created Permission View: can create on DAG Run:dataset_alias_example_alias_consumer_with_no_taskflow
[2024-09-22T11:28:48.308+0000] {logging_mixin.py:190} INFO - [2024-09-22T11:28:48.307+0000] {override.py:1900} INFO - Created Permission View: can read on DAG:dataset_alias_example_alias_producer_with_no_taskflow
[2024-09-22T11:28:48.337+0000] {logging_mixin.py:190} INFO - [2024-09-22T11:28:48.327+0000] {override.py:1900} INFO - Created Permission View: can delete on DAG:dataset_alias_example_alias_producer_with_no_taskflow
[2024-09-22T11:28:48.362+0000] {logging_mixin.py:190} INFO - [2024-09-22T11:28:48.361+0000] {override.py:1900} INFO - Created Permission View: can edit on DAG:dataset_alias_example_alias_producer_with_no_taskflow
[2024-09-22T11:28:48.385+0000] {logging_mixin.py:190} INFO - [2024-09-22T11:28:48.384+0000] {override.py:1900} INFO - Created Permission View: menu access on DAG Run:dataset_alias_example_alias_producer_with_no_taskflow
[2024-09-22T11:28:48.401+0000] {logging_mixin.py:190} INFO - [2024-09-22T11:28:48.400+0000] {override.py:1900} INFO - Created Permission View: can read on DAG Run:dataset_alias_example_alias_producer_with_no_taskflow
[2024-09-22T11:28:48.979+0000] {logging_mixin.py:190} INFO - [2024-09-22T11:28:48.978+0000] {override.py:1900} INFO - Created Permission View: can delete on DAG Run:dataset_alias_example_alias_producer_with_no_taskflow
[2024-09-22T11:28:48.992+0000] {logging_mixin.py:190} INFO - [2024-09-22T11:28:48.992+0000] {override.py:1900} INFO - Created Permission View: can create on DAG Run:dataset_alias_example_alias_producer_with_no_taskflow
[2024-09-22T11:28:48.993+0000] {logging_mixin.py:190} INFO - [2024-09-22T11:28:48.993+0000] {dag.py:3239} INFO - Sync 4 DAGs
[2024-09-22T11:28:49.029+0000] {logging_mixin.py:190} INFO - [2024-09-22T11:28:49.029+0000] {dag.py:3262} INFO - Creating ORM DAG for dataset_s3_bucket_producer_with_no_taskflow
[2024-09-22T11:28:49.031+0000] {logging_mixin.py:190} INFO - [2024-09-22T11:28:49.030+0000] {dag.py:3262} INFO - Creating ORM DAG for dataset_alias_example_alias_consumer_with_no_taskflow
[2024-09-22T11:28:49.032+0000] {logging_mixin.py:190} INFO - [2024-09-22T11:28:49.032+0000] {dag.py:3262} INFO - Creating ORM DAG for dataset_alias_example_alias_producer_with_no_taskflow
[2024-09-22T11:28:49.033+0000] {logging_mixin.py:190} INFO - [2024-09-22T11:28:49.033+0000] {dag.py:3262} INFO - Creating ORM DAG for dataset_s3_bucket_consumer_with_no_taskflow
[2024-09-22T11:28:49.055+0000] {logging_mixin.py:190} INFO - [2024-09-22T11:28:49.054+0000] {dag.py:4180} INFO - Setting next_dagrun for dataset_alias_example_alias_consumer_with_no_taskflow to None, run_after=None
[2024-09-22T11:28:49.060+0000] {logging_mixin.py:190} INFO - [2024-09-22T11:28:49.056+0000] {dag.py:4180} INFO - Setting next_dagrun for dataset_alias_example_alias_producer_with_no_taskflow to None, run_after=None
[2024-09-22T11:28:49.062+0000] {logging_mixin.py:190} INFO - [2024-09-22T11:28:49.061+0000] {dag.py:4180} INFO - Setting next_dagrun for dataset_s3_bucket_consumer_with_no_taskflow to None, run_after=None
[2024-09-22T11:28:49.066+0000] {logging_mixin.py:190} INFO - [2024-09-22T11:28:49.065+0000] {dag.py:4180} INFO - Setting next_dagrun for dataset_s3_bucket_producer_with_no_taskflow to None, run_after=None
[2024-09-22T11:28:49.380+0000] {processor.py:208} INFO - Processing /home/airflow/.local/lib/python3.12/site-packages/airflow/example_dags/example_dataset_alias_with_no_taskflow.py took 3.052 seconds
[2024-09-22T11:29:19.767+0000] {processor.py:186} INFO - Started process (PID=170) to work on /home/airflow/.local/lib/python3.12/site-packages/airflow/example_dags/example_dataset_alias_with_no_taskflow.py
[2024-09-22T11:29:19.769+0000] {processor.py:914} INFO - Processing file /home/airflow/.local/lib/python3.12/site-packages/airflow/example_dags/example_dataset_alias_with_no_taskflow.py for tasks to queue
[2024-09-22T11:29:19.771+0000] {logging_mixin.py:190} INFO - [2024-09-22T11:29:19.771+0000] {dagbag.py:588} INFO - Filling up the DagBag from /home/airflow/.local/lib/python3.12/site-packages/airflow/example_dags/example_dataset_alias_with_no_taskflow.py
[2024-09-22T11:29:20.013+0000] {processor.py:925} INFO - DAG(s) 'dataset_alias_example_alias_producer_with_no_taskflow', 'dataset_alias_example_alias_consumer_with_no_taskflow', 'dataset_s3_bucket_consumer_with_no_taskflow', 'dataset_s3_bucket_producer_with_no_taskflow' retrieved from /home/airflow/.local/lib/python3.12/site-packages/airflow/example_dags/example_dataset_alias_with_no_taskflow.py
[2024-09-22T11:29:20.049+0000] {logging_mixin.py:190} INFO - [2024-09-22T11:29:20.048+0000] {dag.py:3239} INFO - Sync 4 DAGs
[2024-09-22T11:29:20.089+0000] {logging_mixin.py:190} INFO - [2024-09-22T11:29:20.088+0000] {dag.py:4180} INFO - Setting next_dagrun for dataset_alias_example_alias_consumer_with_no_taskflow to None, run_after=None
[2024-09-22T11:29:20.095+0000] {logging_mixin.py:190} INFO - [2024-09-22T11:29:20.095+0000] {dag.py:4180} INFO - Setting next_dagrun for dataset_alias_example_alias_producer_with_no_taskflow to None, run_after=None
[2024-09-22T11:29:20.099+0000] {logging_mixin.py:190} INFO - [2024-09-22T11:29:20.099+0000] {dag.py:4180} INFO - Setting next_dagrun for dataset_s3_bucket_consumer_with_no_taskflow to None, run_after=None
[2024-09-22T11:29:20.102+0000] {logging_mixin.py:190} INFO - [2024-09-22T11:29:20.102+0000] {dag.py:4180} INFO - Setting next_dagrun for dataset_s3_bucket_producer_with_no_taskflow to None, run_after=None
[2024-09-22T11:29:20.140+0000] {processor.py:208} INFO - Processing /home/airflow/.local/lib/python3.12/site-packages/airflow/example_dags/example_dataset_alias_with_no_taskflow.py took 0.381 seconds
[2024-09-22T11:29:55.124+0000] {processor.py:186} INFO - Started process (PID=232) to work on /home/airflow/.local/lib/python3.12/site-packages/airflow/example_dags/example_dataset_alias_with_no_taskflow.py
[2024-09-22T11:29:55.129+0000] {processor.py:914} INFO - Processing file /home/airflow/.local/lib/python3.12/site-packages/airflow/example_dags/example_dataset_alias_with_no_taskflow.py for tasks to queue
[2024-09-22T11:29:55.138+0000] {logging_mixin.py:190} INFO - [2024-09-22T11:29:55.137+0000] {dagbag.py:588} INFO - Filling up the DagBag from /home/airflow/.local/lib/python3.12/site-packages/airflow/example_dags/example_dataset_alias_with_no_taskflow.py
[2024-09-22T11:29:55.592+0000] {processor.py:925} INFO - DAG(s) 'dataset_s3_bucket_producer_with_no_taskflow', 'dataset_alias_example_alias_producer_with_no_taskflow', 'dataset_alias_example_alias_consumer_with_no_taskflow', 'dataset_s3_bucket_consumer_with_no_taskflow' retrieved from /home/airflow/.local/lib/python3.12/site-packages/airflow/example_dags/example_dataset_alias_with_no_taskflow.py
[2024-09-22T11:29:55.657+0000] {logging_mixin.py:190} INFO - [2024-09-22T11:29:55.657+0000] {dag.py:3239} INFO - Sync 4 DAGs
[2024-09-22T11:29:55.719+0000] {logging_mixin.py:190} INFO - [2024-09-22T11:29:55.718+0000] {dag.py:4180} INFO - Setting next_dagrun for dataset_alias_example_alias_consumer_with_no_taskflow to None, run_after=None
[2024-09-22T11:29:55.736+0000] {logging_mixin.py:190} INFO - [2024-09-22T11:29:55.736+0000] {dag.py:4180} INFO - Setting next_dagrun for dataset_alias_example_alias_producer_with_no_taskflow to None, run_after=None
[2024-09-22T11:29:55.745+0000] {logging_mixin.py:190} INFO - [2024-09-22T11:29:55.744+0000] {dag.py:4180} INFO - Setting next_dagrun for dataset_s3_bucket_consumer_with_no_taskflow to None, run_after=None
[2024-09-22T11:29:55.749+0000] {logging_mixin.py:190} INFO - [2024-09-22T11:29:55.749+0000] {dag.py:4180} INFO - Setting next_dagrun for dataset_s3_bucket_producer_with_no_taskflow to None, run_after=None
[2024-09-22T11:29:55.824+0000] {processor.py:208} INFO - Processing /home/airflow/.local/lib/python3.12/site-packages/airflow/example_dags/example_dataset_alias_with_no_taskflow.py took 0.706 seconds
[2024-09-22T11:32:53.345+0000] {processor.py:186} INFO - Started process (PID=93) to work on /home/airflow/.local/lib/python3.12/site-packages/airflow/example_dags/example_dataset_alias_with_no_taskflow.py
[2024-09-22T11:32:53.347+0000] {processor.py:914} INFO - Processing file /home/airflow/.local/lib/python3.12/site-packages/airflow/example_dags/example_dataset_alias_with_no_taskflow.py for tasks to queue
[2024-09-22T11:32:53.351+0000] {logging_mixin.py:190} INFO - [2024-09-22T11:32:53.350+0000] {dagbag.py:588} INFO - Filling up the DagBag from /home/airflow/.local/lib/python3.12/site-packages/airflow/example_dags/example_dataset_alias_with_no_taskflow.py
[2024-09-22T11:32:53.529+0000] {processor.py:925} INFO - DAG(s) 'dataset_alias_example_alias_producer_with_no_taskflow', 'dataset_alias_example_alias_consumer_with_no_taskflow', 'dataset_s3_bucket_consumer_with_no_taskflow', 'dataset_s3_bucket_producer_with_no_taskflow' retrieved from /home/airflow/.local/lib/python3.12/site-packages/airflow/example_dags/example_dataset_alias_with_no_taskflow.py
[2024-09-22T11:32:53.560+0000] {logging_mixin.py:190} INFO - [2024-09-22T11:32:53.560+0000] {dag.py:3239} INFO - Sync 4 DAGs
[2024-09-22T11:32:53.586+0000] {logging_mixin.py:190} INFO - [2024-09-22T11:32:53.585+0000] {dag.py:4180} INFO - Setting next_dagrun for dataset_alias_example_alias_consumer_with_no_taskflow to None, run_after=None
[2024-09-22T11:32:53.589+0000] {logging_mixin.py:190} INFO - [2024-09-22T11:32:53.589+0000] {dag.py:4180} INFO - Setting next_dagrun for dataset_alias_example_alias_producer_with_no_taskflow to None, run_after=None
[2024-09-22T11:32:53.592+0000] {logging_mixin.py:190} INFO - [2024-09-22T11:32:53.591+0000] {dag.py:4180} INFO - Setting next_dagrun for dataset_s3_bucket_consumer_with_no_taskflow to None, run_after=None
[2024-09-22T11:32:53.594+0000] {logging_mixin.py:190} INFO - [2024-09-22T11:32:53.593+0000] {dag.py:4180} INFO - Setting next_dagrun for dataset_s3_bucket_producer_with_no_taskflow to None, run_after=None
[2024-09-22T11:32:53.620+0000] {processor.py:208} INFO - Processing /home/airflow/.local/lib/python3.12/site-packages/airflow/example_dags/example_dataset_alias_with_no_taskflow.py took 0.296 seconds
[2024-09-22T11:33:24.040+0000] {processor.py:186} INFO - Started process (PID=155) to work on /home/airflow/.local/lib/python3.12/site-packages/airflow/example_dags/example_dataset_alias_with_no_taskflow.py
[2024-09-22T11:33:24.045+0000] {processor.py:914} INFO - Processing file /home/airflow/.local/lib/python3.12/site-packages/airflow/example_dags/example_dataset_alias_with_no_taskflow.py for tasks to queue
[2024-09-22T11:33:24.048+0000] {logging_mixin.py:190} INFO - [2024-09-22T11:33:24.047+0000] {dagbag.py:588} INFO - Filling up the DagBag from /home/airflow/.local/lib/python3.12/site-packages/airflow/example_dags/example_dataset_alias_with_no_taskflow.py
[2024-09-22T11:33:24.261+0000] {processor.py:925} INFO - DAG(s) 'dataset_s3_bucket_consumer_with_no_taskflow', 'dataset_alias_example_alias_consumer_with_no_taskflow', 'dataset_s3_bucket_producer_with_no_taskflow', 'dataset_alias_example_alias_producer_with_no_taskflow' retrieved from /home/airflow/.local/lib/python3.12/site-packages/airflow/example_dags/example_dataset_alias_with_no_taskflow.py
[2024-09-22T11:33:24.298+0000] {logging_mixin.py:190} INFO - [2024-09-22T11:33:24.298+0000] {dag.py:3239} INFO - Sync 4 DAGs
[2024-09-22T11:33:24.343+0000] {logging_mixin.py:190} INFO - [2024-09-22T11:33:24.342+0000] {dag.py:4180} INFO - Setting next_dagrun for dataset_alias_example_alias_consumer_with_no_taskflow to None, run_after=None
[2024-09-22T11:33:24.353+0000] {logging_mixin.py:190} INFO - [2024-09-22T11:33:24.353+0000] {dag.py:4180} INFO - Setting next_dagrun for dataset_alias_example_alias_producer_with_no_taskflow to None, run_after=None
[2024-09-22T11:33:24.360+0000] {logging_mixin.py:190} INFO - [2024-09-22T11:33:24.359+0000] {dag.py:4180} INFO - Setting next_dagrun for dataset_s3_bucket_consumer_with_no_taskflow to None, run_after=None
[2024-09-22T11:33:24.362+0000] {logging_mixin.py:190} INFO - [2024-09-22T11:33:24.362+0000] {dag.py:4180} INFO - Setting next_dagrun for dataset_s3_bucket_producer_with_no_taskflow to None, run_after=None
[2024-09-22T11:33:24.392+0000] {processor.py:208} INFO - Processing /home/airflow/.local/lib/python3.12/site-packages/airflow/example_dags/example_dataset_alias_with_no_taskflow.py took 0.358 seconds
[2024-09-22T11:34:59.586+0000] {processor.py:186} INFO - Started process (PID=226) to work on /home/airflow/.local/lib/python3.12/site-packages/airflow/example_dags/example_dataset_alias_with_no_taskflow.py
[2024-09-22T11:34:59.587+0000] {processor.py:914} INFO - Processing file /home/airflow/.local/lib/python3.12/site-packages/airflow/example_dags/example_dataset_alias_with_no_taskflow.py for tasks to queue
[2024-09-22T11:34:59.589+0000] {logging_mixin.py:190} INFO - [2024-09-22T11:34:59.588+0000] {dagbag.py:588} INFO - Filling up the DagBag from /home/airflow/.local/lib/python3.12/site-packages/airflow/example_dags/example_dataset_alias_with_no_taskflow.py
[2024-09-22T11:34:59.856+0000] {processor.py:925} INFO - DAG(s) 'dataset_alias_example_alias_producer_with_no_taskflow', 'dataset_s3_bucket_consumer_with_no_taskflow', 'dataset_s3_bucket_producer_with_no_taskflow', 'dataset_alias_example_alias_consumer_with_no_taskflow' retrieved from /home/airflow/.local/lib/python3.12/site-packages/airflow/example_dags/example_dataset_alias_with_no_taskflow.py
[2024-09-22T11:34:59.886+0000] {logging_mixin.py:190} INFO - [2024-09-22T11:34:59.886+0000] {dag.py:3239} INFO - Sync 4 DAGs
[2024-09-22T11:34:59.913+0000] {logging_mixin.py:190} INFO - [2024-09-22T11:34:59.912+0000] {dag.py:4180} INFO - Setting next_dagrun for dataset_alias_example_alias_consumer_with_no_taskflow to None, run_after=None
[2024-09-22T11:34:59.921+0000] {logging_mixin.py:190} INFO - [2024-09-22T11:34:59.921+0000] {dag.py:4180} INFO - Setting next_dagrun for dataset_alias_example_alias_producer_with_no_taskflow to None, run_after=None
[2024-09-22T11:34:59.923+0000] {logging_mixin.py:190} INFO - [2024-09-22T11:34:59.923+0000] {dag.py:4180} INFO - Setting next_dagrun for dataset_s3_bucket_consumer_with_no_taskflow to None, run_after=None
[2024-09-22T11:34:59.926+0000] {logging_mixin.py:190} INFO - [2024-09-22T11:34:59.926+0000] {dag.py:4180} INFO - Setting next_dagrun for dataset_s3_bucket_producer_with_no_taskflow to None, run_after=None
[2024-09-22T11:34:59.972+0000] {processor.py:208} INFO - Processing /home/airflow/.local/lib/python3.12/site-packages/airflow/example_dags/example_dataset_alias_with_no_taskflow.py took 0.391 seconds
[2024-09-22T11:35:30.054+0000] {processor.py:186} INFO - Started process (PID=289) to work on /home/airflow/.local/lib/python3.12/site-packages/airflow/example_dags/example_dataset_alias_with_no_taskflow.py
[2024-09-22T11:35:30.056+0000] {processor.py:914} INFO - Processing file /home/airflow/.local/lib/python3.12/site-packages/airflow/example_dags/example_dataset_alias_with_no_taskflow.py for tasks to queue
[2024-09-22T11:35:30.058+0000] {logging_mixin.py:190} INFO - [2024-09-22T11:35:30.057+0000] {dagbag.py:588} INFO - Filling up the DagBag from /home/airflow/.local/lib/python3.12/site-packages/airflow/example_dags/example_dataset_alias_with_no_taskflow.py
[2024-09-22T11:35:30.229+0000] {processor.py:925} INFO - DAG(s) 'dataset_s3_bucket_producer_with_no_taskflow', 'dataset_alias_example_alias_producer_with_no_taskflow', 'dataset_alias_example_alias_consumer_with_no_taskflow', 'dataset_s3_bucket_consumer_with_no_taskflow' retrieved from /home/airflow/.local/lib/python3.12/site-packages/airflow/example_dags/example_dataset_alias_with_no_taskflow.py
[2024-09-22T11:35:30.254+0000] {logging_mixin.py:190} INFO - [2024-09-22T11:35:30.254+0000] {dag.py:3239} INFO - Sync 4 DAGs
[2024-09-22T11:35:30.278+0000] {logging_mixin.py:190} INFO - [2024-09-22T11:35:30.278+0000] {dag.py:4180} INFO - Setting next_dagrun for dataset_alias_example_alias_consumer_with_no_taskflow to None, run_after=None
[2024-09-22T11:35:30.282+0000] {logging_mixin.py:190} INFO - [2024-09-22T11:35:30.281+0000] {dag.py:4180} INFO - Setting next_dagrun for dataset_alias_example_alias_producer_with_no_taskflow to None, run_after=None
[2024-09-22T11:35:30.284+0000] {logging_mixin.py:190} INFO - [2024-09-22T11:35:30.283+0000] {dag.py:4180} INFO - Setting next_dagrun for dataset_s3_bucket_consumer_with_no_taskflow to None, run_after=None
[2024-09-22T11:35:30.286+0000] {logging_mixin.py:190} INFO - [2024-09-22T11:35:30.286+0000] {dag.py:4180} INFO - Setting next_dagrun for dataset_s3_bucket_producer_with_no_taskflow to None, run_after=None
[2024-09-22T11:35:30.316+0000] {processor.py:208} INFO - Processing /home/airflow/.local/lib/python3.12/site-packages/airflow/example_dags/example_dataset_alias_with_no_taskflow.py took 0.269 seconds
