[2024-09-22T11:28:35.636+0000] {processor.py:186} INFO - Started process (PID=86) to work on /home/airflow/.local/lib/python3.12/site-packages/airflow/example_dags/example_dataset_alias.py
[2024-09-22T11:28:35.637+0000] {processor.py:914} INFO - Processing file /home/airflow/.local/lib/python3.12/site-packages/airflow/example_dags/example_dataset_alias.py for tasks to queue
[2024-09-22T11:28:35.641+0000] {logging_mixin.py:190} INFO - [2024-09-22T11:28:35.640+0000] {dagbag.py:588} INFO - Filling up the DagBag from /home/airflow/.local/lib/python3.12/site-packages/airflow/example_dags/example_dataset_alias.py
[2024-09-22T11:28:37.726+0000] {processor.py:925} INFO - DAG(s) 'dataset_s3_bucket_producer', 'dataset_s3_bucket_consumer', 'dataset_alias_example_alias_consumer', 'dataset_alias_example_alias_producer' retrieved from /home/airflow/.local/lib/python3.12/site-packages/airflow/example_dags/example_dataset_alias.py
[2024-09-22T11:28:37.866+0000] {logging_mixin.py:190} INFO - [2024-09-22T11:28:37.864+0000] {override.py:1900} INFO - Created Permission View: can read on DAG:dataset_s3_bucket_producer
[2024-09-22T11:28:37.881+0000] {logging_mixin.py:190} INFO - [2024-09-22T11:28:37.881+0000] {override.py:1900} INFO - Created Permission View: can delete on DAG:dataset_s3_bucket_producer
[2024-09-22T11:28:37.894+0000] {logging_mixin.py:190} INFO - [2024-09-22T11:28:37.893+0000] {override.py:1900} INFO - Created Permission View: can edit on DAG:dataset_s3_bucket_producer
[2024-09-22T11:28:37.906+0000] {logging_mixin.py:190} INFO - [2024-09-22T11:28:37.906+0000] {override.py:1900} INFO - Created Permission View: menu access on DAG Run:dataset_s3_bucket_producer
[2024-09-22T11:28:37.916+0000] {logging_mixin.py:190} INFO - [2024-09-22T11:28:37.915+0000] {override.py:1900} INFO - Created Permission View: can read on DAG Run:dataset_s3_bucket_producer
[2024-09-22T11:28:37.927+0000] {logging_mixin.py:190} INFO - [2024-09-22T11:28:37.926+0000] {override.py:1900} INFO - Created Permission View: can delete on DAG Run:dataset_s3_bucket_producer
[2024-09-22T11:28:37.939+0000] {logging_mixin.py:190} INFO - [2024-09-22T11:28:37.939+0000] {override.py:1900} INFO - Created Permission View: can create on DAG Run:dataset_s3_bucket_producer
[2024-09-22T11:28:37.959+0000] {logging_mixin.py:190} INFO - [2024-09-22T11:28:37.959+0000] {override.py:1900} INFO - Created Permission View: can read on DAG:dataset_s3_bucket_consumer
[2024-09-22T11:28:37.970+0000] {logging_mixin.py:190} INFO - [2024-09-22T11:28:37.969+0000] {override.py:1900} INFO - Created Permission View: can delete on DAG:dataset_s3_bucket_consumer
[2024-09-22T11:28:37.990+0000] {logging_mixin.py:190} INFO - [2024-09-22T11:28:37.989+0000] {override.py:1900} INFO - Created Permission View: can edit on DAG:dataset_s3_bucket_consumer
[2024-09-22T11:28:38.006+0000] {logging_mixin.py:190} INFO - [2024-09-22T11:28:38.006+0000] {override.py:1900} INFO - Created Permission View: menu access on DAG Run:dataset_s3_bucket_consumer
[2024-09-22T11:28:38.019+0000] {logging_mixin.py:190} INFO - [2024-09-22T11:28:38.019+0000] {override.py:1900} INFO - Created Permission View: can read on DAG Run:dataset_s3_bucket_consumer
[2024-09-22T11:28:38.040+0000] {logging_mixin.py:190} INFO - [2024-09-22T11:28:38.039+0000] {override.py:1900} INFO - Created Permission View: can delete on DAG Run:dataset_s3_bucket_consumer
[2024-09-22T11:28:38.056+0000] {logging_mixin.py:190} INFO - [2024-09-22T11:28:38.056+0000] {override.py:1900} INFO - Created Permission View: can create on DAG Run:dataset_s3_bucket_consumer
[2024-09-22T11:28:38.100+0000] {logging_mixin.py:190} INFO - [2024-09-22T11:28:38.099+0000] {override.py:1900} INFO - Created Permission View: can read on DAG:dataset_alias_example_alias_consumer
[2024-09-22T11:28:38.126+0000] {logging_mixin.py:190} INFO - [2024-09-22T11:28:38.125+0000] {override.py:1900} INFO - Created Permission View: can delete on DAG:dataset_alias_example_alias_consumer
[2024-09-22T11:28:38.163+0000] {logging_mixin.py:190} INFO - [2024-09-22T11:28:38.163+0000] {override.py:1900} INFO - Created Permission View: can edit on DAG:dataset_alias_example_alias_consumer
[2024-09-22T11:28:38.191+0000] {logging_mixin.py:190} INFO - [2024-09-22T11:28:38.190+0000] {override.py:1900} INFO - Created Permission View: menu access on DAG Run:dataset_alias_example_alias_consumer
[2024-09-22T11:28:38.216+0000] {logging_mixin.py:190} INFO - [2024-09-22T11:28:38.216+0000] {override.py:1900} INFO - Created Permission View: can read on DAG Run:dataset_alias_example_alias_consumer
[2024-09-22T11:28:38.241+0000] {logging_mixin.py:190} INFO - [2024-09-22T11:28:38.240+0000] {override.py:1900} INFO - Created Permission View: can delete on DAG Run:dataset_alias_example_alias_consumer
[2024-09-22T11:28:38.267+0000] {logging_mixin.py:190} INFO - [2024-09-22T11:28:38.267+0000] {override.py:1900} INFO - Created Permission View: can create on DAG Run:dataset_alias_example_alias_consumer
[2024-09-22T11:28:38.308+0000] {logging_mixin.py:190} INFO - [2024-09-22T11:28:38.307+0000] {override.py:1900} INFO - Created Permission View: can read on DAG:dataset_alias_example_alias_producer
[2024-09-22T11:28:38.371+0000] {logging_mixin.py:190} INFO - [2024-09-22T11:28:38.370+0000] {override.py:1900} INFO - Created Permission View: can delete on DAG:dataset_alias_example_alias_producer
[2024-09-22T11:28:38.421+0000] {logging_mixin.py:190} INFO - [2024-09-22T11:28:38.421+0000] {override.py:1900} INFO - Created Permission View: can edit on DAG:dataset_alias_example_alias_producer
[2024-09-22T11:28:38.439+0000] {logging_mixin.py:190} INFO - [2024-09-22T11:28:38.439+0000] {override.py:1900} INFO - Created Permission View: menu access on DAG Run:dataset_alias_example_alias_producer
[2024-09-22T11:28:38.454+0000] {logging_mixin.py:190} INFO - [2024-09-22T11:28:38.454+0000] {override.py:1900} INFO - Created Permission View: can read on DAG Run:dataset_alias_example_alias_producer
[2024-09-22T11:28:38.469+0000] {logging_mixin.py:190} INFO - [2024-09-22T11:28:38.469+0000] {override.py:1900} INFO - Created Permission View: can delete on DAG Run:dataset_alias_example_alias_producer
[2024-09-22T11:28:38.486+0000] {logging_mixin.py:190} INFO - [2024-09-22T11:28:38.485+0000] {override.py:1900} INFO - Created Permission View: can create on DAG Run:dataset_alias_example_alias_producer
[2024-09-22T11:28:38.486+0000] {logging_mixin.py:190} INFO - [2024-09-22T11:28:38.486+0000] {dag.py:3239} INFO - Sync 4 DAGs
[2024-09-22T11:28:38.509+0000] {logging_mixin.py:190} INFO - [2024-09-22T11:28:38.509+0000] {dag.py:3262} INFO - Creating ORM DAG for dataset_s3_bucket_producer
[2024-09-22T11:28:38.511+0000] {logging_mixin.py:190} INFO - [2024-09-22T11:28:38.510+0000] {dag.py:3262} INFO - Creating ORM DAG for dataset_s3_bucket_consumer
[2024-09-22T11:28:38.512+0000] {logging_mixin.py:190} INFO - [2024-09-22T11:28:38.512+0000] {dag.py:3262} INFO - Creating ORM DAG for dataset_alias_example_alias_consumer
[2024-09-22T11:28:38.513+0000] {logging_mixin.py:190} INFO - [2024-09-22T11:28:38.513+0000] {dag.py:3262} INFO - Creating ORM DAG for dataset_alias_example_alias_producer
[2024-09-22T11:28:38.530+0000] {logging_mixin.py:190} INFO - [2024-09-22T11:28:38.529+0000] {dag.py:4180} INFO - Setting next_dagrun for dataset_alias_example_alias_consumer to None, run_after=None
[2024-09-22T11:28:38.532+0000] {logging_mixin.py:190} INFO - [2024-09-22T11:28:38.531+0000] {dag.py:4180} INFO - Setting next_dagrun for dataset_alias_example_alias_producer to None, run_after=None
[2024-09-22T11:28:38.534+0000] {logging_mixin.py:190} INFO - [2024-09-22T11:28:38.534+0000] {dag.py:4180} INFO - Setting next_dagrun for dataset_s3_bucket_consumer to None, run_after=None
[2024-09-22T11:28:38.535+0000] {logging_mixin.py:190} INFO - [2024-09-22T11:28:38.535+0000] {dag.py:4180} INFO - Setting next_dagrun for dataset_s3_bucket_producer to None, run_after=None
[2024-09-22T11:28:38.589+0000] {processor.py:208} INFO - Processing /home/airflow/.local/lib/python3.12/site-packages/airflow/example_dags/example_dataset_alias.py took 2.961 seconds
[2024-09-22T11:29:09.553+0000] {processor.py:186} INFO - Started process (PID=150) to work on /home/airflow/.local/lib/python3.12/site-packages/airflow/example_dags/example_dataset_alias.py
[2024-09-22T11:29:09.555+0000] {processor.py:914} INFO - Processing file /home/airflow/.local/lib/python3.12/site-packages/airflow/example_dags/example_dataset_alias.py for tasks to queue
[2024-09-22T11:29:09.558+0000] {logging_mixin.py:190} INFO - [2024-09-22T11:29:09.557+0000] {dagbag.py:588} INFO - Filling up the DagBag from /home/airflow/.local/lib/python3.12/site-packages/airflow/example_dags/example_dataset_alias.py
[2024-09-22T11:29:09.938+0000] {processor.py:925} INFO - DAG(s) 'dataset_s3_bucket_consumer', 'dataset_s3_bucket_producer', 'dataset_alias_example_alias_producer', 'dataset_alias_example_alias_consumer' retrieved from /home/airflow/.local/lib/python3.12/site-packages/airflow/example_dags/example_dataset_alias.py
[2024-09-22T11:29:09.969+0000] {logging_mixin.py:190} INFO - [2024-09-22T11:29:09.968+0000] {dag.py:3239} INFO - Sync 4 DAGs
[2024-09-22T11:29:09.993+0000] {logging_mixin.py:190} INFO - [2024-09-22T11:29:09.993+0000] {dag.py:4180} INFO - Setting next_dagrun for dataset_alias_example_alias_consumer to None, run_after=None
[2024-09-22T11:29:09.996+0000] {logging_mixin.py:190} INFO - [2024-09-22T11:29:09.996+0000] {dag.py:4180} INFO - Setting next_dagrun for dataset_alias_example_alias_producer to None, run_after=None
[2024-09-22T11:29:09.998+0000] {logging_mixin.py:190} INFO - [2024-09-22T11:29:09.998+0000] {dag.py:4180} INFO - Setting next_dagrun for dataset_s3_bucket_consumer to None, run_after=None
[2024-09-22T11:29:10.001+0000] {logging_mixin.py:190} INFO - [2024-09-22T11:29:10.000+0000] {dag.py:4180} INFO - Setting next_dagrun for dataset_s3_bucket_producer to None, run_after=None
[2024-09-22T11:29:10.030+0000] {processor.py:208} INFO - Processing /home/airflow/.local/lib/python3.12/site-packages/airflow/example_dags/example_dataset_alias.py took 0.482 seconds
[2024-09-22T11:29:44.231+0000] {processor.py:186} INFO - Started process (PID=212) to work on /home/airflow/.local/lib/python3.12/site-packages/airflow/example_dags/example_dataset_alias.py
[2024-09-22T11:29:44.240+0000] {processor.py:914} INFO - Processing file /home/airflow/.local/lib/python3.12/site-packages/airflow/example_dags/example_dataset_alias.py for tasks to queue
[2024-09-22T11:29:44.247+0000] {logging_mixin.py:190} INFO - [2024-09-22T11:29:44.247+0000] {dagbag.py:588} INFO - Filling up the DagBag from /home/airflow/.local/lib/python3.12/site-packages/airflow/example_dags/example_dataset_alias.py
[2024-09-22T11:29:48.869+0000] {processor.py:925} INFO - DAG(s) 'dataset_alias_example_alias_consumer', 'dataset_alias_example_alias_producer', 'dataset_s3_bucket_consumer', 'dataset_s3_bucket_producer' retrieved from /home/airflow/.local/lib/python3.12/site-packages/airflow/example_dags/example_dataset_alias.py
[2024-09-22T11:29:48.953+0000] {logging_mixin.py:190} INFO - [2024-09-22T11:29:48.952+0000] {dag.py:3239} INFO - Sync 4 DAGs
[2024-09-22T11:29:49.282+0000] {logging_mixin.py:190} INFO - [2024-09-22T11:29:49.234+0000] {dag.py:4180} INFO - Setting next_dagrun for dataset_alias_example_alias_consumer to None, run_after=None
[2024-09-22T11:29:49.339+0000] {logging_mixin.py:190} INFO - [2024-09-22T11:29:49.339+0000] {dag.py:4180} INFO - Setting next_dagrun for dataset_alias_example_alias_producer to None, run_after=None
[2024-09-22T11:29:49.353+0000] {logging_mixin.py:190} INFO - [2024-09-22T11:29:49.352+0000] {dag.py:4180} INFO - Setting next_dagrun for dataset_s3_bucket_consumer to None, run_after=None
[2024-09-22T11:29:49.356+0000] {logging_mixin.py:190} INFO - [2024-09-22T11:29:49.356+0000] {dag.py:4180} INFO - Setting next_dagrun for dataset_s3_bucket_producer to None, run_after=None
[2024-09-22T11:29:49.829+0000] {processor.py:208} INFO - Processing /home/airflow/.local/lib/python3.12/site-packages/airflow/example_dags/example_dataset_alias.py took 5.619 seconds
[2024-09-22T11:32:48.975+0000] {processor.py:186} INFO - Started process (PID=71) to work on /home/airflow/.local/lib/python3.12/site-packages/airflow/example_dags/example_dataset_alias.py
[2024-09-22T11:32:49.005+0000] {processor.py:914} INFO - Processing file /home/airflow/.local/lib/python3.12/site-packages/airflow/example_dags/example_dataset_alias.py for tasks to queue
[2024-09-22T11:32:49.047+0000] {logging_mixin.py:190} INFO - [2024-09-22T11:32:49.045+0000] {dagbag.py:588} INFO - Filling up the DagBag from /home/airflow/.local/lib/python3.12/site-packages/airflow/example_dags/example_dataset_alias.py
[2024-09-22T11:32:49.897+0000] {processor.py:925} INFO - DAG(s) 'dataset_alias_example_alias_consumer', 'dataset_alias_example_alias_producer', 'dataset_s3_bucket_producer', 'dataset_s3_bucket_consumer' retrieved from /home/airflow/.local/lib/python3.12/site-packages/airflow/example_dags/example_dataset_alias.py
[2024-09-22T11:32:49.968+0000] {logging_mixin.py:190} INFO - [2024-09-22T11:32:49.967+0000] {dag.py:3239} INFO - Sync 4 DAGs
[2024-09-22T11:32:50.034+0000] {logging_mixin.py:190} INFO - [2024-09-22T11:32:50.034+0000] {dag.py:4180} INFO - Setting next_dagrun for dataset_alias_example_alias_consumer to None, run_after=None
[2024-09-22T11:32:50.041+0000] {logging_mixin.py:190} INFO - [2024-09-22T11:32:50.041+0000] {dag.py:4180} INFO - Setting next_dagrun for dataset_alias_example_alias_producer to None, run_after=None
[2024-09-22T11:32:50.045+0000] {logging_mixin.py:190} INFO - [2024-09-22T11:32:50.044+0000] {dag.py:4180} INFO - Setting next_dagrun for dataset_s3_bucket_consumer to None, run_after=None
[2024-09-22T11:32:50.049+0000] {logging_mixin.py:190} INFO - [2024-09-22T11:32:50.048+0000] {dag.py:4180} INFO - Setting next_dagrun for dataset_s3_bucket_producer to None, run_after=None
[2024-09-22T11:32:50.107+0000] {processor.py:208} INFO - Processing /home/airflow/.local/lib/python3.12/site-packages/airflow/example_dags/example_dataset_alias.py took 1.186 seconds
[2024-09-22T11:33:21.179+0000] {processor.py:186} INFO - Started process (PID=133) to work on /home/airflow/.local/lib/python3.12/site-packages/airflow/example_dags/example_dataset_alias.py
[2024-09-22T11:33:21.180+0000] {processor.py:914} INFO - Processing file /home/airflow/.local/lib/python3.12/site-packages/airflow/example_dags/example_dataset_alias.py for tasks to queue
[2024-09-22T11:33:21.185+0000] {logging_mixin.py:190} INFO - [2024-09-22T11:33:21.185+0000] {dagbag.py:588} INFO - Filling up the DagBag from /home/airflow/.local/lib/python3.12/site-packages/airflow/example_dags/example_dataset_alias.py
[2024-09-22T11:33:21.535+0000] {processor.py:925} INFO - DAG(s) 'dataset_alias_example_alias_consumer', 'dataset_s3_bucket_consumer', 'dataset_alias_example_alias_producer', 'dataset_s3_bucket_producer' retrieved from /home/airflow/.local/lib/python3.12/site-packages/airflow/example_dags/example_dataset_alias.py
[2024-09-22T11:33:21.591+0000] {logging_mixin.py:190} INFO - [2024-09-22T11:33:21.591+0000] {dag.py:3239} INFO - Sync 4 DAGs
[2024-09-22T11:33:21.655+0000] {logging_mixin.py:190} INFO - [2024-09-22T11:33:21.654+0000] {dag.py:4180} INFO - Setting next_dagrun for dataset_alias_example_alias_consumer to None, run_after=None
[2024-09-22T11:33:21.659+0000] {logging_mixin.py:190} INFO - [2024-09-22T11:33:21.659+0000] {dag.py:4180} INFO - Setting next_dagrun for dataset_alias_example_alias_producer to None, run_after=None
[2024-09-22T11:33:21.662+0000] {logging_mixin.py:190} INFO - [2024-09-22T11:33:21.661+0000] {dag.py:4180} INFO - Setting next_dagrun for dataset_s3_bucket_consumer to None, run_after=None
[2024-09-22T11:33:21.664+0000] {logging_mixin.py:190} INFO - [2024-09-22T11:33:21.664+0000] {dag.py:4180} INFO - Setting next_dagrun for dataset_s3_bucket_producer to None, run_after=None
[2024-09-22T11:33:21.708+0000] {processor.py:208} INFO - Processing /home/airflow/.local/lib/python3.12/site-packages/airflow/example_dags/example_dataset_alias.py took 0.535 seconds
[2024-09-22T11:34:57.182+0000] {processor.py:186} INFO - Started process (PID=204) to work on /home/airflow/.local/lib/python3.12/site-packages/airflow/example_dags/example_dataset_alias.py
[2024-09-22T11:34:57.184+0000] {processor.py:914} INFO - Processing file /home/airflow/.local/lib/python3.12/site-packages/airflow/example_dags/example_dataset_alias.py for tasks to queue
[2024-09-22T11:34:57.185+0000] {logging_mixin.py:190} INFO - [2024-09-22T11:34:57.185+0000] {dagbag.py:588} INFO - Filling up the DagBag from /home/airflow/.local/lib/python3.12/site-packages/airflow/example_dags/example_dataset_alias.py
[2024-09-22T11:34:57.720+0000] {processor.py:925} INFO - DAG(s) 'dataset_s3_bucket_consumer', 'dataset_alias_example_alias_producer', 'dataset_s3_bucket_producer', 'dataset_alias_example_alias_consumer' retrieved from /home/airflow/.local/lib/python3.12/site-packages/airflow/example_dags/example_dataset_alias.py
[2024-09-22T11:34:57.755+0000] {logging_mixin.py:190} INFO - [2024-09-22T11:34:57.755+0000] {dag.py:3239} INFO - Sync 4 DAGs
[2024-09-22T11:34:57.795+0000] {logging_mixin.py:190} INFO - [2024-09-22T11:34:57.794+0000] {dag.py:4180} INFO - Setting next_dagrun for dataset_alias_example_alias_consumer to None, run_after=None
[2024-09-22T11:34:57.798+0000] {logging_mixin.py:190} INFO - [2024-09-22T11:34:57.798+0000] {dag.py:4180} INFO - Setting next_dagrun for dataset_alias_example_alias_producer to None, run_after=None
[2024-09-22T11:34:57.802+0000] {logging_mixin.py:190} INFO - [2024-09-22T11:34:57.802+0000] {dag.py:4180} INFO - Setting next_dagrun for dataset_s3_bucket_consumer to None, run_after=None
[2024-09-22T11:34:57.805+0000] {logging_mixin.py:190} INFO - [2024-09-22T11:34:57.804+0000] {dag.py:4180} INFO - Setting next_dagrun for dataset_s3_bucket_producer to None, run_after=None
[2024-09-22T11:34:57.853+0000] {processor.py:208} INFO - Processing /home/airflow/.local/lib/python3.12/site-packages/airflow/example_dags/example_dataset_alias.py took 0.676 seconds
[2024-09-22T11:35:27.956+0000] {processor.py:186} INFO - Started process (PID=270) to work on /home/airflow/.local/lib/python3.12/site-packages/airflow/example_dags/example_dataset_alias.py
[2024-09-22T11:35:27.958+0000] {processor.py:914} INFO - Processing file /home/airflow/.local/lib/python3.12/site-packages/airflow/example_dags/example_dataset_alias.py for tasks to queue
[2024-09-22T11:35:27.960+0000] {logging_mixin.py:190} INFO - [2024-09-22T11:35:27.960+0000] {dagbag.py:588} INFO - Filling up the DagBag from /home/airflow/.local/lib/python3.12/site-packages/airflow/example_dags/example_dataset_alias.py
[2024-09-22T11:35:28.239+0000] {processor.py:925} INFO - DAG(s) 'dataset_alias_example_alias_consumer', 'dataset_alias_example_alias_producer', 'dataset_s3_bucket_producer', 'dataset_s3_bucket_consumer' retrieved from /home/airflow/.local/lib/python3.12/site-packages/airflow/example_dags/example_dataset_alias.py
[2024-09-22T11:35:28.294+0000] {logging_mixin.py:190} INFO - [2024-09-22T11:35:28.294+0000] {dag.py:3239} INFO - Sync 4 DAGs
[2024-09-22T11:35:28.329+0000] {logging_mixin.py:190} INFO - [2024-09-22T11:35:28.329+0000] {dag.py:4180} INFO - Setting next_dagrun for dataset_alias_example_alias_consumer to None, run_after=None
[2024-09-22T11:35:28.333+0000] {logging_mixin.py:190} INFO - [2024-09-22T11:35:28.332+0000] {dag.py:4180} INFO - Setting next_dagrun for dataset_alias_example_alias_producer to None, run_after=None
[2024-09-22T11:35:28.335+0000] {logging_mixin.py:190} INFO - [2024-09-22T11:35:28.335+0000] {dag.py:4180} INFO - Setting next_dagrun for dataset_s3_bucket_consumer to None, run_after=None
[2024-09-22T11:35:28.338+0000] {logging_mixin.py:190} INFO - [2024-09-22T11:35:28.337+0000] {dag.py:4180} INFO - Setting next_dagrun for dataset_s3_bucket_producer to None, run_after=None
[2024-09-22T11:35:28.362+0000] {processor.py:208} INFO - Processing /home/airflow/.local/lib/python3.12/site-packages/airflow/example_dags/example_dataset_alias.py took 0.411 seconds
