[2024-09-22T11:28:41.073+0000] {processor.py:186} INFO - Started process (PID=96) to work on /home/airflow/.local/lib/python3.12/site-packages/airflow/example_dags/example_branch_labels.py
[2024-09-22T11:28:41.075+0000] {processor.py:914} INFO - Processing file /home/airflow/.local/lib/python3.12/site-packages/airflow/example_dags/example_branch_labels.py for tasks to queue
[2024-09-22T11:28:41.078+0000] {logging_mixin.py:190} INFO - [2024-09-22T11:28:41.077+0000] {dagbag.py:588} INFO - Filling up the DagBag from /home/airflow/.local/lib/python3.12/site-packages/airflow/example_dags/example_branch_labels.py
[2024-09-22T11:28:41.094+0000] {processor.py:925} INFO - DAG(s) 'example_branch_labels' retrieved from /home/airflow/.local/lib/python3.12/site-packages/airflow/example_dags/example_branch_labels.py
[2024-09-22T11:28:41.985+0000] {logging_mixin.py:190} INFO - [2024-09-22T11:28:41.984+0000] {override.py:1900} INFO - Created Permission View: can read on DAG:example_branch_labels
[2024-09-22T11:28:42.009+0000] {logging_mixin.py:190} INFO - [2024-09-22T11:28:42.009+0000] {override.py:1900} INFO - Created Permission View: can delete on DAG:example_branch_labels
[2024-09-22T11:28:42.019+0000] {logging_mixin.py:190} INFO - [2024-09-22T11:28:42.019+0000] {override.py:1900} INFO - Created Permission View: can edit on DAG:example_branch_labels
[2024-09-22T11:28:42.032+0000] {logging_mixin.py:190} INFO - [2024-09-22T11:28:42.031+0000] {override.py:1900} INFO - Created Permission View: menu access on DAG Run:example_branch_labels
[2024-09-22T11:28:42.042+0000] {logging_mixin.py:190} INFO - [2024-09-22T11:28:42.042+0000] {override.py:1900} INFO - Created Permission View: can read on DAG Run:example_branch_labels
[2024-09-22T11:28:42.055+0000] {logging_mixin.py:190} INFO - [2024-09-22T11:28:42.054+0000] {override.py:1900} INFO - Created Permission View: can delete on DAG Run:example_branch_labels
[2024-09-22T11:28:42.067+0000] {logging_mixin.py:190} INFO - [2024-09-22T11:28:42.066+0000] {override.py:1900} INFO - Created Permission View: can create on DAG Run:example_branch_labels
[2024-09-22T11:28:42.068+0000] {logging_mixin.py:190} INFO - [2024-09-22T11:28:42.067+0000] {dag.py:3239} INFO - Sync 1 DAGs
[2024-09-22T11:28:42.097+0000] {logging_mixin.py:190} INFO - [2024-09-22T11:28:42.096+0000] {dag.py:3262} INFO - Creating ORM DAG for example_branch_labels
[2024-09-22T11:28:42.117+0000] {logging_mixin.py:190} INFO - [2024-09-22T11:28:42.117+0000] {dag.py:4180} INFO - Setting next_dagrun for example_branch_labels to 2024-09-21 00:00:00+00:00, run_after=2024-09-22 00:00:00+00:00
[2024-09-22T11:28:42.144+0000] {processor.py:208} INFO - Processing /home/airflow/.local/lib/python3.12/site-packages/airflow/example_dags/example_branch_labels.py took 1.076 seconds
[2024-09-22T11:29:12.223+0000] {processor.py:186} INFO - Started process (PID=157) to work on /home/airflow/.local/lib/python3.12/site-packages/airflow/example_dags/example_branch_labels.py
[2024-09-22T11:29:12.224+0000] {processor.py:914} INFO - Processing file /home/airflow/.local/lib/python3.12/site-packages/airflow/example_dags/example_branch_labels.py for tasks to queue
[2024-09-22T11:29:12.232+0000] {logging_mixin.py:190} INFO - [2024-09-22T11:29:12.232+0000] {dagbag.py:588} INFO - Filling up the DagBag from /home/airflow/.local/lib/python3.12/site-packages/airflow/example_dags/example_branch_labels.py
[2024-09-22T11:29:12.249+0000] {processor.py:925} INFO - DAG(s) 'example_branch_labels' retrieved from /home/airflow/.local/lib/python3.12/site-packages/airflow/example_dags/example_branch_labels.py
[2024-09-22T11:29:12.274+0000] {logging_mixin.py:190} INFO - [2024-09-22T11:29:12.273+0000] {dag.py:3239} INFO - Sync 1 DAGs
[2024-09-22T11:29:12.298+0000] {logging_mixin.py:190} INFO - [2024-09-22T11:29:12.298+0000] {dag.py:4180} INFO - Setting next_dagrun for example_branch_labels to 2024-09-21 00:00:00+00:00, run_after=2024-09-22 00:00:00+00:00
[2024-09-22T11:29:12.458+0000] {processor.py:208} INFO - Processing /home/airflow/.local/lib/python3.12/site-packages/airflow/example_dags/example_branch_labels.py took 0.240 seconds
[2024-09-22T11:29:52.344+0000] {processor.py:186} INFO - Started process (PID=220) to work on /home/airflow/.local/lib/python3.12/site-packages/airflow/example_dags/example_branch_labels.py
[2024-09-22T11:29:52.346+0000] {processor.py:914} INFO - Processing file /home/airflow/.local/lib/python3.12/site-packages/airflow/example_dags/example_branch_labels.py for tasks to queue
[2024-09-22T11:29:52.350+0000] {logging_mixin.py:190} INFO - [2024-09-22T11:29:52.350+0000] {dagbag.py:588} INFO - Filling up the DagBag from /home/airflow/.local/lib/python3.12/site-packages/airflow/example_dags/example_branch_labels.py
[2024-09-22T11:29:52.368+0000] {processor.py:925} INFO - DAG(s) 'example_branch_labels' retrieved from /home/airflow/.local/lib/python3.12/site-packages/airflow/example_dags/example_branch_labels.py
[2024-09-22T11:29:52.441+0000] {logging_mixin.py:190} INFO - [2024-09-22T11:29:52.440+0000] {dag.py:3239} INFO - Sync 1 DAGs
[2024-09-22T11:29:52.479+0000] {logging_mixin.py:190} INFO - [2024-09-22T11:29:52.478+0000] {dag.py:4180} INFO - Setting next_dagrun for example_branch_labels to 2024-09-21 00:00:00+00:00, run_after=2024-09-22 00:00:00+00:00
[2024-09-22T11:29:52.531+0000] {processor.py:208} INFO - Processing /home/airflow/.local/lib/python3.12/site-packages/airflow/example_dags/example_branch_labels.py took 0.206 seconds
[2024-09-22T11:32:51.868+0000] {processor.py:186} INFO - Started process (PID=81) to work on /home/airflow/.local/lib/python3.12/site-packages/airflow/example_dags/example_branch_labels.py
[2024-09-22T11:32:51.870+0000] {processor.py:914} INFO - Processing file /home/airflow/.local/lib/python3.12/site-packages/airflow/example_dags/example_branch_labels.py for tasks to queue
[2024-09-22T11:32:51.873+0000] {logging_mixin.py:190} INFO - [2024-09-22T11:32:51.872+0000] {dagbag.py:588} INFO - Filling up the DagBag from /home/airflow/.local/lib/python3.12/site-packages/airflow/example_dags/example_branch_labels.py
[2024-09-22T11:32:51.882+0000] {processor.py:925} INFO - DAG(s) 'example_branch_labels' retrieved from /home/airflow/.local/lib/python3.12/site-packages/airflow/example_dags/example_branch_labels.py
[2024-09-22T11:32:51.911+0000] {logging_mixin.py:190} INFO - [2024-09-22T11:32:51.910+0000] {dag.py:3239} INFO - Sync 1 DAGs
[2024-09-22T11:32:51.945+0000] {logging_mixin.py:190} INFO - [2024-09-22T11:32:51.945+0000] {dag.py:4180} INFO - Setting next_dagrun for example_branch_labels to 2024-09-21 00:00:00+00:00, run_after=2024-09-22 00:00:00+00:00
[2024-09-22T11:32:51.970+0000] {processor.py:208} INFO - Processing /home/airflow/.local/lib/python3.12/site-packages/airflow/example_dags/example_branch_labels.py took 0.107 seconds
[2024-09-22T11:33:22.870+0000] {processor.py:186} INFO - Started process (PID=143) to work on /home/airflow/.local/lib/python3.12/site-packages/airflow/example_dags/example_branch_labels.py
[2024-09-22T11:33:22.871+0000] {processor.py:914} INFO - Processing file /home/airflow/.local/lib/python3.12/site-packages/airflow/example_dags/example_branch_labels.py for tasks to queue
[2024-09-22T11:33:22.873+0000] {logging_mixin.py:190} INFO - [2024-09-22T11:33:22.873+0000] {dagbag.py:588} INFO - Filling up the DagBag from /home/airflow/.local/lib/python3.12/site-packages/airflow/example_dags/example_branch_labels.py
[2024-09-22T11:33:22.882+0000] {processor.py:925} INFO - DAG(s) 'example_branch_labels' retrieved from /home/airflow/.local/lib/python3.12/site-packages/airflow/example_dags/example_branch_labels.py
[2024-09-22T11:33:22.904+0000] {logging_mixin.py:190} INFO - [2024-09-22T11:33:22.903+0000] {dag.py:3239} INFO - Sync 1 DAGs
[2024-09-22T11:33:22.938+0000] {logging_mixin.py:190} INFO - [2024-09-22T11:33:22.938+0000] {dag.py:4180} INFO - Setting next_dagrun for example_branch_labels to 2024-09-21 00:00:00+00:00, run_after=2024-09-22 00:00:00+00:00
[2024-09-22T11:33:22.963+0000] {processor.py:208} INFO - Processing /home/airflow/.local/lib/python3.12/site-packages/airflow/example_dags/example_branch_labels.py took 0.098 seconds
[2024-09-22T11:34:58.485+0000] {processor.py:186} INFO - Started process (PID=214) to work on /home/airflow/.local/lib/python3.12/site-packages/airflow/example_dags/example_branch_labels.py
[2024-09-22T11:34:58.489+0000] {processor.py:914} INFO - Processing file /home/airflow/.local/lib/python3.12/site-packages/airflow/example_dags/example_branch_labels.py for tasks to queue
[2024-09-22T11:34:58.492+0000] {logging_mixin.py:190} INFO - [2024-09-22T11:34:58.492+0000] {dagbag.py:588} INFO - Filling up the DagBag from /home/airflow/.local/lib/python3.12/site-packages/airflow/example_dags/example_branch_labels.py
[2024-09-22T11:34:58.506+0000] {processor.py:925} INFO - DAG(s) 'example_branch_labels' retrieved from /home/airflow/.local/lib/python3.12/site-packages/airflow/example_dags/example_branch_labels.py
[2024-09-22T11:34:58.532+0000] {logging_mixin.py:190} INFO - [2024-09-22T11:34:58.532+0000] {dag.py:3239} INFO - Sync 1 DAGs
[2024-09-22T11:34:58.576+0000] {logging_mixin.py:190} INFO - [2024-09-22T11:34:58.575+0000] {dag.py:4180} INFO - Setting next_dagrun for example_branch_labels to 2024-09-21 00:00:00+00:00, run_after=2024-09-22 00:00:00+00:00
[2024-09-22T11:34:58.605+0000] {processor.py:208} INFO - Processing /home/airflow/.local/lib/python3.12/site-packages/airflow/example_dags/example_branch_labels.py took 0.139 seconds
[2024-09-22T11:35:28.677+0000] {processor.py:186} INFO - Started process (PID=276) to work on /home/airflow/.local/lib/python3.12/site-packages/airflow/example_dags/example_branch_labels.py
[2024-09-22T11:35:28.678+0000] {processor.py:914} INFO - Processing file /home/airflow/.local/lib/python3.12/site-packages/airflow/example_dags/example_branch_labels.py for tasks to queue
[2024-09-22T11:35:28.679+0000] {logging_mixin.py:190} INFO - [2024-09-22T11:35:28.679+0000] {dagbag.py:588} INFO - Filling up the DagBag from /home/airflow/.local/lib/python3.12/site-packages/airflow/example_dags/example_branch_labels.py
[2024-09-22T11:35:28.688+0000] {processor.py:925} INFO - DAG(s) 'example_branch_labels' retrieved from /home/airflow/.local/lib/python3.12/site-packages/airflow/example_dags/example_branch_labels.py
[2024-09-22T11:35:28.709+0000] {logging_mixin.py:190} INFO - [2024-09-22T11:35:28.709+0000] {dag.py:3239} INFO - Sync 1 DAGs
[2024-09-22T11:35:28.733+0000] {logging_mixin.py:190} INFO - [2024-09-22T11:35:28.733+0000] {dag.py:4180} INFO - Setting next_dagrun for example_branch_labels to 2024-09-21 00:00:00+00:00, run_after=2024-09-22 00:00:00+00:00
[2024-09-22T11:35:28.756+0000] {processor.py:208} INFO - Processing /home/airflow/.local/lib/python3.12/site-packages/airflow/example_dags/example_branch_labels.py took 0.083 seconds
