[2024-09-22T11:28:52.362+0000] {processor.py:186} INFO - Started process (PID=116) to work on /home/airflow/.local/lib/python3.12/site-packages/airflow/example_dags/example_inlet_event_extra.py
[2024-09-22T11:28:52.363+0000] {processor.py:914} INFO - Processing file /home/airflow/.local/lib/python3.12/site-packages/airflow/example_dags/example_inlet_event_extra.py for tasks to queue
[2024-09-22T11:28:52.367+0000] {logging_mixin.py:190} INFO - [2024-09-22T11:28:52.367+0000] {dagbag.py:588} INFO - Filling up the DagBag from /home/airflow/.local/lib/python3.12/site-packages/airflow/example_dags/example_inlet_event_extra.py
[2024-09-22T11:28:52.789+0000] {processor.py:925} INFO - DAG(s) 'read_dataset_event', 'read_dataset_event_from_classic' retrieved from /home/airflow/.local/lib/python3.12/site-packages/airflow/example_dags/example_inlet_event_extra.py
[2024-09-22T11:28:52.940+0000] {logging_mixin.py:190} INFO - [2024-09-22T11:28:52.939+0000] {override.py:1900} INFO - Created Permission View: can read on DAG:read_dataset_event
[2024-09-22T11:28:52.956+0000] {logging_mixin.py:190} INFO - [2024-09-22T11:28:52.956+0000] {override.py:1900} INFO - Created Permission View: can delete on DAG:read_dataset_event
[2024-09-22T11:28:52.969+0000] {logging_mixin.py:190} INFO - [2024-09-22T11:28:52.967+0000] {override.py:1900} INFO - Created Permission View: can edit on DAG:read_dataset_event
[2024-09-22T11:28:52.998+0000] {logging_mixin.py:190} INFO - [2024-09-22T11:28:52.996+0000] {override.py:1900} INFO - Created Permission View: menu access on DAG Run:read_dataset_event
[2024-09-22T11:28:53.026+0000] {logging_mixin.py:190} INFO - [2024-09-22T11:28:53.025+0000] {override.py:1900} INFO - Created Permission View: can read on DAG Run:read_dataset_event
[2024-09-22T11:28:53.043+0000] {logging_mixin.py:190} INFO - [2024-09-22T11:28:53.043+0000] {override.py:1900} INFO - Created Permission View: can delete on DAG Run:read_dataset_event
[2024-09-22T11:28:53.062+0000] {logging_mixin.py:190} INFO - [2024-09-22T11:28:53.060+0000] {override.py:1900} INFO - Created Permission View: can create on DAG Run:read_dataset_event
[2024-09-22T11:28:53.087+0000] {logging_mixin.py:190} INFO - [2024-09-22T11:28:53.086+0000] {override.py:1900} INFO - Created Permission View: can read on DAG:read_dataset_event_from_classic
[2024-09-22T11:28:53.105+0000] {logging_mixin.py:190} INFO - [2024-09-22T11:28:53.105+0000] {override.py:1900} INFO - Created Permission View: can delete on DAG:read_dataset_event_from_classic
[2024-09-22T11:28:53.126+0000] {logging_mixin.py:190} INFO - [2024-09-22T11:28:53.125+0000] {override.py:1900} INFO - Created Permission View: can edit on DAG:read_dataset_event_from_classic
[2024-09-22T11:28:53.174+0000] {logging_mixin.py:190} INFO - [2024-09-22T11:28:53.173+0000] {override.py:1900} INFO - Created Permission View: menu access on DAG Run:read_dataset_event_from_classic
[2024-09-22T11:28:53.188+0000] {logging_mixin.py:190} INFO - [2024-09-22T11:28:53.188+0000] {override.py:1900} INFO - Created Permission View: can read on DAG Run:read_dataset_event_from_classic
[2024-09-22T11:28:53.216+0000] {logging_mixin.py:190} INFO - [2024-09-22T11:28:53.215+0000] {override.py:1900} INFO - Created Permission View: can delete on DAG Run:read_dataset_event_from_classic
[2024-09-22T11:28:53.227+0000] {logging_mixin.py:190} INFO - [2024-09-22T11:28:53.226+0000] {override.py:1900} INFO - Created Permission View: can create on DAG Run:read_dataset_event_from_classic
[2024-09-22T11:28:53.228+0000] {logging_mixin.py:190} INFO - [2024-09-22T11:28:53.228+0000] {dag.py:3239} INFO - Sync 2 DAGs
[2024-09-22T11:28:53.251+0000] {logging_mixin.py:190} INFO - [2024-09-22T11:28:53.251+0000] {dag.py:3262} INFO - Creating ORM DAG for read_dataset_event_from_classic
[2024-09-22T11:28:53.254+0000] {logging_mixin.py:190} INFO - [2024-09-22T11:28:53.254+0000] {dag.py:3262} INFO - Creating ORM DAG for read_dataset_event
[2024-09-22T11:28:53.265+0000] {logging_mixin.py:190} INFO - [2024-09-22T11:28:53.265+0000] {dag.py:4180} INFO - Setting next_dagrun for read_dataset_event to 2024-09-21 00:00:00+00:00, run_after=2024-09-22 00:00:00+00:00
[2024-09-22T11:28:53.269+0000] {logging_mixin.py:190} INFO - [2024-09-22T11:28:53.269+0000] {dag.py:4180} INFO - Setting next_dagrun for read_dataset_event_from_classic to 2024-09-21 00:00:00+00:00, run_after=2024-09-22 00:00:00+00:00
[2024-09-22T11:28:53.540+0000] {processor.py:208} INFO - Processing /home/airflow/.local/lib/python3.12/site-packages/airflow/example_dags/example_inlet_event_extra.py took 1.187 seconds
[2024-09-22T11:29:23.805+0000] {processor.py:186} INFO - Started process (PID=178) to work on /home/airflow/.local/lib/python3.12/site-packages/airflow/example_dags/example_inlet_event_extra.py
[2024-09-22T11:29:23.806+0000] {processor.py:914} INFO - Processing file /home/airflow/.local/lib/python3.12/site-packages/airflow/example_dags/example_inlet_event_extra.py for tasks to queue
[2024-09-22T11:29:23.809+0000] {logging_mixin.py:190} INFO - [2024-09-22T11:29:23.809+0000] {dagbag.py:588} INFO - Filling up the DagBag from /home/airflow/.local/lib/python3.12/site-packages/airflow/example_dags/example_inlet_event_extra.py
[2024-09-22T11:29:23.982+0000] {processor.py:925} INFO - DAG(s) 'read_dataset_event_from_classic', 'read_dataset_event' retrieved from /home/airflow/.local/lib/python3.12/site-packages/airflow/example_dags/example_inlet_event_extra.py
[2024-09-22T11:29:24.008+0000] {logging_mixin.py:190} INFO - [2024-09-22T11:29:24.007+0000] {dag.py:3239} INFO - Sync 2 DAGs
[2024-09-22T11:29:24.040+0000] {logging_mixin.py:190} INFO - [2024-09-22T11:29:24.040+0000] {dag.py:4180} INFO - Setting next_dagrun for read_dataset_event to 2024-09-21 00:00:00+00:00, run_after=2024-09-22 00:00:00+00:00
[2024-09-22T11:29:24.046+0000] {logging_mixin.py:190} INFO - [2024-09-22T11:29:24.046+0000] {dag.py:4180} INFO - Setting next_dagrun for read_dataset_event_from_classic to 2024-09-21 00:00:00+00:00, run_after=2024-09-22 00:00:00+00:00
[2024-09-22T11:29:24.081+0000] {processor.py:208} INFO - Processing /home/airflow/.local/lib/python3.12/site-packages/airflow/example_dags/example_inlet_event_extra.py took 0.281 seconds
[2024-09-22T11:29:56.633+0000] {processor.py:186} INFO - Started process (PID=240) to work on /home/airflow/.local/lib/python3.12/site-packages/airflow/example_dags/example_inlet_event_extra.py
[2024-09-22T11:29:56.635+0000] {processor.py:914} INFO - Processing file /home/airflow/.local/lib/python3.12/site-packages/airflow/example_dags/example_inlet_event_extra.py for tasks to queue
[2024-09-22T11:29:56.638+0000] {logging_mixin.py:190} INFO - [2024-09-22T11:29:56.637+0000] {dagbag.py:588} INFO - Filling up the DagBag from /home/airflow/.local/lib/python3.12/site-packages/airflow/example_dags/example_inlet_event_extra.py
[2024-09-22T11:29:56.973+0000] {processor.py:925} INFO - DAG(s) 'read_dataset_event_from_classic', 'read_dataset_event' retrieved from /home/airflow/.local/lib/python3.12/site-packages/airflow/example_dags/example_inlet_event_extra.py
[2024-09-22T11:29:57.027+0000] {logging_mixin.py:190} INFO - [2024-09-22T11:29:57.024+0000] {dag.py:3239} INFO - Sync 2 DAGs
[2024-09-22T11:29:57.098+0000] {logging_mixin.py:190} INFO - [2024-09-22T11:29:57.098+0000] {dag.py:4180} INFO - Setting next_dagrun for read_dataset_event to 2024-09-21 00:00:00+00:00, run_after=2024-09-22 00:00:00+00:00
[2024-09-22T11:29:57.117+0000] {logging_mixin.py:190} INFO - [2024-09-22T11:29:57.117+0000] {dag.py:4180} INFO - Setting next_dagrun for read_dataset_event_from_classic to 2024-09-21 00:00:00+00:00, run_after=2024-09-22 00:00:00+00:00
[2024-09-22T11:29:57.170+0000] {processor.py:208} INFO - Processing /home/airflow/.local/lib/python3.12/site-packages/airflow/example_dags/example_inlet_event_extra.py took 0.543 seconds
[2024-09-22T11:32:54.265+0000] {processor.py:186} INFO - Started process (PID=101) to work on /home/airflow/.local/lib/python3.12/site-packages/airflow/example_dags/example_inlet_event_extra.py
[2024-09-22T11:32:54.267+0000] {processor.py:914} INFO - Processing file /home/airflow/.local/lib/python3.12/site-packages/airflow/example_dags/example_inlet_event_extra.py for tasks to queue
[2024-09-22T11:32:54.269+0000] {logging_mixin.py:190} INFO - [2024-09-22T11:32:54.269+0000] {dagbag.py:588} INFO - Filling up the DagBag from /home/airflow/.local/lib/python3.12/site-packages/airflow/example_dags/example_inlet_event_extra.py
[2024-09-22T11:32:54.411+0000] {processor.py:925} INFO - DAG(s) 'read_dataset_event_from_classic', 'read_dataset_event' retrieved from /home/airflow/.local/lib/python3.12/site-packages/airflow/example_dags/example_inlet_event_extra.py
[2024-09-22T11:32:54.440+0000] {logging_mixin.py:190} INFO - [2024-09-22T11:32:54.439+0000] {dag.py:3239} INFO - Sync 2 DAGs
[2024-09-22T11:32:54.474+0000] {logging_mixin.py:190} INFO - [2024-09-22T11:32:54.472+0000] {dag.py:4180} INFO - Setting next_dagrun for read_dataset_event to 2024-09-21 00:00:00+00:00, run_after=2024-09-22 00:00:00+00:00
[2024-09-22T11:32:54.481+0000] {logging_mixin.py:190} INFO - [2024-09-22T11:32:54.481+0000] {dag.py:4180} INFO - Setting next_dagrun for read_dataset_event_from_classic to 2024-09-21 00:00:00+00:00, run_after=2024-09-22 00:00:00+00:00
[2024-09-22T11:32:54.503+0000] {processor.py:208} INFO - Processing /home/airflow/.local/lib/python3.12/site-packages/airflow/example_dags/example_inlet_event_extra.py took 0.242 seconds
[2024-09-22T11:33:24.931+0000] {processor.py:186} INFO - Started process (PID=164) to work on /home/airflow/.local/lib/python3.12/site-packages/airflow/example_dags/example_inlet_event_extra.py
[2024-09-22T11:33:24.935+0000] {processor.py:914} INFO - Processing file /home/airflow/.local/lib/python3.12/site-packages/airflow/example_dags/example_inlet_event_extra.py for tasks to queue
[2024-09-22T11:33:24.938+0000] {logging_mixin.py:190} INFO - [2024-09-22T11:33:24.937+0000] {dagbag.py:588} INFO - Filling up the DagBag from /home/airflow/.local/lib/python3.12/site-packages/airflow/example_dags/example_inlet_event_extra.py
[2024-09-22T11:33:25.093+0000] {processor.py:925} INFO - DAG(s) 'read_dataset_event', 'read_dataset_event_from_classic' retrieved from /home/airflow/.local/lib/python3.12/site-packages/airflow/example_dags/example_inlet_event_extra.py
[2024-09-22T11:33:25.119+0000] {logging_mixin.py:190} INFO - [2024-09-22T11:33:25.119+0000] {dag.py:3239} INFO - Sync 2 DAGs
[2024-09-22T11:33:25.148+0000] {logging_mixin.py:190} INFO - [2024-09-22T11:33:25.147+0000] {dag.py:4180} INFO - Setting next_dagrun for read_dataset_event to 2024-09-21 00:00:00+00:00, run_after=2024-09-22 00:00:00+00:00
[2024-09-22T11:33:25.153+0000] {logging_mixin.py:190} INFO - [2024-09-22T11:33:25.153+0000] {dag.py:4180} INFO - Setting next_dagrun for read_dataset_event_from_classic to 2024-09-21 00:00:00+00:00, run_after=2024-09-22 00:00:00+00:00
[2024-09-22T11:33:25.171+0000] {processor.py:208} INFO - Processing /home/airflow/.local/lib/python3.12/site-packages/airflow/example_dags/example_inlet_event_extra.py took 0.245 seconds
[2024-09-22T11:35:00.644+0000] {processor.py:186} INFO - Started process (PID=234) to work on /home/airflow/.local/lib/python3.12/site-packages/airflow/example_dags/example_inlet_event_extra.py
[2024-09-22T11:35:00.646+0000] {processor.py:914} INFO - Processing file /home/airflow/.local/lib/python3.12/site-packages/airflow/example_dags/example_inlet_event_extra.py for tasks to queue
[2024-09-22T11:35:00.647+0000] {logging_mixin.py:190} INFO - [2024-09-22T11:35:00.647+0000] {dagbag.py:588} INFO - Filling up the DagBag from /home/airflow/.local/lib/python3.12/site-packages/airflow/example_dags/example_inlet_event_extra.py
[2024-09-22T11:35:00.815+0000] {processor.py:925} INFO - DAG(s) 'read_dataset_event_from_classic', 'read_dataset_event' retrieved from /home/airflow/.local/lib/python3.12/site-packages/airflow/example_dags/example_inlet_event_extra.py
[2024-09-22T11:35:00.853+0000] {logging_mixin.py:190} INFO - [2024-09-22T11:35:00.853+0000] {dag.py:3239} INFO - Sync 2 DAGs
[2024-09-22T11:35:00.894+0000] {logging_mixin.py:190} INFO - [2024-09-22T11:35:00.893+0000] {dag.py:4180} INFO - Setting next_dagrun for read_dataset_event to 2024-09-21 00:00:00+00:00, run_after=2024-09-22 00:00:00+00:00
[2024-09-22T11:35:00.906+0000] {logging_mixin.py:190} INFO - [2024-09-22T11:35:00.906+0000] {dag.py:4180} INFO - Setting next_dagrun for read_dataset_event_from_classic to 2024-09-21 00:00:00+00:00, run_after=2024-09-22 00:00:00+00:00
[2024-09-22T11:35:00.935+0000] {processor.py:208} INFO - Processing /home/airflow/.local/lib/python3.12/site-packages/airflow/example_dags/example_inlet_event_extra.py took 0.297 seconds
[2024-09-22T11:35:30.992+0000] {processor.py:186} INFO - Started process (PID=297) to work on /home/airflow/.local/lib/python3.12/site-packages/airflow/example_dags/example_inlet_event_extra.py
[2024-09-22T11:35:30.994+0000] {processor.py:914} INFO - Processing file /home/airflow/.local/lib/python3.12/site-packages/airflow/example_dags/example_inlet_event_extra.py for tasks to queue
[2024-09-22T11:35:30.995+0000] {logging_mixin.py:190} INFO - [2024-09-22T11:35:30.995+0000] {dagbag.py:588} INFO - Filling up the DagBag from /home/airflow/.local/lib/python3.12/site-packages/airflow/example_dags/example_inlet_event_extra.py
[2024-09-22T11:35:31.160+0000] {processor.py:925} INFO - DAG(s) 'read_dataset_event_from_classic', 'read_dataset_event' retrieved from /home/airflow/.local/lib/python3.12/site-packages/airflow/example_dags/example_inlet_event_extra.py
[2024-09-22T11:35:31.184+0000] {logging_mixin.py:190} INFO - [2024-09-22T11:35:31.183+0000] {dag.py:3239} INFO - Sync 2 DAGs
[2024-09-22T11:35:31.211+0000] {logging_mixin.py:190} INFO - [2024-09-22T11:35:31.210+0000] {dag.py:4180} INFO - Setting next_dagrun for read_dataset_event to 2024-09-21 00:00:00+00:00, run_after=2024-09-22 00:00:00+00:00
[2024-09-22T11:35:31.217+0000] {logging_mixin.py:190} INFO - [2024-09-22T11:35:31.216+0000] {dag.py:4180} INFO - Setting next_dagrun for read_dataset_event_from_classic to 2024-09-21 00:00:00+00:00, run_after=2024-09-22 00:00:00+00:00
[2024-09-22T11:35:31.239+0000] {processor.py:208} INFO - Processing /home/airflow/.local/lib/python3.12/site-packages/airflow/example_dags/example_inlet_event_extra.py took 0.251 seconds
