[2024-09-22T11:28:45.945+0000] {processor.py:186} INFO - Started process (PID=107) to work on /home/airflow/.local/lib/python3.12/site-packages/airflow/example_dags/example_outlet_event_extra.py
[2024-09-22T11:28:45.946+0000] {processor.py:914} INFO - Processing file /home/airflow/.local/lib/python3.12/site-packages/airflow/example_dags/example_outlet_event_extra.py for tasks to queue
[2024-09-22T11:28:45.949+0000] {logging_mixin.py:190} INFO - [2024-09-22T11:28:45.949+0000] {dagbag.py:588} INFO - Filling up the DagBag from /home/airflow/.local/lib/python3.12/site-packages/airflow/example_dags/example_outlet_event_extra.py
[2024-09-22T11:28:46.283+0000] {processor.py:925} INFO - DAG(s) 'dataset_with_extra_by_context', 'dataset_with_extra_by_yield', 'dataset_with_extra_from_classic_operator' retrieved from /home/airflow/.local/lib/python3.12/site-packages/airflow/example_dags/example_outlet_event_extra.py
[2024-09-22T11:28:46.694+0000] {logging_mixin.py:190} INFO - [2024-09-22T11:28:46.693+0000] {override.py:1900} INFO - Created Permission View: can read on DAG:dataset_with_extra_by_context
[2024-09-22T11:28:46.966+0000] {logging_mixin.py:190} INFO - [2024-09-22T11:28:46.965+0000] {override.py:1900} INFO - Created Permission View: can delete on DAG:dataset_with_extra_by_context
[2024-09-22T11:28:46.987+0000] {logging_mixin.py:190} INFO - [2024-09-22T11:28:46.985+0000] {override.py:1900} INFO - Created Permission View: can edit on DAG:dataset_with_extra_by_context
[2024-09-22T11:28:47.029+0000] {logging_mixin.py:190} INFO - [2024-09-22T11:28:47.028+0000] {override.py:1900} INFO - Created Permission View: menu access on DAG Run:dataset_with_extra_by_context
[2024-09-22T11:28:47.145+0000] {logging_mixin.py:190} INFO - [2024-09-22T11:28:47.144+0000] {override.py:1900} INFO - Created Permission View: can read on DAG Run:dataset_with_extra_by_context
[2024-09-22T11:28:47.428+0000] {logging_mixin.py:190} INFO - [2024-09-22T11:28:47.428+0000] {override.py:1900} INFO - Created Permission View: can delete on DAG Run:dataset_with_extra_by_context
[2024-09-22T11:28:47.640+0000] {logging_mixin.py:190} INFO - [2024-09-22T11:28:47.640+0000] {override.py:1900} INFO - Created Permission View: can create on DAG Run:dataset_with_extra_by_context
[2024-09-22T11:28:47.664+0000] {logging_mixin.py:190} INFO - [2024-09-22T11:28:47.663+0000] {override.py:1900} INFO - Created Permission View: can read on DAG:dataset_with_extra_by_yield
[2024-09-22T11:28:47.675+0000] {logging_mixin.py:190} INFO - [2024-09-22T11:28:47.675+0000] {override.py:1900} INFO - Created Permission View: can delete on DAG:dataset_with_extra_by_yield
[2024-09-22T11:28:47.735+0000] {logging_mixin.py:190} INFO - [2024-09-22T11:28:47.734+0000] {override.py:1900} INFO - Created Permission View: can edit on DAG:dataset_with_extra_by_yield
[2024-09-22T11:28:47.997+0000] {logging_mixin.py:190} INFO - [2024-09-22T11:28:47.996+0000] {override.py:1900} INFO - Created Permission View: menu access on DAG Run:dataset_with_extra_by_yield
[2024-09-22T11:28:48.012+0000] {logging_mixin.py:190} INFO - [2024-09-22T11:28:48.012+0000] {override.py:1900} INFO - Created Permission View: can read on DAG Run:dataset_with_extra_by_yield
[2024-09-22T11:28:48.025+0000] {logging_mixin.py:190} INFO - [2024-09-22T11:28:48.024+0000] {override.py:1900} INFO - Created Permission View: can delete on DAG Run:dataset_with_extra_by_yield
[2024-09-22T11:28:48.037+0000] {logging_mixin.py:190} INFO - [2024-09-22T11:28:48.036+0000] {override.py:1900} INFO - Created Permission View: can create on DAG Run:dataset_with_extra_by_yield
[2024-09-22T11:28:48.105+0000] {logging_mixin.py:190} INFO - [2024-09-22T11:28:48.104+0000] {override.py:1900} INFO - Created Permission View: can read on DAG:dataset_with_extra_from_classic_operator
[2024-09-22T11:28:48.173+0000] {logging_mixin.py:190} INFO - [2024-09-22T11:28:48.172+0000] {override.py:1900} INFO - Created Permission View: can delete on DAG:dataset_with_extra_from_classic_operator
[2024-09-22T11:28:48.188+0000] {logging_mixin.py:190} INFO - [2024-09-22T11:28:48.187+0000] {override.py:1900} INFO - Created Permission View: can edit on DAG:dataset_with_extra_from_classic_operator
[2024-09-22T11:28:48.205+0000] {logging_mixin.py:190} INFO - [2024-09-22T11:28:48.204+0000] {override.py:1900} INFO - Created Permission View: menu access on DAG Run:dataset_with_extra_from_classic_operator
[2024-09-22T11:28:48.221+0000] {logging_mixin.py:190} INFO - [2024-09-22T11:28:48.220+0000] {override.py:1900} INFO - Created Permission View: can read on DAG Run:dataset_with_extra_from_classic_operator
[2024-09-22T11:28:48.235+0000] {logging_mixin.py:190} INFO - [2024-09-22T11:28:48.234+0000] {override.py:1900} INFO - Created Permission View: can delete on DAG Run:dataset_with_extra_from_classic_operator
[2024-09-22T11:28:48.249+0000] {logging_mixin.py:190} INFO - [2024-09-22T11:28:48.248+0000] {override.py:1900} INFO - Created Permission View: can create on DAG Run:dataset_with_extra_from_classic_operator
[2024-09-22T11:28:48.250+0000] {logging_mixin.py:190} INFO - [2024-09-22T11:28:48.250+0000] {dag.py:3239} INFO - Sync 3 DAGs
[2024-09-22T11:28:48.295+0000] {logging_mixin.py:190} INFO - [2024-09-22T11:28:48.295+0000] {dag.py:3262} INFO - Creating ORM DAG for dataset_with_extra_by_yield
[2024-09-22T11:28:48.299+0000] {logging_mixin.py:190} INFO - [2024-09-22T11:28:48.298+0000] {dag.py:3262} INFO - Creating ORM DAG for dataset_with_extra_by_context
[2024-09-22T11:28:48.301+0000] {logging_mixin.py:190} INFO - [2024-09-22T11:28:48.300+0000] {dag.py:3262} INFO - Creating ORM DAG for dataset_with_extra_from_classic_operator
[2024-09-22T11:28:48.327+0000] {logging_mixin.py:190} INFO - [2024-09-22T11:28:48.327+0000] {dag.py:4180} INFO - Setting next_dagrun for dataset_with_extra_by_context to 2024-09-21 00:00:00+00:00, run_after=2024-09-22 00:00:00+00:00
[2024-09-22T11:28:48.333+0000] {logging_mixin.py:190} INFO - [2024-09-22T11:28:48.332+0000] {dag.py:4180} INFO - Setting next_dagrun for dataset_with_extra_by_yield to 2024-09-21 00:00:00+00:00, run_after=2024-09-22 00:00:00+00:00
[2024-09-22T11:28:48.336+0000] {logging_mixin.py:190} INFO - [2024-09-22T11:28:48.336+0000] {dag.py:4180} INFO - Setting next_dagrun for dataset_with_extra_from_classic_operator to 2024-09-21 00:00:00+00:00, run_after=2024-09-22 00:00:00+00:00
[2024-09-22T11:28:48.429+0000] {processor.py:208} INFO - Processing /home/airflow/.local/lib/python3.12/site-packages/airflow/example_dags/example_outlet_event_extra.py took 2.491 seconds
[2024-09-22T11:29:19.260+0000] {processor.py:186} INFO - Started process (PID=169) to work on /home/airflow/.local/lib/python3.12/site-packages/airflow/example_dags/example_outlet_event_extra.py
[2024-09-22T11:29:19.261+0000] {processor.py:914} INFO - Processing file /home/airflow/.local/lib/python3.12/site-packages/airflow/example_dags/example_outlet_event_extra.py for tasks to queue
[2024-09-22T11:29:19.265+0000] {logging_mixin.py:190} INFO - [2024-09-22T11:29:19.264+0000] {dagbag.py:588} INFO - Filling up the DagBag from /home/airflow/.local/lib/python3.12/site-packages/airflow/example_dags/example_outlet_event_extra.py
[2024-09-22T11:29:19.581+0000] {processor.py:925} INFO - DAG(s) 'dataset_with_extra_by_context', 'dataset_with_extra_from_classic_operator', 'dataset_with_extra_by_yield' retrieved from /home/airflow/.local/lib/python3.12/site-packages/airflow/example_dags/example_outlet_event_extra.py
[2024-09-22T11:29:19.619+0000] {logging_mixin.py:190} INFO - [2024-09-22T11:29:19.618+0000] {dag.py:3239} INFO - Sync 3 DAGs
[2024-09-22T11:29:19.656+0000] {logging_mixin.py:190} INFO - [2024-09-22T11:29:19.656+0000] {dag.py:4180} INFO - Setting next_dagrun for dataset_with_extra_by_context to 2024-09-21 00:00:00+00:00, run_after=2024-09-22 00:00:00+00:00
[2024-09-22T11:29:19.664+0000] {logging_mixin.py:190} INFO - [2024-09-22T11:29:19.664+0000] {dag.py:4180} INFO - Setting next_dagrun for dataset_with_extra_by_yield to 2024-09-21 00:00:00+00:00, run_after=2024-09-22 00:00:00+00:00
[2024-09-22T11:29:19.668+0000] {logging_mixin.py:190} INFO - [2024-09-22T11:29:19.668+0000] {dag.py:4180} INFO - Setting next_dagrun for dataset_with_extra_from_classic_operator to 2024-09-21 00:00:00+00:00, run_after=2024-09-22 00:00:00+00:00
[2024-09-22T11:29:19.706+0000] {processor.py:208} INFO - Processing /home/airflow/.local/lib/python3.12/site-packages/airflow/example_dags/example_outlet_event_extra.py took 0.452 seconds
[2024-09-22T11:29:54.889+0000] {processor.py:186} INFO - Started process (PID=231) to work on /home/airflow/.local/lib/python3.12/site-packages/airflow/example_dags/example_outlet_event_extra.py
[2024-09-22T11:29:54.894+0000] {processor.py:914} INFO - Processing file /home/airflow/.local/lib/python3.12/site-packages/airflow/example_dags/example_outlet_event_extra.py for tasks to queue
[2024-09-22T11:29:54.898+0000] {logging_mixin.py:190} INFO - [2024-09-22T11:29:54.897+0000] {dagbag.py:588} INFO - Filling up the DagBag from /home/airflow/.local/lib/python3.12/site-packages/airflow/example_dags/example_outlet_event_extra.py
[2024-09-22T11:29:55.273+0000] {processor.py:925} INFO - DAG(s) 'dataset_with_extra_from_classic_operator', 'dataset_with_extra_by_context', 'dataset_with_extra_by_yield' retrieved from /home/airflow/.local/lib/python3.12/site-packages/airflow/example_dags/example_outlet_event_extra.py
[2024-09-22T11:29:55.359+0000] {logging_mixin.py:190} INFO - [2024-09-22T11:29:55.359+0000] {dag.py:3239} INFO - Sync 3 DAGs
[2024-09-22T11:29:55.444+0000] {logging_mixin.py:190} INFO - [2024-09-22T11:29:55.443+0000] {dag.py:4180} INFO - Setting next_dagrun for dataset_with_extra_by_context to 2024-09-21 00:00:00+00:00, run_after=2024-09-22 00:00:00+00:00
[2024-09-22T11:29:55.460+0000] {logging_mixin.py:190} INFO - [2024-09-22T11:29:55.460+0000] {dag.py:4180} INFO - Setting next_dagrun for dataset_with_extra_by_yield to 2024-09-21 00:00:00+00:00, run_after=2024-09-22 00:00:00+00:00
[2024-09-22T11:29:55.473+0000] {logging_mixin.py:190} INFO - [2024-09-22T11:29:55.472+0000] {dag.py:4180} INFO - Setting next_dagrun for dataset_with_extra_from_classic_operator to 2024-09-21 00:00:00+00:00, run_after=2024-09-22 00:00:00+00:00
[2024-09-22T11:29:55.576+0000] {processor.py:208} INFO - Processing /home/airflow/.local/lib/python3.12/site-packages/airflow/example_dags/example_outlet_event_extra.py took 0.703 seconds
[2024-09-22T11:32:53.186+0000] {processor.py:186} INFO - Started process (PID=92) to work on /home/airflow/.local/lib/python3.12/site-packages/airflow/example_dags/example_outlet_event_extra.py
[2024-09-22T11:32:53.187+0000] {processor.py:914} INFO - Processing file /home/airflow/.local/lib/python3.12/site-packages/airflow/example_dags/example_outlet_event_extra.py for tasks to queue
[2024-09-22T11:32:53.191+0000] {logging_mixin.py:190} INFO - [2024-09-22T11:32:53.191+0000] {dagbag.py:588} INFO - Filling up the DagBag from /home/airflow/.local/lib/python3.12/site-packages/airflow/example_dags/example_outlet_event_extra.py
[2024-09-22T11:32:53.401+0000] {processor.py:925} INFO - DAG(s) 'dataset_with_extra_by_yield', 'dataset_with_extra_from_classic_operator', 'dataset_with_extra_by_context' retrieved from /home/airflow/.local/lib/python3.12/site-packages/airflow/example_dags/example_outlet_event_extra.py
[2024-09-22T11:32:53.441+0000] {logging_mixin.py:190} INFO - [2024-09-22T11:32:53.440+0000] {dag.py:3239} INFO - Sync 3 DAGs
[2024-09-22T11:32:53.468+0000] {logging_mixin.py:190} INFO - [2024-09-22T11:32:53.468+0000] {dag.py:4180} INFO - Setting next_dagrun for dataset_with_extra_by_context to 2024-09-21 00:00:00+00:00, run_after=2024-09-22 00:00:00+00:00
[2024-09-22T11:32:53.474+0000] {logging_mixin.py:190} INFO - [2024-09-22T11:32:53.474+0000] {dag.py:4180} INFO - Setting next_dagrun for dataset_with_extra_by_yield to 2024-09-21 00:00:00+00:00, run_after=2024-09-22 00:00:00+00:00
[2024-09-22T11:32:53.478+0000] {logging_mixin.py:190} INFO - [2024-09-22T11:32:53.477+0000] {dag.py:4180} INFO - Setting next_dagrun for dataset_with_extra_from_classic_operator to 2024-09-21 00:00:00+00:00, run_after=2024-09-22 00:00:00+00:00
[2024-09-22T11:32:53.506+0000] {processor.py:208} INFO - Processing /home/airflow/.local/lib/python3.12/site-packages/airflow/example_dags/example_outlet_event_extra.py took 0.326 seconds
[2024-09-22T11:33:24.022+0000] {processor.py:186} INFO - Started process (PID=154) to work on /home/airflow/.local/lib/python3.12/site-packages/airflow/example_dags/example_outlet_event_extra.py
[2024-09-22T11:33:24.023+0000] {processor.py:914} INFO - Processing file /home/airflow/.local/lib/python3.12/site-packages/airflow/example_dags/example_outlet_event_extra.py for tasks to queue
[2024-09-22T11:33:24.026+0000] {logging_mixin.py:190} INFO - [2024-09-22T11:33:24.026+0000] {dagbag.py:588} INFO - Filling up the DagBag from /home/airflow/.local/lib/python3.12/site-packages/airflow/example_dags/example_outlet_event_extra.py
[2024-09-22T11:33:24.226+0000] {processor.py:925} INFO - DAG(s) 'dataset_with_extra_by_context', 'dataset_with_extra_from_classic_operator', 'dataset_with_extra_by_yield' retrieved from /home/airflow/.local/lib/python3.12/site-packages/airflow/example_dags/example_outlet_event_extra.py
[2024-09-22T11:33:24.272+0000] {logging_mixin.py:190} INFO - [2024-09-22T11:33:24.271+0000] {dag.py:3239} INFO - Sync 3 DAGs
[2024-09-22T11:33:24.315+0000] {logging_mixin.py:190} INFO - [2024-09-22T11:33:24.315+0000] {dag.py:4180} INFO - Setting next_dagrun for dataset_with_extra_by_context to 2024-09-21 00:00:00+00:00, run_after=2024-09-22 00:00:00+00:00
[2024-09-22T11:33:24.322+0000] {logging_mixin.py:190} INFO - [2024-09-22T11:33:24.322+0000] {dag.py:4180} INFO - Setting next_dagrun for dataset_with_extra_by_yield to 2024-09-21 00:00:00+00:00, run_after=2024-09-22 00:00:00+00:00
[2024-09-22T11:33:24.329+0000] {logging_mixin.py:190} INFO - [2024-09-22T11:33:24.328+0000] {dag.py:4180} INFO - Setting next_dagrun for dataset_with_extra_from_classic_operator to 2024-09-21 00:00:00+00:00, run_after=2024-09-22 00:00:00+00:00
[2024-09-22T11:33:24.369+0000] {processor.py:208} INFO - Processing /home/airflow/.local/lib/python3.12/site-packages/airflow/example_dags/example_outlet_event_extra.py took 0.353 seconds
[2024-09-22T11:34:59.580+0000] {processor.py:186} INFO - Started process (PID=225) to work on /home/airflow/.local/lib/python3.12/site-packages/airflow/example_dags/example_outlet_event_extra.py
[2024-09-22T11:34:59.581+0000] {processor.py:914} INFO - Processing file /home/airflow/.local/lib/python3.12/site-packages/airflow/example_dags/example_outlet_event_extra.py for tasks to queue
[2024-09-22T11:34:59.582+0000] {logging_mixin.py:190} INFO - [2024-09-22T11:34:59.582+0000] {dagbag.py:588} INFO - Filling up the DagBag from /home/airflow/.local/lib/python3.12/site-packages/airflow/example_dags/example_outlet_event_extra.py
[2024-09-22T11:34:59.835+0000] {processor.py:925} INFO - DAG(s) 'dataset_with_extra_from_classic_operator', 'dataset_with_extra_by_context', 'dataset_with_extra_by_yield' retrieved from /home/airflow/.local/lib/python3.12/site-packages/airflow/example_dags/example_outlet_event_extra.py
[2024-09-22T11:34:59.882+0000] {logging_mixin.py:190} INFO - [2024-09-22T11:34:59.882+0000] {dag.py:3239} INFO - Sync 3 DAGs
[2024-09-22T11:34:59.914+0000] {logging_mixin.py:190} INFO - [2024-09-22T11:34:59.913+0000] {dag.py:4180} INFO - Setting next_dagrun for dataset_with_extra_by_context to 2024-09-21 00:00:00+00:00, run_after=2024-09-22 00:00:00+00:00
[2024-09-22T11:34:59.921+0000] {logging_mixin.py:190} INFO - [2024-09-22T11:34:59.921+0000] {dag.py:4180} INFO - Setting next_dagrun for dataset_with_extra_by_yield to 2024-09-21 00:00:00+00:00, run_after=2024-09-22 00:00:00+00:00
[2024-09-22T11:34:59.925+0000] {logging_mixin.py:190} INFO - [2024-09-22T11:34:59.925+0000] {dag.py:4180} INFO - Setting next_dagrun for dataset_with_extra_from_classic_operator to 2024-09-21 00:00:00+00:00, run_after=2024-09-22 00:00:00+00:00
[2024-09-22T11:34:59.962+0000] {processor.py:208} INFO - Processing /home/airflow/.local/lib/python3.12/site-packages/airflow/example_dags/example_outlet_event_extra.py took 0.387 seconds
[2024-09-22T11:35:30.051+0000] {processor.py:186} INFO - Started process (PID=288) to work on /home/airflow/.local/lib/python3.12/site-packages/airflow/example_dags/example_outlet_event_extra.py
[2024-09-22T11:35:30.053+0000] {processor.py:914} INFO - Processing file /home/airflow/.local/lib/python3.12/site-packages/airflow/example_dags/example_outlet_event_extra.py for tasks to queue
[2024-09-22T11:35:30.055+0000] {logging_mixin.py:190} INFO - [2024-09-22T11:35:30.054+0000] {dagbag.py:588} INFO - Filling up the DagBag from /home/airflow/.local/lib/python3.12/site-packages/airflow/example_dags/example_outlet_event_extra.py
[2024-09-22T11:35:30.207+0000] {processor.py:925} INFO - DAG(s) 'dataset_with_extra_by_context', 'dataset_with_extra_from_classic_operator', 'dataset_with_extra_by_yield' retrieved from /home/airflow/.local/lib/python3.12/site-packages/airflow/example_dags/example_outlet_event_extra.py
[2024-09-22T11:35:30.238+0000] {logging_mixin.py:190} INFO - [2024-09-22T11:35:30.237+0000] {dag.py:3239} INFO - Sync 3 DAGs
[2024-09-22T11:35:30.265+0000] {logging_mixin.py:190} INFO - [2024-09-22T11:35:30.264+0000] {dag.py:4180} INFO - Setting next_dagrun for dataset_with_extra_by_context to 2024-09-21 00:00:00+00:00, run_after=2024-09-22 00:00:00+00:00
[2024-09-22T11:35:30.270+0000] {logging_mixin.py:190} INFO - [2024-09-22T11:35:30.270+0000] {dag.py:4180} INFO - Setting next_dagrun for dataset_with_extra_by_yield to 2024-09-21 00:00:00+00:00, run_after=2024-09-22 00:00:00+00:00
[2024-09-22T11:35:30.274+0000] {logging_mixin.py:190} INFO - [2024-09-22T11:35:30.273+0000] {dag.py:4180} INFO - Setting next_dagrun for dataset_with_extra_from_classic_operator to 2024-09-21 00:00:00+00:00, run_after=2024-09-22 00:00:00+00:00
[2024-09-22T11:35:30.301+0000] {processor.py:208} INFO - Processing /home/airflow/.local/lib/python3.12/site-packages/airflow/example_dags/example_outlet_event_extra.py took 0.255 seconds
