[2024-09-22T11:28:53.597+0000] {processor.py:186} INFO - Started process (PID=119) to work on /home/airflow/.local/lib/python3.12/site-packages/airflow/example_dags/example_subdag_operator.py
[2024-09-22T11:28:53.599+0000] {processor.py:914} INFO - Processing file /home/airflow/.local/lib/python3.12/site-packages/airflow/example_dags/example_subdag_operator.py for tasks to queue
[2024-09-22T11:28:53.603+0000] {logging_mixin.py:190} INFO - [2024-09-22T11:28:53.602+0000] {dagbag.py:588} INFO - Filling up the DagBag from /home/airflow/.local/lib/python3.12/site-packages/airflow/example_dags/example_subdag_operator.py
[2024-09-22T11:28:53.673+0000] {processor.py:925} INFO - DAG(s) 'example_subdag_operator.section-1', 'example_subdag_operator.section-2', 'example_subdag_operator' retrieved from /home/airflow/.local/lib/python3.12/site-packages/airflow/example_dags/example_subdag_operator.py
[2024-09-22T11:28:54.165+0000] {logging_mixin.py:190} INFO - [2024-09-22T11:28:54.163+0000] {override.py:1900} INFO - Created Permission View: can read on DAG:example_subdag_operator
[2024-09-22T11:28:54.224+0000] {logging_mixin.py:190} INFO - [2024-09-22T11:28:54.218+0000] {override.py:1900} INFO - Created Permission View: can delete on DAG:example_subdag_operator
[2024-09-22T11:28:54.251+0000] {logging_mixin.py:190} INFO - [2024-09-22T11:28:54.251+0000] {override.py:1900} INFO - Created Permission View: can edit on DAG:example_subdag_operator
[2024-09-22T11:28:54.324+0000] {logging_mixin.py:190} INFO - [2024-09-22T11:28:54.324+0000] {override.py:1900} INFO - Created Permission View: menu access on DAG Run:example_subdag_operator
[2024-09-22T11:28:54.363+0000] {logging_mixin.py:190} INFO - [2024-09-22T11:28:54.362+0000] {override.py:1900} INFO - Created Permission View: can read on DAG Run:example_subdag_operator
[2024-09-22T11:28:54.390+0000] {logging_mixin.py:190} INFO - [2024-09-22T11:28:54.389+0000] {override.py:1900} INFO - Created Permission View: can delete on DAG Run:example_subdag_operator
[2024-09-22T11:28:54.409+0000] {logging_mixin.py:190} INFO - [2024-09-22T11:28:54.409+0000] {override.py:1900} INFO - Created Permission View: can create on DAG Run:example_subdag_operator
[2024-09-22T11:28:54.410+0000] {logging_mixin.py:190} INFO - [2024-09-22T11:28:54.410+0000] {dag.py:3239} INFO - Sync 3 DAGs
[2024-09-22T11:28:54.432+0000] {logging_mixin.py:190} INFO - [2024-09-22T11:28:54.432+0000] {dag.py:3262} INFO - Creating ORM DAG for example_subdag_operator.section-1
[2024-09-22T11:28:54.434+0000] {logging_mixin.py:190} INFO - [2024-09-22T11:28:54.434+0000] {dag.py:3262} INFO - Creating ORM DAG for example_subdag_operator.section-2
[2024-09-22T11:28:54.440+0000] {logging_mixin.py:190} INFO - [2024-09-22T11:28:54.439+0000] {dag.py:3262} INFO - Creating ORM DAG for example_subdag_operator
[2024-09-22T11:28:54.465+0000] {logging_mixin.py:190} INFO - [2024-09-22T11:28:54.465+0000] {dag.py:4180} INFO - Setting next_dagrun for example_subdag_operator to 2022-01-01 00:00:00+00:00, run_after=2022-01-01 00:00:00+00:00
[2024-09-22T11:28:54.467+0000] {logging_mixin.py:190} INFO - [2024-09-22T11:28:54.466+0000] {dag.py:4180} INFO - Setting next_dagrun for example_subdag_operator.section-1 to None, run_after=None
[2024-09-22T11:28:54.469+0000] {logging_mixin.py:190} INFO - [2024-09-22T11:28:54.468+0000] {dag.py:4180} INFO - Setting next_dagrun for example_subdag_operator.section-2 to None, run_after=None
[2024-09-22T11:28:54.492+0000] {logging_mixin.py:190} INFO - [2024-09-22T11:28:54.491+0000] {dag.py:3239} INFO - Sync 2 DAGs
[2024-09-22T11:28:54.518+0000] {logging_mixin.py:190} INFO - [2024-09-22T11:28:54.517+0000] {dag.py:4180} INFO - Setting next_dagrun for example_subdag_operator.section-1 to None, run_after=None
[2024-09-22T11:28:54.526+0000] {logging_mixin.py:190} INFO - [2024-09-22T11:28:54.525+0000] {dag.py:4180} INFO - Setting next_dagrun for example_subdag_operator.section-2 to None, run_after=None
[2024-09-22T11:28:54.557+0000] {processor.py:208} INFO - Processing /home/airflow/.local/lib/python3.12/site-packages/airflow/example_dags/example_subdag_operator.py took 0.968 seconds
[2024-09-22T11:29:25.152+0000] {processor.py:186} INFO - Started process (PID=181) to work on /home/airflow/.local/lib/python3.12/site-packages/airflow/example_dags/example_subdag_operator.py
[2024-09-22T11:29:25.153+0000] {processor.py:914} INFO - Processing file /home/airflow/.local/lib/python3.12/site-packages/airflow/example_dags/example_subdag_operator.py for tasks to queue
[2024-09-22T11:29:25.156+0000] {logging_mixin.py:190} INFO - [2024-09-22T11:29:25.156+0000] {dagbag.py:588} INFO - Filling up the DagBag from /home/airflow/.local/lib/python3.12/site-packages/airflow/example_dags/example_subdag_operator.py
[2024-09-22T11:29:25.196+0000] {processor.py:925} INFO - DAG(s) 'example_subdag_operator.section-1', 'example_subdag_operator.section-2', 'example_subdag_operator' retrieved from /home/airflow/.local/lib/python3.12/site-packages/airflow/example_dags/example_subdag_operator.py
[2024-09-22T11:29:25.213+0000] {logging_mixin.py:190} INFO - [2024-09-22T11:29:25.213+0000] {dag.py:3239} INFO - Sync 3 DAGs
[2024-09-22T11:29:25.241+0000] {logging_mixin.py:190} INFO - [2024-09-22T11:29:25.240+0000] {dag.py:4180} INFO - Setting next_dagrun for example_subdag_operator to 2022-01-01 00:00:00+00:00, run_after=2022-01-01 00:00:00+00:00
[2024-09-22T11:29:25.246+0000] {logging_mixin.py:190} INFO - [2024-09-22T11:29:25.246+0000] {dag.py:4180} INFO - Setting next_dagrun for example_subdag_operator.section-1 to None, run_after=None
[2024-09-22T11:29:25.249+0000] {logging_mixin.py:190} INFO - [2024-09-22T11:29:25.248+0000] {dag.py:4180} INFO - Setting next_dagrun for example_subdag_operator.section-2 to None, run_after=None
[2024-09-22T11:29:25.265+0000] {logging_mixin.py:190} INFO - [2024-09-22T11:29:25.264+0000] {dag.py:3239} INFO - Sync 2 DAGs
[2024-09-22T11:29:25.282+0000] {logging_mixin.py:190} INFO - [2024-09-22T11:29:25.282+0000] {dag.py:4180} INFO - Setting next_dagrun for example_subdag_operator.section-1 to None, run_after=None
[2024-09-22T11:29:25.283+0000] {logging_mixin.py:190} INFO - [2024-09-22T11:29:25.283+0000] {dag.py:4180} INFO - Setting next_dagrun for example_subdag_operator.section-2 to None, run_after=None
[2024-09-22T11:29:25.300+0000] {processor.py:208} INFO - Processing /home/airflow/.local/lib/python3.12/site-packages/airflow/example_dags/example_subdag_operator.py took 0.155 seconds
[2024-09-22T11:29:57.357+0000] {processor.py:186} INFO - Started process (PID=249) to work on /home/airflow/.local/lib/python3.12/site-packages/airflow/example_dags/example_subdag_operator.py
[2024-09-22T11:29:57.359+0000] {processor.py:914} INFO - Processing file /home/airflow/.local/lib/python3.12/site-packages/airflow/example_dags/example_subdag_operator.py for tasks to queue
[2024-09-22T11:29:57.363+0000] {logging_mixin.py:190} INFO - [2024-09-22T11:29:57.363+0000] {dagbag.py:588} INFO - Filling up the DagBag from /home/airflow/.local/lib/python3.12/site-packages/airflow/example_dags/example_subdag_operator.py
[2024-09-22T11:29:57.454+0000] {processor.py:925} INFO - DAG(s) 'example_subdag_operator.section-1', 'example_subdag_operator.section-2', 'example_subdag_operator' retrieved from /home/airflow/.local/lib/python3.12/site-packages/airflow/example_dags/example_subdag_operator.py
[2024-09-22T11:29:57.503+0000] {logging_mixin.py:190} INFO - [2024-09-22T11:29:57.503+0000] {dag.py:3239} INFO - Sync 3 DAGs
[2024-09-22T11:29:57.579+0000] {logging_mixin.py:190} INFO - [2024-09-22T11:29:57.578+0000] {dag.py:4180} INFO - Setting next_dagrun for example_subdag_operator to 2022-01-01 00:00:00+00:00, run_after=2022-01-01 00:00:00+00:00
[2024-09-22T11:29:57.587+0000] {logging_mixin.py:190} INFO - [2024-09-22T11:29:57.587+0000] {dag.py:4180} INFO - Setting next_dagrun for example_subdag_operator.section-1 to None, run_after=None
[2024-09-22T11:29:57.599+0000] {logging_mixin.py:190} INFO - [2024-09-22T11:29:57.598+0000] {dag.py:4180} INFO - Setting next_dagrun for example_subdag_operator.section-2 to None, run_after=None
[2024-09-22T11:29:57.618+0000] {logging_mixin.py:190} INFO - [2024-09-22T11:29:57.618+0000] {dag.py:3239} INFO - Sync 2 DAGs
[2024-09-22T11:29:57.636+0000] {logging_mixin.py:190} INFO - [2024-09-22T11:29:57.635+0000] {dag.py:4180} INFO - Setting next_dagrun for example_subdag_operator.section-1 to None, run_after=None
[2024-09-22T11:29:57.637+0000] {logging_mixin.py:190} INFO - [2024-09-22T11:29:57.636+0000] {dag.py:4180} INFO - Setting next_dagrun for example_subdag_operator.section-2 to None, run_after=None
[2024-09-22T11:29:57.669+0000] {processor.py:208} INFO - Processing /home/airflow/.local/lib/python3.12/site-packages/airflow/example_dags/example_subdag_operator.py took 0.340 seconds
[2024-09-22T11:32:54.539+0000] {processor.py:186} INFO - Started process (PID=104) to work on /home/airflow/.local/lib/python3.12/site-packages/airflow/example_dags/example_subdag_operator.py
[2024-09-22T11:32:54.541+0000] {processor.py:914} INFO - Processing file /home/airflow/.local/lib/python3.12/site-packages/airflow/example_dags/example_subdag_operator.py for tasks to queue
[2024-09-22T11:32:54.545+0000] {logging_mixin.py:190} INFO - [2024-09-22T11:32:54.544+0000] {dagbag.py:588} INFO - Filling up the DagBag from /home/airflow/.local/lib/python3.12/site-packages/airflow/example_dags/example_subdag_operator.py
[2024-09-22T11:32:54.573+0000] {processor.py:925} INFO - DAG(s) 'example_subdag_operator.section-1', 'example_subdag_operator.section-2', 'example_subdag_operator' retrieved from /home/airflow/.local/lib/python3.12/site-packages/airflow/example_dags/example_subdag_operator.py
[2024-09-22T11:32:54.590+0000] {logging_mixin.py:190} INFO - [2024-09-22T11:32:54.590+0000] {dag.py:3239} INFO - Sync 3 DAGs
[2024-09-22T11:32:54.616+0000] {logging_mixin.py:190} INFO - [2024-09-22T11:32:54.615+0000] {dag.py:4180} INFO - Setting next_dagrun for example_subdag_operator to 2022-01-01 00:00:00+00:00, run_after=2022-01-01 00:00:00+00:00
[2024-09-22T11:32:54.619+0000] {logging_mixin.py:190} INFO - [2024-09-22T11:32:54.619+0000] {dag.py:4180} INFO - Setting next_dagrun for example_subdag_operator.section-1 to None, run_after=None
[2024-09-22T11:32:54.622+0000] {logging_mixin.py:190} INFO - [2024-09-22T11:32:54.622+0000] {dag.py:4180} INFO - Setting next_dagrun for example_subdag_operator.section-2 to None, run_after=None
[2024-09-22T11:32:54.629+0000] {logging_mixin.py:190} INFO - [2024-09-22T11:32:54.629+0000] {dag.py:3239} INFO - Sync 2 DAGs
[2024-09-22T11:32:54.635+0000] {logging_mixin.py:190} INFO - [2024-09-22T11:32:54.634+0000] {dag.py:4180} INFO - Setting next_dagrun for example_subdag_operator.section-1 to None, run_after=None
[2024-09-22T11:32:54.635+0000] {logging_mixin.py:190} INFO - [2024-09-22T11:32:54.635+0000] {dag.py:4180} INFO - Setting next_dagrun for example_subdag_operator.section-2 to None, run_after=None
[2024-09-22T11:32:54.653+0000] {processor.py:208} INFO - Processing /home/airflow/.local/lib/python3.12/site-packages/airflow/example_dags/example_subdag_operator.py took 0.119 seconds
[2024-09-22T11:33:25.203+0000] {processor.py:186} INFO - Started process (PID=166) to work on /home/airflow/.local/lib/python3.12/site-packages/airflow/example_dags/example_subdag_operator.py
[2024-09-22T11:33:25.205+0000] {processor.py:914} INFO - Processing file /home/airflow/.local/lib/python3.12/site-packages/airflow/example_dags/example_subdag_operator.py for tasks to queue
[2024-09-22T11:33:25.207+0000] {logging_mixin.py:190} INFO - [2024-09-22T11:33:25.207+0000] {dagbag.py:588} INFO - Filling up the DagBag from /home/airflow/.local/lib/python3.12/site-packages/airflow/example_dags/example_subdag_operator.py
[2024-09-22T11:33:25.237+0000] {processor.py:925} INFO - DAG(s) 'example_subdag_operator.section-1', 'example_subdag_operator.section-2', 'example_subdag_operator' retrieved from /home/airflow/.local/lib/python3.12/site-packages/airflow/example_dags/example_subdag_operator.py
[2024-09-22T11:33:25.252+0000] {logging_mixin.py:190} INFO - [2024-09-22T11:33:25.252+0000] {dag.py:3239} INFO - Sync 3 DAGs
[2024-09-22T11:33:25.279+0000] {logging_mixin.py:190} INFO - [2024-09-22T11:33:25.279+0000] {dag.py:4180} INFO - Setting next_dagrun for example_subdag_operator to 2022-01-01 00:00:00+00:00, run_after=2022-01-01 00:00:00+00:00
[2024-09-22T11:33:25.284+0000] {logging_mixin.py:190} INFO - [2024-09-22T11:33:25.284+0000] {dag.py:4180} INFO - Setting next_dagrun for example_subdag_operator.section-1 to None, run_after=None
[2024-09-22T11:33:25.286+0000] {logging_mixin.py:190} INFO - [2024-09-22T11:33:25.286+0000] {dag.py:4180} INFO - Setting next_dagrun for example_subdag_operator.section-2 to None, run_after=None
[2024-09-22T11:33:25.294+0000] {logging_mixin.py:190} INFO - [2024-09-22T11:33:25.294+0000] {dag.py:3239} INFO - Sync 2 DAGs
[2024-09-22T11:33:25.302+0000] {logging_mixin.py:190} INFO - [2024-09-22T11:33:25.302+0000] {dag.py:4180} INFO - Setting next_dagrun for example_subdag_operator.section-1 to None, run_after=None
[2024-09-22T11:33:25.303+0000] {logging_mixin.py:190} INFO - [2024-09-22T11:33:25.302+0000] {dag.py:4180} INFO - Setting next_dagrun for example_subdag_operator.section-2 to None, run_after=None
[2024-09-22T11:33:25.315+0000] {processor.py:208} INFO - Processing /home/airflow/.local/lib/python3.12/site-packages/airflow/example_dags/example_subdag_operator.py took 0.117 seconds
[2024-09-22T11:35:00.989+0000] {processor.py:186} INFO - Started process (PID=237) to work on /home/airflow/.local/lib/python3.12/site-packages/airflow/example_dags/example_subdag_operator.py
[2024-09-22T11:35:00.991+0000] {processor.py:914} INFO - Processing file /home/airflow/.local/lib/python3.12/site-packages/airflow/example_dags/example_subdag_operator.py for tasks to queue
[2024-09-22T11:35:00.993+0000] {logging_mixin.py:190} INFO - [2024-09-22T11:35:00.993+0000] {dagbag.py:588} INFO - Filling up the DagBag from /home/airflow/.local/lib/python3.12/site-packages/airflow/example_dags/example_subdag_operator.py
[2024-09-22T11:35:01.042+0000] {processor.py:925} INFO - DAG(s) 'example_subdag_operator.section-1', 'example_subdag_operator.section-2', 'example_subdag_operator' retrieved from /home/airflow/.local/lib/python3.12/site-packages/airflow/example_dags/example_subdag_operator.py
[2024-09-22T11:35:01.062+0000] {logging_mixin.py:190} INFO - [2024-09-22T11:35:01.062+0000] {dag.py:3239} INFO - Sync 3 DAGs
[2024-09-22T11:35:01.094+0000] {logging_mixin.py:190} INFO - [2024-09-22T11:35:01.093+0000] {dag.py:4180} INFO - Setting next_dagrun for example_subdag_operator to 2022-01-01 00:00:00+00:00, run_after=2022-01-01 00:00:00+00:00
[2024-09-22T11:35:01.099+0000] {logging_mixin.py:190} INFO - [2024-09-22T11:35:01.099+0000] {dag.py:4180} INFO - Setting next_dagrun for example_subdag_operator.section-1 to None, run_after=None
[2024-09-22T11:35:01.102+0000] {logging_mixin.py:190} INFO - [2024-09-22T11:35:01.102+0000] {dag.py:4180} INFO - Setting next_dagrun for example_subdag_operator.section-2 to None, run_after=None
[2024-09-22T11:35:01.115+0000] {logging_mixin.py:190} INFO - [2024-09-22T11:35:01.114+0000] {dag.py:3239} INFO - Sync 2 DAGs
[2024-09-22T11:35:01.124+0000] {logging_mixin.py:190} INFO - [2024-09-22T11:35:01.124+0000] {dag.py:4180} INFO - Setting next_dagrun for example_subdag_operator.section-1 to None, run_after=None
[2024-09-22T11:35:01.126+0000] {logging_mixin.py:190} INFO - [2024-09-22T11:35:01.125+0000] {dag.py:4180} INFO - Setting next_dagrun for example_subdag_operator.section-2 to None, run_after=None
[2024-09-22T11:35:01.140+0000] {processor.py:208} INFO - Processing /home/airflow/.local/lib/python3.12/site-packages/airflow/example_dags/example_subdag_operator.py took 0.159 seconds
[2024-09-22T11:35:31.283+0000] {processor.py:186} INFO - Started process (PID=300) to work on /home/airflow/.local/lib/python3.12/site-packages/airflow/example_dags/example_subdag_operator.py
[2024-09-22T11:35:31.285+0000] {processor.py:914} INFO - Processing file /home/airflow/.local/lib/python3.12/site-packages/airflow/example_dags/example_subdag_operator.py for tasks to queue
[2024-09-22T11:35:31.286+0000] {logging_mixin.py:190} INFO - [2024-09-22T11:35:31.286+0000] {dagbag.py:588} INFO - Filling up the DagBag from /home/airflow/.local/lib/python3.12/site-packages/airflow/example_dags/example_subdag_operator.py
[2024-09-22T11:35:31.316+0000] {processor.py:925} INFO - DAG(s) 'example_subdag_operator.section-1', 'example_subdag_operator.section-2', 'example_subdag_operator' retrieved from /home/airflow/.local/lib/python3.12/site-packages/airflow/example_dags/example_subdag_operator.py
[2024-09-22T11:35:31.334+0000] {logging_mixin.py:190} INFO - [2024-09-22T11:35:31.333+0000] {dag.py:3239} INFO - Sync 3 DAGs
[2024-09-22T11:35:31.360+0000] {logging_mixin.py:190} INFO - [2024-09-22T11:35:31.360+0000] {dag.py:4180} INFO - Setting next_dagrun for example_subdag_operator to 2022-01-01 00:00:00+00:00, run_after=2022-01-01 00:00:00+00:00
[2024-09-22T11:35:31.364+0000] {logging_mixin.py:190} INFO - [2024-09-22T11:35:31.364+0000] {dag.py:4180} INFO - Setting next_dagrun for example_subdag_operator.section-1 to None, run_after=None
[2024-09-22T11:35:31.366+0000] {logging_mixin.py:190} INFO - [2024-09-22T11:35:31.366+0000] {dag.py:4180} INFO - Setting next_dagrun for example_subdag_operator.section-2 to None, run_after=None
[2024-09-22T11:35:31.376+0000] {logging_mixin.py:190} INFO - [2024-09-22T11:35:31.375+0000] {dag.py:3239} INFO - Sync 2 DAGs
[2024-09-22T11:35:31.382+0000] {logging_mixin.py:190} INFO - [2024-09-22T11:35:31.382+0000] {dag.py:4180} INFO - Setting next_dagrun for example_subdag_operator.section-1 to None, run_after=None
[2024-09-22T11:35:31.383+0000] {logging_mixin.py:190} INFO - [2024-09-22T11:35:31.383+0000] {dag.py:4180} INFO - Setting next_dagrun for example_subdag_operator.section-2 to None, run_after=None
[2024-09-22T11:35:31.397+0000] {processor.py:208} INFO - Processing /home/airflow/.local/lib/python3.12/site-packages/airflow/example_dags/example_subdag_operator.py took 0.118 seconds
