[2024-09-22T11:28:48.508+0000] {processor.py:186} INFO - Started process (PID=109) to work on /home/airflow/.local/lib/python3.12/site-packages/airflow/example_dags/example_trigger_target_dag.py
[2024-09-22T11:28:48.509+0000] {processor.py:914} INFO - Processing file /home/airflow/.local/lib/python3.12/site-packages/airflow/example_dags/example_trigger_target_dag.py for tasks to queue
[2024-09-22T11:28:48.513+0000] {logging_mixin.py:190} INFO - [2024-09-22T11:28:48.512+0000] {dagbag.py:588} INFO - Filling up the DagBag from /home/airflow/.local/lib/python3.12/site-packages/airflow/example_dags/example_trigger_target_dag.py
[2024-09-22T11:28:48.981+0000] {processor.py:925} INFO - DAG(s) 'example_trigger_target_dag' retrieved from /home/airflow/.local/lib/python3.12/site-packages/airflow/example_dags/example_trigger_target_dag.py
[2024-09-22T11:28:49.565+0000] {logging_mixin.py:190} INFO - [2024-09-22T11:28:49.564+0000] {override.py:1900} INFO - Created Permission View: can read on DAG:example_trigger_target_dag
[2024-09-22T11:28:49.598+0000] {logging_mixin.py:190} INFO - [2024-09-22T11:28:49.597+0000] {override.py:1900} INFO - Created Permission View: can delete on DAG:example_trigger_target_dag
[2024-09-22T11:28:49.621+0000] {logging_mixin.py:190} INFO - [2024-09-22T11:28:49.621+0000] {override.py:1900} INFO - Created Permission View: can edit on DAG:example_trigger_target_dag
[2024-09-22T11:28:49.644+0000] {logging_mixin.py:190} INFO - [2024-09-22T11:28:49.643+0000] {override.py:1900} INFO - Created Permission View: menu access on DAG Run:example_trigger_target_dag
[2024-09-22T11:28:49.667+0000] {logging_mixin.py:190} INFO - [2024-09-22T11:28:49.667+0000] {override.py:1900} INFO - Created Permission View: can read on DAG Run:example_trigger_target_dag
[2024-09-22T11:28:49.686+0000] {logging_mixin.py:190} INFO - [2024-09-22T11:28:49.684+0000] {override.py:1900} INFO - Created Permission View: can delete on DAG Run:example_trigger_target_dag
[2024-09-22T11:28:49.707+0000] {logging_mixin.py:190} INFO - [2024-09-22T11:28:49.707+0000] {override.py:1900} INFO - Created Permission View: can create on DAG Run:example_trigger_target_dag
[2024-09-22T11:28:49.711+0000] {logging_mixin.py:190} INFO - [2024-09-22T11:28:49.711+0000] {dag.py:3239} INFO - Sync 1 DAGs
[2024-09-22T11:28:49.763+0000] {logging_mixin.py:190} INFO - [2024-09-22T11:28:49.763+0000] {dag.py:3262} INFO - Creating ORM DAG for example_trigger_target_dag
[2024-09-22T11:28:49.766+0000] {logging_mixin.py:190} INFO - [2024-09-22T11:28:49.766+0000] {dag.py:4180} INFO - Setting next_dagrun for example_trigger_target_dag to None, run_after=None
[2024-09-22T11:28:49.841+0000] {processor.py:208} INFO - Processing /home/airflow/.local/lib/python3.12/site-packages/airflow/example_dags/example_trigger_target_dag.py took 1.339 seconds
[2024-09-22T11:29:20.201+0000] {processor.py:186} INFO - Started process (PID=171) to work on /home/airflow/.local/lib/python3.12/site-packages/airflow/example_dags/example_trigger_target_dag.py
[2024-09-22T11:29:20.202+0000] {processor.py:914} INFO - Processing file /home/airflow/.local/lib/python3.12/site-packages/airflow/example_dags/example_trigger_target_dag.py for tasks to queue
[2024-09-22T11:29:20.207+0000] {logging_mixin.py:190} INFO - [2024-09-22T11:29:20.206+0000] {dagbag.py:588} INFO - Filling up the DagBag from /home/airflow/.local/lib/python3.12/site-packages/airflow/example_dags/example_trigger_target_dag.py
[2024-09-22T11:29:20.218+0000] {processor.py:925} INFO - DAG(s) 'example_trigger_target_dag' retrieved from /home/airflow/.local/lib/python3.12/site-packages/airflow/example_dags/example_trigger_target_dag.py
[2024-09-22T11:29:20.247+0000] {logging_mixin.py:190} INFO - [2024-09-22T11:29:20.247+0000] {dag.py:3239} INFO - Sync 1 DAGs
[2024-09-22T11:29:20.272+0000] {logging_mixin.py:190} INFO - [2024-09-22T11:29:20.272+0000] {dag.py:4180} INFO - Setting next_dagrun for example_trigger_target_dag to None, run_after=None
[2024-09-22T11:29:20.306+0000] {processor.py:208} INFO - Processing /home/airflow/.local/lib/python3.12/site-packages/airflow/example_dags/example_trigger_target_dag.py took 0.112 seconds
[2024-09-22T11:29:55.672+0000] {processor.py:186} INFO - Started process (PID=233) to work on /home/airflow/.local/lib/python3.12/site-packages/airflow/example_dags/example_trigger_target_dag.py
[2024-09-22T11:29:55.675+0000] {processor.py:914} INFO - Processing file /home/airflow/.local/lib/python3.12/site-packages/airflow/example_dags/example_trigger_target_dag.py for tasks to queue
[2024-09-22T11:29:55.682+0000] {logging_mixin.py:190} INFO - [2024-09-22T11:29:55.680+0000] {dagbag.py:588} INFO - Filling up the DagBag from /home/airflow/.local/lib/python3.12/site-packages/airflow/example_dags/example_trigger_target_dag.py
[2024-09-22T11:29:55.709+0000] {processor.py:925} INFO - DAG(s) 'example_trigger_target_dag' retrieved from /home/airflow/.local/lib/python3.12/site-packages/airflow/example_dags/example_trigger_target_dag.py
[2024-09-22T11:29:55.798+0000] {logging_mixin.py:190} INFO - [2024-09-22T11:29:55.797+0000] {dag.py:3239} INFO - Sync 1 DAGs
[2024-09-22T11:29:55.832+0000] {logging_mixin.py:190} INFO - [2024-09-22T11:29:55.832+0000] {dag.py:4180} INFO - Setting next_dagrun for example_trigger_target_dag to None, run_after=None
[2024-09-22T11:29:55.907+0000] {processor.py:208} INFO - Processing /home/airflow/.local/lib/python3.12/site-packages/airflow/example_dags/example_trigger_target_dag.py took 0.251 seconds
[2024-09-22T11:32:53.551+0000] {processor.py:186} INFO - Started process (PID=94) to work on /home/airflow/.local/lib/python3.12/site-packages/airflow/example_dags/example_trigger_target_dag.py
[2024-09-22T11:32:53.553+0000] {processor.py:914} INFO - Processing file /home/airflow/.local/lib/python3.12/site-packages/airflow/example_dags/example_trigger_target_dag.py for tasks to queue
[2024-09-22T11:32:53.557+0000] {logging_mixin.py:190} INFO - [2024-09-22T11:32:53.556+0000] {dagbag.py:588} INFO - Filling up the DagBag from /home/airflow/.local/lib/python3.12/site-packages/airflow/example_dags/example_trigger_target_dag.py
[2024-09-22T11:32:53.566+0000] {processor.py:925} INFO - DAG(s) 'example_trigger_target_dag' retrieved from /home/airflow/.local/lib/python3.12/site-packages/airflow/example_dags/example_trigger_target_dag.py
[2024-09-22T11:32:53.588+0000] {logging_mixin.py:190} INFO - [2024-09-22T11:32:53.588+0000] {dag.py:3239} INFO - Sync 1 DAGs
[2024-09-22T11:32:53.605+0000] {logging_mixin.py:190} INFO - [2024-09-22T11:32:53.604+0000] {dag.py:4180} INFO - Setting next_dagrun for example_trigger_target_dag to None, run_after=None
[2024-09-22T11:32:53.627+0000] {processor.py:208} INFO - Processing /home/airflow/.local/lib/python3.12/site-packages/airflow/example_dags/example_trigger_target_dag.py took 0.081 seconds
[2024-09-22T11:33:24.406+0000] {processor.py:186} INFO - Started process (PID=156) to work on /home/airflow/.local/lib/python3.12/site-packages/airflow/example_dags/example_trigger_target_dag.py
[2024-09-22T11:33:24.407+0000] {processor.py:914} INFO - Processing file /home/airflow/.local/lib/python3.12/site-packages/airflow/example_dags/example_trigger_target_dag.py for tasks to queue
[2024-09-22T11:33:24.412+0000] {logging_mixin.py:190} INFO - [2024-09-22T11:33:24.412+0000] {dagbag.py:588} INFO - Filling up the DagBag from /home/airflow/.local/lib/python3.12/site-packages/airflow/example_dags/example_trigger_target_dag.py
[2024-09-22T11:33:24.421+0000] {processor.py:925} INFO - DAG(s) 'example_trigger_target_dag' retrieved from /home/airflow/.local/lib/python3.12/site-packages/airflow/example_dags/example_trigger_target_dag.py
[2024-09-22T11:33:24.442+0000] {logging_mixin.py:190} INFO - [2024-09-22T11:33:24.442+0000] {dag.py:3239} INFO - Sync 1 DAGs
[2024-09-22T11:33:24.456+0000] {logging_mixin.py:190} INFO - [2024-09-22T11:33:24.456+0000] {dag.py:4180} INFO - Setting next_dagrun for example_trigger_target_dag to None, run_after=None
[2024-09-22T11:33:24.482+0000] {processor.py:208} INFO - Processing /home/airflow/.local/lib/python3.12/site-packages/airflow/example_dags/example_trigger_target_dag.py took 0.081 seconds
[2024-09-22T11:35:00.013+0000] {processor.py:186} INFO - Started process (PID=227) to work on /home/airflow/.local/lib/python3.12/site-packages/airflow/example_dags/example_trigger_target_dag.py
[2024-09-22T11:35:00.016+0000] {processor.py:914} INFO - Processing file /home/airflow/.local/lib/python3.12/site-packages/airflow/example_dags/example_trigger_target_dag.py for tasks to queue
[2024-09-22T11:35:00.018+0000] {logging_mixin.py:190} INFO - [2024-09-22T11:35:00.018+0000] {dagbag.py:588} INFO - Filling up the DagBag from /home/airflow/.local/lib/python3.12/site-packages/airflow/example_dags/example_trigger_target_dag.py
[2024-09-22T11:35:00.027+0000] {processor.py:925} INFO - DAG(s) 'example_trigger_target_dag' retrieved from /home/airflow/.local/lib/python3.12/site-packages/airflow/example_dags/example_trigger_target_dag.py
[2024-09-22T11:35:00.049+0000] {logging_mixin.py:190} INFO - [2024-09-22T11:35:00.049+0000] {dag.py:3239} INFO - Sync 1 DAGs
[2024-09-22T11:35:00.067+0000] {logging_mixin.py:190} INFO - [2024-09-22T11:35:00.066+0000] {dag.py:4180} INFO - Setting next_dagrun for example_trigger_target_dag to None, run_after=None
[2024-09-22T11:35:00.097+0000] {processor.py:208} INFO - Processing /home/airflow/.local/lib/python3.12/site-packages/airflow/example_dags/example_trigger_target_dag.py took 0.090 seconds
[2024-09-22T11:35:30.348+0000] {processor.py:186} INFO - Started process (PID=290) to work on /home/airflow/.local/lib/python3.12/site-packages/airflow/example_dags/example_trigger_target_dag.py
[2024-09-22T11:35:30.349+0000] {processor.py:914} INFO - Processing file /home/airflow/.local/lib/python3.12/site-packages/airflow/example_dags/example_trigger_target_dag.py for tasks to queue
[2024-09-22T11:35:30.350+0000] {logging_mixin.py:190} INFO - [2024-09-22T11:35:30.350+0000] {dagbag.py:588} INFO - Filling up the DagBag from /home/airflow/.local/lib/python3.12/site-packages/airflow/example_dags/example_trigger_target_dag.py
[2024-09-22T11:35:30.362+0000] {processor.py:925} INFO - DAG(s) 'example_trigger_target_dag' retrieved from /home/airflow/.local/lib/python3.12/site-packages/airflow/example_dags/example_trigger_target_dag.py
[2024-09-22T11:35:30.385+0000] {logging_mixin.py:190} INFO - [2024-09-22T11:35:30.384+0000] {dag.py:3239} INFO - Sync 1 DAGs
[2024-09-22T11:35:30.425+0000] {logging_mixin.py:190} INFO - [2024-09-22T11:35:30.425+0000] {dag.py:4180} INFO - Setting next_dagrun for example_trigger_target_dag to None, run_after=None
[2024-09-22T11:35:30.458+0000] {processor.py:208} INFO - Processing /home/airflow/.local/lib/python3.12/site-packages/airflow/example_dags/example_trigger_target_dag.py took 0.115 seconds
