[2024-09-22T11:28:33.892+0000] {processor.py:186} INFO - Started process (PID=84) to work on /home/airflow/.local/lib/python3.12/site-packages/airflow/example_dags/example_short_circuit_decorator.py
[2024-09-22T11:28:33.896+0000] {processor.py:914} INFO - Processing file /home/airflow/.local/lib/python3.12/site-packages/airflow/example_dags/example_short_circuit_decorator.py for tasks to queue
[2024-09-22T11:28:33.899+0000] {logging_mixin.py:190} INFO - [2024-09-22T11:28:33.898+0000] {dagbag.py:588} INFO - Filling up the DagBag from /home/airflow/.local/lib/python3.12/site-packages/airflow/example_dags/example_short_circuit_decorator.py
[2024-09-22T11:28:33.913+0000] {processor.py:925} INFO - DAG(s) 'example_short_circuit_decorator' retrieved from /home/airflow/.local/lib/python3.12/site-packages/airflow/example_dags/example_short_circuit_decorator.py
[2024-09-22T11:28:35.018+0000] {logging_mixin.py:190} INFO - [2024-09-22T11:28:35.017+0000] {override.py:1900} INFO - Created Permission View: can read on DAG:example_short_circuit_decorator
[2024-09-22T11:28:35.053+0000] {logging_mixin.py:190} INFO - [2024-09-22T11:28:35.052+0000] {override.py:1900} INFO - Created Permission View: can delete on DAG:example_short_circuit_decorator
[2024-09-22T11:28:35.087+0000] {logging_mixin.py:190} INFO - [2024-09-22T11:28:35.087+0000] {override.py:1900} INFO - Created Permission View: can edit on DAG:example_short_circuit_decorator
[2024-09-22T11:28:35.180+0000] {logging_mixin.py:190} INFO - [2024-09-22T11:28:35.180+0000] {override.py:1900} INFO - Created Permission View: menu access on DAG Run:example_short_circuit_decorator
[2024-09-22T11:28:35.214+0000] {logging_mixin.py:190} INFO - [2024-09-22T11:28:35.213+0000] {override.py:1900} INFO - Created Permission View: can read on DAG Run:example_short_circuit_decorator
[2024-09-22T11:28:35.254+0000] {logging_mixin.py:190} INFO - [2024-09-22T11:28:35.253+0000] {override.py:1900} INFO - Created Permission View: can delete on DAG Run:example_short_circuit_decorator
[2024-09-22T11:28:35.302+0000] {logging_mixin.py:190} INFO - [2024-09-22T11:28:35.301+0000] {override.py:1900} INFO - Created Permission View: can create on DAG Run:example_short_circuit_decorator
[2024-09-22T11:28:35.303+0000] {logging_mixin.py:190} INFO - [2024-09-22T11:28:35.303+0000] {dag.py:3239} INFO - Sync 1 DAGs
[2024-09-22T11:28:35.386+0000] {logging_mixin.py:190} INFO - [2024-09-22T11:28:35.386+0000] {dag.py:3262} INFO - Creating ORM DAG for example_short_circuit_decorator
[2024-09-22T11:28:35.391+0000] {logging_mixin.py:190} INFO - [2024-09-22T11:28:35.391+0000] {dag.py:4180} INFO - Setting next_dagrun for example_short_circuit_decorator to None, run_after=None
[2024-09-22T11:28:35.509+0000] {processor.py:208} INFO - Processing /home/airflow/.local/lib/python3.12/site-packages/airflow/example_dags/example_short_circuit_decorator.py took 1.625 seconds
[2024-09-22T11:29:06.228+0000] {processor.py:186} INFO - Started process (PID=146) to work on /home/airflow/.local/lib/python3.12/site-packages/airflow/example_dags/example_short_circuit_decorator.py
[2024-09-22T11:29:06.230+0000] {processor.py:914} INFO - Processing file /home/airflow/.local/lib/python3.12/site-packages/airflow/example_dags/example_short_circuit_decorator.py for tasks to queue
[2024-09-22T11:29:06.235+0000] {logging_mixin.py:190} INFO - [2024-09-22T11:29:06.234+0000] {dagbag.py:588} INFO - Filling up the DagBag from /home/airflow/.local/lib/python3.12/site-packages/airflow/example_dags/example_short_circuit_decorator.py
[2024-09-22T11:29:06.250+0000] {processor.py:925} INFO - DAG(s) 'example_short_circuit_decorator' retrieved from /home/airflow/.local/lib/python3.12/site-packages/airflow/example_dags/example_short_circuit_decorator.py
[2024-09-22T11:29:06.280+0000] {logging_mixin.py:190} INFO - [2024-09-22T11:29:06.280+0000] {dag.py:3239} INFO - Sync 1 DAGs
[2024-09-22T11:29:06.306+0000] {logging_mixin.py:190} INFO - [2024-09-22T11:29:06.306+0000] {dag.py:4180} INFO - Setting next_dagrun for example_short_circuit_decorator to None, run_after=None
[2024-09-22T11:29:06.332+0000] {processor.py:208} INFO - Processing /home/airflow/.local/lib/python3.12/site-packages/airflow/example_dags/example_short_circuit_decorator.py took 0.112 seconds
[2024-09-22T11:29:37.302+0000] {processor.py:186} INFO - Started process (PID=208) to work on /home/airflow/.local/lib/python3.12/site-packages/airflow/example_dags/example_short_circuit_decorator.py
[2024-09-22T11:29:37.305+0000] {processor.py:914} INFO - Processing file /home/airflow/.local/lib/python3.12/site-packages/airflow/example_dags/example_short_circuit_decorator.py for tasks to queue
[2024-09-22T11:29:37.309+0000] {logging_mixin.py:190} INFO - [2024-09-22T11:29:37.309+0000] {dagbag.py:588} INFO - Filling up the DagBag from /home/airflow/.local/lib/python3.12/site-packages/airflow/example_dags/example_short_circuit_decorator.py
[2024-09-22T11:29:37.369+0000] {processor.py:925} INFO - DAG(s) 'example_short_circuit_decorator' retrieved from /home/airflow/.local/lib/python3.12/site-packages/airflow/example_dags/example_short_circuit_decorator.py
[2024-09-22T11:29:38.578+0000] {logging_mixin.py:190} INFO - [2024-09-22T11:29:38.551+0000] {dag.py:3239} INFO - Sync 1 DAGs
[2024-09-22T11:29:38.643+0000] {logging_mixin.py:190} INFO - [2024-09-22T11:29:38.643+0000] {dag.py:4180} INFO - Setting next_dagrun for example_short_circuit_decorator to None, run_after=None
[2024-09-22T11:29:38.727+0000] {processor.py:208} INFO - Processing /home/airflow/.local/lib/python3.12/site-packages/airflow/example_dags/example_short_circuit_decorator.py took 1.441 seconds
[2024-09-22T11:30:09.644+0000] {processor.py:186} INFO - Started process (PID=270) to work on /home/airflow/.local/lib/python3.12/site-packages/airflow/example_dags/example_short_circuit_decorator.py
[2024-09-22T11:30:09.645+0000] {processor.py:914} INFO - Processing file /home/airflow/.local/lib/python3.12/site-packages/airflow/example_dags/example_short_circuit_decorator.py for tasks to queue
[2024-09-22T11:30:09.649+0000] {logging_mixin.py:190} INFO - [2024-09-22T11:30:09.648+0000] {dagbag.py:588} INFO - Filling up the DagBag from /home/airflow/.local/lib/python3.12/site-packages/airflow/example_dags/example_short_circuit_decorator.py
[2024-09-22T11:30:09.662+0000] {processor.py:925} INFO - DAG(s) 'example_short_circuit_decorator' retrieved from /home/airflow/.local/lib/python3.12/site-packages/airflow/example_dags/example_short_circuit_decorator.py
[2024-09-22T11:30:09.694+0000] {logging_mixin.py:190} INFO - [2024-09-22T11:30:09.693+0000] {dag.py:3239} INFO - Sync 1 DAGs
[2024-09-22T11:30:09.714+0000] {logging_mixin.py:190} INFO - [2024-09-22T11:30:09.714+0000] {dag.py:4180} INFO - Setting next_dagrun for example_short_circuit_decorator to None, run_after=None
[2024-09-22T11:30:09.743+0000] {processor.py:208} INFO - Processing /home/airflow/.local/lib/python3.12/site-packages/airflow/example_dags/example_short_circuit_decorator.py took 0.104 seconds
[2024-09-22T11:32:48.330+0000] {processor.py:186} INFO - Started process (PID=69) to work on /home/airflow/.local/lib/python3.12/site-packages/airflow/example_dags/example_short_circuit_decorator.py
[2024-09-22T11:32:48.369+0000] {processor.py:914} INFO - Processing file /home/airflow/.local/lib/python3.12/site-packages/airflow/example_dags/example_short_circuit_decorator.py for tasks to queue
[2024-09-22T11:32:48.403+0000] {logging_mixin.py:190} INFO - [2024-09-22T11:32:48.402+0000] {dagbag.py:588} INFO - Filling up the DagBag from /home/airflow/.local/lib/python3.12/site-packages/airflow/example_dags/example_short_circuit_decorator.py
[2024-09-22T11:32:48.437+0000] {processor.py:925} INFO - DAG(s) 'example_short_circuit_decorator' retrieved from /home/airflow/.local/lib/python3.12/site-packages/airflow/example_dags/example_short_circuit_decorator.py
[2024-09-22T11:32:48.550+0000] {logging_mixin.py:190} INFO - [2024-09-22T11:32:48.550+0000] {dag.py:3239} INFO - Sync 1 DAGs
[2024-09-22T11:32:48.608+0000] {logging_mixin.py:190} INFO - [2024-09-22T11:32:48.607+0000] {dag.py:4180} INFO - Setting next_dagrun for example_short_circuit_decorator to None, run_after=None
[2024-09-22T11:32:48.726+0000] {processor.py:208} INFO - Processing /home/airflow/.local/lib/python3.12/site-packages/airflow/example_dags/example_short_circuit_decorator.py took 0.521 seconds
[2024-09-22T11:33:19.994+0000] {processor.py:186} INFO - Started process (PID=131) to work on /home/airflow/.local/lib/python3.12/site-packages/airflow/example_dags/example_short_circuit_decorator.py
[2024-09-22T11:33:20.001+0000] {processor.py:914} INFO - Processing file /home/airflow/.local/lib/python3.12/site-packages/airflow/example_dags/example_short_circuit_decorator.py for tasks to queue
[2024-09-22T11:33:20.051+0000] {logging_mixin.py:190} INFO - [2024-09-22T11:33:20.033+0000] {dagbag.py:588} INFO - Filling up the DagBag from /home/airflow/.local/lib/python3.12/site-packages/airflow/example_dags/example_short_circuit_decorator.py
[2024-09-22T11:33:20.303+0000] {processor.py:925} INFO - DAG(s) 'example_short_circuit_decorator' retrieved from /home/airflow/.local/lib/python3.12/site-packages/airflow/example_dags/example_short_circuit_decorator.py
[2024-09-22T11:33:20.717+0000] {logging_mixin.py:190} INFO - [2024-09-22T11:33:20.717+0000] {dag.py:3239} INFO - Sync 1 DAGs
[2024-09-22T11:33:21.055+0000] {logging_mixin.py:190} INFO - [2024-09-22T11:33:21.055+0000] {dag.py:4180} INFO - Setting next_dagrun for example_short_circuit_decorator to None, run_after=None
[2024-09-22T11:33:21.134+0000] {processor.py:208} INFO - Processing /home/airflow/.local/lib/python3.12/site-packages/airflow/example_dags/example_short_circuit_decorator.py took 1.193 seconds
[2024-09-22T11:34:56.999+0000] {processor.py:186} INFO - Started process (PID=202) to work on /home/airflow/.local/lib/python3.12/site-packages/airflow/example_dags/example_short_circuit_decorator.py
[2024-09-22T11:34:57.001+0000] {processor.py:914} INFO - Processing file /home/airflow/.local/lib/python3.12/site-packages/airflow/example_dags/example_short_circuit_decorator.py for tasks to queue
[2024-09-22T11:34:57.003+0000] {logging_mixin.py:190} INFO - [2024-09-22T11:34:57.003+0000] {dagbag.py:588} INFO - Filling up the DagBag from /home/airflow/.local/lib/python3.12/site-packages/airflow/example_dags/example_short_circuit_decorator.py
[2024-09-22T11:34:57.020+0000] {processor.py:925} INFO - DAG(s) 'example_short_circuit_decorator' retrieved from /home/airflow/.local/lib/python3.12/site-packages/airflow/example_dags/example_short_circuit_decorator.py
[2024-09-22T11:34:57.082+0000] {logging_mixin.py:190} INFO - [2024-09-22T11:34:57.082+0000] {dag.py:3239} INFO - Sync 1 DAGs
[2024-09-22T11:34:57.101+0000] {logging_mixin.py:190} INFO - [2024-09-22T11:34:57.100+0000] {dag.py:4180} INFO - Setting next_dagrun for example_short_circuit_decorator to None, run_after=None
[2024-09-22T11:34:57.134+0000] {processor.py:208} INFO - Processing /home/airflow/.local/lib/python3.12/site-packages/airflow/example_dags/example_short_circuit_decorator.py took 0.142 seconds
[2024-09-22T11:35:27.269+0000] {processor.py:186} INFO - Started process (PID=265) to work on /home/airflow/.local/lib/python3.12/site-packages/airflow/example_dags/example_short_circuit_decorator.py
[2024-09-22T11:35:27.271+0000] {processor.py:914} INFO - Processing file /home/airflow/.local/lib/python3.12/site-packages/airflow/example_dags/example_short_circuit_decorator.py for tasks to queue
[2024-09-22T11:35:27.273+0000] {logging_mixin.py:190} INFO - [2024-09-22T11:35:27.272+0000] {dagbag.py:588} INFO - Filling up the DagBag from /home/airflow/.local/lib/python3.12/site-packages/airflow/example_dags/example_short_circuit_decorator.py
[2024-09-22T11:35:27.283+0000] {processor.py:925} INFO - DAG(s) 'example_short_circuit_decorator' retrieved from /home/airflow/.local/lib/python3.12/site-packages/airflow/example_dags/example_short_circuit_decorator.py
[2024-09-22T11:35:27.308+0000] {logging_mixin.py:190} INFO - [2024-09-22T11:35:27.308+0000] {dag.py:3239} INFO - Sync 1 DAGs
[2024-09-22T11:35:27.325+0000] {logging_mixin.py:190} INFO - [2024-09-22T11:35:27.324+0000] {dag.py:4180} INFO - Setting next_dagrun for example_short_circuit_decorator to None, run_after=None
[2024-09-22T11:35:27.346+0000] {processor.py:208} INFO - Processing /home/airflow/.local/lib/python3.12/site-packages/airflow/example_dags/example_short_circuit_decorator.py took 0.083 seconds
