[2024-09-22T11:28:52.837+0000] {processor.py:186} INFO - Started process (PID=118) to work on /home/airflow/.local/lib/python3.12/site-packages/airflow/example_dags/example_workday_timetable.py
[2024-09-22T11:28:52.838+0000] {processor.py:914} INFO - Processing file /home/airflow/.local/lib/python3.12/site-packages/airflow/example_dags/example_workday_timetable.py for tasks to queue
[2024-09-22T11:28:52.842+0000] {logging_mixin.py:190} INFO - [2024-09-22T11:28:52.842+0000] {dagbag.py:588} INFO - Filling up the DagBag from /home/airflow/.local/lib/python3.12/site-packages/airflow/example_dags/example_workday_timetable.py
[2024-09-22T11:28:52.850+0000] {processor.py:925} INFO - DAG(s) 'example_workday_timetable' retrieved from /home/airflow/.local/lib/python3.12/site-packages/airflow/example_dags/example_workday_timetable.py
[2024-09-22T11:28:53.072+0000] {logging_mixin.py:190} INFO - [2024-09-22T11:28:53.070+0000] {override.py:1900} INFO - Created Permission View: can read on DAG:example_workday_timetable
[2024-09-22T11:28:53.104+0000] {logging_mixin.py:190} INFO - [2024-09-22T11:28:53.103+0000] {override.py:1900} INFO - Created Permission View: can delete on DAG:example_workday_timetable
[2024-09-22T11:28:53.126+0000] {logging_mixin.py:190} INFO - [2024-09-22T11:28:53.125+0000] {override.py:1900} INFO - Created Permission View: can edit on DAG:example_workday_timetable
[2024-09-22T11:28:53.170+0000] {logging_mixin.py:190} INFO - [2024-09-22T11:28:53.169+0000] {override.py:1900} INFO - Created Permission View: menu access on DAG Run:example_workday_timetable
[2024-09-22T11:28:53.187+0000] {logging_mixin.py:190} INFO - [2024-09-22T11:28:53.186+0000] {override.py:1900} INFO - Created Permission View: can read on DAG Run:example_workday_timetable
[2024-09-22T11:28:53.205+0000] {logging_mixin.py:190} INFO - [2024-09-22T11:28:53.204+0000] {override.py:1900} INFO - Created Permission View: can delete on DAG Run:example_workday_timetable
[2024-09-22T11:28:53.218+0000] {logging_mixin.py:190} INFO - [2024-09-22T11:28:53.218+0000] {override.py:1900} INFO - Created Permission View: can create on DAG Run:example_workday_timetable
[2024-09-22T11:28:53.219+0000] {logging_mixin.py:190} INFO - [2024-09-22T11:28:53.219+0000] {dag.py:3239} INFO - Sync 1 DAGs
[2024-09-22T11:28:53.236+0000] {logging_mixin.py:190} INFO - [2024-09-22T11:28:53.236+0000] {dag.py:3262} INFO - Creating ORM DAG for example_workday_timetable
[2024-09-22T11:28:53.598+0000] {logging_mixin.py:190} INFO - [2024-09-22T11:28:53.597+0000] {dag.py:4180} INFO - Setting next_dagrun for example_workday_timetable to 2021-01-04 00:00:00+00:00, run_after=2021-01-05 00:00:00+00:00
[2024-09-22T11:28:53.635+0000] {processor.py:208} INFO - Processing /home/airflow/.local/lib/python3.12/site-packages/airflow/example_dags/example_workday_timetable.py took 0.804 seconds
[2024-09-22T11:29:23.927+0000] {processor.py:186} INFO - Started process (PID=180) to work on /home/airflow/.local/lib/python3.12/site-packages/airflow/example_dags/example_workday_timetable.py
[2024-09-22T11:29:23.928+0000] {processor.py:914} INFO - Processing file /home/airflow/.local/lib/python3.12/site-packages/airflow/example_dags/example_workday_timetable.py for tasks to queue
[2024-09-22T11:29:23.930+0000] {logging_mixin.py:190} INFO - [2024-09-22T11:29:23.930+0000] {dagbag.py:588} INFO - Filling up the DagBag from /home/airflow/.local/lib/python3.12/site-packages/airflow/example_dags/example_workday_timetable.py
[2024-09-22T11:29:23.935+0000] {processor.py:925} INFO - DAG(s) 'example_workday_timetable' retrieved from /home/airflow/.local/lib/python3.12/site-packages/airflow/example_dags/example_workday_timetable.py
[2024-09-22T11:29:23.955+0000] {logging_mixin.py:190} INFO - [2024-09-22T11:29:23.954+0000] {dag.py:3239} INFO - Sync 1 DAGs
[2024-09-22T11:29:24.066+0000] {logging_mixin.py:190} INFO - [2024-09-22T11:29:24.066+0000] {dag.py:4180} INFO - Setting next_dagrun for example_workday_timetable to 2021-01-04 00:00:00+00:00, run_after=2021-01-05 00:00:00+00:00
[2024-09-22T11:29:24.099+0000] {processor.py:208} INFO - Processing /home/airflow/.local/lib/python3.12/site-packages/airflow/example_dags/example_workday_timetable.py took 0.177 seconds
[2024-09-22T11:29:57.185+0000] {processor.py:186} INFO - Started process (PID=248) to work on /home/airflow/.local/lib/python3.12/site-packages/airflow/example_dags/example_workday_timetable.py
[2024-09-22T11:29:57.195+0000] {processor.py:914} INFO - Processing file /home/airflow/.local/lib/python3.12/site-packages/airflow/example_dags/example_workday_timetable.py for tasks to queue
[2024-09-22T11:29:57.219+0000] {logging_mixin.py:190} INFO - [2024-09-22T11:29:57.218+0000] {dagbag.py:588} INFO - Filling up the DagBag from /home/airflow/.local/lib/python3.12/site-packages/airflow/example_dags/example_workday_timetable.py
[2024-09-22T11:29:57.252+0000] {processor.py:925} INFO - DAG(s) 'example_workday_timetable' retrieved from /home/airflow/.local/lib/python3.12/site-packages/airflow/example_dags/example_workday_timetable.py
[2024-09-22T11:29:57.342+0000] {logging_mixin.py:190} INFO - [2024-09-22T11:29:57.340+0000] {dag.py:3239} INFO - Sync 1 DAGs
[2024-09-22T11:29:57.840+0000] {logging_mixin.py:190} INFO - [2024-09-22T11:29:57.839+0000] {dag.py:4180} INFO - Setting next_dagrun for example_workday_timetable to 2021-01-04 00:00:00+00:00, run_after=2021-01-05 00:00:00+00:00
[2024-09-22T11:29:57.940+0000] {processor.py:208} INFO - Processing /home/airflow/.local/lib/python3.12/site-packages/airflow/example_dags/example_workday_timetable.py took 0.764 seconds
[2024-09-22T11:32:54.443+0000] {processor.py:186} INFO - Started process (PID=103) to work on /home/airflow/.local/lib/python3.12/site-packages/airflow/example_dags/example_workday_timetable.py
[2024-09-22T11:32:54.446+0000] {processor.py:914} INFO - Processing file /home/airflow/.local/lib/python3.12/site-packages/airflow/example_dags/example_workday_timetable.py for tasks to queue
[2024-09-22T11:32:54.448+0000] {logging_mixin.py:190} INFO - [2024-09-22T11:32:54.448+0000] {dagbag.py:588} INFO - Filling up the DagBag from /home/airflow/.local/lib/python3.12/site-packages/airflow/example_dags/example_workday_timetable.py
[2024-09-22T11:32:54.455+0000] {processor.py:925} INFO - DAG(s) 'example_workday_timetable' retrieved from /home/airflow/.local/lib/python3.12/site-packages/airflow/example_dags/example_workday_timetable.py
[2024-09-22T11:32:54.480+0000] {logging_mixin.py:190} INFO - [2024-09-22T11:32:54.480+0000] {dag.py:3239} INFO - Sync 1 DAGs
[2024-09-22T11:32:54.617+0000] {logging_mixin.py:190} INFO - [2024-09-22T11:32:54.617+0000] {dag.py:4180} INFO - Setting next_dagrun for example_workday_timetable to 2021-01-04 00:00:00+00:00, run_after=2021-01-05 00:00:00+00:00
[2024-09-22T11:32:54.638+0000] {processor.py:208} INFO - Processing /home/airflow/.local/lib/python3.12/site-packages/airflow/example_dags/example_workday_timetable.py took 0.203 seconds
[2024-09-22T11:33:25.025+0000] {processor.py:186} INFO - Started process (PID=165) to work on /home/airflow/.local/lib/python3.12/site-packages/airflow/example_dags/example_workday_timetable.py
[2024-09-22T11:33:25.027+0000] {processor.py:914} INFO - Processing file /home/airflow/.local/lib/python3.12/site-packages/airflow/example_dags/example_workday_timetable.py for tasks to queue
[2024-09-22T11:33:25.029+0000] {logging_mixin.py:190} INFO - [2024-09-22T11:33:25.028+0000] {dagbag.py:588} INFO - Filling up the DagBag from /home/airflow/.local/lib/python3.12/site-packages/airflow/example_dags/example_workday_timetable.py
[2024-09-22T11:33:25.036+0000] {processor.py:925} INFO - DAG(s) 'example_workday_timetable' retrieved from /home/airflow/.local/lib/python3.12/site-packages/airflow/example_dags/example_workday_timetable.py
[2024-09-22T11:33:25.056+0000] {logging_mixin.py:190} INFO - [2024-09-22T11:33:25.056+0000] {dag.py:3239} INFO - Sync 1 DAGs
[2024-09-22T11:33:25.188+0000] {logging_mixin.py:190} INFO - [2024-09-22T11:33:25.188+0000] {dag.py:4180} INFO - Setting next_dagrun for example_workday_timetable to 2021-01-04 00:00:00+00:00, run_after=2021-01-05 00:00:00+00:00
[2024-09-22T11:33:25.210+0000] {processor.py:208} INFO - Processing /home/airflow/.local/lib/python3.12/site-packages/airflow/example_dags/example_workday_timetable.py took 0.190 seconds
[2024-09-22T11:35:00.898+0000] {processor.py:186} INFO - Started process (PID=236) to work on /home/airflow/.local/lib/python3.12/site-packages/airflow/example_dags/example_workday_timetable.py
[2024-09-22T11:35:00.900+0000] {processor.py:914} INFO - Processing file /home/airflow/.local/lib/python3.12/site-packages/airflow/example_dags/example_workday_timetable.py for tasks to queue
[2024-09-22T11:35:00.902+0000] {logging_mixin.py:190} INFO - [2024-09-22T11:35:00.902+0000] {dagbag.py:588} INFO - Filling up the DagBag from /home/airflow/.local/lib/python3.12/site-packages/airflow/example_dags/example_workday_timetable.py
[2024-09-22T11:35:00.910+0000] {processor.py:925} INFO - DAG(s) 'example_workday_timetable' retrieved from /home/airflow/.local/lib/python3.12/site-packages/airflow/example_dags/example_workday_timetable.py
[2024-09-22T11:35:00.946+0000] {logging_mixin.py:190} INFO - [2024-09-22T11:35:00.945+0000] {dag.py:3239} INFO - Sync 1 DAGs
[2024-09-22T11:35:01.122+0000] {logging_mixin.py:190} INFO - [2024-09-22T11:35:01.122+0000] {dag.py:4180} INFO - Setting next_dagrun for example_workday_timetable to 2021-01-04 00:00:00+00:00, run_after=2021-01-05 00:00:00+00:00
[2024-09-22T11:35:01.148+0000] {processor.py:208} INFO - Processing /home/airflow/.local/lib/python3.12/site-packages/airflow/example_dags/example_workday_timetable.py took 0.255 seconds
[2024-09-22T11:35:31.282+0000] {processor.py:186} INFO - Started process (PID=299) to work on /home/airflow/.local/lib/python3.12/site-packages/airflow/example_dags/example_workday_timetable.py
[2024-09-22T11:35:31.283+0000] {processor.py:914} INFO - Processing file /home/airflow/.local/lib/python3.12/site-packages/airflow/example_dags/example_workday_timetable.py for tasks to queue
[2024-09-22T11:35:31.286+0000] {logging_mixin.py:190} INFO - [2024-09-22T11:35:31.285+0000] {dagbag.py:588} INFO - Filling up the DagBag from /home/airflow/.local/lib/python3.12/site-packages/airflow/example_dags/example_workday_timetable.py
[2024-09-22T11:35:31.293+0000] {processor.py:925} INFO - DAG(s) 'example_workday_timetable' retrieved from /home/airflow/.local/lib/python3.12/site-packages/airflow/example_dags/example_workday_timetable.py
[2024-09-22T11:35:31.314+0000] {logging_mixin.py:190} INFO - [2024-09-22T11:35:31.313+0000] {dag.py:3239} INFO - Sync 1 DAGs
[2024-09-22T11:35:31.430+0000] {logging_mixin.py:190} INFO - [2024-09-22T11:35:31.430+0000] {dag.py:4180} INFO - Setting next_dagrun for example_workday_timetable to 2021-01-04 00:00:00+00:00, run_after=2021-01-05 00:00:00+00:00
[2024-09-22T11:35:31.453+0000] {processor.py:208} INFO - Processing /home/airflow/.local/lib/python3.12/site-packages/airflow/example_dags/example_workday_timetable.py took 0.176 seconds
