[2024-09-22T11:28:38.896+0000] {processor.py:186} INFO - Started process (PID=91) to work on /home/airflow/.local/lib/python3.12/site-packages/airflow/example_dags/example_nested_branch_dag.py
[2024-09-22T11:28:38.898+0000] {processor.py:914} INFO - Processing file /home/airflow/.local/lib/python3.12/site-packages/airflow/example_dags/example_nested_branch_dag.py for tasks to queue
[2024-09-22T11:28:38.900+0000] {logging_mixin.py:190} INFO - [2024-09-22T11:28:38.900+0000] {dagbag.py:588} INFO - Filling up the DagBag from /home/airflow/.local/lib/python3.12/site-packages/airflow/example_dags/example_nested_branch_dag.py
[2024-09-22T11:28:38.914+0000] {processor.py:925} INFO - DAG(s) 'example_nested_branch_dag' retrieved from /home/airflow/.local/lib/python3.12/site-packages/airflow/example_dags/example_nested_branch_dag.py
[2024-09-22T11:28:39.116+0000] {logging_mixin.py:190} INFO - [2024-09-22T11:28:39.115+0000] {override.py:1900} INFO - Created Permission View: can read on DAG:example_nested_branch_dag
[2024-09-22T11:28:39.130+0000] {logging_mixin.py:190} INFO - [2024-09-22T11:28:39.129+0000] {override.py:1900} INFO - Created Permission View: can delete on DAG:example_nested_branch_dag
[2024-09-22T11:28:39.146+0000] {logging_mixin.py:190} INFO - [2024-09-22T11:28:39.146+0000] {override.py:1900} INFO - Created Permission View: can edit on DAG:example_nested_branch_dag
[2024-09-22T11:28:39.198+0000] {logging_mixin.py:190} INFO - [2024-09-22T11:28:39.198+0000] {override.py:1900} INFO - Created Permission View: menu access on DAG Run:example_nested_branch_dag
[2024-09-22T11:28:39.208+0000] {logging_mixin.py:190} INFO - [2024-09-22T11:28:39.208+0000] {override.py:1900} INFO - Created Permission View: can read on DAG Run:example_nested_branch_dag
[2024-09-22T11:28:39.219+0000] {logging_mixin.py:190} INFO - [2024-09-22T11:28:39.219+0000] {override.py:1900} INFO - Created Permission View: can delete on DAG Run:example_nested_branch_dag
[2024-09-22T11:28:39.228+0000] {logging_mixin.py:190} INFO - [2024-09-22T11:28:39.228+0000] {override.py:1900} INFO - Created Permission View: can create on DAG Run:example_nested_branch_dag
[2024-09-22T11:28:39.229+0000] {logging_mixin.py:190} INFO - [2024-09-22T11:28:39.229+0000] {dag.py:3239} INFO - Sync 1 DAGs
[2024-09-22T11:28:39.252+0000] {logging_mixin.py:190} INFO - [2024-09-22T11:28:39.252+0000] {dag.py:3262} INFO - Creating ORM DAG for example_nested_branch_dag
[2024-09-22T11:28:39.288+0000] {logging_mixin.py:190} INFO - [2024-09-22T11:28:39.288+0000] {dag.py:4180} INFO - Setting next_dagrun for example_nested_branch_dag to 2024-09-21 00:00:00+00:00, run_after=2024-09-22 00:00:00+00:00
[2024-09-22T11:28:39.329+0000] {processor.py:208} INFO - Processing /home/airflow/.local/lib/python3.12/site-packages/airflow/example_dags/example_nested_branch_dag.py took 0.438 seconds
[2024-09-22T11:29:10.034+0000] {processor.py:186} INFO - Started process (PID=153) to work on /home/airflow/.local/lib/python3.12/site-packages/airflow/example_dags/example_nested_branch_dag.py
[2024-09-22T11:29:10.035+0000] {processor.py:914} INFO - Processing file /home/airflow/.local/lib/python3.12/site-packages/airflow/example_dags/example_nested_branch_dag.py for tasks to queue
[2024-09-22T11:29:10.038+0000] {logging_mixin.py:190} INFO - [2024-09-22T11:29:10.038+0000] {dagbag.py:588} INFO - Filling up the DagBag from /home/airflow/.local/lib/python3.12/site-packages/airflow/example_dags/example_nested_branch_dag.py
[2024-09-22T11:29:10.051+0000] {processor.py:925} INFO - DAG(s) 'example_nested_branch_dag' retrieved from /home/airflow/.local/lib/python3.12/site-packages/airflow/example_dags/example_nested_branch_dag.py
[2024-09-22T11:29:10.075+0000] {logging_mixin.py:190} INFO - [2024-09-22T11:29:10.074+0000] {dag.py:3239} INFO - Sync 1 DAGs
[2024-09-22T11:29:10.102+0000] {logging_mixin.py:190} INFO - [2024-09-22T11:29:10.101+0000] {dag.py:4180} INFO - Setting next_dagrun for example_nested_branch_dag to 2024-09-21 00:00:00+00:00, run_after=2024-09-22 00:00:00+00:00
[2024-09-22T11:29:10.123+0000] {processor.py:208} INFO - Processing /home/airflow/.local/lib/python3.12/site-packages/airflow/example_dags/example_nested_branch_dag.py took 0.095 seconds
[2024-09-22T11:29:50.515+0000] {processor.py:186} INFO - Started process (PID=215) to work on /home/airflow/.local/lib/python3.12/site-packages/airflow/example_dags/example_nested_branch_dag.py
[2024-09-22T11:29:50.517+0000] {processor.py:914} INFO - Processing file /home/airflow/.local/lib/python3.12/site-packages/airflow/example_dags/example_nested_branch_dag.py for tasks to queue
[2024-09-22T11:29:50.527+0000] {logging_mixin.py:190} INFO - [2024-09-22T11:29:50.526+0000] {dagbag.py:588} INFO - Filling up the DagBag from /home/airflow/.local/lib/python3.12/site-packages/airflow/example_dags/example_nested_branch_dag.py
[2024-09-22T11:29:50.594+0000] {processor.py:925} INFO - DAG(s) 'example_nested_branch_dag' retrieved from /home/airflow/.local/lib/python3.12/site-packages/airflow/example_dags/example_nested_branch_dag.py
[2024-09-22T11:29:51.209+0000] {logging_mixin.py:190} INFO - [2024-09-22T11:29:51.205+0000] {dag.py:3239} INFO - Sync 1 DAGs
[2024-09-22T11:29:51.316+0000] {logging_mixin.py:190} INFO - [2024-09-22T11:29:51.316+0000] {dag.py:4180} INFO - Setting next_dagrun for example_nested_branch_dag to 2024-09-21 00:00:00+00:00, run_after=2024-09-22 00:00:00+00:00
[2024-09-22T11:29:51.375+0000] {processor.py:208} INFO - Processing /home/airflow/.local/lib/python3.12/site-packages/airflow/example_dags/example_nested_branch_dag.py took 0.870 seconds
[2024-09-22T11:32:50.616+0000] {processor.py:186} INFO - Started process (PID=76) to work on /home/airflow/.local/lib/python3.12/site-packages/airflow/example_dags/example_nested_branch_dag.py
[2024-09-22T11:32:50.623+0000] {processor.py:914} INFO - Processing file /home/airflow/.local/lib/python3.12/site-packages/airflow/example_dags/example_nested_branch_dag.py for tasks to queue
[2024-09-22T11:32:50.628+0000] {logging_mixin.py:190} INFO - [2024-09-22T11:32:50.627+0000] {dagbag.py:588} INFO - Filling up the DagBag from /home/airflow/.local/lib/python3.12/site-packages/airflow/example_dags/example_nested_branch_dag.py
[2024-09-22T11:32:50.714+0000] {processor.py:925} INFO - DAG(s) 'example_nested_branch_dag' retrieved from /home/airflow/.local/lib/python3.12/site-packages/airflow/example_dags/example_nested_branch_dag.py
[2024-09-22T11:32:51.051+0000] {logging_mixin.py:190} INFO - [2024-09-22T11:32:51.049+0000] {dag.py:3239} INFO - Sync 1 DAGs
[2024-09-22T11:32:51.117+0000] {logging_mixin.py:190} INFO - [2024-09-22T11:32:51.117+0000] {dag.py:4180} INFO - Setting next_dagrun for example_nested_branch_dag to 2024-09-21 00:00:00+00:00, run_after=2024-09-22 00:00:00+00:00
[2024-09-22T11:32:51.188+0000] {processor.py:208} INFO - Processing /home/airflow/.local/lib/python3.12/site-packages/airflow/example_dags/example_nested_branch_dag.py took 0.588 seconds
[2024-09-22T11:33:22.015+0000] {processor.py:186} INFO - Started process (PID=138) to work on /home/airflow/.local/lib/python3.12/site-packages/airflow/example_dags/example_nested_branch_dag.py
[2024-09-22T11:33:22.017+0000] {processor.py:914} INFO - Processing file /home/airflow/.local/lib/python3.12/site-packages/airflow/example_dags/example_nested_branch_dag.py for tasks to queue
[2024-09-22T11:33:22.019+0000] {logging_mixin.py:190} INFO - [2024-09-22T11:33:22.019+0000] {dagbag.py:588} INFO - Filling up the DagBag from /home/airflow/.local/lib/python3.12/site-packages/airflow/example_dags/example_nested_branch_dag.py
[2024-09-22T11:33:22.032+0000] {processor.py:925} INFO - DAG(s) 'example_nested_branch_dag' retrieved from /home/airflow/.local/lib/python3.12/site-packages/airflow/example_dags/example_nested_branch_dag.py
[2024-09-22T11:33:22.075+0000] {logging_mixin.py:190} INFO - [2024-09-22T11:33:22.075+0000] {dag.py:3239} INFO - Sync 1 DAGs
[2024-09-22T11:33:22.157+0000] {logging_mixin.py:190} INFO - [2024-09-22T11:33:22.156+0000] {dag.py:4180} INFO - Setting next_dagrun for example_nested_branch_dag to 2024-09-21 00:00:00+00:00, run_after=2024-09-22 00:00:00+00:00
[2024-09-22T11:33:22.207+0000] {processor.py:208} INFO - Processing /home/airflow/.local/lib/python3.12/site-packages/airflow/example_dags/example_nested_branch_dag.py took 0.197 seconds
[2024-09-22T11:34:57.899+0000] {processor.py:186} INFO - Started process (PID=209) to work on /home/airflow/.local/lib/python3.12/site-packages/airflow/example_dags/example_nested_branch_dag.py
[2024-09-22T11:34:57.903+0000] {processor.py:914} INFO - Processing file /home/airflow/.local/lib/python3.12/site-packages/airflow/example_dags/example_nested_branch_dag.py for tasks to queue
[2024-09-22T11:34:57.908+0000] {logging_mixin.py:190} INFO - [2024-09-22T11:34:57.907+0000] {dagbag.py:588} INFO - Filling up the DagBag from /home/airflow/.local/lib/python3.12/site-packages/airflow/example_dags/example_nested_branch_dag.py
[2024-09-22T11:34:57.931+0000] {processor.py:925} INFO - DAG(s) 'example_nested_branch_dag' retrieved from /home/airflow/.local/lib/python3.12/site-packages/airflow/example_dags/example_nested_branch_dag.py
[2024-09-22T11:34:57.961+0000] {logging_mixin.py:190} INFO - [2024-09-22T11:34:57.961+0000] {dag.py:3239} INFO - Sync 1 DAGs
[2024-09-22T11:34:57.992+0000] {logging_mixin.py:190} INFO - [2024-09-22T11:34:57.992+0000] {dag.py:4180} INFO - Setting next_dagrun for example_nested_branch_dag to 2024-09-21 00:00:00+00:00, run_after=2024-09-22 00:00:00+00:00
[2024-09-22T11:34:58.019+0000] {processor.py:208} INFO - Processing /home/airflow/.local/lib/python3.12/site-packages/airflow/example_dags/example_nested_branch_dag.py took 0.126 seconds
[2024-09-22T11:35:28.094+0000] {processor.py:186} INFO - Started process (PID=272) to work on /home/airflow/.local/lib/python3.12/site-packages/airflow/example_dags/example_nested_branch_dag.py
[2024-09-22T11:35:28.095+0000] {processor.py:914} INFO - Processing file /home/airflow/.local/lib/python3.12/site-packages/airflow/example_dags/example_nested_branch_dag.py for tasks to queue
[2024-09-22T11:35:28.097+0000] {logging_mixin.py:190} INFO - [2024-09-22T11:35:28.097+0000] {dagbag.py:588} INFO - Filling up the DagBag from /home/airflow/.local/lib/python3.12/site-packages/airflow/example_dags/example_nested_branch_dag.py
[2024-09-22T11:35:28.112+0000] {processor.py:925} INFO - DAG(s) 'example_nested_branch_dag' retrieved from /home/airflow/.local/lib/python3.12/site-packages/airflow/example_dags/example_nested_branch_dag.py
[2024-09-22T11:35:28.137+0000] {logging_mixin.py:190} INFO - [2024-09-22T11:35:28.137+0000] {dag.py:3239} INFO - Sync 1 DAGs
[2024-09-22T11:35:28.167+0000] {logging_mixin.py:190} INFO - [2024-09-22T11:35:28.167+0000] {dag.py:4180} INFO - Setting next_dagrun for example_nested_branch_dag to 2024-09-21 00:00:00+00:00, run_after=2024-09-22 00:00:00+00:00
[2024-09-22T11:35:28.190+0000] {processor.py:208} INFO - Processing /home/airflow/.local/lib/python3.12/site-packages/airflow/example_dags/example_nested_branch_dag.py took 0.103 seconds
