[2024-09-22T11:28:52.385+0000] {processor.py:186} INFO - Started process (PID=117) to work on /home/airflow/.local/lib/python3.12/site-packages/airflow/example_dags/example_xcom.py
[2024-09-22T11:28:52.387+0000] {processor.py:914} INFO - Processing file /home/airflow/.local/lib/python3.12/site-packages/airflow/example_dags/example_xcom.py for tasks to queue
[2024-09-22T11:28:52.391+0000] {logging_mixin.py:190} INFO - [2024-09-22T11:28:52.390+0000] {dagbag.py:588} INFO - Filling up the DagBag from /home/airflow/.local/lib/python3.12/site-packages/airflow/example_dags/example_xcom.py
[2024-09-22T11:28:52.408+0000] {processor.py:925} INFO - DAG(s) 'example_xcom' retrieved from /home/airflow/.local/lib/python3.12/site-packages/airflow/example_dags/example_xcom.py
[2024-09-22T11:28:52.581+0000] {logging_mixin.py:190} INFO - [2024-09-22T11:28:52.580+0000] {override.py:1900} INFO - Created Permission View: can read on DAG:example_xcom
[2024-09-22T11:28:52.599+0000] {logging_mixin.py:190} INFO - [2024-09-22T11:28:52.599+0000] {override.py:1900} INFO - Created Permission View: can delete on DAG:example_xcom
[2024-09-22T11:28:52.613+0000] {logging_mixin.py:190} INFO - [2024-09-22T11:28:52.612+0000] {override.py:1900} INFO - Created Permission View: can edit on DAG:example_xcom
[2024-09-22T11:28:52.637+0000] {logging_mixin.py:190} INFO - [2024-09-22T11:28:52.636+0000] {override.py:1900} INFO - Created Permission View: menu access on DAG Run:example_xcom
[2024-09-22T11:28:52.668+0000] {logging_mixin.py:190} INFO - [2024-09-22T11:28:52.665+0000] {override.py:1900} INFO - Created Permission View: can read on DAG Run:example_xcom
[2024-09-22T11:28:52.684+0000] {logging_mixin.py:190} INFO - [2024-09-22T11:28:52.681+0000] {override.py:1900} INFO - Created Permission View: can delete on DAG Run:example_xcom
[2024-09-22T11:28:52.705+0000] {logging_mixin.py:190} INFO - [2024-09-22T11:28:52.705+0000] {override.py:1900} INFO - Created Permission View: can create on DAG Run:example_xcom
[2024-09-22T11:28:52.707+0000] {logging_mixin.py:190} INFO - [2024-09-22T11:28:52.706+0000] {dag.py:3239} INFO - Sync 1 DAGs
[2024-09-22T11:28:52.726+0000] {logging_mixin.py:190} INFO - [2024-09-22T11:28:52.726+0000] {dag.py:3262} INFO - Creating ORM DAG for example_xcom
[2024-09-22T11:28:52.744+0000] {logging_mixin.py:190} INFO - [2024-09-22T11:28:52.743+0000] {dag.py:4180} INFO - Setting next_dagrun for example_xcom to 2021-01-01 00:00:00+00:00, run_after=2021-01-01 00:00:00+00:00
[2024-09-22T11:28:52.782+0000] {processor.py:208} INFO - Processing /home/airflow/.local/lib/python3.12/site-packages/airflow/example_dags/example_xcom.py took 0.404 seconds
[2024-09-22T11:29:23.805+0000] {processor.py:186} INFO - Started process (PID=179) to work on /home/airflow/.local/lib/python3.12/site-packages/airflow/example_dags/example_xcom.py
[2024-09-22T11:29:23.806+0000] {processor.py:914} INFO - Processing file /home/airflow/.local/lib/python3.12/site-packages/airflow/example_dags/example_xcom.py for tasks to queue
[2024-09-22T11:29:23.809+0000] {logging_mixin.py:190} INFO - [2024-09-22T11:29:23.809+0000] {dagbag.py:588} INFO - Filling up the DagBag from /home/airflow/.local/lib/python3.12/site-packages/airflow/example_dags/example_xcom.py
[2024-09-22T11:29:23.818+0000] {processor.py:925} INFO - DAG(s) 'example_xcom' retrieved from /home/airflow/.local/lib/python3.12/site-packages/airflow/example_dags/example_xcom.py
[2024-09-22T11:29:23.841+0000] {logging_mixin.py:190} INFO - [2024-09-22T11:29:23.841+0000] {dag.py:3239} INFO - Sync 1 DAGs
[2024-09-22T11:29:23.867+0000] {logging_mixin.py:190} INFO - [2024-09-22T11:29:23.867+0000] {dag.py:4180} INFO - Setting next_dagrun for example_xcom to 2021-01-01 00:00:00+00:00, run_after=2021-01-01 00:00:00+00:00
[2024-09-22T11:29:23.895+0000] {processor.py:208} INFO - Processing /home/airflow/.local/lib/python3.12/site-packages/airflow/example_dags/example_xcom.py took 0.095 seconds
[2024-09-22T11:29:56.869+0000] {processor.py:186} INFO - Started process (PID=247) to work on /home/airflow/.local/lib/python3.12/site-packages/airflow/example_dags/example_xcom.py
[2024-09-22T11:29:56.875+0000] {processor.py:914} INFO - Processing file /home/airflow/.local/lib/python3.12/site-packages/airflow/example_dags/example_xcom.py for tasks to queue
[2024-09-22T11:29:56.877+0000] {logging_mixin.py:190} INFO - [2024-09-22T11:29:56.877+0000] {dagbag.py:588} INFO - Filling up the DagBag from /home/airflow/.local/lib/python3.12/site-packages/airflow/example_dags/example_xcom.py
[2024-09-22T11:29:56.892+0000] {processor.py:925} INFO - DAG(s) 'example_xcom' retrieved from /home/airflow/.local/lib/python3.12/site-packages/airflow/example_dags/example_xcom.py
[2024-09-22T11:29:56.927+0000] {logging_mixin.py:190} INFO - [2024-09-22T11:29:56.927+0000] {dag.py:3239} INFO - Sync 1 DAGs
[2024-09-22T11:29:56.991+0000] {logging_mixin.py:190} INFO - [2024-09-22T11:29:56.990+0000] {dag.py:4180} INFO - Setting next_dagrun for example_xcom to 2021-01-01 00:00:00+00:00, run_after=2021-01-01 00:00:00+00:00
[2024-09-22T11:29:57.068+0000] {processor.py:208} INFO - Processing /home/airflow/.local/lib/python3.12/site-packages/airflow/example_dags/example_xcom.py took 0.210 seconds
[2024-09-22T11:32:54.319+0000] {processor.py:186} INFO - Started process (PID=102) to work on /home/airflow/.local/lib/python3.12/site-packages/airflow/example_dags/example_xcom.py
[2024-09-22T11:32:54.321+0000] {processor.py:914} INFO - Processing file /home/airflow/.local/lib/python3.12/site-packages/airflow/example_dags/example_xcom.py for tasks to queue
[2024-09-22T11:32:54.323+0000] {logging_mixin.py:190} INFO - [2024-09-22T11:32:54.323+0000] {dagbag.py:588} INFO - Filling up the DagBag from /home/airflow/.local/lib/python3.12/site-packages/airflow/example_dags/example_xcom.py
[2024-09-22T11:32:54.331+0000] {processor.py:925} INFO - DAG(s) 'example_xcom' retrieved from /home/airflow/.local/lib/python3.12/site-packages/airflow/example_dags/example_xcom.py
[2024-09-22T11:32:54.358+0000] {logging_mixin.py:190} INFO - [2024-09-22T11:32:54.358+0000] {dag.py:3239} INFO - Sync 1 DAGs
[2024-09-22T11:32:54.384+0000] {logging_mixin.py:190} INFO - [2024-09-22T11:32:54.384+0000] {dag.py:4180} INFO - Setting next_dagrun for example_xcom to 2021-01-01 00:00:00+00:00, run_after=2021-01-01 00:00:00+00:00
[2024-09-22T11:32:54.405+0000] {processor.py:208} INFO - Processing /home/airflow/.local/lib/python3.12/site-packages/airflow/example_dags/example_xcom.py took 0.090 seconds
[2024-09-22T11:33:24.860+0000] {processor.py:186} INFO - Started process (PID=163) to work on /home/airflow/.local/lib/python3.12/site-packages/airflow/example_dags/example_xcom.py
[2024-09-22T11:33:24.865+0000] {processor.py:914} INFO - Processing file /home/airflow/.local/lib/python3.12/site-packages/airflow/example_dags/example_xcom.py for tasks to queue
[2024-09-22T11:33:24.869+0000] {logging_mixin.py:190} INFO - [2024-09-22T11:33:24.868+0000] {dagbag.py:588} INFO - Filling up the DagBag from /home/airflow/.local/lib/python3.12/site-packages/airflow/example_dags/example_xcom.py
[2024-09-22T11:33:24.888+0000] {processor.py:925} INFO - DAG(s) 'example_xcom' retrieved from /home/airflow/.local/lib/python3.12/site-packages/airflow/example_dags/example_xcom.py
[2024-09-22T11:33:24.926+0000] {logging_mixin.py:190} INFO - [2024-09-22T11:33:24.925+0000] {dag.py:3239} INFO - Sync 1 DAGs
[2024-09-22T11:33:24.951+0000] {logging_mixin.py:190} INFO - [2024-09-22T11:33:24.951+0000] {dag.py:4180} INFO - Setting next_dagrun for example_xcom to 2021-01-01 00:00:00+00:00, run_after=2021-01-01 00:00:00+00:00
[2024-09-22T11:33:24.991+0000] {processor.py:208} INFO - Processing /home/airflow/.local/lib/python3.12/site-packages/airflow/example_dags/example_xcom.py took 0.136 seconds
[2024-09-22T11:35:00.746+0000] {processor.py:186} INFO - Started process (PID=235) to work on /home/airflow/.local/lib/python3.12/site-packages/airflow/example_dags/example_xcom.py
[2024-09-22T11:35:00.748+0000] {processor.py:914} INFO - Processing file /home/airflow/.local/lib/python3.12/site-packages/airflow/example_dags/example_xcom.py for tasks to queue
[2024-09-22T11:35:00.750+0000] {logging_mixin.py:190} INFO - [2024-09-22T11:35:00.749+0000] {dagbag.py:588} INFO - Filling up the DagBag from /home/airflow/.local/lib/python3.12/site-packages/airflow/example_dags/example_xcom.py
[2024-09-22T11:35:00.760+0000] {processor.py:925} INFO - DAG(s) 'example_xcom' retrieved from /home/airflow/.local/lib/python3.12/site-packages/airflow/example_dags/example_xcom.py
[2024-09-22T11:35:00.787+0000] {logging_mixin.py:190} INFO - [2024-09-22T11:35:00.787+0000] {dag.py:3239} INFO - Sync 1 DAGs
[2024-09-22T11:35:00.816+0000] {logging_mixin.py:190} INFO - [2024-09-22T11:35:00.816+0000] {dag.py:4180} INFO - Setting next_dagrun for example_xcom to 2021-01-01 00:00:00+00:00, run_after=2021-01-01 00:00:00+00:00
[2024-09-22T11:35:00.847+0000] {processor.py:208} INFO - Processing /home/airflow/.local/lib/python3.12/site-packages/airflow/example_dags/example_xcom.py took 0.107 seconds
[2024-09-22T11:35:31.027+0000] {processor.py:186} INFO - Started process (PID=298) to work on /home/airflow/.local/lib/python3.12/site-packages/airflow/example_dags/example_xcom.py
[2024-09-22T11:35:31.029+0000] {processor.py:914} INFO - Processing file /home/airflow/.local/lib/python3.12/site-packages/airflow/example_dags/example_xcom.py for tasks to queue
[2024-09-22T11:35:31.030+0000] {logging_mixin.py:190} INFO - [2024-09-22T11:35:31.030+0000] {dagbag.py:588} INFO - Filling up the DagBag from /home/airflow/.local/lib/python3.12/site-packages/airflow/example_dags/example_xcom.py
[2024-09-22T11:35:31.041+0000] {processor.py:925} INFO - DAG(s) 'example_xcom' retrieved from /home/airflow/.local/lib/python3.12/site-packages/airflow/example_dags/example_xcom.py
[2024-09-22T11:35:31.065+0000] {logging_mixin.py:190} INFO - [2024-09-22T11:35:31.065+0000] {dag.py:3239} INFO - Sync 1 DAGs
[2024-09-22T11:35:31.094+0000] {logging_mixin.py:190} INFO - [2024-09-22T11:35:31.094+0000] {dag.py:4180} INFO - Setting next_dagrun for example_xcom to 2021-01-01 00:00:00+00:00, run_after=2021-01-01 00:00:00+00:00
[2024-09-22T11:35:31.120+0000] {processor.py:208} INFO - Processing /home/airflow/.local/lib/python3.12/site-packages/airflow/example_dags/example_xcom.py took 0.100 seconds
