[2024-09-22T11:28:39.401+0000] {processor.py:186} INFO - Started process (PID=93) to work on /home/airflow/.local/lib/python3.12/site-packages/airflow/example_dags/example_datasets.py
[2024-09-22T11:28:39.402+0000] {processor.py:914} INFO - Processing file /home/airflow/.local/lib/python3.12/site-packages/airflow/example_dags/example_datasets.py for tasks to queue
[2024-09-22T11:28:39.407+0000] {logging_mixin.py:190} INFO - [2024-09-22T11:28:39.405+0000] {dagbag.py:588} INFO - Filling up the DagBag from /home/airflow/.local/lib/python3.12/site-packages/airflow/example_dags/example_datasets.py
[2024-09-22T11:28:39.687+0000] {processor.py:925} INFO - DAG(s) 'consume_1_or_2_with_dataset_expressions', 'conditional_dataset_and_time_based_timetable', 'dataset_produces_1', 'dataset_consumes_unknown_never_scheduled', 'dataset_produces_2', 'consume_1_and_2_with_dataset_expressions', 'consume_1_or_both_2_and_3_with_dataset_expressions', 'dataset_consumes_1_never_scheduled', 'dataset_consumes_1_and_2', 'dataset_consumes_1' retrieved from /home/airflow/.local/lib/python3.12/site-packages/airflow/example_dags/example_datasets.py
[2024-09-22T11:28:40.176+0000] {logging_mixin.py:190} INFO - [2024-09-22T11:28:40.175+0000] {override.py:1900} INFO - Created Permission View: can read on DAG:consume_1_or_2_with_dataset_expressions
[2024-09-22T11:28:40.193+0000] {logging_mixin.py:190} INFO - [2024-09-22T11:28:40.193+0000] {override.py:1900} INFO - Created Permission View: can delete on DAG:consume_1_or_2_with_dataset_expressions
[2024-09-22T11:28:40.211+0000] {logging_mixin.py:190} INFO - [2024-09-22T11:28:40.210+0000] {override.py:1900} INFO - Created Permission View: can edit on DAG:consume_1_or_2_with_dataset_expressions
[2024-09-22T11:28:40.240+0000] {logging_mixin.py:190} INFO - [2024-09-22T11:28:40.239+0000] {override.py:1900} INFO - Created Permission View: menu access on DAG Run:consume_1_or_2_with_dataset_expressions
[2024-09-22T11:28:40.305+0000] {logging_mixin.py:190} INFO - [2024-09-22T11:28:40.305+0000] {override.py:1900} INFO - Created Permission View: can read on DAG Run:consume_1_or_2_with_dataset_expressions
[2024-09-22T11:28:40.332+0000] {logging_mixin.py:190} INFO - [2024-09-22T11:28:40.332+0000] {override.py:1900} INFO - Created Permission View: can delete on DAG Run:consume_1_or_2_with_dataset_expressions
[2024-09-22T11:28:40.352+0000] {logging_mixin.py:190} INFO - [2024-09-22T11:28:40.352+0000] {override.py:1900} INFO - Created Permission View: can create on DAG Run:consume_1_or_2_with_dataset_expressions
[2024-09-22T11:28:40.384+0000] {logging_mixin.py:190} INFO - [2024-09-22T11:28:40.383+0000] {override.py:1900} INFO - Created Permission View: can read on DAG:conditional_dataset_and_time_based_timetable
[2024-09-22T11:28:40.397+0000] {logging_mixin.py:190} INFO - [2024-09-22T11:28:40.397+0000] {override.py:1900} INFO - Created Permission View: can delete on DAG:conditional_dataset_and_time_based_timetable
[2024-09-22T11:28:40.412+0000] {logging_mixin.py:190} INFO - [2024-09-22T11:28:40.412+0000] {override.py:1900} INFO - Created Permission View: can edit on DAG:conditional_dataset_and_time_based_timetable
[2024-09-22T11:28:40.440+0000] {logging_mixin.py:190} INFO - [2024-09-22T11:28:40.439+0000] {override.py:1900} INFO - Created Permission View: menu access on DAG Run:conditional_dataset_and_time_based_timetable
[2024-09-22T11:28:40.453+0000] {logging_mixin.py:190} INFO - [2024-09-22T11:28:40.453+0000] {override.py:1900} INFO - Created Permission View: can read on DAG Run:conditional_dataset_and_time_based_timetable
[2024-09-22T11:28:40.489+0000] {logging_mixin.py:190} INFO - [2024-09-22T11:28:40.489+0000] {override.py:1900} INFO - Created Permission View: can delete on DAG Run:conditional_dataset_and_time_based_timetable
[2024-09-22T11:28:40.517+0000] {logging_mixin.py:190} INFO - [2024-09-22T11:28:40.516+0000] {override.py:1900} INFO - Created Permission View: can create on DAG Run:conditional_dataset_and_time_based_timetable
[2024-09-22T11:28:40.562+0000] {logging_mixin.py:190} INFO - [2024-09-22T11:28:40.561+0000] {override.py:1900} INFO - Created Permission View: can read on DAG:dataset_produces_1
[2024-09-22T11:28:40.574+0000] {logging_mixin.py:190} INFO - [2024-09-22T11:28:40.574+0000] {override.py:1900} INFO - Created Permission View: can delete on DAG:dataset_produces_1
[2024-09-22T11:28:40.585+0000] {logging_mixin.py:190} INFO - [2024-09-22T11:28:40.584+0000] {override.py:1900} INFO - Created Permission View: can edit on DAG:dataset_produces_1
[2024-09-22T11:28:40.596+0000] {logging_mixin.py:190} INFO - [2024-09-22T11:28:40.596+0000] {override.py:1900} INFO - Created Permission View: menu access on DAG Run:dataset_produces_1
[2024-09-22T11:28:40.608+0000] {logging_mixin.py:190} INFO - [2024-09-22T11:28:40.608+0000] {override.py:1900} INFO - Created Permission View: can read on DAG Run:dataset_produces_1
[2024-09-22T11:28:40.619+0000] {logging_mixin.py:190} INFO - [2024-09-22T11:28:40.619+0000] {override.py:1900} INFO - Created Permission View: can delete on DAG Run:dataset_produces_1
[2024-09-22T11:28:40.630+0000] {logging_mixin.py:190} INFO - [2024-09-22T11:28:40.630+0000] {override.py:1900} INFO - Created Permission View: can create on DAG Run:dataset_produces_1
[2024-09-22T11:28:40.649+0000] {logging_mixin.py:190} INFO - [2024-09-22T11:28:40.648+0000] {override.py:1900} INFO - Created Permission View: can read on DAG:dataset_consumes_unknown_never_scheduled
[2024-09-22T11:28:40.657+0000] {logging_mixin.py:190} INFO - [2024-09-22T11:28:40.657+0000] {override.py:1900} INFO - Created Permission View: can delete on DAG:dataset_consumes_unknown_never_scheduled
[2024-09-22T11:28:40.798+0000] {logging_mixin.py:190} INFO - [2024-09-22T11:28:40.798+0000] {override.py:1900} INFO - Created Permission View: can edit on DAG:dataset_consumes_unknown_never_scheduled
[2024-09-22T11:28:40.818+0000] {logging_mixin.py:190} INFO - [2024-09-22T11:28:40.818+0000] {override.py:1900} INFO - Created Permission View: menu access on DAG Run:dataset_consumes_unknown_never_scheduled
[2024-09-22T11:28:40.834+0000] {logging_mixin.py:190} INFO - [2024-09-22T11:28:40.834+0000] {override.py:1900} INFO - Created Permission View: can read on DAG Run:dataset_consumes_unknown_never_scheduled
[2024-09-22T11:28:40.850+0000] {logging_mixin.py:190} INFO - [2024-09-22T11:28:40.849+0000] {override.py:1900} INFO - Created Permission View: can delete on DAG Run:dataset_consumes_unknown_never_scheduled
[2024-09-22T11:28:40.862+0000] {logging_mixin.py:190} INFO - [2024-09-22T11:28:40.861+0000] {override.py:1900} INFO - Created Permission View: can create on DAG Run:dataset_consumes_unknown_never_scheduled
[2024-09-22T11:28:40.887+0000] {logging_mixin.py:190} INFO - [2024-09-22T11:28:40.887+0000] {override.py:1900} INFO - Created Permission View: can read on DAG:dataset_produces_2
[2024-09-22T11:28:40.913+0000] {logging_mixin.py:190} INFO - [2024-09-22T11:28:40.912+0000] {override.py:1900} INFO - Created Permission View: can delete on DAG:dataset_produces_2
[2024-09-22T11:28:40.925+0000] {logging_mixin.py:190} INFO - [2024-09-22T11:28:40.925+0000] {override.py:1900} INFO - Created Permission View: can edit on DAG:dataset_produces_2
[2024-09-22T11:28:40.983+0000] {logging_mixin.py:190} INFO - [2024-09-22T11:28:40.983+0000] {override.py:1900} INFO - Created Permission View: menu access on DAG Run:dataset_produces_2
[2024-09-22T11:28:41.003+0000] {logging_mixin.py:190} INFO - [2024-09-22T11:28:41.002+0000] {override.py:1900} INFO - Created Permission View: can read on DAG Run:dataset_produces_2
[2024-09-22T11:28:41.017+0000] {logging_mixin.py:190} INFO - [2024-09-22T11:28:41.016+0000] {override.py:1900} INFO - Created Permission View: can delete on DAG Run:dataset_produces_2
[2024-09-22T11:28:41.030+0000] {logging_mixin.py:190} INFO - [2024-09-22T11:28:41.029+0000] {override.py:1900} INFO - Created Permission View: can create on DAG Run:dataset_produces_2
[2024-09-22T11:28:41.056+0000] {logging_mixin.py:190} INFO - [2024-09-22T11:28:41.055+0000] {override.py:1900} INFO - Created Permission View: can read on DAG:consume_1_and_2_with_dataset_expressions
[2024-09-22T11:28:41.069+0000] {logging_mixin.py:190} INFO - [2024-09-22T11:28:41.068+0000] {override.py:1900} INFO - Created Permission View: can delete on DAG:consume_1_and_2_with_dataset_expressions
[2024-09-22T11:28:41.083+0000] {logging_mixin.py:190} INFO - [2024-09-22T11:28:41.082+0000] {override.py:1900} INFO - Created Permission View: can edit on DAG:consume_1_and_2_with_dataset_expressions
[2024-09-22T11:28:41.101+0000] {logging_mixin.py:190} INFO - [2024-09-22T11:28:41.101+0000] {override.py:1900} INFO - Created Permission View: menu access on DAG Run:consume_1_and_2_with_dataset_expressions
[2024-09-22T11:28:41.119+0000] {logging_mixin.py:190} INFO - [2024-09-22T11:28:41.118+0000] {override.py:1900} INFO - Created Permission View: can read on DAG Run:consume_1_and_2_with_dataset_expressions
[2024-09-22T11:28:41.136+0000] {logging_mixin.py:190} INFO - [2024-09-22T11:28:41.135+0000] {override.py:1900} INFO - Created Permission View: can delete on DAG Run:consume_1_and_2_with_dataset_expressions
[2024-09-22T11:28:41.150+0000] {logging_mixin.py:190} INFO - [2024-09-22T11:28:41.149+0000] {override.py:1900} INFO - Created Permission View: can create on DAG Run:consume_1_and_2_with_dataset_expressions
[2024-09-22T11:28:41.535+0000] {logging_mixin.py:190} INFO - [2024-09-22T11:28:41.535+0000] {override.py:1900} INFO - Created Permission View: can read on DAG:consume_1_or_both_2_and_3_with_dataset_expressions
[2024-09-22T11:28:41.548+0000] {logging_mixin.py:190} INFO - [2024-09-22T11:28:41.547+0000] {override.py:1900} INFO - Created Permission View: can delete on DAG:consume_1_or_both_2_and_3_with_dataset_expressions
[2024-09-22T11:28:41.566+0000] {logging_mixin.py:190} INFO - [2024-09-22T11:28:41.566+0000] {override.py:1900} INFO - Created Permission View: can edit on DAG:consume_1_or_both_2_and_3_with_dataset_expressions
[2024-09-22T11:28:41.580+0000] {logging_mixin.py:190} INFO - [2024-09-22T11:28:41.579+0000] {override.py:1900} INFO - Created Permission View: menu access on DAG Run:consume_1_or_both_2_and_3_with_dataset_expressions
[2024-09-22T11:28:41.593+0000] {logging_mixin.py:190} INFO - [2024-09-22T11:28:41.592+0000] {override.py:1900} INFO - Created Permission View: can read on DAG Run:consume_1_or_both_2_and_3_with_dataset_expressions
[2024-09-22T11:28:41.606+0000] {logging_mixin.py:190} INFO - [2024-09-22T11:28:41.606+0000] {override.py:1900} INFO - Created Permission View: can delete on DAG Run:consume_1_or_both_2_and_3_with_dataset_expressions
[2024-09-22T11:28:41.887+0000] {logging_mixin.py:190} INFO - [2024-09-22T11:28:41.887+0000] {override.py:1900} INFO - Created Permission View: can create on DAG Run:consume_1_or_both_2_and_3_with_dataset_expressions
[2024-09-22T11:28:41.993+0000] {logging_mixin.py:190} INFO - [2024-09-22T11:28:41.993+0000] {override.py:1900} INFO - Created Permission View: can read on DAG:dataset_consumes_1_never_scheduled
[2024-09-22T11:28:42.018+0000] {logging_mixin.py:190} INFO - [2024-09-22T11:28:42.018+0000] {override.py:1900} INFO - Created Permission View: can delete on DAG:dataset_consumes_1_never_scheduled
[2024-09-22T11:28:42.032+0000] {logging_mixin.py:190} INFO - [2024-09-22T11:28:42.032+0000] {override.py:1900} INFO - Created Permission View: can edit on DAG:dataset_consumes_1_never_scheduled
[2024-09-22T11:28:42.043+0000] {logging_mixin.py:190} INFO - [2024-09-22T11:28:42.043+0000] {override.py:1900} INFO - Created Permission View: menu access on DAG Run:dataset_consumes_1_never_scheduled
[2024-09-22T11:28:42.054+0000] {logging_mixin.py:190} INFO - [2024-09-22T11:28:42.054+0000] {override.py:1900} INFO - Created Permission View: can read on DAG Run:dataset_consumes_1_never_scheduled
[2024-09-22T11:28:42.068+0000] {logging_mixin.py:190} INFO - [2024-09-22T11:28:42.067+0000] {override.py:1900} INFO - Created Permission View: can delete on DAG Run:dataset_consumes_1_never_scheduled
[2024-09-22T11:28:42.078+0000] {logging_mixin.py:190} INFO - [2024-09-22T11:28:42.077+0000] {override.py:1900} INFO - Created Permission View: can create on DAG Run:dataset_consumes_1_never_scheduled
[2024-09-22T11:28:42.101+0000] {logging_mixin.py:190} INFO - [2024-09-22T11:28:42.101+0000] {override.py:1900} INFO - Created Permission View: can read on DAG:dataset_consumes_1_and_2
[2024-09-22T11:28:42.116+0000] {logging_mixin.py:190} INFO - [2024-09-22T11:28:42.116+0000] {override.py:1900} INFO - Created Permission View: can delete on DAG:dataset_consumes_1_and_2
[2024-09-22T11:28:42.134+0000] {logging_mixin.py:190} INFO - [2024-09-22T11:28:42.134+0000] {override.py:1900} INFO - Created Permission View: can edit on DAG:dataset_consumes_1_and_2
[2024-09-22T11:28:42.185+0000] {logging_mixin.py:190} INFO - [2024-09-22T11:28:42.184+0000] {override.py:1900} INFO - Created Permission View: menu access on DAG Run:dataset_consumes_1_and_2
[2024-09-22T11:28:42.221+0000] {logging_mixin.py:190} INFO - [2024-09-22T11:28:42.220+0000] {override.py:1900} INFO - Created Permission View: can read on DAG Run:dataset_consumes_1_and_2
[2024-09-22T11:28:42.439+0000] {logging_mixin.py:190} INFO - [2024-09-22T11:28:42.439+0000] {override.py:1900} INFO - Created Permission View: can delete on DAG Run:dataset_consumes_1_and_2
[2024-09-22T11:28:42.753+0000] {logging_mixin.py:190} INFO - [2024-09-22T11:28:42.753+0000] {override.py:1900} INFO - Created Permission View: can create on DAG Run:dataset_consumes_1_and_2
[2024-09-22T11:28:43.075+0000] {logging_mixin.py:190} INFO - [2024-09-22T11:28:43.075+0000] {override.py:1900} INFO - Created Permission View: can read on DAG:dataset_consumes_1
[2024-09-22T11:28:43.092+0000] {logging_mixin.py:190} INFO - [2024-09-22T11:28:43.092+0000] {override.py:1900} INFO - Created Permission View: can delete on DAG:dataset_consumes_1
[2024-09-22T11:28:43.105+0000] {logging_mixin.py:190} INFO - [2024-09-22T11:28:43.105+0000] {override.py:1900} INFO - Created Permission View: can edit on DAG:dataset_consumes_1
[2024-09-22T11:28:43.118+0000] {logging_mixin.py:190} INFO - [2024-09-22T11:28:43.118+0000] {override.py:1900} INFO - Created Permission View: menu access on DAG Run:dataset_consumes_1
[2024-09-22T11:28:43.135+0000] {logging_mixin.py:190} INFO - [2024-09-22T11:28:43.135+0000] {override.py:1900} INFO - Created Permission View: can read on DAG Run:dataset_consumes_1
[2024-09-22T11:28:43.149+0000] {logging_mixin.py:190} INFO - [2024-09-22T11:28:43.148+0000] {override.py:1900} INFO - Created Permission View: can delete on DAG Run:dataset_consumes_1
[2024-09-22T11:28:43.164+0000] {logging_mixin.py:190} INFO - [2024-09-22T11:28:43.163+0000] {override.py:1900} INFO - Created Permission View: can create on DAG Run:dataset_consumes_1
[2024-09-22T11:28:43.165+0000] {logging_mixin.py:190} INFO - [2024-09-22T11:28:43.165+0000] {dag.py:3239} INFO - Sync 10 DAGs
[2024-09-22T11:28:43.192+0000] {logging_mixin.py:190} INFO - [2024-09-22T11:28:43.191+0000] {dag.py:3262} INFO - Creating ORM DAG for dataset_consumes_unknown_never_scheduled
[2024-09-22T11:28:43.193+0000] {logging_mixin.py:190} INFO - [2024-09-22T11:28:43.193+0000] {dag.py:3262} INFO - Creating ORM DAG for consume_1_or_both_2_and_3_with_dataset_expressions
[2024-09-22T11:28:43.194+0000] {logging_mixin.py:190} INFO - [2024-09-22T11:28:43.194+0000] {dag.py:3262} INFO - Creating ORM DAG for dataset_produces_2
[2024-09-22T11:28:43.195+0000] {logging_mixin.py:190} INFO - [2024-09-22T11:28:43.195+0000] {dag.py:3262} INFO - Creating ORM DAG for consume_1_and_2_with_dataset_expressions
[2024-09-22T11:28:43.196+0000] {logging_mixin.py:190} INFO - [2024-09-22T11:28:43.196+0000] {dag.py:3262} INFO - Creating ORM DAG for dataset_consumes_1_never_scheduled
[2024-09-22T11:28:43.198+0000] {logging_mixin.py:190} INFO - [2024-09-22T11:28:43.197+0000] {dag.py:3262} INFO - Creating ORM DAG for conditional_dataset_and_time_based_timetable
[2024-09-22T11:28:43.199+0000] {logging_mixin.py:190} INFO - [2024-09-22T11:28:43.199+0000] {dag.py:3262} INFO - Creating ORM DAG for dataset_produces_1
[2024-09-22T11:28:43.200+0000] {logging_mixin.py:190} INFO - [2024-09-22T11:28:43.200+0000] {dag.py:3262} INFO - Creating ORM DAG for dataset_consumes_1
[2024-09-22T11:28:43.201+0000] {logging_mixin.py:190} INFO - [2024-09-22T11:28:43.201+0000] {dag.py:3262} INFO - Creating ORM DAG for consume_1_or_2_with_dataset_expressions
[2024-09-22T11:28:43.203+0000] {logging_mixin.py:190} INFO - [2024-09-22T11:28:43.202+0000] {dag.py:3262} INFO - Creating ORM DAG for dataset_consumes_1_and_2
[2024-09-22T11:28:43.222+0000] {logging_mixin.py:190} INFO - [2024-09-22T11:28:43.221+0000] {dag.py:4180} INFO - Setting next_dagrun for conditional_dataset_and_time_based_timetable to 2024-09-18 01:00:00+00:00, run_after=2024-09-18 01:00:00+00:00
[2024-09-22T11:28:43.225+0000] {logging_mixin.py:190} INFO - [2024-09-22T11:28:43.224+0000] {dag.py:4180} INFO - Setting next_dagrun for consume_1_and_2_with_dataset_expressions to None, run_after=None
[2024-09-22T11:28:43.229+0000] {logging_mixin.py:190} INFO - [2024-09-22T11:28:43.229+0000] {dag.py:4180} INFO - Setting next_dagrun for consume_1_or_2_with_dataset_expressions to None, run_after=None
[2024-09-22T11:28:43.230+0000] {logging_mixin.py:190} INFO - [2024-09-22T11:28:43.230+0000] {dag.py:4180} INFO - Setting next_dagrun for consume_1_or_both_2_and_3_with_dataset_expressions to None, run_after=None
[2024-09-22T11:28:43.231+0000] {logging_mixin.py:190} INFO - [2024-09-22T11:28:43.231+0000] {dag.py:4180} INFO - Setting next_dagrun for dataset_consumes_1 to None, run_after=None
[2024-09-22T11:28:43.233+0000] {logging_mixin.py:190} INFO - [2024-09-22T11:28:43.233+0000] {dag.py:4180} INFO - Setting next_dagrun for dataset_consumes_1_and_2 to None, run_after=None
[2024-09-22T11:28:43.235+0000] {logging_mixin.py:190} INFO - [2024-09-22T11:28:43.234+0000] {dag.py:4180} INFO - Setting next_dagrun for dataset_consumes_1_never_scheduled to None, run_after=None
[2024-09-22T11:28:43.237+0000] {logging_mixin.py:190} INFO - [2024-09-22T11:28:43.236+0000] {dag.py:4180} INFO - Setting next_dagrun for dataset_consumes_unknown_never_scheduled to None, run_after=None
[2024-09-22T11:28:43.241+0000] {logging_mixin.py:190} INFO - [2024-09-22T11:28:43.240+0000] {dag.py:4180} INFO - Setting next_dagrun for dataset_produces_1 to 2024-09-21 00:00:00+00:00, run_after=2024-09-22 00:00:00+00:00
[2024-09-22T11:28:43.242+0000] {logging_mixin.py:190} INFO - [2024-09-22T11:28:43.241+0000] {dag.py:4180} INFO - Setting next_dagrun for dataset_produces_2 to None, run_after=None
[2024-09-22T11:28:43.327+0000] {processor.py:208} INFO - Processing /home/airflow/.local/lib/python3.12/site-packages/airflow/example_dags/example_datasets.py took 3.940 seconds
[2024-09-22T11:29:13.515+0000] {processor.py:186} INFO - Started process (PID=159) to work on /home/airflow/.local/lib/python3.12/site-packages/airflow/example_dags/example_datasets.py
[2024-09-22T11:29:13.517+0000] {processor.py:914} INFO - Processing file /home/airflow/.local/lib/python3.12/site-packages/airflow/example_dags/example_datasets.py for tasks to queue
[2024-09-22T11:29:13.521+0000] {logging_mixin.py:190} INFO - [2024-09-22T11:29:13.520+0000] {dagbag.py:588} INFO - Filling up the DagBag from /home/airflow/.local/lib/python3.12/site-packages/airflow/example_dags/example_datasets.py
[2024-09-22T11:29:13.856+0000] {processor.py:925} INFO - DAG(s) 'conditional_dataset_and_time_based_timetable', 'consume_1_or_both_2_and_3_with_dataset_expressions', 'dataset_produces_1', 'consume_1_or_2_with_dataset_expressions', 'dataset_consumes_1_and_2', 'dataset_consumes_1', 'dataset_consumes_1_never_scheduled', 'consume_1_and_2_with_dataset_expressions', 'dataset_consumes_unknown_never_scheduled', 'dataset_produces_2' retrieved from /home/airflow/.local/lib/python3.12/site-packages/airflow/example_dags/example_datasets.py
[2024-09-22T11:29:13.909+0000] {logging_mixin.py:190} INFO - [2024-09-22T11:29:13.909+0000] {dag.py:3239} INFO - Sync 10 DAGs
[2024-09-22T11:29:13.934+0000] {logging_mixin.py:190} INFO - [2024-09-22T11:29:13.934+0000] {dag.py:4180} INFO - Setting next_dagrun for conditional_dataset_and_time_based_timetable to 2024-09-18 01:00:00+00:00, run_after=2024-09-18 01:00:00+00:00
[2024-09-22T11:29:13.938+0000] {logging_mixin.py:190} INFO - [2024-09-22T11:29:13.938+0000] {dag.py:4180} INFO - Setting next_dagrun for consume_1_and_2_with_dataset_expressions to None, run_after=None
[2024-09-22T11:29:13.941+0000] {logging_mixin.py:190} INFO - [2024-09-22T11:29:13.940+0000] {dag.py:4180} INFO - Setting next_dagrun for consume_1_or_2_with_dataset_expressions to None, run_after=None
[2024-09-22T11:29:13.942+0000] {logging_mixin.py:190} INFO - [2024-09-22T11:29:13.942+0000] {dag.py:4180} INFO - Setting next_dagrun for consume_1_or_both_2_and_3_with_dataset_expressions to None, run_after=None
[2024-09-22T11:29:13.944+0000] {logging_mixin.py:190} INFO - [2024-09-22T11:29:13.944+0000] {dag.py:4180} INFO - Setting next_dagrun for dataset_consumes_1 to None, run_after=None
[2024-09-22T11:29:13.946+0000] {logging_mixin.py:190} INFO - [2024-09-22T11:29:13.946+0000] {dag.py:4180} INFO - Setting next_dagrun for dataset_consumes_1_and_2 to None, run_after=None
[2024-09-22T11:29:13.948+0000] {logging_mixin.py:190} INFO - [2024-09-22T11:29:13.948+0000] {dag.py:4180} INFO - Setting next_dagrun for dataset_consumes_1_never_scheduled to None, run_after=None
[2024-09-22T11:29:13.950+0000] {logging_mixin.py:190} INFO - [2024-09-22T11:29:13.950+0000] {dag.py:4180} INFO - Setting next_dagrun for dataset_consumes_unknown_never_scheduled to None, run_after=None
[2024-09-22T11:29:13.953+0000] {logging_mixin.py:190} INFO - [2024-09-22T11:29:13.953+0000] {dag.py:4180} INFO - Setting next_dagrun for dataset_produces_1 to 2024-09-21 00:00:00+00:00, run_after=2024-09-22 00:00:00+00:00
[2024-09-22T11:29:13.955+0000] {logging_mixin.py:190} INFO - [2024-09-22T11:29:13.955+0000] {dag.py:4180} INFO - Setting next_dagrun for dataset_produces_2 to None, run_after=None
[2024-09-22T11:29:14.236+0000] {processor.py:208} INFO - Processing /home/airflow/.local/lib/python3.12/site-packages/airflow/example_dags/example_datasets.py took 0.729 seconds
[2024-09-22T11:29:51.560+0000] {processor.py:186} INFO - Started process (PID=217) to work on /home/airflow/.local/lib/python3.12/site-packages/airflow/example_dags/example_datasets.py
[2024-09-22T11:29:51.562+0000] {processor.py:914} INFO - Processing file /home/airflow/.local/lib/python3.12/site-packages/airflow/example_dags/example_datasets.py for tasks to queue
[2024-09-22T11:29:51.565+0000] {logging_mixin.py:190} INFO - [2024-09-22T11:29:51.565+0000] {dagbag.py:588} INFO - Filling up the DagBag from /home/airflow/.local/lib/python3.12/site-packages/airflow/example_dags/example_datasets.py
[2024-09-22T11:29:52.367+0000] {processor.py:925} INFO - DAG(s) 'dataset_consumes_1', 'consume_1_or_both_2_and_3_with_dataset_expressions', 'consume_1_and_2_with_dataset_expressions', 'consume_1_or_2_with_dataset_expressions', 'conditional_dataset_and_time_based_timetable', 'dataset_consumes_1_and_2', 'dataset_consumes_unknown_never_scheduled', 'dataset_produces_1', 'dataset_consumes_1_never_scheduled', 'dataset_produces_2' retrieved from /home/airflow/.local/lib/python3.12/site-packages/airflow/example_dags/example_datasets.py
[2024-09-22T11:29:52.491+0000] {logging_mixin.py:190} INFO - [2024-09-22T11:29:52.491+0000] {dag.py:3239} INFO - Sync 10 DAGs
[2024-09-22T11:29:52.586+0000] {logging_mixin.py:190} INFO - [2024-09-22T11:29:52.586+0000] {dag.py:4180} INFO - Setting next_dagrun for conditional_dataset_and_time_based_timetable to 2024-09-18 01:00:00+00:00, run_after=2024-09-18 01:00:00+00:00
[2024-09-22T11:29:52.600+0000] {logging_mixin.py:190} INFO - [2024-09-22T11:29:52.595+0000] {dag.py:4180} INFO - Setting next_dagrun for consume_1_and_2_with_dataset_expressions to None, run_after=None
[2024-09-22T11:29:52.608+0000] {logging_mixin.py:190} INFO - [2024-09-22T11:29:52.607+0000] {dag.py:4180} INFO - Setting next_dagrun for consume_1_or_2_with_dataset_expressions to None, run_after=None
[2024-09-22T11:29:52.613+0000] {logging_mixin.py:190} INFO - [2024-09-22T11:29:52.612+0000] {dag.py:4180} INFO - Setting next_dagrun for consume_1_or_both_2_and_3_with_dataset_expressions to None, run_after=None
[2024-09-22T11:29:52.624+0000] {logging_mixin.py:190} INFO - [2024-09-22T11:29:52.616+0000] {dag.py:4180} INFO - Setting next_dagrun for dataset_consumes_1 to None, run_after=None
[2024-09-22T11:29:52.628+0000] {logging_mixin.py:190} INFO - [2024-09-22T11:29:52.628+0000] {dag.py:4180} INFO - Setting next_dagrun for dataset_consumes_1_and_2 to None, run_after=None
[2024-09-22T11:29:52.631+0000] {logging_mixin.py:190} INFO - [2024-09-22T11:29:52.631+0000] {dag.py:4180} INFO - Setting next_dagrun for dataset_consumes_1_never_scheduled to None, run_after=None
[2024-09-22T11:29:52.637+0000] {logging_mixin.py:190} INFO - [2024-09-22T11:29:52.634+0000] {dag.py:4180} INFO - Setting next_dagrun for dataset_consumes_unknown_never_scheduled to None, run_after=None
[2024-09-22T11:29:52.649+0000] {logging_mixin.py:190} INFO - [2024-09-22T11:29:52.649+0000] {dag.py:4180} INFO - Setting next_dagrun for dataset_produces_1 to 2024-09-21 00:00:00+00:00, run_after=2024-09-22 00:00:00+00:00
[2024-09-22T11:29:52.653+0000] {logging_mixin.py:190} INFO - [2024-09-22T11:29:52.653+0000] {dag.py:4180} INFO - Setting next_dagrun for dataset_produces_2 to None, run_after=None
[2024-09-22T11:29:52.772+0000] {processor.py:208} INFO - Processing /home/airflow/.local/lib/python3.12/site-packages/airflow/example_dags/example_datasets.py took 1.231 seconds
[2024-09-22T11:32:51.247+0000] {processor.py:186} INFO - Started process (PID=78) to work on /home/airflow/.local/lib/python3.12/site-packages/airflow/example_dags/example_datasets.py
[2024-09-22T11:32:51.248+0000] {processor.py:914} INFO - Processing file /home/airflow/.local/lib/python3.12/site-packages/airflow/example_dags/example_datasets.py for tasks to queue
[2024-09-22T11:32:51.251+0000] {logging_mixin.py:190} INFO - [2024-09-22T11:32:51.250+0000] {dagbag.py:588} INFO - Filling up the DagBag from /home/airflow/.local/lib/python3.12/site-packages/airflow/example_dags/example_datasets.py
[2024-09-22T11:32:51.608+0000] {processor.py:925} INFO - DAG(s) 'consume_1_and_2_with_dataset_expressions', 'dataset_consumes_unknown_never_scheduled', 'dataset_consumes_1_never_scheduled', 'dataset_produces_2', 'dataset_consumes_1_and_2', 'dataset_consumes_1', 'consume_1_or_both_2_and_3_with_dataset_expressions', 'dataset_produces_1', 'conditional_dataset_and_time_based_timetable', 'consume_1_or_2_with_dataset_expressions' retrieved from /home/airflow/.local/lib/python3.12/site-packages/airflow/example_dags/example_datasets.py
[2024-09-22T11:32:51.681+0000] {logging_mixin.py:190} INFO - [2024-09-22T11:32:51.681+0000] {dag.py:3239} INFO - Sync 10 DAGs
[2024-09-22T11:32:51.726+0000] {logging_mixin.py:190} INFO - [2024-09-22T11:32:51.725+0000] {dag.py:4180} INFO - Setting next_dagrun for conditional_dataset_and_time_based_timetable to 2024-09-18 01:00:00+00:00, run_after=2024-09-18 01:00:00+00:00
[2024-09-22T11:32:51.737+0000] {logging_mixin.py:190} INFO - [2024-09-22T11:32:51.737+0000] {dag.py:4180} INFO - Setting next_dagrun for consume_1_and_2_with_dataset_expressions to None, run_after=None
[2024-09-22T11:32:51.740+0000] {logging_mixin.py:190} INFO - [2024-09-22T11:32:51.739+0000] {dag.py:4180} INFO - Setting next_dagrun for consume_1_or_2_with_dataset_expressions to None, run_after=None
[2024-09-22T11:32:51.742+0000] {logging_mixin.py:190} INFO - [2024-09-22T11:32:51.741+0000] {dag.py:4180} INFO - Setting next_dagrun for consume_1_or_both_2_and_3_with_dataset_expressions to None, run_after=None
[2024-09-22T11:32:51.744+0000] {logging_mixin.py:190} INFO - [2024-09-22T11:32:51.744+0000] {dag.py:4180} INFO - Setting next_dagrun for dataset_consumes_1 to None, run_after=None
[2024-09-22T11:32:51.748+0000] {logging_mixin.py:190} INFO - [2024-09-22T11:32:51.748+0000] {dag.py:4180} INFO - Setting next_dagrun for dataset_consumes_1_and_2 to None, run_after=None
[2024-09-22T11:32:51.750+0000] {logging_mixin.py:190} INFO - [2024-09-22T11:32:51.750+0000] {dag.py:4180} INFO - Setting next_dagrun for dataset_consumes_1_never_scheduled to None, run_after=None
[2024-09-22T11:32:51.752+0000] {logging_mixin.py:190} INFO - [2024-09-22T11:32:51.752+0000] {dag.py:4180} INFO - Setting next_dagrun for dataset_consumes_unknown_never_scheduled to None, run_after=None
[2024-09-22T11:32:51.756+0000] {logging_mixin.py:190} INFO - [2024-09-22T11:32:51.755+0000] {dag.py:4180} INFO - Setting next_dagrun for dataset_produces_1 to 2024-09-21 00:00:00+00:00, run_after=2024-09-22 00:00:00+00:00
[2024-09-22T11:32:51.758+0000] {logging_mixin.py:190} INFO - [2024-09-22T11:32:51.757+0000] {dag.py:4180} INFO - Setting next_dagrun for dataset_produces_2 to None, run_after=None
[2024-09-22T11:32:51.814+0000] {processor.py:208} INFO - Processing /home/airflow/.local/lib/python3.12/site-packages/airflow/example_dags/example_datasets.py took 0.573 seconds
[2024-09-22T11:33:22.249+0000] {processor.py:186} INFO - Started process (PID=140) to work on /home/airflow/.local/lib/python3.12/site-packages/airflow/example_dags/example_datasets.py
[2024-09-22T11:33:22.251+0000] {processor.py:914} INFO - Processing file /home/airflow/.local/lib/python3.12/site-packages/airflow/example_dags/example_datasets.py for tasks to queue
[2024-09-22T11:33:22.254+0000] {logging_mixin.py:190} INFO - [2024-09-22T11:33:22.254+0000] {dagbag.py:588} INFO - Filling up the DagBag from /home/airflow/.local/lib/python3.12/site-packages/airflow/example_dags/example_datasets.py
[2024-09-22T11:33:22.443+0000] {processor.py:925} INFO - DAG(s) 'consume_1_and_2_with_dataset_expressions', 'consume_1_or_2_with_dataset_expressions', 'dataset_produces_1', 'dataset_consumes_unknown_never_scheduled', 'dataset_consumes_1_never_scheduled', 'dataset_produces_2', 'dataset_consumes_1_and_2', 'consume_1_or_both_2_and_3_with_dataset_expressions', 'dataset_consumes_1', 'conditional_dataset_and_time_based_timetable' retrieved from /home/airflow/.local/lib/python3.12/site-packages/airflow/example_dags/example_datasets.py
[2024-09-22T11:33:22.500+0000] {logging_mixin.py:190} INFO - [2024-09-22T11:33:22.500+0000] {dag.py:3239} INFO - Sync 10 DAGs
[2024-09-22T11:33:22.545+0000] {logging_mixin.py:190} INFO - [2024-09-22T11:33:22.545+0000] {dag.py:4180} INFO - Setting next_dagrun for conditional_dataset_and_time_based_timetable to 2024-09-18 01:00:00+00:00, run_after=2024-09-18 01:00:00+00:00
[2024-09-22T11:33:22.552+0000] {logging_mixin.py:190} INFO - [2024-09-22T11:33:22.552+0000] {dag.py:4180} INFO - Setting next_dagrun for consume_1_and_2_with_dataset_expressions to None, run_after=None
[2024-09-22T11:33:22.554+0000] {logging_mixin.py:190} INFO - [2024-09-22T11:33:22.554+0000] {dag.py:4180} INFO - Setting next_dagrun for consume_1_or_2_with_dataset_expressions to None, run_after=None
[2024-09-22T11:33:22.556+0000] {logging_mixin.py:190} INFO - [2024-09-22T11:33:22.556+0000] {dag.py:4180} INFO - Setting next_dagrun for consume_1_or_both_2_and_3_with_dataset_expressions to None, run_after=None
[2024-09-22T11:33:22.558+0000] {logging_mixin.py:190} INFO - [2024-09-22T11:33:22.558+0000] {dag.py:4180} INFO - Setting next_dagrun for dataset_consumes_1 to None, run_after=None
[2024-09-22T11:33:22.560+0000] {logging_mixin.py:190} INFO - [2024-09-22T11:33:22.560+0000] {dag.py:4180} INFO - Setting next_dagrun for dataset_consumes_1_and_2 to None, run_after=None
[2024-09-22T11:33:22.561+0000] {logging_mixin.py:190} INFO - [2024-09-22T11:33:22.561+0000] {dag.py:4180} INFO - Setting next_dagrun for dataset_consumes_1_never_scheduled to None, run_after=None
[2024-09-22T11:33:22.563+0000] {logging_mixin.py:190} INFO - [2024-09-22T11:33:22.563+0000] {dag.py:4180} INFO - Setting next_dagrun for dataset_consumes_unknown_never_scheduled to None, run_after=None
[2024-09-22T11:33:22.566+0000] {logging_mixin.py:190} INFO - [2024-09-22T11:33:22.566+0000] {dag.py:4180} INFO - Setting next_dagrun for dataset_produces_1 to 2024-09-21 00:00:00+00:00, run_after=2024-09-22 00:00:00+00:00
[2024-09-22T11:33:22.569+0000] {logging_mixin.py:190} INFO - [2024-09-22T11:33:22.568+0000] {dag.py:4180} INFO - Setting next_dagrun for dataset_produces_2 to None, run_after=None
[2024-09-22T11:33:22.618+0000] {processor.py:208} INFO - Processing /home/airflow/.local/lib/python3.12/site-packages/airflow/example_dags/example_datasets.py took 0.377 seconds
[2024-09-22T11:34:58.063+0000] {processor.py:186} INFO - Started process (PID=211) to work on /home/airflow/.local/lib/python3.12/site-packages/airflow/example_dags/example_datasets.py
[2024-09-22T11:34:58.065+0000] {processor.py:914} INFO - Processing file /home/airflow/.local/lib/python3.12/site-packages/airflow/example_dags/example_datasets.py for tasks to queue
[2024-09-22T11:34:58.066+0000] {logging_mixin.py:190} INFO - [2024-09-22T11:34:58.066+0000] {dagbag.py:588} INFO - Filling up the DagBag from /home/airflow/.local/lib/python3.12/site-packages/airflow/example_dags/example_datasets.py
[2024-09-22T11:34:58.427+0000] {processor.py:925} INFO - DAG(s) 'consume_1_or_both_2_and_3_with_dataset_expressions', 'consume_1_and_2_with_dataset_expressions', 'dataset_produces_1', 'dataset_consumes_unknown_never_scheduled', 'consume_1_or_2_with_dataset_expressions', 'dataset_consumes_1', 'dataset_produces_2', 'dataset_consumes_1_and_2', 'dataset_consumes_1_never_scheduled', 'conditional_dataset_and_time_based_timetable' retrieved from /home/airflow/.local/lib/python3.12/site-packages/airflow/example_dags/example_datasets.py
[2024-09-22T11:34:58.521+0000] {logging_mixin.py:190} INFO - [2024-09-22T11:34:58.521+0000] {dag.py:3239} INFO - Sync 10 DAGs
[2024-09-22T11:34:58.556+0000] {logging_mixin.py:190} INFO - [2024-09-22T11:34:58.556+0000] {dag.py:4180} INFO - Setting next_dagrun for conditional_dataset_and_time_based_timetable to 2024-09-18 01:00:00+00:00, run_after=2024-09-18 01:00:00+00:00
[2024-09-22T11:34:58.572+0000] {logging_mixin.py:190} INFO - [2024-09-22T11:34:58.570+0000] {dag.py:4180} INFO - Setting next_dagrun for consume_1_and_2_with_dataset_expressions to None, run_after=None
[2024-09-22T11:34:58.576+0000] {logging_mixin.py:190} INFO - [2024-09-22T11:34:58.575+0000] {dag.py:4180} INFO - Setting next_dagrun for consume_1_or_2_with_dataset_expressions to None, run_after=None
[2024-09-22T11:34:58.580+0000] {logging_mixin.py:190} INFO - [2024-09-22T11:34:58.579+0000] {dag.py:4180} INFO - Setting next_dagrun for consume_1_or_both_2_and_3_with_dataset_expressions to None, run_after=None
[2024-09-22T11:34:58.583+0000] {logging_mixin.py:190} INFO - [2024-09-22T11:34:58.582+0000] {dag.py:4180} INFO - Setting next_dagrun for dataset_consumes_1 to None, run_after=None
[2024-09-22T11:34:58.585+0000] {logging_mixin.py:190} INFO - [2024-09-22T11:34:58.585+0000] {dag.py:4180} INFO - Setting next_dagrun for dataset_consumes_1_and_2 to None, run_after=None
[2024-09-22T11:34:58.588+0000] {logging_mixin.py:190} INFO - [2024-09-22T11:34:58.588+0000] {dag.py:4180} INFO - Setting next_dagrun for dataset_consumes_1_never_scheduled to None, run_after=None
[2024-09-22T11:34:58.590+0000] {logging_mixin.py:190} INFO - [2024-09-22T11:34:58.590+0000] {dag.py:4180} INFO - Setting next_dagrun for dataset_consumes_unknown_never_scheduled to None, run_after=None
[2024-09-22T11:34:58.594+0000] {logging_mixin.py:190} INFO - [2024-09-22T11:34:58.594+0000] {dag.py:4180} INFO - Setting next_dagrun for dataset_produces_1 to 2024-09-21 00:00:00+00:00, run_after=2024-09-22 00:00:00+00:00
[2024-09-22T11:34:58.596+0000] {logging_mixin.py:190} INFO - [2024-09-22T11:34:58.596+0000] {dag.py:4180} INFO - Setting next_dagrun for dataset_produces_2 to None, run_after=None
[2024-09-22T11:34:58.684+0000] {processor.py:208} INFO - Processing /home/airflow/.local/lib/python3.12/site-packages/airflow/example_dags/example_datasets.py took 0.626 seconds
[2024-09-22T11:35:28.797+0000] {processor.py:186} INFO - Started process (PID=277) to work on /home/airflow/.local/lib/python3.12/site-packages/airflow/example_dags/example_datasets.py
[2024-09-22T11:35:28.798+0000] {processor.py:914} INFO - Processing file /home/airflow/.local/lib/python3.12/site-packages/airflow/example_dags/example_datasets.py for tasks to queue
[2024-09-22T11:35:28.800+0000] {logging_mixin.py:190} INFO - [2024-09-22T11:35:28.799+0000] {dagbag.py:588} INFO - Filling up the DagBag from /home/airflow/.local/lib/python3.12/site-packages/airflow/example_dags/example_datasets.py
[2024-09-22T11:35:28.983+0000] {processor.py:925} INFO - DAG(s) 'consume_1_and_2_with_dataset_expressions', 'dataset_consumes_1_and_2', 'consume_1_or_2_with_dataset_expressions', 'conditional_dataset_and_time_based_timetable', 'dataset_consumes_1_never_scheduled', 'consume_1_or_both_2_and_3_with_dataset_expressions', 'dataset_consumes_1', 'dataset_produces_1', 'dataset_consumes_unknown_never_scheduled', 'dataset_produces_2' retrieved from /home/airflow/.local/lib/python3.12/site-packages/airflow/example_dags/example_datasets.py
[2024-09-22T11:35:29.049+0000] {logging_mixin.py:190} INFO - [2024-09-22T11:35:29.049+0000] {dag.py:3239} INFO - Sync 10 DAGs
[2024-09-22T11:35:29.083+0000] {logging_mixin.py:190} INFO - [2024-09-22T11:35:29.083+0000] {dag.py:4180} INFO - Setting next_dagrun for conditional_dataset_and_time_based_timetable to 2024-09-18 01:00:00+00:00, run_after=2024-09-18 01:00:00+00:00
[2024-09-22T11:35:29.090+0000] {logging_mixin.py:190} INFO - [2024-09-22T11:35:29.089+0000] {dag.py:4180} INFO - Setting next_dagrun for consume_1_and_2_with_dataset_expressions to None, run_after=None
[2024-09-22T11:35:29.092+0000] {logging_mixin.py:190} INFO - [2024-09-22T11:35:29.092+0000] {dag.py:4180} INFO - Setting next_dagrun for consume_1_or_2_with_dataset_expressions to None, run_after=None
[2024-09-22T11:35:29.094+0000] {logging_mixin.py:190} INFO - [2024-09-22T11:35:29.094+0000] {dag.py:4180} INFO - Setting next_dagrun for consume_1_or_both_2_and_3_with_dataset_expressions to None, run_after=None
[2024-09-22T11:35:29.096+0000] {logging_mixin.py:190} INFO - [2024-09-22T11:35:29.096+0000] {dag.py:4180} INFO - Setting next_dagrun for dataset_consumes_1 to None, run_after=None
[2024-09-22T11:35:29.098+0000] {logging_mixin.py:190} INFO - [2024-09-22T11:35:29.098+0000] {dag.py:4180} INFO - Setting next_dagrun for dataset_consumes_1_and_2 to None, run_after=None
[2024-09-22T11:35:29.100+0000] {logging_mixin.py:190} INFO - [2024-09-22T11:35:29.100+0000] {dag.py:4180} INFO - Setting next_dagrun for dataset_consumes_1_never_scheduled to None, run_after=None
[2024-09-22T11:35:29.102+0000] {logging_mixin.py:190} INFO - [2024-09-22T11:35:29.101+0000] {dag.py:4180} INFO - Setting next_dagrun for dataset_consumes_unknown_never_scheduled to None, run_after=None
[2024-09-22T11:35:29.105+0000] {logging_mixin.py:190} INFO - [2024-09-22T11:35:29.105+0000] {dag.py:4180} INFO - Setting next_dagrun for dataset_produces_1 to 2024-09-21 00:00:00+00:00, run_after=2024-09-22 00:00:00+00:00
[2024-09-22T11:35:29.107+0000] {logging_mixin.py:190} INFO - [2024-09-22T11:35:29.107+0000] {dag.py:4180} INFO - Setting next_dagrun for dataset_produces_2 to None, run_after=None
[2024-09-22T11:35:29.150+0000] {processor.py:208} INFO - Processing /home/airflow/.local/lib/python3.12/site-packages/airflow/example_dags/example_datasets.py took 0.358 seconds
