[2024-09-22T11:28:51.256+0000] {processor.py:186} INFO - Started process (PID=114) to work on /home/airflow/.local/lib/python3.12/site-packages/airflow/example_dags/example_bash_operator.py
[2024-09-22T11:28:51.257+0000] {processor.py:914} INFO - Processing file /home/airflow/.local/lib/python3.12/site-packages/airflow/example_dags/example_bash_operator.py for tasks to queue
[2024-09-22T11:28:51.260+0000] {logging_mixin.py:190} INFO - [2024-09-22T11:28:51.260+0000] {dagbag.py:588} INFO - Filling up the DagBag from /home/airflow/.local/lib/python3.12/site-packages/airflow/example_dags/example_bash_operator.py
[2024-09-22T11:28:51.283+0000] {processor.py:925} INFO - DAG(s) 'example_bash_operator' retrieved from /home/airflow/.local/lib/python3.12/site-packages/airflow/example_dags/example_bash_operator.py
[2024-09-22T11:28:51.854+0000] {logging_mixin.py:190} INFO - [2024-09-22T11:28:51.852+0000] {override.py:1900} INFO - Created Permission View: can read on DAG:example_bash_operator
[2024-09-22T11:28:52.089+0000] {logging_mixin.py:190} INFO - [2024-09-22T11:28:52.088+0000] {override.py:1900} INFO - Created Permission View: can delete on DAG:example_bash_operator
[2024-09-22T11:28:52.134+0000] {logging_mixin.py:190} INFO - [2024-09-22T11:28:52.134+0000] {override.py:1900} INFO - Created Permission View: can edit on DAG:example_bash_operator
[2024-09-22T11:28:52.160+0000] {logging_mixin.py:190} INFO - [2024-09-22T11:28:52.160+0000] {override.py:1900} INFO - Created Permission View: menu access on DAG Run:example_bash_operator
[2024-09-22T11:28:52.179+0000] {logging_mixin.py:190} INFO - [2024-09-22T11:28:52.178+0000] {override.py:1900} INFO - Created Permission View: can read on DAG Run:example_bash_operator
[2024-09-22T11:28:52.193+0000] {logging_mixin.py:190} INFO - [2024-09-22T11:28:52.193+0000] {override.py:1900} INFO - Created Permission View: can delete on DAG Run:example_bash_operator
[2024-09-22T11:28:52.206+0000] {logging_mixin.py:190} INFO - [2024-09-22T11:28:52.206+0000] {override.py:1900} INFO - Created Permission View: can create on DAG Run:example_bash_operator
[2024-09-22T11:28:52.207+0000] {logging_mixin.py:190} INFO - [2024-09-22T11:28:52.207+0000] {dag.py:3239} INFO - Sync 1 DAGs
[2024-09-22T11:28:52.230+0000] {logging_mixin.py:190} INFO - [2024-09-22T11:28:52.229+0000] {dag.py:3262} INFO - Creating ORM DAG for example_bash_operator
[2024-09-22T11:28:52.250+0000] {logging_mixin.py:190} INFO - [2024-09-22T11:28:52.249+0000] {dag.py:4180} INFO - Setting next_dagrun for example_bash_operator to 2024-09-21 00:00:00+00:00, run_after=2024-09-22 00:00:00+00:00
[2024-09-22T11:28:52.301+0000] {processor.py:208} INFO - Processing /home/airflow/.local/lib/python3.12/site-packages/airflow/example_dags/example_bash_operator.py took 1.055 seconds
[2024-09-22T11:29:22.674+0000] {processor.py:186} INFO - Started process (PID=176) to work on /home/airflow/.local/lib/python3.12/site-packages/airflow/example_dags/example_bash_operator.py
[2024-09-22T11:29:22.676+0000] {processor.py:914} INFO - Processing file /home/airflow/.local/lib/python3.12/site-packages/airflow/example_dags/example_bash_operator.py for tasks to queue
[2024-09-22T11:29:22.678+0000] {logging_mixin.py:190} INFO - [2024-09-22T11:29:22.677+0000] {dagbag.py:588} INFO - Filling up the DagBag from /home/airflow/.local/lib/python3.12/site-packages/airflow/example_dags/example_bash_operator.py
[2024-09-22T11:29:22.690+0000] {processor.py:925} INFO - DAG(s) 'example_bash_operator' retrieved from /home/airflow/.local/lib/python3.12/site-packages/airflow/example_dags/example_bash_operator.py
[2024-09-22T11:29:22.720+0000] {logging_mixin.py:190} INFO - [2024-09-22T11:29:22.720+0000] {dag.py:3239} INFO - Sync 1 DAGs
[2024-09-22T11:29:22.747+0000] {logging_mixin.py:190} INFO - [2024-09-22T11:29:22.746+0000] {dag.py:4180} INFO - Setting next_dagrun for example_bash_operator to 2024-09-21 00:00:00+00:00, run_after=2024-09-22 00:00:00+00:00
[2024-09-22T11:29:22.769+0000] {processor.py:208} INFO - Processing /home/airflow/.local/lib/python3.12/site-packages/airflow/example_dags/example_bash_operator.py took 0.100 seconds
[2024-09-22T11:29:56.478+0000] {processor.py:186} INFO - Started process (PID=238) to work on /home/airflow/.local/lib/python3.12/site-packages/airflow/example_dags/example_bash_operator.py
[2024-09-22T11:29:56.479+0000] {processor.py:914} INFO - Processing file /home/airflow/.local/lib/python3.12/site-packages/airflow/example_dags/example_bash_operator.py for tasks to queue
[2024-09-22T11:29:56.481+0000] {logging_mixin.py:190} INFO - [2024-09-22T11:29:56.481+0000] {dagbag.py:588} INFO - Filling up the DagBag from /home/airflow/.local/lib/python3.12/site-packages/airflow/example_dags/example_bash_operator.py
[2024-09-22T11:29:56.495+0000] {processor.py:925} INFO - DAG(s) 'example_bash_operator' retrieved from /home/airflow/.local/lib/python3.12/site-packages/airflow/example_dags/example_bash_operator.py
[2024-09-22T11:29:56.522+0000] {logging_mixin.py:190} INFO - [2024-09-22T11:29:56.522+0000] {dag.py:3239} INFO - Sync 1 DAGs
[2024-09-22T11:29:56.552+0000] {logging_mixin.py:190} INFO - [2024-09-22T11:29:56.551+0000] {dag.py:4180} INFO - Setting next_dagrun for example_bash_operator to 2024-09-21 00:00:00+00:00, run_after=2024-09-22 00:00:00+00:00
[2024-09-22T11:29:56.580+0000] {processor.py:208} INFO - Processing /home/airflow/.local/lib/python3.12/site-packages/airflow/example_dags/example_bash_operator.py took 0.109 seconds
[2024-09-22T11:32:54.125+0000] {processor.py:186} INFO - Started process (PID=99) to work on /home/airflow/.local/lib/python3.12/site-packages/airflow/example_dags/example_bash_operator.py
[2024-09-22T11:32:54.126+0000] {processor.py:914} INFO - Processing file /home/airflow/.local/lib/python3.12/site-packages/airflow/example_dags/example_bash_operator.py for tasks to queue
[2024-09-22T11:32:54.128+0000] {logging_mixin.py:190} INFO - [2024-09-22T11:32:54.128+0000] {dagbag.py:588} INFO - Filling up the DagBag from /home/airflow/.local/lib/python3.12/site-packages/airflow/example_dags/example_bash_operator.py
[2024-09-22T11:32:54.141+0000] {processor.py:925} INFO - DAG(s) 'example_bash_operator' retrieved from /home/airflow/.local/lib/python3.12/site-packages/airflow/example_dags/example_bash_operator.py
[2024-09-22T11:32:54.169+0000] {logging_mixin.py:190} INFO - [2024-09-22T11:32:54.169+0000] {dag.py:3239} INFO - Sync 1 DAGs
[2024-09-22T11:32:54.207+0000] {logging_mixin.py:190} INFO - [2024-09-22T11:32:54.207+0000] {dag.py:4180} INFO - Setting next_dagrun for example_bash_operator to 2024-09-21 00:00:00+00:00, run_after=2024-09-22 00:00:00+00:00
[2024-09-22T11:32:54.228+0000] {processor.py:208} INFO - Processing /home/airflow/.local/lib/python3.12/site-packages/airflow/example_dags/example_bash_operator.py took 0.108 seconds
[2024-09-22T11:33:24.714+0000] {processor.py:186} INFO - Started process (PID=161) to work on /home/airflow/.local/lib/python3.12/site-packages/airflow/example_dags/example_bash_operator.py
[2024-09-22T11:33:24.715+0000] {processor.py:914} INFO - Processing file /home/airflow/.local/lib/python3.12/site-packages/airflow/example_dags/example_bash_operator.py for tasks to queue
[2024-09-22T11:33:24.717+0000] {logging_mixin.py:190} INFO - [2024-09-22T11:33:24.717+0000] {dagbag.py:588} INFO - Filling up the DagBag from /home/airflow/.local/lib/python3.12/site-packages/airflow/example_dags/example_bash_operator.py
[2024-09-22T11:33:24.736+0000] {processor.py:925} INFO - DAG(s) 'example_bash_operator' retrieved from /home/airflow/.local/lib/python3.12/site-packages/airflow/example_dags/example_bash_operator.py
[2024-09-22T11:33:24.767+0000] {logging_mixin.py:190} INFO - [2024-09-22T11:33:24.767+0000] {dag.py:3239} INFO - Sync 1 DAGs
[2024-09-22T11:33:24.793+0000] {logging_mixin.py:190} INFO - [2024-09-22T11:33:24.793+0000] {dag.py:4180} INFO - Setting next_dagrun for example_bash_operator to 2024-09-21 00:00:00+00:00, run_after=2024-09-22 00:00:00+00:00
[2024-09-22T11:33:24.826+0000] {processor.py:208} INFO - Processing /home/airflow/.local/lib/python3.12/site-packages/airflow/example_dags/example_bash_operator.py took 0.116 seconds
[2024-09-22T11:35:00.488+0000] {processor.py:186} INFO - Started process (PID=232) to work on /home/airflow/.local/lib/python3.12/site-packages/airflow/example_dags/example_bash_operator.py
[2024-09-22T11:35:00.490+0000] {processor.py:914} INFO - Processing file /home/airflow/.local/lib/python3.12/site-packages/airflow/example_dags/example_bash_operator.py for tasks to queue
[2024-09-22T11:35:00.491+0000] {logging_mixin.py:190} INFO - [2024-09-22T11:35:00.491+0000] {dagbag.py:588} INFO - Filling up the DagBag from /home/airflow/.local/lib/python3.12/site-packages/airflow/example_dags/example_bash_operator.py
[2024-09-22T11:35:00.509+0000] {processor.py:925} INFO - DAG(s) 'example_bash_operator' retrieved from /home/airflow/.local/lib/python3.12/site-packages/airflow/example_dags/example_bash_operator.py
[2024-09-22T11:35:00.545+0000] {logging_mixin.py:190} INFO - [2024-09-22T11:35:00.545+0000] {dag.py:3239} INFO - Sync 1 DAGs
[2024-09-22T11:35:00.580+0000] {logging_mixin.py:190} INFO - [2024-09-22T11:35:00.579+0000] {dag.py:4180} INFO - Setting next_dagrun for example_bash_operator to 2024-09-21 00:00:00+00:00, run_after=2024-09-22 00:00:00+00:00
[2024-09-22T11:35:00.605+0000] {processor.py:208} INFO - Processing /home/airflow/.local/lib/python3.12/site-packages/airflow/example_dags/example_bash_operator.py took 0.124 seconds
[2024-09-22T11:35:30.885+0000] {processor.py:186} INFO - Started process (PID=295) to work on /home/airflow/.local/lib/python3.12/site-packages/airflow/example_dags/example_bash_operator.py
[2024-09-22T11:35:30.887+0000] {processor.py:914} INFO - Processing file /home/airflow/.local/lib/python3.12/site-packages/airflow/example_dags/example_bash_operator.py for tasks to queue
[2024-09-22T11:35:30.889+0000] {logging_mixin.py:190} INFO - [2024-09-22T11:35:30.888+0000] {dagbag.py:588} INFO - Filling up the DagBag from /home/airflow/.local/lib/python3.12/site-packages/airflow/example_dags/example_bash_operator.py
[2024-09-22T11:35:30.902+0000] {processor.py:925} INFO - DAG(s) 'example_bash_operator' retrieved from /home/airflow/.local/lib/python3.12/site-packages/airflow/example_dags/example_bash_operator.py
[2024-09-22T11:35:30.932+0000] {logging_mixin.py:190} INFO - [2024-09-22T11:35:30.932+0000] {dag.py:3239} INFO - Sync 1 DAGs
[2024-09-22T11:35:30.961+0000] {logging_mixin.py:190} INFO - [2024-09-22T11:35:30.961+0000] {dag.py:4180} INFO - Setting next_dagrun for example_bash_operator to 2024-09-21 00:00:00+00:00, run_after=2024-09-22 00:00:00+00:00
[2024-09-22T11:35:30.988+0000] {processor.py:208} INFO - Processing /home/airflow/.local/lib/python3.12/site-packages/airflow/example_dags/example_bash_operator.py took 0.108 seconds
