[2024-09-22T11:28:43.871+0000] {processor.py:186} INFO - Started process (PID=100) to work on /home/airflow/.local/lib/python3.12/site-packages/airflow/example_dags/example_task_group_decorator.py
[2024-09-22T11:28:43.873+0000] {processor.py:914} INFO - Processing file /home/airflow/.local/lib/python3.12/site-packages/airflow/example_dags/example_task_group_decorator.py for tasks to queue
[2024-09-22T11:28:43.877+0000] {logging_mixin.py:190} INFO - [2024-09-22T11:28:43.876+0000] {dagbag.py:588} INFO - Filling up the DagBag from /home/airflow/.local/lib/python3.12/site-packages/airflow/example_dags/example_task_group_decorator.py
[2024-09-22T11:28:43.910+0000] {processor.py:925} INFO - DAG(s) 'example_task_group_decorator' retrieved from /home/airflow/.local/lib/python3.12/site-packages/airflow/example_dags/example_task_group_decorator.py
[2024-09-22T11:28:44.045+0000] {logging_mixin.py:190} INFO - [2024-09-22T11:28:44.044+0000] {override.py:1900} INFO - Created Permission View: can read on DAG:example_task_group_decorator
[2024-09-22T11:28:44.061+0000] {logging_mixin.py:190} INFO - [2024-09-22T11:28:44.061+0000] {override.py:1900} INFO - Created Permission View: can delete on DAG:example_task_group_decorator
[2024-09-22T11:28:44.071+0000] {logging_mixin.py:190} INFO - [2024-09-22T11:28:44.071+0000] {override.py:1900} INFO - Created Permission View: can edit on DAG:example_task_group_decorator
[2024-09-22T11:28:44.084+0000] {logging_mixin.py:190} INFO - [2024-09-22T11:28:44.084+0000] {override.py:1900} INFO - Created Permission View: menu access on DAG Run:example_task_group_decorator
[2024-09-22T11:28:44.095+0000] {logging_mixin.py:190} INFO - [2024-09-22T11:28:44.095+0000] {override.py:1900} INFO - Created Permission View: can read on DAG Run:example_task_group_decorator
[2024-09-22T11:28:44.105+0000] {logging_mixin.py:190} INFO - [2024-09-22T11:28:44.105+0000] {override.py:1900} INFO - Created Permission View: can delete on DAG Run:example_task_group_decorator
[2024-09-22T11:28:44.117+0000] {logging_mixin.py:190} INFO - [2024-09-22T11:28:44.117+0000] {override.py:1900} INFO - Created Permission View: can create on DAG Run:example_task_group_decorator
[2024-09-22T11:28:44.119+0000] {logging_mixin.py:190} INFO - [2024-09-22T11:28:44.118+0000] {dag.py:3239} INFO - Sync 1 DAGs
[2024-09-22T11:28:44.139+0000] {logging_mixin.py:190} INFO - [2024-09-22T11:28:44.139+0000] {dag.py:3262} INFO - Creating ORM DAG for example_task_group_decorator
[2024-09-22T11:28:44.141+0000] {logging_mixin.py:190} INFO - [2024-09-22T11:28:44.140+0000] {dag.py:4180} INFO - Setting next_dagrun for example_task_group_decorator to None, run_after=None
[2024-09-22T11:28:44.167+0000] {processor.py:208} INFO - Processing /home/airflow/.local/lib/python3.12/site-packages/airflow/example_dags/example_task_group_decorator.py took 0.302 seconds
[2024-09-22T11:29:14.409+0000] {processor.py:186} INFO - Started process (PID=162) to work on /home/airflow/.local/lib/python3.12/site-packages/airflow/example_dags/example_task_group_decorator.py
[2024-09-22T11:29:14.410+0000] {processor.py:914} INFO - Processing file /home/airflow/.local/lib/python3.12/site-packages/airflow/example_dags/example_task_group_decorator.py for tasks to queue
[2024-09-22T11:29:14.413+0000] {logging_mixin.py:190} INFO - [2024-09-22T11:29:14.413+0000] {dagbag.py:588} INFO - Filling up the DagBag from /home/airflow/.local/lib/python3.12/site-packages/airflow/example_dags/example_task_group_decorator.py
[2024-09-22T11:29:14.432+0000] {processor.py:925} INFO - DAG(s) 'example_task_group_decorator' retrieved from /home/airflow/.local/lib/python3.12/site-packages/airflow/example_dags/example_task_group_decorator.py
[2024-09-22T11:29:14.455+0000] {logging_mixin.py:190} INFO - [2024-09-22T11:29:14.455+0000] {dag.py:3239} INFO - Sync 1 DAGs
[2024-09-22T11:29:14.469+0000] {logging_mixin.py:190} INFO - [2024-09-22T11:29:14.469+0000] {dag.py:4180} INFO - Setting next_dagrun for example_task_group_decorator to None, run_after=None
[2024-09-22T11:29:14.520+0000] {processor.py:208} INFO - Processing /home/airflow/.local/lib/python3.12/site-packages/airflow/example_dags/example_task_group_decorator.py took 0.116 seconds
[2024-09-22T11:29:53.380+0000] {processor.py:186} INFO - Started process (PID=224) to work on /home/airflow/.local/lib/python3.12/site-packages/airflow/example_dags/example_task_group_decorator.py
[2024-09-22T11:29:53.384+0000] {processor.py:914} INFO - Processing file /home/airflow/.local/lib/python3.12/site-packages/airflow/example_dags/example_task_group_decorator.py for tasks to queue
[2024-09-22T11:29:53.389+0000] {logging_mixin.py:190} INFO - [2024-09-22T11:29:53.388+0000] {dagbag.py:588} INFO - Filling up the DagBag from /home/airflow/.local/lib/python3.12/site-packages/airflow/example_dags/example_task_group_decorator.py
[2024-09-22T11:29:53.463+0000] {processor.py:925} INFO - DAG(s) 'example_task_group_decorator' retrieved from /home/airflow/.local/lib/python3.12/site-packages/airflow/example_dags/example_task_group_decorator.py
[2024-09-22T11:29:53.520+0000] {logging_mixin.py:190} INFO - [2024-09-22T11:29:53.520+0000] {dag.py:3239} INFO - Sync 1 DAGs
[2024-09-22T11:29:53.554+0000] {logging_mixin.py:190} INFO - [2024-09-22T11:29:53.554+0000] {dag.py:4180} INFO - Setting next_dagrun for example_task_group_decorator to None, run_after=None
[2024-09-22T11:29:53.603+0000] {processor.py:208} INFO - Processing /home/airflow/.local/lib/python3.12/site-packages/airflow/example_dags/example_task_group_decorator.py took 0.237 seconds
[2024-09-22T11:32:52.217+0000] {processor.py:186} INFO - Started process (PID=85) to work on /home/airflow/.local/lib/python3.12/site-packages/airflow/example_dags/example_task_group_decorator.py
[2024-09-22T11:32:52.219+0000] {processor.py:914} INFO - Processing file /home/airflow/.local/lib/python3.12/site-packages/airflow/example_dags/example_task_group_decorator.py for tasks to queue
[2024-09-22T11:32:52.222+0000] {logging_mixin.py:190} INFO - [2024-09-22T11:32:52.221+0000] {dagbag.py:588} INFO - Filling up the DagBag from /home/airflow/.local/lib/python3.12/site-packages/airflow/example_dags/example_task_group_decorator.py
[2024-09-22T11:32:52.249+0000] {processor.py:925} INFO - DAG(s) 'example_task_group_decorator' retrieved from /home/airflow/.local/lib/python3.12/site-packages/airflow/example_dags/example_task_group_decorator.py
[2024-09-22T11:32:52.289+0000] {logging_mixin.py:190} INFO - [2024-09-22T11:32:52.288+0000] {dag.py:3239} INFO - Sync 1 DAGs
[2024-09-22T11:32:52.317+0000] {logging_mixin.py:190} INFO - [2024-09-22T11:32:52.316+0000] {dag.py:4180} INFO - Setting next_dagrun for example_task_group_decorator to None, run_after=None
[2024-09-22T11:32:52.352+0000] {processor.py:208} INFO - Processing /home/airflow/.local/lib/python3.12/site-packages/airflow/example_dags/example_task_group_decorator.py took 0.140 seconds
[2024-09-22T11:33:23.234+0000] {processor.py:186} INFO - Started process (PID=147) to work on /home/airflow/.local/lib/python3.12/site-packages/airflow/example_dags/example_task_group_decorator.py
[2024-09-22T11:33:23.238+0000] {processor.py:914} INFO - Processing file /home/airflow/.local/lib/python3.12/site-packages/airflow/example_dags/example_task_group_decorator.py for tasks to queue
[2024-09-22T11:33:23.242+0000] {logging_mixin.py:190} INFO - [2024-09-22T11:33:23.241+0000] {dagbag.py:588} INFO - Filling up the DagBag from /home/airflow/.local/lib/python3.12/site-packages/airflow/example_dags/example_task_group_decorator.py
[2024-09-22T11:33:23.275+0000] {processor.py:925} INFO - DAG(s) 'example_task_group_decorator' retrieved from /home/airflow/.local/lib/python3.12/site-packages/airflow/example_dags/example_task_group_decorator.py
[2024-09-22T11:33:23.334+0000] {logging_mixin.py:190} INFO - [2024-09-22T11:33:23.334+0000] {dag.py:3239} INFO - Sync 1 DAGs
[2024-09-22T11:33:23.366+0000] {logging_mixin.py:190} INFO - [2024-09-22T11:33:23.365+0000] {dag.py:4180} INFO - Setting next_dagrun for example_task_group_decorator to None, run_after=None
[2024-09-22T11:33:23.399+0000] {processor.py:208} INFO - Processing /home/airflow/.local/lib/python3.12/site-packages/airflow/example_dags/example_task_group_decorator.py took 0.179 seconds
[2024-09-22T11:34:58.942+0000] {processor.py:186} INFO - Started process (PID=218) to work on /home/airflow/.local/lib/python3.12/site-packages/airflow/example_dags/example_task_group_decorator.py
[2024-09-22T11:34:58.943+0000] {processor.py:914} INFO - Processing file /home/airflow/.local/lib/python3.12/site-packages/airflow/example_dags/example_task_group_decorator.py for tasks to queue
[2024-09-22T11:34:58.945+0000] {logging_mixin.py:190} INFO - [2024-09-22T11:34:58.944+0000] {dagbag.py:588} INFO - Filling up the DagBag from /home/airflow/.local/lib/python3.12/site-packages/airflow/example_dags/example_task_group_decorator.py
[2024-09-22T11:34:58.973+0000] {processor.py:925} INFO - DAG(s) 'example_task_group_decorator' retrieved from /home/airflow/.local/lib/python3.12/site-packages/airflow/example_dags/example_task_group_decorator.py
[2024-09-22T11:34:59.007+0000] {logging_mixin.py:190} INFO - [2024-09-22T11:34:59.007+0000] {dag.py:3239} INFO - Sync 1 DAGs
[2024-09-22T11:34:59.024+0000] {logging_mixin.py:190} INFO - [2024-09-22T11:34:59.024+0000] {dag.py:4180} INFO - Setting next_dagrun for example_task_group_decorator to None, run_after=None
[2024-09-22T11:34:59.050+0000] {processor.py:208} INFO - Processing /home/airflow/.local/lib/python3.12/site-packages/airflow/example_dags/example_task_group_decorator.py took 0.119 seconds
[2024-09-22T11:35:29.451+0000] {processor.py:186} INFO - Started process (PID=281) to work on /home/airflow/.local/lib/python3.12/site-packages/airflow/example_dags/example_task_group_decorator.py
[2024-09-22T11:35:29.452+0000] {processor.py:914} INFO - Processing file /home/airflow/.local/lib/python3.12/site-packages/airflow/example_dags/example_task_group_decorator.py for tasks to queue
[2024-09-22T11:35:29.454+0000] {logging_mixin.py:190} INFO - [2024-09-22T11:35:29.453+0000] {dagbag.py:588} INFO - Filling up the DagBag from /home/airflow/.local/lib/python3.12/site-packages/airflow/example_dags/example_task_group_decorator.py
[2024-09-22T11:35:29.469+0000] {processor.py:925} INFO - DAG(s) 'example_task_group_decorator' retrieved from /home/airflow/.local/lib/python3.12/site-packages/airflow/example_dags/example_task_group_decorator.py
[2024-09-22T11:35:29.496+0000] {logging_mixin.py:190} INFO - [2024-09-22T11:35:29.496+0000] {dag.py:3239} INFO - Sync 1 DAGs
[2024-09-22T11:35:29.513+0000] {logging_mixin.py:190} INFO - [2024-09-22T11:35:29.513+0000] {dag.py:4180} INFO - Setting next_dagrun for example_task_group_decorator to None, run_after=None
[2024-09-22T11:35:29.538+0000] {processor.py:208} INFO - Processing /home/airflow/.local/lib/python3.12/site-packages/airflow/example_dags/example_task_group_decorator.py took 0.092 seconds
