[2024-09-22T11:28:38.637+0000] {processor.py:186} INFO - Started process (PID=90) to work on /home/airflow/.local/lib/python3.12/site-packages/airflow/example_dags/example_short_circuit_operator.py
[2024-09-22T11:28:38.638+0000] {processor.py:914} INFO - Processing file /home/airflow/.local/lib/python3.12/site-packages/airflow/example_dags/example_short_circuit_operator.py for tasks to queue
[2024-09-22T11:28:38.643+0000] {logging_mixin.py:190} INFO - [2024-09-22T11:28:38.641+0000] {dagbag.py:588} INFO - Filling up the DagBag from /home/airflow/.local/lib/python3.12/site-packages/airflow/example_dags/example_short_circuit_operator.py
[2024-09-22T11:28:38.659+0000] {processor.py:925} INFO - DAG(s) 'example_short_circuit_operator' retrieved from /home/airflow/.local/lib/python3.12/site-packages/airflow/example_dags/example_short_circuit_operator.py
[2024-09-22T11:28:38.824+0000] {logging_mixin.py:190} INFO - [2024-09-22T11:28:38.823+0000] {override.py:1900} INFO - Created Permission View: can read on DAG:example_short_circuit_operator
[2024-09-22T11:28:38.837+0000] {logging_mixin.py:190} INFO - [2024-09-22T11:28:38.836+0000] {override.py:1900} INFO - Created Permission View: can delete on DAG:example_short_circuit_operator
[2024-09-22T11:28:38.846+0000] {logging_mixin.py:190} INFO - [2024-09-22T11:28:38.845+0000] {override.py:1900} INFO - Created Permission View: can edit on DAG:example_short_circuit_operator
[2024-09-22T11:28:38.856+0000] {logging_mixin.py:190} INFO - [2024-09-22T11:28:38.855+0000] {override.py:1900} INFO - Created Permission View: menu access on DAG Run:example_short_circuit_operator
[2024-09-22T11:28:38.867+0000] {logging_mixin.py:190} INFO - [2024-09-22T11:28:38.866+0000] {override.py:1900} INFO - Created Permission View: can read on DAG Run:example_short_circuit_operator
[2024-09-22T11:28:38.879+0000] {logging_mixin.py:190} INFO - [2024-09-22T11:28:38.878+0000] {override.py:1900} INFO - Created Permission View: can delete on DAG Run:example_short_circuit_operator
[2024-09-22T11:28:38.890+0000] {logging_mixin.py:190} INFO - [2024-09-22T11:28:38.890+0000] {override.py:1900} INFO - Created Permission View: can create on DAG Run:example_short_circuit_operator
[2024-09-22T11:28:38.891+0000] {logging_mixin.py:190} INFO - [2024-09-22T11:28:38.891+0000] {dag.py:3239} INFO - Sync 1 DAGs
[2024-09-22T11:28:38.906+0000] {logging_mixin.py:190} INFO - [2024-09-22T11:28:38.906+0000] {dag.py:3262} INFO - Creating ORM DAG for example_short_circuit_operator
[2024-09-22T11:28:38.907+0000] {logging_mixin.py:190} INFO - [2024-09-22T11:28:38.907+0000] {dag.py:4180} INFO - Setting next_dagrun for example_short_circuit_operator to None, run_after=None
[2024-09-22T11:28:38.937+0000] {processor.py:208} INFO - Processing /home/airflow/.local/lib/python3.12/site-packages/airflow/example_dags/example_short_circuit_operator.py took 0.306 seconds
[2024-09-22T11:29:09.915+0000] {processor.py:186} INFO - Started process (PID=152) to work on /home/airflow/.local/lib/python3.12/site-packages/airflow/example_dags/example_short_circuit_operator.py
[2024-09-22T11:29:09.917+0000] {processor.py:914} INFO - Processing file /home/airflow/.local/lib/python3.12/site-packages/airflow/example_dags/example_short_circuit_operator.py for tasks to queue
[2024-09-22T11:29:09.920+0000] {logging_mixin.py:190} INFO - [2024-09-22T11:29:09.920+0000] {dagbag.py:588} INFO - Filling up the DagBag from /home/airflow/.local/lib/python3.12/site-packages/airflow/example_dags/example_short_circuit_operator.py
[2024-09-22T11:29:09.932+0000] {processor.py:925} INFO - DAG(s) 'example_short_circuit_operator' retrieved from /home/airflow/.local/lib/python3.12/site-packages/airflow/example_dags/example_short_circuit_operator.py
[2024-09-22T11:29:09.958+0000] {logging_mixin.py:190} INFO - [2024-09-22T11:29:09.958+0000] {dag.py:3239} INFO - Sync 1 DAGs
[2024-09-22T11:29:09.974+0000] {logging_mixin.py:190} INFO - [2024-09-22T11:29:09.974+0000] {dag.py:4180} INFO - Setting next_dagrun for example_short_circuit_operator to None, run_after=None
[2024-09-22T11:29:09.998+0000] {processor.py:208} INFO - Processing /home/airflow/.local/lib/python3.12/site-packages/airflow/example_dags/example_short_circuit_operator.py took 0.089 seconds
[2024-09-22T11:29:50.287+0000] {processor.py:186} INFO - Started process (PID=214) to work on /home/airflow/.local/lib/python3.12/site-packages/airflow/example_dags/example_short_circuit_operator.py
[2024-09-22T11:29:50.290+0000] {processor.py:914} INFO - Processing file /home/airflow/.local/lib/python3.12/site-packages/airflow/example_dags/example_short_circuit_operator.py for tasks to queue
[2024-09-22T11:29:50.338+0000] {logging_mixin.py:190} INFO - [2024-09-22T11:29:50.317+0000] {dagbag.py:588} INFO - Filling up the DagBag from /home/airflow/.local/lib/python3.12/site-packages/airflow/example_dags/example_short_circuit_operator.py
[2024-09-22T11:29:50.394+0000] {processor.py:925} INFO - DAG(s) 'example_short_circuit_operator' retrieved from /home/airflow/.local/lib/python3.12/site-packages/airflow/example_dags/example_short_circuit_operator.py
[2024-09-22T11:29:51.200+0000] {logging_mixin.py:190} INFO - [2024-09-22T11:29:51.193+0000] {dag.py:3239} INFO - Sync 1 DAGs
[2024-09-22T11:29:51.271+0000] {logging_mixin.py:190} INFO - [2024-09-22T11:29:51.270+0000] {dag.py:4180} INFO - Setting next_dagrun for example_short_circuit_operator to None, run_after=None
[2024-09-22T11:29:51.311+0000] {processor.py:208} INFO - Processing /home/airflow/.local/lib/python3.12/site-packages/airflow/example_dags/example_short_circuit_operator.py took 1.071 seconds
[2024-09-22T11:32:50.451+0000] {processor.py:186} INFO - Started process (PID=75) to work on /home/airflow/.local/lib/python3.12/site-packages/airflow/example_dags/example_short_circuit_operator.py
[2024-09-22T11:32:50.460+0000] {processor.py:914} INFO - Processing file /home/airflow/.local/lib/python3.12/site-packages/airflow/example_dags/example_short_circuit_operator.py for tasks to queue
[2024-09-22T11:32:50.472+0000] {logging_mixin.py:190} INFO - [2024-09-22T11:32:50.467+0000] {dagbag.py:588} INFO - Filling up the DagBag from /home/airflow/.local/lib/python3.12/site-packages/airflow/example_dags/example_short_circuit_operator.py
[2024-09-22T11:32:50.546+0000] {processor.py:925} INFO - DAG(s) 'example_short_circuit_operator' retrieved from /home/airflow/.local/lib/python3.12/site-packages/airflow/example_dags/example_short_circuit_operator.py
[2024-09-22T11:32:50.631+0000] {logging_mixin.py:190} INFO - [2024-09-22T11:32:50.630+0000] {dag.py:3239} INFO - Sync 1 DAGs
[2024-09-22T11:32:50.770+0000] {logging_mixin.py:190} INFO - [2024-09-22T11:32:50.770+0000] {dag.py:4180} INFO - Setting next_dagrun for example_short_circuit_operator to None, run_after=None
[2024-09-22T11:32:50.931+0000] {processor.py:208} INFO - Processing /home/airflow/.local/lib/python3.12/site-packages/airflow/example_dags/example_short_circuit_operator.py took 0.491 seconds
[2024-09-22T11:33:21.880+0000] {processor.py:186} INFO - Started process (PID=137) to work on /home/airflow/.local/lib/python3.12/site-packages/airflow/example_dags/example_short_circuit_operator.py
[2024-09-22T11:33:21.881+0000] {processor.py:914} INFO - Processing file /home/airflow/.local/lib/python3.12/site-packages/airflow/example_dags/example_short_circuit_operator.py for tasks to queue
[2024-09-22T11:33:21.884+0000] {logging_mixin.py:190} INFO - [2024-09-22T11:33:21.883+0000] {dagbag.py:588} INFO - Filling up the DagBag from /home/airflow/.local/lib/python3.12/site-packages/airflow/example_dags/example_short_circuit_operator.py
[2024-09-22T11:33:21.892+0000] {processor.py:925} INFO - DAG(s) 'example_short_circuit_operator' retrieved from /home/airflow/.local/lib/python3.12/site-packages/airflow/example_dags/example_short_circuit_operator.py
[2024-09-22T11:33:21.920+0000] {logging_mixin.py:190} INFO - [2024-09-22T11:33:21.919+0000] {dag.py:3239} INFO - Sync 1 DAGs
[2024-09-22T11:33:21.935+0000] {logging_mixin.py:190} INFO - [2024-09-22T11:33:21.935+0000] {dag.py:4180} INFO - Setting next_dagrun for example_short_circuit_operator to None, run_after=None
[2024-09-22T11:33:21.963+0000] {processor.py:208} INFO - Processing /home/airflow/.local/lib/python3.12/site-packages/airflow/example_dags/example_short_circuit_operator.py took 0.087 seconds
[2024-09-22T11:34:57.786+0000] {processor.py:186} INFO - Started process (PID=208) to work on /home/airflow/.local/lib/python3.12/site-packages/airflow/example_dags/example_short_circuit_operator.py
[2024-09-22T11:34:57.788+0000] {processor.py:914} INFO - Processing file /home/airflow/.local/lib/python3.12/site-packages/airflow/example_dags/example_short_circuit_operator.py for tasks to queue
[2024-09-22T11:34:57.790+0000] {logging_mixin.py:190} INFO - [2024-09-22T11:34:57.789+0000] {dagbag.py:588} INFO - Filling up the DagBag from /home/airflow/.local/lib/python3.12/site-packages/airflow/example_dags/example_short_circuit_operator.py
[2024-09-22T11:34:57.800+0000] {processor.py:925} INFO - DAG(s) 'example_short_circuit_operator' retrieved from /home/airflow/.local/lib/python3.12/site-packages/airflow/example_dags/example_short_circuit_operator.py
[2024-09-22T11:34:57.832+0000] {logging_mixin.py:190} INFO - [2024-09-22T11:34:57.831+0000] {dag.py:3239} INFO - Sync 1 DAGs
[2024-09-22T11:34:57.857+0000] {logging_mixin.py:190} INFO - [2024-09-22T11:34:57.857+0000] {dag.py:4180} INFO - Setting next_dagrun for example_short_circuit_operator to None, run_after=None
[2024-09-22T11:34:57.888+0000] {processor.py:208} INFO - Processing /home/airflow/.local/lib/python3.12/site-packages/airflow/example_dags/example_short_circuit_operator.py took 0.107 seconds
[2024-09-22T11:35:27.964+0000] {processor.py:186} INFO - Started process (PID=271) to work on /home/airflow/.local/lib/python3.12/site-packages/airflow/example_dags/example_short_circuit_operator.py
[2024-09-22T11:35:27.965+0000] {processor.py:914} INFO - Processing file /home/airflow/.local/lib/python3.12/site-packages/airflow/example_dags/example_short_circuit_operator.py for tasks to queue
[2024-09-22T11:35:27.967+0000] {logging_mixin.py:190} INFO - [2024-09-22T11:35:27.967+0000] {dagbag.py:588} INFO - Filling up the DagBag from /home/airflow/.local/lib/python3.12/site-packages/airflow/example_dags/example_short_circuit_operator.py
[2024-09-22T11:35:27.980+0000] {processor.py:925} INFO - DAG(s) 'example_short_circuit_operator' retrieved from /home/airflow/.local/lib/python3.12/site-packages/airflow/example_dags/example_short_circuit_operator.py
[2024-09-22T11:35:28.011+0000] {logging_mixin.py:190} INFO - [2024-09-22T11:35:28.011+0000] {dag.py:3239} INFO - Sync 1 DAGs
[2024-09-22T11:35:28.030+0000] {logging_mixin.py:190} INFO - [2024-09-22T11:35:28.030+0000] {dag.py:4180} INFO - Setting next_dagrun for example_short_circuit_operator to None, run_after=None
[2024-09-22T11:35:28.054+0000] {processor.py:208} INFO - Processing /home/airflow/.local/lib/python3.12/site-packages/airflow/example_dags/example_short_circuit_operator.py took 0.100 seconds
