[2024-09-22T11:28:54.710+0000] {processor.py:186} INFO - Started process (PID=121) to work on /home/airflow/.local/lib/python3.12/site-packages/airflow/example_dags/example_local_kubernetes_executor.py
[2024-09-22T11:28:54.712+0000] {processor.py:914} INFO - Processing file /home/airflow/.local/lib/python3.12/site-packages/airflow/example_dags/example_local_kubernetes_executor.py for tasks to queue
[2024-09-22T11:28:54.720+0000] {logging_mixin.py:190} INFO - [2024-09-22T11:28:54.718+0000] {dagbag.py:588} INFO - Filling up the DagBag from /home/airflow/.local/lib/python3.12/site-packages/airflow/example_dags/example_local_kubernetes_executor.py
[2024-09-22T11:28:54.764+0000] {processor.py:925} INFO - DAG(s) 'example_local_kubernetes_executor' retrieved from /home/airflow/.local/lib/python3.12/site-packages/airflow/example_dags/example_local_kubernetes_executor.py
[2024-09-22T11:28:55.892+0000] {logging_mixin.py:190} INFO - [2024-09-22T11:28:55.873+0000] {override.py:1900} INFO - Created Permission View: can read on DAG:example_local_kubernetes_executor
[2024-09-22T11:28:55.923+0000] {logging_mixin.py:190} INFO - [2024-09-22T11:28:55.922+0000] {override.py:1900} INFO - Created Permission View: can delete on DAG:example_local_kubernetes_executor
[2024-09-22T11:28:55.949+0000] {logging_mixin.py:190} INFO - [2024-09-22T11:28:55.948+0000] {override.py:1900} INFO - Created Permission View: can edit on DAG:example_local_kubernetes_executor
[2024-09-22T11:28:56.039+0000] {logging_mixin.py:190} INFO - [2024-09-22T11:28:56.039+0000] {override.py:1900} INFO - Created Permission View: menu access on DAG Run:example_local_kubernetes_executor
[2024-09-22T11:28:56.068+0000] {logging_mixin.py:190} INFO - [2024-09-22T11:28:56.067+0000] {override.py:1900} INFO - Created Permission View: can read on DAG Run:example_local_kubernetes_executor
[2024-09-22T11:28:56.128+0000] {logging_mixin.py:190} INFO - [2024-09-22T11:28:56.128+0000] {override.py:1900} INFO - Created Permission View: can delete on DAG Run:example_local_kubernetes_executor
[2024-09-22T11:28:56.174+0000] {logging_mixin.py:190} INFO - [2024-09-22T11:28:56.174+0000] {override.py:1900} INFO - Created Permission View: can create on DAG Run:example_local_kubernetes_executor
[2024-09-22T11:28:56.175+0000] {logging_mixin.py:190} INFO - [2024-09-22T11:28:56.175+0000] {dag.py:3239} INFO - Sync 1 DAGs
[2024-09-22T11:28:56.203+0000] {logging_mixin.py:190} INFO - [2024-09-22T11:28:56.203+0000] {dag.py:3262} INFO - Creating ORM DAG for example_local_kubernetes_executor
[2024-09-22T11:28:56.206+0000] {logging_mixin.py:190} INFO - [2024-09-22T11:28:56.206+0000] {dag.py:4180} INFO - Setting next_dagrun for example_local_kubernetes_executor to None, run_after=None
[2024-09-22T11:28:56.340+0000] {processor.py:208} INFO - Processing /home/airflow/.local/lib/python3.12/site-packages/airflow/example_dags/example_local_kubernetes_executor.py took 1.636 seconds
[2024-09-22T11:29:26.511+0000] {processor.py:186} INFO - Started process (PID=183) to work on /home/airflow/.local/lib/python3.12/site-packages/airflow/example_dags/example_local_kubernetes_executor.py
[2024-09-22T11:29:26.512+0000] {processor.py:914} INFO - Processing file /home/airflow/.local/lib/python3.12/site-packages/airflow/example_dags/example_local_kubernetes_executor.py for tasks to queue
[2024-09-22T11:29:26.516+0000] {logging_mixin.py:190} INFO - [2024-09-22T11:29:26.515+0000] {dagbag.py:588} INFO - Filling up the DagBag from /home/airflow/.local/lib/python3.12/site-packages/airflow/example_dags/example_local_kubernetes_executor.py
[2024-09-22T11:29:26.529+0000] {processor.py:925} INFO - DAG(s) 'example_local_kubernetes_executor' retrieved from /home/airflow/.local/lib/python3.12/site-packages/airflow/example_dags/example_local_kubernetes_executor.py
[2024-09-22T11:29:26.607+0000] {logging_mixin.py:190} INFO - [2024-09-22T11:29:26.607+0000] {dag.py:3239} INFO - Sync 1 DAGs
[2024-09-22T11:29:26.625+0000] {logging_mixin.py:190} INFO - [2024-09-22T11:29:26.624+0000] {dag.py:4180} INFO - Setting next_dagrun for example_local_kubernetes_executor to None, run_after=None
[2024-09-22T11:29:26.658+0000] {processor.py:208} INFO - Processing /home/airflow/.local/lib/python3.12/site-packages/airflow/example_dags/example_local_kubernetes_executor.py took 0.157 seconds
[2024-09-22T11:29:59.005+0000] {processor.py:186} INFO - Started process (PID=253) to work on /home/airflow/.local/lib/python3.12/site-packages/airflow/example_dags/example_local_kubernetes_executor.py
[2024-09-22T11:29:59.009+0000] {processor.py:914} INFO - Processing file /home/airflow/.local/lib/python3.12/site-packages/airflow/example_dags/example_local_kubernetes_executor.py for tasks to queue
[2024-09-22T11:29:59.016+0000] {logging_mixin.py:190} INFO - [2024-09-22T11:29:59.015+0000] {dagbag.py:588} INFO - Filling up the DagBag from /home/airflow/.local/lib/python3.12/site-packages/airflow/example_dags/example_local_kubernetes_executor.py
[2024-09-22T11:29:59.090+0000] {processor.py:925} INFO - DAG(s) 'example_local_kubernetes_executor' retrieved from /home/airflow/.local/lib/python3.12/site-packages/airflow/example_dags/example_local_kubernetes_executor.py
[2024-09-22T11:29:59.245+0000] {logging_mixin.py:190} INFO - [2024-09-22T11:29:59.245+0000] {dag.py:3239} INFO - Sync 1 DAGs
[2024-09-22T11:29:59.267+0000] {logging_mixin.py:190} INFO - [2024-09-22T11:29:59.267+0000] {dag.py:4180} INFO - Setting next_dagrun for example_local_kubernetes_executor to None, run_after=None
[2024-09-22T11:29:59.305+0000] {processor.py:208} INFO - Processing /home/airflow/.local/lib/python3.12/site-packages/airflow/example_dags/example_local_kubernetes_executor.py took 0.313 seconds
[2024-09-22T11:32:54.917+0000] {processor.py:186} INFO - Started process (PID=106) to work on /home/airflow/.local/lib/python3.12/site-packages/airflow/example_dags/example_local_kubernetes_executor.py
[2024-09-22T11:32:54.919+0000] {processor.py:914} INFO - Processing file /home/airflow/.local/lib/python3.12/site-packages/airflow/example_dags/example_local_kubernetes_executor.py for tasks to queue
[2024-09-22T11:32:54.922+0000] {logging_mixin.py:190} INFO - [2024-09-22T11:32:54.922+0000] {dagbag.py:588} INFO - Filling up the DagBag from /home/airflow/.local/lib/python3.12/site-packages/airflow/example_dags/example_local_kubernetes_executor.py
[2024-09-22T11:32:54.933+0000] {processor.py:925} INFO - DAG(s) 'example_local_kubernetes_executor' retrieved from /home/airflow/.local/lib/python3.12/site-packages/airflow/example_dags/example_local_kubernetes_executor.py
[2024-09-22T11:32:54.982+0000] {logging_mixin.py:190} INFO - [2024-09-22T11:32:54.982+0000] {dag.py:3239} INFO - Sync 1 DAGs
[2024-09-22T11:32:55.002+0000] {logging_mixin.py:190} INFO - [2024-09-22T11:32:55.001+0000] {dag.py:4180} INFO - Setting next_dagrun for example_local_kubernetes_executor to None, run_after=None
[2024-09-22T11:32:55.028+0000] {processor.py:208} INFO - Processing /home/airflow/.local/lib/python3.12/site-packages/airflow/example_dags/example_local_kubernetes_executor.py took 0.115 seconds
[2024-09-22T11:33:25.351+0000] {processor.py:186} INFO - Started process (PID=168) to work on /home/airflow/.local/lib/python3.12/site-packages/airflow/example_dags/example_local_kubernetes_executor.py
[2024-09-22T11:33:25.352+0000] {processor.py:914} INFO - Processing file /home/airflow/.local/lib/python3.12/site-packages/airflow/example_dags/example_local_kubernetes_executor.py for tasks to queue
[2024-09-22T11:33:25.355+0000] {logging_mixin.py:190} INFO - [2024-09-22T11:33:25.355+0000] {dagbag.py:588} INFO - Filling up the DagBag from /home/airflow/.local/lib/python3.12/site-packages/airflow/example_dags/example_local_kubernetes_executor.py
[2024-09-22T11:33:25.367+0000] {processor.py:925} INFO - DAG(s) 'example_local_kubernetes_executor' retrieved from /home/airflow/.local/lib/python3.12/site-packages/airflow/example_dags/example_local_kubernetes_executor.py
[2024-09-22T11:33:25.412+0000] {logging_mixin.py:190} INFO - [2024-09-22T11:33:25.412+0000] {dag.py:3239} INFO - Sync 1 DAGs
[2024-09-22T11:33:25.427+0000] {logging_mixin.py:190} INFO - [2024-09-22T11:33:25.427+0000] {dag.py:4180} INFO - Setting next_dagrun for example_local_kubernetes_executor to None, run_after=None
[2024-09-22T11:33:25.448+0000] {processor.py:208} INFO - Processing /home/airflow/.local/lib/python3.12/site-packages/airflow/example_dags/example_local_kubernetes_executor.py took 0.102 seconds
[2024-09-22T11:35:01.564+0000] {processor.py:186} INFO - Started process (PID=239) to work on /home/airflow/.local/lib/python3.12/site-packages/airflow/example_dags/example_local_kubernetes_executor.py
[2024-09-22T11:35:01.566+0000] {processor.py:914} INFO - Processing file /home/airflow/.local/lib/python3.12/site-packages/airflow/example_dags/example_local_kubernetes_executor.py for tasks to queue
[2024-09-22T11:35:01.568+0000] {logging_mixin.py:190} INFO - [2024-09-22T11:35:01.568+0000] {dagbag.py:588} INFO - Filling up the DagBag from /home/airflow/.local/lib/python3.12/site-packages/airflow/example_dags/example_local_kubernetes_executor.py
[2024-09-22T11:35:01.579+0000] {processor.py:925} INFO - DAG(s) 'example_local_kubernetes_executor' retrieved from /home/airflow/.local/lib/python3.12/site-packages/airflow/example_dags/example_local_kubernetes_executor.py
[2024-09-22T11:35:01.625+0000] {logging_mixin.py:190} INFO - [2024-09-22T11:35:01.625+0000] {dag.py:3239} INFO - Sync 1 DAGs
[2024-09-22T11:35:01.645+0000] {logging_mixin.py:190} INFO - [2024-09-22T11:35:01.645+0000] {dag.py:4180} INFO - Setting next_dagrun for example_local_kubernetes_executor to None, run_after=None
[2024-09-22T11:35:01.675+0000] {processor.py:208} INFO - Processing /home/airflow/.local/lib/python3.12/site-packages/airflow/example_dags/example_local_kubernetes_executor.py took 0.119 seconds
[2024-09-22T11:35:32.592+0000] {processor.py:186} INFO - Started process (PID=304) to work on /home/airflow/.local/lib/python3.12/site-packages/airflow/example_dags/example_local_kubernetes_executor.py
[2024-09-22T11:35:32.593+0000] {processor.py:914} INFO - Processing file /home/airflow/.local/lib/python3.12/site-packages/airflow/example_dags/example_local_kubernetes_executor.py for tasks to queue
[2024-09-22T11:35:32.595+0000] {logging_mixin.py:190} INFO - [2024-09-22T11:35:32.594+0000] {dagbag.py:588} INFO - Filling up the DagBag from /home/airflow/.local/lib/python3.12/site-packages/airflow/example_dags/example_local_kubernetes_executor.py
[2024-09-22T11:35:32.604+0000] {processor.py:925} INFO - DAG(s) 'example_local_kubernetes_executor' retrieved from /home/airflow/.local/lib/python3.12/site-packages/airflow/example_dags/example_local_kubernetes_executor.py
[2024-09-22T11:35:32.654+0000] {logging_mixin.py:190} INFO - [2024-09-22T11:35:32.653+0000] {dag.py:3239} INFO - Sync 1 DAGs
[2024-09-22T11:35:32.674+0000] {logging_mixin.py:190} INFO - [2024-09-22T11:35:32.674+0000] {dag.py:4180} INFO - Setting next_dagrun for example_local_kubernetes_executor to None, run_after=None
[2024-09-22T11:35:32.697+0000] {processor.py:208} INFO - Processing /home/airflow/.local/lib/python3.12/site-packages/airflow/example_dags/example_local_kubernetes_executor.py took 0.110 seconds
