[2024-09-22T11:28:29.718+0000] {processor.py:186} INFO - Started process (PID=78) to work on /home/airflow/.local/lib/python3.12/site-packages/airflow/example_dags/example_bash_decorator.py
[2024-09-22T11:28:29.737+0000] {processor.py:914} INFO - Processing file /home/airflow/.local/lib/python3.12/site-packages/airflow/example_dags/example_bash_decorator.py for tasks to queue
[2024-09-22T11:28:30.162+0000] {logging_mixin.py:190} INFO - [2024-09-22T11:28:30.160+0000] {dagbag.py:588} INFO - Filling up the DagBag from /home/airflow/.local/lib/python3.12/site-packages/airflow/example_dags/example_bash_decorator.py
[2024-09-22T11:28:30.333+0000] {processor.py:925} INFO - DAG(s) 'example_bash_decorator' retrieved from /home/airflow/.local/lib/python3.12/site-packages/airflow/example_dags/example_bash_decorator.py
[2024-09-22T11:28:31.050+0000] {logging_mixin.py:190} INFO - [2024-09-22T11:28:31.047+0000] {override.py:1900} INFO - Created Permission View: can read on DAG:example_bash_decorator
[2024-09-22T11:28:31.128+0000] {logging_mixin.py:190} INFO - [2024-09-22T11:28:31.128+0000] {override.py:1900} INFO - Created Permission View: can delete on DAG:example_bash_decorator
[2024-09-22T11:28:31.142+0000] {logging_mixin.py:190} INFO - [2024-09-22T11:28:31.141+0000] {override.py:1900} INFO - Created Permission View: can edit on DAG:example_bash_decorator
[2024-09-22T11:28:31.156+0000] {logging_mixin.py:190} INFO - [2024-09-22T11:28:31.155+0000] {override.py:1900} INFO - Created Permission View: menu access on DAG Run:example_bash_decorator
[2024-09-22T11:28:31.171+0000] {logging_mixin.py:190} INFO - [2024-09-22T11:28:31.170+0000] {override.py:1900} INFO - Created Permission View: can read on DAG Run:example_bash_decorator
[2024-09-22T11:28:31.184+0000] {logging_mixin.py:190} INFO - [2024-09-22T11:28:31.183+0000] {override.py:1900} INFO - Created Permission View: can delete on DAG Run:example_bash_decorator
[2024-09-22T11:28:31.196+0000] {logging_mixin.py:190} INFO - [2024-09-22T11:28:31.195+0000] {override.py:1900} INFO - Created Permission View: can create on DAG Run:example_bash_decorator
[2024-09-22T11:28:31.196+0000] {logging_mixin.py:190} INFO - [2024-09-22T11:28:31.196+0000] {dag.py:3239} INFO - Sync 1 DAGs
[2024-09-22T11:28:31.227+0000] {logging_mixin.py:190} INFO - [2024-09-22T11:28:31.226+0000] {dag.py:3262} INFO - Creating ORM DAG for example_bash_decorator
[2024-09-22T11:28:31.230+0000] {logging_mixin.py:190} INFO - [2024-09-22T11:28:31.230+0000] {dag.py:4180} INFO - Setting next_dagrun for example_bash_decorator to None, run_after=None
[2024-09-22T11:28:31.261+0000] {processor.py:208} INFO - Processing /home/airflow/.local/lib/python3.12/site-packages/airflow/example_dags/example_bash_decorator.py took 1.611 seconds
[2024-09-22T11:29:01.334+0000] {processor.py:186} INFO - Started process (PID=140) to work on /home/airflow/.local/lib/python3.12/site-packages/airflow/example_dags/example_bash_decorator.py
[2024-09-22T11:29:01.336+0000] {processor.py:914} INFO - Processing file /home/airflow/.local/lib/python3.12/site-packages/airflow/example_dags/example_bash_decorator.py for tasks to queue
[2024-09-22T11:29:01.339+0000] {logging_mixin.py:190} INFO - [2024-09-22T11:29:01.338+0000] {dagbag.py:588} INFO - Filling up the DagBag from /home/airflow/.local/lib/python3.12/site-packages/airflow/example_dags/example_bash_decorator.py
[2024-09-22T11:29:01.364+0000] {processor.py:925} INFO - DAG(s) 'example_bash_decorator' retrieved from /home/airflow/.local/lib/python3.12/site-packages/airflow/example_dags/example_bash_decorator.py
[2024-09-22T11:29:01.412+0000] {logging_mixin.py:190} INFO - [2024-09-22T11:29:01.412+0000] {dag.py:3239} INFO - Sync 1 DAGs
[2024-09-22T11:29:01.430+0000] {logging_mixin.py:190} INFO - [2024-09-22T11:29:01.430+0000] {dag.py:4180} INFO - Setting next_dagrun for example_bash_decorator to None, run_after=None
[2024-09-22T11:29:01.459+0000] {processor.py:208} INFO - Processing /home/airflow/.local/lib/python3.12/site-packages/airflow/example_dags/example_bash_decorator.py took 0.132 seconds
[2024-09-22T11:29:32.440+0000] {processor.py:186} INFO - Started process (PID=202) to work on /home/airflow/.local/lib/python3.12/site-packages/airflow/example_dags/example_bash_decorator.py
[2024-09-22T11:29:32.446+0000] {processor.py:914} INFO - Processing file /home/airflow/.local/lib/python3.12/site-packages/airflow/example_dags/example_bash_decorator.py for tasks to queue
[2024-09-22T11:29:32.458+0000] {logging_mixin.py:190} INFO - [2024-09-22T11:29:32.457+0000] {dagbag.py:588} INFO - Filling up the DagBag from /home/airflow/.local/lib/python3.12/site-packages/airflow/example_dags/example_bash_decorator.py
[2024-09-22T11:29:32.558+0000] {processor.py:925} INFO - DAG(s) 'example_bash_decorator' retrieved from /home/airflow/.local/lib/python3.12/site-packages/airflow/example_dags/example_bash_decorator.py
[2024-09-22T11:29:32.719+0000] {logging_mixin.py:190} INFO - [2024-09-22T11:29:32.710+0000] {dag.py:3239} INFO - Sync 1 DAGs
[2024-09-22T11:29:32.787+0000] {logging_mixin.py:190} INFO - [2024-09-22T11:29:32.786+0000] {dag.py:4180} INFO - Setting next_dagrun for example_bash_decorator to None, run_after=None
[2024-09-22T11:29:33.089+0000] {processor.py:208} INFO - Processing /home/airflow/.local/lib/python3.12/site-packages/airflow/example_dags/example_bash_decorator.py took 0.769 seconds
[2024-09-22T11:30:04.084+0000] {processor.py:186} INFO - Started process (PID=264) to work on /home/airflow/.local/lib/python3.12/site-packages/airflow/example_dags/example_bash_decorator.py
[2024-09-22T11:30:04.087+0000] {processor.py:914} INFO - Processing file /home/airflow/.local/lib/python3.12/site-packages/airflow/example_dags/example_bash_decorator.py for tasks to queue
[2024-09-22T11:30:04.094+0000] {logging_mixin.py:190} INFO - [2024-09-22T11:30:04.092+0000] {dagbag.py:588} INFO - Filling up the DagBag from /home/airflow/.local/lib/python3.12/site-packages/airflow/example_dags/example_bash_decorator.py
[2024-09-22T11:30:04.140+0000] {processor.py:925} INFO - DAG(s) 'example_bash_decorator' retrieved from /home/airflow/.local/lib/python3.12/site-packages/airflow/example_dags/example_bash_decorator.py
[2024-09-22T11:30:04.208+0000] {logging_mixin.py:190} INFO - [2024-09-22T11:30:04.207+0000] {dag.py:3239} INFO - Sync 1 DAGs
[2024-09-22T11:30:04.244+0000] {logging_mixin.py:190} INFO - [2024-09-22T11:30:04.244+0000] {dag.py:4180} INFO - Setting next_dagrun for example_bash_decorator to None, run_after=None
[2024-09-22T11:30:04.286+0000] {processor.py:208} INFO - Processing /home/airflow/.local/lib/python3.12/site-packages/airflow/example_dags/example_bash_decorator.py took 0.218 seconds
[2024-09-22T11:32:46.215+0000] {processor.py:186} INFO - Started process (PID=63) to work on /home/airflow/.local/lib/python3.12/site-packages/airflow/example_dags/example_bash_decorator.py
[2024-09-22T11:32:46.219+0000] {processor.py:914} INFO - Processing file /home/airflow/.local/lib/python3.12/site-packages/airflow/example_dags/example_bash_decorator.py for tasks to queue
[2024-09-22T11:32:46.242+0000] {logging_mixin.py:190} INFO - [2024-09-22T11:32:46.238+0000] {dagbag.py:588} INFO - Filling up the DagBag from /home/airflow/.local/lib/python3.12/site-packages/airflow/example_dags/example_bash_decorator.py
[2024-09-22T11:32:46.354+0000] {processor.py:925} INFO - DAG(s) 'example_bash_decorator' retrieved from /home/airflow/.local/lib/python3.12/site-packages/airflow/example_dags/example_bash_decorator.py
[2024-09-22T11:32:46.792+0000] {logging_mixin.py:190} INFO - [2024-09-22T11:32:46.792+0000] {dag.py:3239} INFO - Sync 1 DAGs
[2024-09-22T11:32:46.817+0000] {logging_mixin.py:190} INFO - [2024-09-22T11:32:46.817+0000] {dag.py:4180} INFO - Setting next_dagrun for example_bash_decorator to None, run_after=None
[2024-09-22T11:32:46.893+0000] {processor.py:208} INFO - Processing /home/airflow/.local/lib/python3.12/site-packages/airflow/example_dags/example_bash_decorator.py took 0.743 seconds
[2024-09-22T11:33:17.075+0000] {processor.py:186} INFO - Started process (PID=126) to work on /home/airflow/.local/lib/python3.12/site-packages/airflow/example_dags/example_bash_decorator.py
[2024-09-22T11:33:17.077+0000] {processor.py:914} INFO - Processing file /home/airflow/.local/lib/python3.12/site-packages/airflow/example_dags/example_bash_decorator.py for tasks to queue
[2024-09-22T11:33:17.080+0000] {logging_mixin.py:190} INFO - [2024-09-22T11:33:17.079+0000] {dagbag.py:588} INFO - Filling up the DagBag from /home/airflow/.local/lib/python3.12/site-packages/airflow/example_dags/example_bash_decorator.py
[2024-09-22T11:33:17.093+0000] {processor.py:925} INFO - DAG(s) 'example_bash_decorator' retrieved from /home/airflow/.local/lib/python3.12/site-packages/airflow/example_dags/example_bash_decorator.py
[2024-09-22T11:33:17.116+0000] {logging_mixin.py:190} INFO - [2024-09-22T11:33:17.115+0000] {dag.py:3239} INFO - Sync 1 DAGs
[2024-09-22T11:33:17.134+0000] {logging_mixin.py:190} INFO - [2024-09-22T11:33:17.134+0000] {dag.py:4180} INFO - Setting next_dagrun for example_bash_decorator to None, run_after=None
[2024-09-22T11:33:17.167+0000] {processor.py:208} INFO - Processing /home/airflow/.local/lib/python3.12/site-packages/airflow/example_dags/example_bash_decorator.py took 0.096 seconds
[2024-09-22T11:34:56.335+0000] {processor.py:186} INFO - Started process (PID=196) to work on /home/airflow/.local/lib/python3.12/site-packages/airflow/example_dags/example_bash_decorator.py
[2024-09-22T11:34:56.342+0000] {processor.py:914} INFO - Processing file /home/airflow/.local/lib/python3.12/site-packages/airflow/example_dags/example_bash_decorator.py for tasks to queue
[2024-09-22T11:34:56.347+0000] {logging_mixin.py:190} INFO - [2024-09-22T11:34:56.345+0000] {dagbag.py:588} INFO - Filling up the DagBag from /home/airflow/.local/lib/python3.12/site-packages/airflow/example_dags/example_bash_decorator.py
[2024-09-22T11:34:56.397+0000] {processor.py:925} INFO - DAG(s) 'example_bash_decorator' retrieved from /home/airflow/.local/lib/python3.12/site-packages/airflow/example_dags/example_bash_decorator.py
[2024-09-22T11:34:56.454+0000] {logging_mixin.py:190} INFO - [2024-09-22T11:34:56.453+0000] {dag.py:3239} INFO - Sync 1 DAGs
[2024-09-22T11:34:56.470+0000] {logging_mixin.py:190} INFO - [2024-09-22T11:34:56.470+0000] {dag.py:4180} INFO - Setting next_dagrun for example_bash_decorator to None, run_after=None
[2024-09-22T11:34:56.498+0000] {processor.py:208} INFO - Processing /home/airflow/.local/lib/python3.12/site-packages/airflow/example_dags/example_bash_decorator.py took 0.168 seconds
[2024-09-22T11:35:26.730+0000] {processor.py:186} INFO - Started process (PID=259) to work on /home/airflow/.local/lib/python3.12/site-packages/airflow/example_dags/example_bash_decorator.py
[2024-09-22T11:35:26.731+0000] {processor.py:914} INFO - Processing file /home/airflow/.local/lib/python3.12/site-packages/airflow/example_dags/example_bash_decorator.py for tasks to queue
[2024-09-22T11:35:26.733+0000] {logging_mixin.py:190} INFO - [2024-09-22T11:35:26.732+0000] {dagbag.py:588} INFO - Filling up the DagBag from /home/airflow/.local/lib/python3.12/site-packages/airflow/example_dags/example_bash_decorator.py
[2024-09-22T11:35:26.748+0000] {processor.py:925} INFO - DAG(s) 'example_bash_decorator' retrieved from /home/airflow/.local/lib/python3.12/site-packages/airflow/example_dags/example_bash_decorator.py
[2024-09-22T11:35:26.775+0000] {logging_mixin.py:190} INFO - [2024-09-22T11:35:26.775+0000] {dag.py:3239} INFO - Sync 1 DAGs
[2024-09-22T11:35:26.790+0000] {logging_mixin.py:190} INFO - [2024-09-22T11:35:26.790+0000] {dag.py:4180} INFO - Setting next_dagrun for example_bash_decorator to None, run_after=None
[2024-09-22T11:35:26.812+0000] {processor.py:208} INFO - Processing /home/airflow/.local/lib/python3.12/site-packages/airflow/example_dags/example_bash_decorator.py took 0.087 seconds
