[2024-09-22T11:28:40.420+0000] {processor.py:186} INFO - Started process (PID=95) to work on /home/airflow/.local/lib/python3.12/site-packages/airflow/example_dags/example_sla_dag.py
[2024-09-22T11:28:40.422+0000] {processor.py:914} INFO - Processing file /home/airflow/.local/lib/python3.12/site-packages/airflow/example_dags/example_sla_dag.py for tasks to queue
[2024-09-22T11:28:40.427+0000] {logging_mixin.py:190} INFO - [2024-09-22T11:28:40.425+0000] {dagbag.py:588} INFO - Filling up the DagBag from /home/airflow/.local/lib/python3.12/site-packages/airflow/example_dags/example_sla_dag.py
[2024-09-22T11:28:40.457+0000] {processor.py:925} INFO - DAG(s) 'example_sla_dag' retrieved from /home/airflow/.local/lib/python3.12/site-packages/airflow/example_dags/example_sla_dag.py
[2024-09-22T11:28:40.806+0000] {logging_mixin.py:190} INFO - [2024-09-22T11:28:40.804+0000] {override.py:1900} INFO - Created Permission View: can read on DAG:example_sla_dag
[2024-09-22T11:28:40.836+0000] {logging_mixin.py:190} INFO - [2024-09-22T11:28:40.836+0000] {override.py:1900} INFO - Created Permission View: can delete on DAG:example_sla_dag
[2024-09-22T11:28:40.848+0000] {logging_mixin.py:190} INFO - [2024-09-22T11:28:40.847+0000] {override.py:1900} INFO - Created Permission View: can edit on DAG:example_sla_dag
[2024-09-22T11:28:40.863+0000] {logging_mixin.py:190} INFO - [2024-09-22T11:28:40.863+0000] {override.py:1900} INFO - Created Permission View: menu access on DAG Run:example_sla_dag
[2024-09-22T11:28:40.880+0000] {logging_mixin.py:190} INFO - [2024-09-22T11:28:40.879+0000] {override.py:1900} INFO - Created Permission View: can read on DAG Run:example_sla_dag
[2024-09-22T11:28:40.898+0000] {logging_mixin.py:190} INFO - [2024-09-22T11:28:40.897+0000] {override.py:1900} INFO - Created Permission View: can delete on DAG Run:example_sla_dag
[2024-09-22T11:28:40.917+0000] {logging_mixin.py:190} INFO - [2024-09-22T11:28:40.914+0000] {override.py:1900} INFO - Created Permission View: can create on DAG Run:example_sla_dag
[2024-09-22T11:28:40.918+0000] {logging_mixin.py:190} INFO - [2024-09-22T11:28:40.918+0000] {dag.py:3239} INFO - Sync 1 DAGs
[2024-09-22T11:28:40.952+0000] {logging_mixin.py:190} INFO - [2024-09-22T11:28:40.951+0000] {dag.py:3262} INFO - Creating ORM DAG for example_sla_dag
[2024-09-22T11:28:40.972+0000] {logging_mixin.py:190} INFO - [2024-09-22T11:28:40.971+0000] {dag.py:4180} INFO - Setting next_dagrun for example_sla_dag to 2024-09-22 11:26:00+00:00, run_after=2024-09-22 11:28:00+00:00
[2024-09-22T11:28:41.018+0000] {processor.py:208} INFO - Processing /home/airflow/.local/lib/python3.12/site-packages/airflow/example_dags/example_sla_dag.py took 0.615 seconds
[2024-09-22T11:29:11.204+0000] {processor.py:186} INFO - Started process (PID=156) to work on /home/airflow/.local/lib/python3.12/site-packages/airflow/example_dags/example_sla_dag.py
[2024-09-22T11:29:11.206+0000] {processor.py:914} INFO - Processing file /home/airflow/.local/lib/python3.12/site-packages/airflow/example_dags/example_sla_dag.py for tasks to queue
[2024-09-22T11:29:11.209+0000] {logging_mixin.py:190} INFO - [2024-09-22T11:29:11.208+0000] {dagbag.py:588} INFO - Filling up the DagBag from /home/airflow/.local/lib/python3.12/site-packages/airflow/example_dags/example_sla_dag.py
[2024-09-22T11:29:11.220+0000] {processor.py:925} INFO - DAG(s) 'example_sla_dag' retrieved from /home/airflow/.local/lib/python3.12/site-packages/airflow/example_dags/example_sla_dag.py
[2024-09-22T11:29:11.248+0000] {logging_mixin.py:190} INFO - [2024-09-22T11:29:11.247+0000] {dag.py:3239} INFO - Sync 1 DAGs
[2024-09-22T11:29:11.285+0000] {logging_mixin.py:190} INFO - [2024-09-22T11:29:11.284+0000] {dag.py:4180} INFO - Setting next_dagrun for example_sla_dag to 2024-09-22 11:26:00+00:00, run_after=2024-09-22 11:28:00+00:00
[2024-09-22T11:29:11.306+0000] {processor.py:208} INFO - Processing /home/airflow/.local/lib/python3.12/site-packages/airflow/example_dags/example_sla_dag.py took 0.106 seconds
[2024-09-22T11:29:52.026+0000] {processor.py:186} INFO - Started process (PID=219) to work on /home/airflow/.local/lib/python3.12/site-packages/airflow/example_dags/example_sla_dag.py
[2024-09-22T11:29:52.028+0000] {processor.py:914} INFO - Processing file /home/airflow/.local/lib/python3.12/site-packages/airflow/example_dags/example_sla_dag.py for tasks to queue
[2024-09-22T11:29:52.040+0000] {logging_mixin.py:190} INFO - [2024-09-22T11:29:52.040+0000] {dagbag.py:588} INFO - Filling up the DagBag from /home/airflow/.local/lib/python3.12/site-packages/airflow/example_dags/example_sla_dag.py
[2024-09-22T11:29:52.058+0000] {processor.py:925} INFO - DAG(s) 'example_sla_dag' retrieved from /home/airflow/.local/lib/python3.12/site-packages/airflow/example_dags/example_sla_dag.py
[2024-09-22T11:29:52.106+0000] {logging_mixin.py:190} INFO - [2024-09-22T11:29:52.105+0000] {dag.py:3239} INFO - Sync 1 DAGs
[2024-09-22T11:29:52.173+0000] {logging_mixin.py:190} INFO - [2024-09-22T11:29:52.173+0000] {dag.py:4180} INFO - Setting next_dagrun for example_sla_dag to 2024-09-22 11:26:00+00:00, run_after=2024-09-22 11:28:00+00:00
[2024-09-22T11:29:52.230+0000] {processor.py:208} INFO - Processing /home/airflow/.local/lib/python3.12/site-packages/airflow/example_dags/example_sla_dag.py took 0.210 seconds
[2024-09-22T11:32:51.660+0000] {processor.py:186} INFO - Started process (PID=80) to work on /home/airflow/.local/lib/python3.12/site-packages/airflow/example_dags/example_sla_dag.py
[2024-09-22T11:32:51.661+0000] {processor.py:914} INFO - Processing file /home/airflow/.local/lib/python3.12/site-packages/airflow/example_dags/example_sla_dag.py for tasks to queue
[2024-09-22T11:32:51.664+0000] {logging_mixin.py:190} INFO - [2024-09-22T11:32:51.663+0000] {dagbag.py:588} INFO - Filling up the DagBag from /home/airflow/.local/lib/python3.12/site-packages/airflow/example_dags/example_sla_dag.py
[2024-09-22T11:32:51.678+0000] {processor.py:925} INFO - DAG(s) 'example_sla_dag' retrieved from /home/airflow/.local/lib/python3.12/site-packages/airflow/example_dags/example_sla_dag.py
[2024-09-22T11:32:51.717+0000] {logging_mixin.py:190} INFO - [2024-09-22T11:32:51.716+0000] {dag.py:3239} INFO - Sync 1 DAGs
[2024-09-22T11:32:51.791+0000] {logging_mixin.py:190} INFO - [2024-09-22T11:32:51.791+0000] {dag.py:4180} INFO - Setting next_dagrun for example_sla_dag to 2024-09-22 11:30:00+00:00, run_after=2024-09-22 11:32:00+00:00
[2024-09-22T11:32:51.831+0000] {processor.py:208} INFO - Processing /home/airflow/.local/lib/python3.12/site-packages/airflow/example_dags/example_sla_dag.py took 0.177 seconds
[2024-09-22T11:33:22.674+0000] {processor.py:186} INFO - Started process (PID=142) to work on /home/airflow/.local/lib/python3.12/site-packages/airflow/example_dags/example_sla_dag.py
[2024-09-22T11:33:22.676+0000] {processor.py:914} INFO - Processing file /home/airflow/.local/lib/python3.12/site-packages/airflow/example_dags/example_sla_dag.py for tasks to queue
[2024-09-22T11:33:22.680+0000] {logging_mixin.py:190} INFO - [2024-09-22T11:33:22.679+0000] {dagbag.py:588} INFO - Filling up the DagBag from /home/airflow/.local/lib/python3.12/site-packages/airflow/example_dags/example_sla_dag.py
[2024-09-22T11:33:22.709+0000] {processor.py:925} INFO - DAG(s) 'example_sla_dag' retrieved from /home/airflow/.local/lib/python3.12/site-packages/airflow/example_dags/example_sla_dag.py
[2024-09-22T11:33:22.757+0000] {logging_mixin.py:190} INFO - [2024-09-22T11:33:22.756+0000] {dag.py:3239} INFO - Sync 1 DAGs
[2024-09-22T11:33:22.802+0000] {logging_mixin.py:190} INFO - [2024-09-22T11:33:22.801+0000] {dag.py:4180} INFO - Setting next_dagrun for example_sla_dag to 2024-09-22 11:30:00+00:00, run_after=2024-09-22 11:32:00+00:00
[2024-09-22T11:33:22.832+0000] {processor.py:208} INFO - Processing /home/airflow/.local/lib/python3.12/site-packages/airflow/example_dags/example_sla_dag.py took 0.168 seconds
[2024-09-22T11:34:58.295+0000] {processor.py:186} INFO - Started process (PID=213) to work on /home/airflow/.local/lib/python3.12/site-packages/airflow/example_dags/example_sla_dag.py
[2024-09-22T11:34:58.297+0000] {processor.py:914} INFO - Processing file /home/airflow/.local/lib/python3.12/site-packages/airflow/example_dags/example_sla_dag.py for tasks to queue
[2024-09-22T11:34:58.300+0000] {logging_mixin.py:190} INFO - [2024-09-22T11:34:58.299+0000] {dagbag.py:588} INFO - Filling up the DagBag from /home/airflow/.local/lib/python3.12/site-packages/airflow/example_dags/example_sla_dag.py
[2024-09-22T11:34:58.314+0000] {processor.py:925} INFO - DAG(s) 'example_sla_dag' retrieved from /home/airflow/.local/lib/python3.12/site-packages/airflow/example_dags/example_sla_dag.py
[2024-09-22T11:34:58.344+0000] {logging_mixin.py:190} INFO - [2024-09-22T11:34:58.344+0000] {dag.py:3239} INFO - Sync 1 DAGs
[2024-09-22T11:34:58.375+0000] {logging_mixin.py:190} INFO - [2024-09-22T11:34:58.375+0000] {dag.py:4180} INFO - Setting next_dagrun for example_sla_dag to 2024-09-22 11:32:00+00:00, run_after=2024-09-22 11:34:00+00:00
[2024-09-22T11:34:58.404+0000] {processor.py:208} INFO - Processing /home/airflow/.local/lib/python3.12/site-packages/airflow/example_dags/example_sla_dag.py took 0.116 seconds
[2024-09-22T11:35:28.550+0000] {processor.py:186} INFO - Started process (PID=275) to work on /home/airflow/.local/lib/python3.12/site-packages/airflow/example_dags/example_sla_dag.py
[2024-09-22T11:35:28.552+0000] {processor.py:914} INFO - Processing file /home/airflow/.local/lib/python3.12/site-packages/airflow/example_dags/example_sla_dag.py for tasks to queue
[2024-09-22T11:35:28.554+0000] {logging_mixin.py:190} INFO - [2024-09-22T11:35:28.554+0000] {dagbag.py:588} INFO - Filling up the DagBag from /home/airflow/.local/lib/python3.12/site-packages/airflow/example_dags/example_sla_dag.py
[2024-09-22T11:35:28.564+0000] {processor.py:925} INFO - DAG(s) 'example_sla_dag' retrieved from /home/airflow/.local/lib/python3.12/site-packages/airflow/example_dags/example_sla_dag.py
[2024-09-22T11:35:28.583+0000] {logging_mixin.py:190} INFO - [2024-09-22T11:35:28.583+0000] {dag.py:3239} INFO - Sync 1 DAGs
[2024-09-22T11:35:28.610+0000] {logging_mixin.py:190} INFO - [2024-09-22T11:35:28.610+0000] {dag.py:4180} INFO - Setting next_dagrun for example_sla_dag to 2024-09-22 11:32:00+00:00, run_after=2024-09-22 11:34:00+00:00
[2024-09-22T11:35:28.633+0000] {processor.py:208} INFO - Processing /home/airflow/.local/lib/python3.12/site-packages/airflow/example_dags/example_sla_dag.py took 0.087 seconds
