[2024-09-22T11:28:28.050+0000] {processor.py:186} INFO - Started process (PID=77) to work on /home/airflow/.local/lib/python3.12/site-packages/airflow/example_dags/example_kubernetes_executor.py
[2024-09-22T11:28:28.056+0000] {processor.py:914} INFO - Processing file /home/airflow/.local/lib/python3.12/site-packages/airflow/example_dags/example_kubernetes_executor.py for tasks to queue
[2024-09-22T11:28:28.135+0000] {logging_mixin.py:190} INFO - [2024-09-22T11:28:28.131+0000] {dagbag.py:588} INFO - Filling up the DagBag from /home/airflow/.local/lib/python3.12/site-packages/airflow/example_dags/example_kubernetes_executor.py
[2024-09-22T11:28:28.679+0000] {processor.py:925} INFO - DAG(s) 'example_kubernetes_executor' retrieved from /home/airflow/.local/lib/python3.12/site-packages/airflow/example_dags/example_kubernetes_executor.py
[2024-09-22T11:28:29.486+0000] {logging_mixin.py:190} INFO - [2024-09-22T11:28:29.485+0000] {override.py:1900} INFO - Created Permission View: can read on DAG:example_kubernetes_executor
[2024-09-22T11:28:29.524+0000] {logging_mixin.py:190} INFO - [2024-09-22T11:28:29.523+0000] {override.py:1900} INFO - Created Permission View: can delete on DAG:example_kubernetes_executor
[2024-09-22T11:28:29.581+0000] {logging_mixin.py:190} INFO - [2024-09-22T11:28:29.578+0000] {override.py:1900} INFO - Created Permission View: can edit on DAG:example_kubernetes_executor
[2024-09-22T11:28:29.614+0000] {logging_mixin.py:190} INFO - [2024-09-22T11:28:29.612+0000] {override.py:1900} INFO - Created Permission View: menu access on DAG Run:example_kubernetes_executor
[2024-09-22T11:28:29.638+0000] {logging_mixin.py:190} INFO - [2024-09-22T11:28:29.636+0000] {override.py:1900} INFO - Created Permission View: can read on DAG Run:example_kubernetes_executor
[2024-09-22T11:28:29.653+0000] {logging_mixin.py:190} INFO - [2024-09-22T11:28:29.652+0000] {override.py:1900} INFO - Created Permission View: can delete on DAG Run:example_kubernetes_executor
[2024-09-22T11:28:29.667+0000] {logging_mixin.py:190} INFO - [2024-09-22T11:28:29.667+0000] {override.py:1900} INFO - Created Permission View: can create on DAG Run:example_kubernetes_executor
[2024-09-22T11:28:29.668+0000] {logging_mixin.py:190} INFO - [2024-09-22T11:28:29.668+0000] {dag.py:3239} INFO - Sync 1 DAGs
[2024-09-22T11:28:29.730+0000] {logging_mixin.py:190} INFO - [2024-09-22T11:28:29.729+0000] {dag.py:3262} INFO - Creating ORM DAG for example_kubernetes_executor
[2024-09-22T11:28:29.731+0000] {logging_mixin.py:190} INFO - [2024-09-22T11:28:29.731+0000] {dag.py:4180} INFO - Setting next_dagrun for example_kubernetes_executor to None, run_after=None
[2024-09-22T11:28:29.781+0000] {processor.py:208} INFO - Processing /home/airflow/.local/lib/python3.12/site-packages/airflow/example_dags/example_kubernetes_executor.py took 1.765 seconds
[2024-09-22T11:29:00.081+0000] {processor.py:186} INFO - Started process (PID=139) to work on /home/airflow/.local/lib/python3.12/site-packages/airflow/example_dags/example_kubernetes_executor.py
[2024-09-22T11:29:00.083+0000] {processor.py:914} INFO - Processing file /home/airflow/.local/lib/python3.12/site-packages/airflow/example_dags/example_kubernetes_executor.py for tasks to queue
[2024-09-22T11:29:00.086+0000] {logging_mixin.py:190} INFO - [2024-09-22T11:29:00.085+0000] {dagbag.py:588} INFO - Filling up the DagBag from /home/airflow/.local/lib/python3.12/site-packages/airflow/example_dags/example_kubernetes_executor.py
[2024-09-22T11:29:00.131+0000] {processor.py:925} INFO - DAG(s) 'example_kubernetes_executor' retrieved from /home/airflow/.local/lib/python3.12/site-packages/airflow/example_dags/example_kubernetes_executor.py
[2024-09-22T11:29:00.206+0000] {logging_mixin.py:190} INFO - [2024-09-22T11:29:00.205+0000] {dag.py:3239} INFO - Sync 1 DAGs
[2024-09-22T11:29:00.222+0000] {logging_mixin.py:190} INFO - [2024-09-22T11:29:00.222+0000] {dag.py:4180} INFO - Setting next_dagrun for example_kubernetes_executor to None, run_after=None
[2024-09-22T11:29:00.274+0000] {processor.py:208} INFO - Processing /home/airflow/.local/lib/python3.12/site-packages/airflow/example_dags/example_kubernetes_executor.py took 0.200 seconds
[2024-09-22T11:29:30.544+0000] {processor.py:186} INFO - Started process (PID=201) to work on /home/airflow/.local/lib/python3.12/site-packages/airflow/example_dags/example_kubernetes_executor.py
[2024-09-22T11:29:30.548+0000] {processor.py:914} INFO - Processing file /home/airflow/.local/lib/python3.12/site-packages/airflow/example_dags/example_kubernetes_executor.py for tasks to queue
[2024-09-22T11:29:30.585+0000] {logging_mixin.py:190} INFO - [2024-09-22T11:29:30.584+0000] {dagbag.py:588} INFO - Filling up the DagBag from /home/airflow/.local/lib/python3.12/site-packages/airflow/example_dags/example_kubernetes_executor.py
[2024-09-22T11:29:30.634+0000] {processor.py:925} INFO - DAG(s) 'example_kubernetes_executor' retrieved from /home/airflow/.local/lib/python3.12/site-packages/airflow/example_dags/example_kubernetes_executor.py
[2024-09-22T11:29:30.829+0000] {logging_mixin.py:190} INFO - [2024-09-22T11:29:30.828+0000] {dag.py:3239} INFO - Sync 1 DAGs
[2024-09-22T11:29:30.909+0000] {logging_mixin.py:190} INFO - [2024-09-22T11:29:30.908+0000] {dag.py:4180} INFO - Setting next_dagrun for example_kubernetes_executor to None, run_after=None
[2024-09-22T11:29:31.104+0000] {processor.py:208} INFO - Processing /home/airflow/.local/lib/python3.12/site-packages/airflow/example_dags/example_kubernetes_executor.py took 0.578 seconds
[2024-09-22T11:30:01.870+0000] {processor.py:186} INFO - Started process (PID=263) to work on /home/airflow/.local/lib/python3.12/site-packages/airflow/example_dags/example_kubernetes_executor.py
[2024-09-22T11:30:01.871+0000] {processor.py:914} INFO - Processing file /home/airflow/.local/lib/python3.12/site-packages/airflow/example_dags/example_kubernetes_executor.py for tasks to queue
[2024-09-22T11:30:01.874+0000] {logging_mixin.py:190} INFO - [2024-09-22T11:30:01.874+0000] {dagbag.py:588} INFO - Filling up the DagBag from /home/airflow/.local/lib/python3.12/site-packages/airflow/example_dags/example_kubernetes_executor.py
[2024-09-22T11:30:01.893+0000] {processor.py:925} INFO - DAG(s) 'example_kubernetes_executor' retrieved from /home/airflow/.local/lib/python3.12/site-packages/airflow/example_dags/example_kubernetes_executor.py
[2024-09-22T11:30:01.954+0000] {logging_mixin.py:190} INFO - [2024-09-22T11:30:01.953+0000] {dag.py:3239} INFO - Sync 1 DAGs
[2024-09-22T11:30:01.970+0000] {logging_mixin.py:190} INFO - [2024-09-22T11:30:01.970+0000] {dag.py:4180} INFO - Setting next_dagrun for example_kubernetes_executor to None, run_after=None
[2024-09-22T11:30:01.994+0000] {processor.py:208} INFO - Processing /home/airflow/.local/lib/python3.12/site-packages/airflow/example_dags/example_kubernetes_executor.py took 0.130 seconds
[2024-09-22T11:32:46.061+0000] {processor.py:186} INFO - Started process (PID=62) to work on /home/airflow/.local/lib/python3.12/site-packages/airflow/example_dags/example_kubernetes_executor.py
[2024-09-22T11:32:46.063+0000] {processor.py:914} INFO - Processing file /home/airflow/.local/lib/python3.12/site-packages/airflow/example_dags/example_kubernetes_executor.py for tasks to queue
[2024-09-22T11:32:46.068+0000] {logging_mixin.py:190} INFO - [2024-09-22T11:32:46.068+0000] {dagbag.py:588} INFO - Filling up the DagBag from /home/airflow/.local/lib/python3.12/site-packages/airflow/example_dags/example_kubernetes_executor.py
[2024-09-22T11:32:46.120+0000] {processor.py:925} INFO - DAG(s) 'example_kubernetes_executor' retrieved from /home/airflow/.local/lib/python3.12/site-packages/airflow/example_dags/example_kubernetes_executor.py
[2024-09-22T11:32:46.388+0000] {logging_mixin.py:190} INFO - [2024-09-22T11:32:46.387+0000] {dag.py:3239} INFO - Sync 1 DAGs
[2024-09-22T11:32:46.486+0000] {logging_mixin.py:190} INFO - [2024-09-22T11:32:46.486+0000] {dag.py:4180} INFO - Setting next_dagrun for example_kubernetes_executor to None, run_after=None
[2024-09-22T11:32:46.544+0000] {processor.py:208} INFO - Processing /home/airflow/.local/lib/python3.12/site-packages/airflow/example_dags/example_kubernetes_executor.py took 0.489 seconds
[2024-09-22T11:33:16.757+0000] {processor.py:186} INFO - Started process (PID=124) to work on /home/airflow/.local/lib/python3.12/site-packages/airflow/example_dags/example_kubernetes_executor.py
[2024-09-22T11:33:16.758+0000] {processor.py:914} INFO - Processing file /home/airflow/.local/lib/python3.12/site-packages/airflow/example_dags/example_kubernetes_executor.py for tasks to queue
[2024-09-22T11:33:16.762+0000] {logging_mixin.py:190} INFO - [2024-09-22T11:33:16.761+0000] {dagbag.py:588} INFO - Filling up the DagBag from /home/airflow/.local/lib/python3.12/site-packages/airflow/example_dags/example_kubernetes_executor.py
[2024-09-22T11:33:16.784+0000] {processor.py:925} INFO - DAG(s) 'example_kubernetes_executor' retrieved from /home/airflow/.local/lib/python3.12/site-packages/airflow/example_dags/example_kubernetes_executor.py
[2024-09-22T11:33:16.824+0000] {logging_mixin.py:190} INFO - [2024-09-22T11:33:16.824+0000] {dag.py:3239} INFO - Sync 1 DAGs
[2024-09-22T11:33:16.839+0000] {logging_mixin.py:190} INFO - [2024-09-22T11:33:16.838+0000] {dag.py:4180} INFO - Setting next_dagrun for example_kubernetes_executor to None, run_after=None
[2024-09-22T11:33:16.877+0000] {processor.py:208} INFO - Processing /home/airflow/.local/lib/python3.12/site-packages/airflow/example_dags/example_kubernetes_executor.py took 0.125 seconds
[2024-09-22T11:34:22.896+0000] {processor.py:186} INFO - Started process (PID=186) to work on /home/airflow/.local/lib/python3.12/site-packages/airflow/example_dags/example_kubernetes_executor.py
[2024-09-22T11:34:22.898+0000] {processor.py:914} INFO - Processing file /home/airflow/.local/lib/python3.12/site-packages/airflow/example_dags/example_kubernetes_executor.py for tasks to queue
[2024-09-22T11:34:22.919+0000] {logging_mixin.py:190} INFO - [2024-09-22T11:34:22.908+0000] {dagbag.py:588} INFO - Filling up the DagBag from /home/airflow/.local/lib/python3.12/site-packages/airflow/example_dags/example_kubernetes_executor.py
[2024-09-22T11:34:23.373+0000] {processor.py:925} INFO - DAG(s) 'example_kubernetes_executor' retrieved from /home/airflow/.local/lib/python3.12/site-packages/airflow/example_dags/example_kubernetes_executor.py
[2024-09-22T11:34:55.688+0000] {logging_mixin.py:190} INFO - [2024-09-22T11:34:55.688+0000] {dag.py:3239} INFO - Sync 1 DAGs
[2024-09-22T11:34:55.759+0000] {logging_mixin.py:190} INFO - [2024-09-22T11:34:55.758+0000] {dag.py:4180} INFO - Setting next_dagrun for example_kubernetes_executor to None, run_after=None
[2024-09-22T11:34:55.862+0000] {processor.py:208} INFO - Processing /home/airflow/.local/lib/python3.12/site-packages/airflow/example_dags/example_kubernetes_executor.py took 32.988 seconds
[2024-09-22T11:35:26.330+0000] {processor.py:186} INFO - Started process (PID=250) to work on /home/airflow/.local/lib/python3.12/site-packages/airflow/example_dags/example_kubernetes_executor.py
[2024-09-22T11:35:26.335+0000] {processor.py:914} INFO - Processing file /home/airflow/.local/lib/python3.12/site-packages/airflow/example_dags/example_kubernetes_executor.py for tasks to queue
[2024-09-22T11:35:26.348+0000] {logging_mixin.py:190} INFO - [2024-09-22T11:35:26.347+0000] {dagbag.py:588} INFO - Filling up the DagBag from /home/airflow/.local/lib/python3.12/site-packages/airflow/example_dags/example_kubernetes_executor.py
[2024-09-22T11:35:26.376+0000] {processor.py:925} INFO - DAG(s) 'example_kubernetes_executor' retrieved from /home/airflow/.local/lib/python3.12/site-packages/airflow/example_dags/example_kubernetes_executor.py
[2024-09-22T11:35:26.492+0000] {logging_mixin.py:190} INFO - [2024-09-22T11:35:26.492+0000] {dag.py:3239} INFO - Sync 1 DAGs
[2024-09-22T11:35:26.527+0000] {logging_mixin.py:190} INFO - [2024-09-22T11:35:26.527+0000] {dag.py:4180} INFO - Setting next_dagrun for example_kubernetes_executor to None, run_after=None
[2024-09-22T11:35:26.554+0000] {processor.py:208} INFO - Processing /home/airflow/.local/lib/python3.12/site-packages/airflow/example_dags/example_kubernetes_executor.py took 0.232 seconds
