[2024-09-22T11:28:37.735+0000] {processor.py:186} INFO - Started process (PID=88) to work on /home/airflow/.local/lib/python3.12/site-packages/airflow/example_dags/example_external_task_marker_dag.py
[2024-09-22T11:28:37.736+0000] {processor.py:914} INFO - Processing file /home/airflow/.local/lib/python3.12/site-packages/airflow/example_dags/example_external_task_marker_dag.py for tasks to queue
[2024-09-22T11:28:37.739+0000] {logging_mixin.py:190} INFO - [2024-09-22T11:28:37.739+0000] {dagbag.py:588} INFO - Filling up the DagBag from /home/airflow/.local/lib/python3.12/site-packages/airflow/example_dags/example_external_task_marker_dag.py
[2024-09-22T11:28:37.751+0000] {processor.py:925} INFO - DAG(s) 'example_external_task_marker_parent', 'example_external_task_marker_child' retrieved from /home/airflow/.local/lib/python3.12/site-packages/airflow/example_dags/example_external_task_marker_dag.py
[2024-09-22T11:28:37.895+0000] {logging_mixin.py:190} INFO - [2024-09-22T11:28:37.894+0000] {override.py:1900} INFO - Created Permission View: can read on DAG:example_external_task_marker_parent
[2024-09-22T11:28:37.914+0000] {logging_mixin.py:190} INFO - [2024-09-22T11:28:37.914+0000] {override.py:1900} INFO - Created Permission View: can delete on DAG:example_external_task_marker_parent
[2024-09-22T11:28:37.925+0000] {logging_mixin.py:190} INFO - [2024-09-22T11:28:37.925+0000] {override.py:1900} INFO - Created Permission View: can edit on DAG:example_external_task_marker_parent
[2024-09-22T11:28:37.936+0000] {logging_mixin.py:190} INFO - [2024-09-22T11:28:37.936+0000] {override.py:1900} INFO - Created Permission View: menu access on DAG Run:example_external_task_marker_parent
[2024-09-22T11:28:37.947+0000] {logging_mixin.py:190} INFO - [2024-09-22T11:28:37.946+0000] {override.py:1900} INFO - Created Permission View: can read on DAG Run:example_external_task_marker_parent
[2024-09-22T11:28:37.956+0000] {logging_mixin.py:190} INFO - [2024-09-22T11:28:37.955+0000] {override.py:1900} INFO - Created Permission View: can delete on DAG Run:example_external_task_marker_parent
[2024-09-22T11:28:37.967+0000] {logging_mixin.py:190} INFO - [2024-09-22T11:28:37.966+0000] {override.py:1900} INFO - Created Permission View: can create on DAG Run:example_external_task_marker_parent
[2024-09-22T11:28:37.994+0000] {logging_mixin.py:190} INFO - [2024-09-22T11:28:37.993+0000] {override.py:1900} INFO - Created Permission View: can read on DAG:example_external_task_marker_child
[2024-09-22T11:28:38.007+0000] {logging_mixin.py:190} INFO - [2024-09-22T11:28:38.007+0000] {override.py:1900} INFO - Created Permission View: can delete on DAG:example_external_task_marker_child
[2024-09-22T11:28:38.024+0000] {logging_mixin.py:190} INFO - [2024-09-22T11:28:38.023+0000] {override.py:1900} INFO - Created Permission View: can edit on DAG:example_external_task_marker_child
[2024-09-22T11:28:38.043+0000] {logging_mixin.py:190} INFO - [2024-09-22T11:28:38.043+0000] {override.py:1900} INFO - Created Permission View: menu access on DAG Run:example_external_task_marker_child
[2024-09-22T11:28:38.058+0000] {logging_mixin.py:190} INFO - [2024-09-22T11:28:38.055+0000] {override.py:1900} INFO - Created Permission View: can read on DAG Run:example_external_task_marker_child
[2024-09-22T11:28:38.083+0000] {logging_mixin.py:190} INFO - [2024-09-22T11:28:38.083+0000] {override.py:1900} INFO - Created Permission View: can delete on DAG Run:example_external_task_marker_child
[2024-09-22T11:28:38.109+0000] {logging_mixin.py:190} INFO - [2024-09-22T11:28:38.109+0000] {override.py:1900} INFO - Created Permission View: can create on DAG Run:example_external_task_marker_child
[2024-09-22T11:28:38.110+0000] {logging_mixin.py:190} INFO - [2024-09-22T11:28:38.110+0000] {dag.py:3239} INFO - Sync 2 DAGs
[2024-09-22T11:28:38.150+0000] {logging_mixin.py:190} INFO - [2024-09-22T11:28:38.150+0000] {dag.py:3262} INFO - Creating ORM DAG for example_external_task_marker_child
[2024-09-22T11:28:38.153+0000] {logging_mixin.py:190} INFO - [2024-09-22T11:28:38.152+0000] {dag.py:3262} INFO - Creating ORM DAG for example_external_task_marker_parent
[2024-09-22T11:28:38.156+0000] {logging_mixin.py:190} INFO - [2024-09-22T11:28:38.156+0000] {dag.py:4180} INFO - Setting next_dagrun for example_external_task_marker_child to None, run_after=None
[2024-09-22T11:28:38.161+0000] {logging_mixin.py:190} INFO - [2024-09-22T11:28:38.161+0000] {dag.py:4180} INFO - Setting next_dagrun for example_external_task_marker_parent to None, run_after=None
[2024-09-22T11:28:38.227+0000] {processor.py:208} INFO - Processing /home/airflow/.local/lib/python3.12/site-packages/airflow/example_dags/example_external_task_marker_dag.py took 0.500 seconds
[2024-09-22T11:29:08.399+0000] {processor.py:186} INFO - Started process (PID=149) to work on /home/airflow/.local/lib/python3.12/site-packages/airflow/example_dags/example_external_task_marker_dag.py
[2024-09-22T11:29:08.401+0000] {processor.py:914} INFO - Processing file /home/airflow/.local/lib/python3.12/site-packages/airflow/example_dags/example_external_task_marker_dag.py for tasks to queue
[2024-09-22T11:29:08.404+0000] {logging_mixin.py:190} INFO - [2024-09-22T11:29:08.403+0000] {dagbag.py:588} INFO - Filling up the DagBag from /home/airflow/.local/lib/python3.12/site-packages/airflow/example_dags/example_external_task_marker_dag.py
[2024-09-22T11:29:08.412+0000] {processor.py:925} INFO - DAG(s) 'example_external_task_marker_parent', 'example_external_task_marker_child' retrieved from /home/airflow/.local/lib/python3.12/site-packages/airflow/example_dags/example_external_task_marker_dag.py
[2024-09-22T11:29:08.449+0000] {logging_mixin.py:190} INFO - [2024-09-22T11:29:08.449+0000] {dag.py:3239} INFO - Sync 2 DAGs
[2024-09-22T11:29:08.471+0000] {logging_mixin.py:190} INFO - [2024-09-22T11:29:08.470+0000] {dag.py:4180} INFO - Setting next_dagrun for example_external_task_marker_child to None, run_after=None
[2024-09-22T11:29:08.479+0000] {logging_mixin.py:190} INFO - [2024-09-22T11:29:08.479+0000] {dag.py:4180} INFO - Setting next_dagrun for example_external_task_marker_parent to None, run_after=None
[2024-09-22T11:29:08.506+0000] {processor.py:208} INFO - Processing /home/airflow/.local/lib/python3.12/site-packages/airflow/example_dags/example_external_task_marker_dag.py took 0.113 seconds
[2024-09-22T11:29:39.631+0000] {processor.py:186} INFO - Started process (PID=211) to work on /home/airflow/.local/lib/python3.12/site-packages/airflow/example_dags/example_external_task_marker_dag.py
[2024-09-22T11:29:39.634+0000] {processor.py:914} INFO - Processing file /home/airflow/.local/lib/python3.12/site-packages/airflow/example_dags/example_external_task_marker_dag.py for tasks to queue
[2024-09-22T11:29:39.648+0000] {logging_mixin.py:190} INFO - [2024-09-22T11:29:39.642+0000] {dagbag.py:588} INFO - Filling up the DagBag from /home/airflow/.local/lib/python3.12/site-packages/airflow/example_dags/example_external_task_marker_dag.py
[2024-09-22T11:29:39.722+0000] {processor.py:925} INFO - DAG(s) 'example_external_task_marker_parent', 'example_external_task_marker_child' retrieved from /home/airflow/.local/lib/python3.12/site-packages/airflow/example_dags/example_external_task_marker_dag.py
[2024-09-22T11:29:43.279+0000] {logging_mixin.py:190} INFO - [2024-09-22T11:29:43.274+0000] {dag.py:3239} INFO - Sync 2 DAGs
[2024-09-22T11:29:43.390+0000] {logging_mixin.py:190} INFO - [2024-09-22T11:29:43.390+0000] {dag.py:4180} INFO - Setting next_dagrun for example_external_task_marker_child to None, run_after=None
[2024-09-22T11:29:43.396+0000] {logging_mixin.py:190} INFO - [2024-09-22T11:29:43.396+0000] {dag.py:4180} INFO - Setting next_dagrun for example_external_task_marker_parent to None, run_after=None
[2024-09-22T11:29:43.946+0000] {processor.py:208} INFO - Processing /home/airflow/.local/lib/python3.12/site-packages/airflow/example_dags/example_external_task_marker_dag.py took 4.354 seconds
[2024-09-22T11:30:14.839+0000] {processor.py:186} INFO - Started process (PID=273) to work on /home/airflow/.local/lib/python3.12/site-packages/airflow/example_dags/example_external_task_marker_dag.py
[2024-09-22T11:30:14.840+0000] {processor.py:914} INFO - Processing file /home/airflow/.local/lib/python3.12/site-packages/airflow/example_dags/example_external_task_marker_dag.py for tasks to queue
[2024-09-22T11:30:14.844+0000] {logging_mixin.py:190} INFO - [2024-09-22T11:30:14.844+0000] {dagbag.py:588} INFO - Filling up the DagBag from /home/airflow/.local/lib/python3.12/site-packages/airflow/example_dags/example_external_task_marker_dag.py
[2024-09-22T11:30:14.859+0000] {processor.py:925} INFO - DAG(s) 'example_external_task_marker_child', 'example_external_task_marker_parent' retrieved from /home/airflow/.local/lib/python3.12/site-packages/airflow/example_dags/example_external_task_marker_dag.py
[2024-09-22T11:30:14.890+0000] {logging_mixin.py:190} INFO - [2024-09-22T11:30:14.890+0000] {dag.py:3239} INFO - Sync 2 DAGs
[2024-09-22T11:30:14.911+0000] {logging_mixin.py:190} INFO - [2024-09-22T11:30:14.911+0000] {dag.py:4180} INFO - Setting next_dagrun for example_external_task_marker_child to None, run_after=None
[2024-09-22T11:30:14.917+0000] {logging_mixin.py:190} INFO - [2024-09-22T11:30:14.917+0000] {dag.py:4180} INFO - Setting next_dagrun for example_external_task_marker_parent to None, run_after=None
[2024-09-22T11:30:14.940+0000] {processor.py:208} INFO - Processing /home/airflow/.local/lib/python3.12/site-packages/airflow/example_dags/example_external_task_marker_dag.py took 0.108 seconds
[2024-09-22T11:32:50.110+0000] {processor.py:186} INFO - Started process (PID=73) to work on /home/airflow/.local/lib/python3.12/site-packages/airflow/example_dags/example_external_task_marker_dag.py
[2024-09-22T11:32:50.112+0000] {processor.py:914} INFO - Processing file /home/airflow/.local/lib/python3.12/site-packages/airflow/example_dags/example_external_task_marker_dag.py for tasks to queue
[2024-09-22T11:32:50.116+0000] {logging_mixin.py:190} INFO - [2024-09-22T11:32:50.115+0000] {dagbag.py:588} INFO - Filling up the DagBag from /home/airflow/.local/lib/python3.12/site-packages/airflow/example_dags/example_external_task_marker_dag.py
[2024-09-22T11:32:50.130+0000] {processor.py:925} INFO - DAG(s) 'example_external_task_marker_parent', 'example_external_task_marker_child' retrieved from /home/airflow/.local/lib/python3.12/site-packages/airflow/example_dags/example_external_task_marker_dag.py
[2024-09-22T11:32:50.206+0000] {logging_mixin.py:190} INFO - [2024-09-22T11:32:50.205+0000] {dag.py:3239} INFO - Sync 2 DAGs
[2024-09-22T11:32:50.239+0000] {logging_mixin.py:190} INFO - [2024-09-22T11:32:50.238+0000] {dag.py:4180} INFO - Setting next_dagrun for example_external_task_marker_child to None, run_after=None
[2024-09-22T11:32:50.283+0000] {logging_mixin.py:190} INFO - [2024-09-22T11:32:50.283+0000] {dag.py:4180} INFO - Setting next_dagrun for example_external_task_marker_parent to None, run_after=None
[2024-09-22T11:32:50.384+0000] {processor.py:208} INFO - Processing /home/airflow/.local/lib/python3.12/site-packages/airflow/example_dags/example_external_task_marker_dag.py took 0.281 seconds
[2024-09-22T11:33:21.551+0000] {processor.py:186} INFO - Started process (PID=135) to work on /home/airflow/.local/lib/python3.12/site-packages/airflow/example_dags/example_external_task_marker_dag.py
[2024-09-22T11:33:21.553+0000] {processor.py:914} INFO - Processing file /home/airflow/.local/lib/python3.12/site-packages/airflow/example_dags/example_external_task_marker_dag.py for tasks to queue
[2024-09-22T11:33:21.567+0000] {logging_mixin.py:190} INFO - [2024-09-22T11:33:21.567+0000] {dagbag.py:588} INFO - Filling up the DagBag from /home/airflow/.local/lib/python3.12/site-packages/airflow/example_dags/example_external_task_marker_dag.py
[2024-09-22T11:33:21.576+0000] {processor.py:925} INFO - DAG(s) 'example_external_task_marker_child', 'example_external_task_marker_parent' retrieved from /home/airflow/.local/lib/python3.12/site-packages/airflow/example_dags/example_external_task_marker_dag.py
[2024-09-22T11:33:21.620+0000] {logging_mixin.py:190} INFO - [2024-09-22T11:33:21.620+0000] {dag.py:3239} INFO - Sync 2 DAGs
[2024-09-22T11:33:21.672+0000] {logging_mixin.py:190} INFO - [2024-09-22T11:33:21.672+0000] {dag.py:4180} INFO - Setting next_dagrun for example_external_task_marker_child to None, run_after=None
[2024-09-22T11:33:21.680+0000] {logging_mixin.py:190} INFO - [2024-09-22T11:33:21.679+0000] {dag.py:4180} INFO - Setting next_dagrun for example_external_task_marker_parent to None, run_after=None
[2024-09-22T11:33:21.717+0000] {processor.py:208} INFO - Processing /home/airflow/.local/lib/python3.12/site-packages/airflow/example_dags/example_external_task_marker_dag.py took 0.203 seconds
[2024-09-22T11:34:57.490+0000] {processor.py:186} INFO - Started process (PID=206) to work on /home/airflow/.local/lib/python3.12/site-packages/airflow/example_dags/example_external_task_marker_dag.py
[2024-09-22T11:34:57.491+0000] {processor.py:914} INFO - Processing file /home/airflow/.local/lib/python3.12/site-packages/airflow/example_dags/example_external_task_marker_dag.py for tasks to queue
[2024-09-22T11:34:57.493+0000] {logging_mixin.py:190} INFO - [2024-09-22T11:34:57.493+0000] {dagbag.py:588} INFO - Filling up the DagBag from /home/airflow/.local/lib/python3.12/site-packages/airflow/example_dags/example_external_task_marker_dag.py
[2024-09-22T11:34:57.504+0000] {processor.py:925} INFO - DAG(s) 'example_external_task_marker_parent', 'example_external_task_marker_child' retrieved from /home/airflow/.local/lib/python3.12/site-packages/airflow/example_dags/example_external_task_marker_dag.py
[2024-09-22T11:34:57.537+0000] {logging_mixin.py:190} INFO - [2024-09-22T11:34:57.537+0000] {dag.py:3239} INFO - Sync 2 DAGs
[2024-09-22T11:34:57.556+0000] {logging_mixin.py:190} INFO - [2024-09-22T11:34:57.555+0000] {dag.py:4180} INFO - Setting next_dagrun for example_external_task_marker_child to None, run_after=None
[2024-09-22T11:34:57.561+0000] {logging_mixin.py:190} INFO - [2024-09-22T11:34:57.561+0000] {dag.py:4180} INFO - Setting next_dagrun for example_external_task_marker_parent to None, run_after=None
[2024-09-22T11:34:57.586+0000] {processor.py:208} INFO - Processing /home/airflow/.local/lib/python3.12/site-packages/airflow/example_dags/example_external_task_marker_dag.py took 0.103 seconds
[2024-09-22T11:35:27.707+0000] {processor.py:186} INFO - Started process (PID=268) to work on /home/airflow/.local/lib/python3.12/site-packages/airflow/example_dags/example_external_task_marker_dag.py
[2024-09-22T11:35:27.709+0000] {processor.py:914} INFO - Processing file /home/airflow/.local/lib/python3.12/site-packages/airflow/example_dags/example_external_task_marker_dag.py for tasks to queue
[2024-09-22T11:35:27.710+0000] {logging_mixin.py:190} INFO - [2024-09-22T11:35:27.710+0000] {dagbag.py:588} INFO - Filling up the DagBag from /home/airflow/.local/lib/python3.12/site-packages/airflow/example_dags/example_external_task_marker_dag.py
[2024-09-22T11:35:27.719+0000] {processor.py:925} INFO - DAG(s) 'example_external_task_marker_parent', 'example_external_task_marker_child' retrieved from /home/airflow/.local/lib/python3.12/site-packages/airflow/example_dags/example_external_task_marker_dag.py
[2024-09-22T11:35:27.750+0000] {logging_mixin.py:190} INFO - [2024-09-22T11:35:27.750+0000] {dag.py:3239} INFO - Sync 2 DAGs
[2024-09-22T11:35:27.764+0000] {logging_mixin.py:190} INFO - [2024-09-22T11:35:27.764+0000] {dag.py:4180} INFO - Setting next_dagrun for example_external_task_marker_child to None, run_after=None
[2024-09-22T11:35:27.769+0000] {logging_mixin.py:190} INFO - [2024-09-22T11:35:27.769+0000] {dag.py:4180} INFO - Setting next_dagrun for example_external_task_marker_parent to None, run_after=None
[2024-09-22T11:35:27.789+0000] {processor.py:208} INFO - Processing /home/airflow/.local/lib/python3.12/site-packages/airflow/example_dags/example_external_task_marker_dag.py took 0.087 seconds
