[2024-09-22T11:28:45.309+0000] {processor.py:186} INFO - Started process (PID=105) to work on /home/airflow/.local/lib/python3.12/site-packages/airflow/example_dags/example_task_group.py
[2024-09-22T11:28:45.312+0000] {processor.py:914} INFO - Processing file /home/airflow/.local/lib/python3.12/site-packages/airflow/example_dags/example_task_group.py for tasks to queue
[2024-09-22T11:28:45.315+0000] {logging_mixin.py:190} INFO - [2024-09-22T11:28:45.314+0000] {dagbag.py:588} INFO - Filling up the DagBag from /home/airflow/.local/lib/python3.12/site-packages/airflow/example_dags/example_task_group.py
[2024-09-22T11:28:45.330+0000] {processor.py:925} INFO - DAG(s) 'example_task_group' retrieved from /home/airflow/.local/lib/python3.12/site-packages/airflow/example_dags/example_task_group.py
[2024-09-22T11:28:45.586+0000] {logging_mixin.py:190} INFO - [2024-09-22T11:28:45.584+0000] {override.py:1900} INFO - Created Permission View: can read on DAG:example_task_group
[2024-09-22T11:28:45.599+0000] {logging_mixin.py:190} INFO - [2024-09-22T11:28:45.599+0000] {override.py:1900} INFO - Created Permission View: can delete on DAG:example_task_group
[2024-09-22T11:28:45.610+0000] {logging_mixin.py:190} INFO - [2024-09-22T11:28:45.609+0000] {override.py:1900} INFO - Created Permission View: can edit on DAG:example_task_group
[2024-09-22T11:28:45.639+0000] {logging_mixin.py:190} INFO - [2024-09-22T11:28:45.639+0000] {override.py:1900} INFO - Created Permission View: menu access on DAG Run:example_task_group
[2024-09-22T11:28:45.657+0000] {logging_mixin.py:190} INFO - [2024-09-22T11:28:45.656+0000] {override.py:1900} INFO - Created Permission View: can read on DAG Run:example_task_group
[2024-09-22T11:28:45.708+0000] {logging_mixin.py:190} INFO - [2024-09-22T11:28:45.706+0000] {override.py:1900} INFO - Created Permission View: can delete on DAG Run:example_task_group
[2024-09-22T11:28:45.755+0000] {logging_mixin.py:190} INFO - [2024-09-22T11:28:45.754+0000] {override.py:1900} INFO - Created Permission View: can create on DAG Run:example_task_group
[2024-09-22T11:28:45.756+0000] {logging_mixin.py:190} INFO - [2024-09-22T11:28:45.756+0000] {dag.py:3239} INFO - Sync 1 DAGs
[2024-09-22T11:28:45.796+0000] {logging_mixin.py:190} INFO - [2024-09-22T11:28:45.795+0000] {dag.py:3262} INFO - Creating ORM DAG for example_task_group
[2024-09-22T11:28:45.799+0000] {logging_mixin.py:190} INFO - [2024-09-22T11:28:45.798+0000] {dag.py:4180} INFO - Setting next_dagrun for example_task_group to None, run_after=None
[2024-09-22T11:28:45.884+0000] {processor.py:208} INFO - Processing /home/airflow/.local/lib/python3.12/site-packages/airflow/example_dags/example_task_group.py took 0.582 seconds
[2024-09-22T11:29:16.080+0000] {processor.py:186} INFO - Started process (PID=167) to work on /home/airflow/.local/lib/python3.12/site-packages/airflow/example_dags/example_task_group.py
[2024-09-22T11:29:16.081+0000] {processor.py:914} INFO - Processing file /home/airflow/.local/lib/python3.12/site-packages/airflow/example_dags/example_task_group.py for tasks to queue
[2024-09-22T11:29:16.084+0000] {logging_mixin.py:190} INFO - [2024-09-22T11:29:16.083+0000] {dagbag.py:588} INFO - Filling up the DagBag from /home/airflow/.local/lib/python3.12/site-packages/airflow/example_dags/example_task_group.py
[2024-09-22T11:29:16.093+0000] {processor.py:925} INFO - DAG(s) 'example_task_group' retrieved from /home/airflow/.local/lib/python3.12/site-packages/airflow/example_dags/example_task_group.py
[2024-09-22T11:29:16.118+0000] {logging_mixin.py:190} INFO - [2024-09-22T11:29:16.117+0000] {dag.py:3239} INFO - Sync 1 DAGs
[2024-09-22T11:29:16.133+0000] {logging_mixin.py:190} INFO - [2024-09-22T11:29:16.133+0000] {dag.py:4180} INFO - Setting next_dagrun for example_task_group to None, run_after=None
[2024-09-22T11:29:16.171+0000] {processor.py:208} INFO - Processing /home/airflow/.local/lib/python3.12/site-packages/airflow/example_dags/example_task_group.py took 0.096 seconds
[2024-09-22T11:29:54.585+0000] {processor.py:186} INFO - Started process (PID=229) to work on /home/airflow/.local/lib/python3.12/site-packages/airflow/example_dags/example_task_group.py
[2024-09-22T11:29:54.590+0000] {processor.py:914} INFO - Processing file /home/airflow/.local/lib/python3.12/site-packages/airflow/example_dags/example_task_group.py for tasks to queue
[2024-09-22T11:29:54.598+0000] {logging_mixin.py:190} INFO - [2024-09-22T11:29:54.594+0000] {dagbag.py:588} INFO - Filling up the DagBag from /home/airflow/.local/lib/python3.12/site-packages/airflow/example_dags/example_task_group.py
[2024-09-22T11:29:54.620+0000] {processor.py:925} INFO - DAG(s) 'example_task_group' retrieved from /home/airflow/.local/lib/python3.12/site-packages/airflow/example_dags/example_task_group.py
[2024-09-22T11:29:54.665+0000] {logging_mixin.py:190} INFO - [2024-09-22T11:29:54.665+0000] {dag.py:3239} INFO - Sync 1 DAGs
[2024-09-22T11:29:54.691+0000] {logging_mixin.py:190} INFO - [2024-09-22T11:29:54.691+0000] {dag.py:4180} INFO - Setting next_dagrun for example_task_group to None, run_after=None
[2024-09-22T11:29:54.779+0000] {processor.py:208} INFO - Processing /home/airflow/.local/lib/python3.12/site-packages/airflow/example_dags/example_task_group.py took 0.200 seconds
[2024-09-22T11:32:52.955+0000] {processor.py:186} INFO - Started process (PID=90) to work on /home/airflow/.local/lib/python3.12/site-packages/airflow/example_dags/example_task_group.py
[2024-09-22T11:32:52.957+0000] {processor.py:914} INFO - Processing file /home/airflow/.local/lib/python3.12/site-packages/airflow/example_dags/example_task_group.py for tasks to queue
[2024-09-22T11:32:52.961+0000] {logging_mixin.py:190} INFO - [2024-09-22T11:32:52.960+0000] {dagbag.py:588} INFO - Filling up the DagBag from /home/airflow/.local/lib/python3.12/site-packages/airflow/example_dags/example_task_group.py
[2024-09-22T11:32:52.994+0000] {processor.py:925} INFO - DAG(s) 'example_task_group' retrieved from /home/airflow/.local/lib/python3.12/site-packages/airflow/example_dags/example_task_group.py
[2024-09-22T11:32:53.043+0000] {logging_mixin.py:190} INFO - [2024-09-22T11:32:53.043+0000] {dag.py:3239} INFO - Sync 1 DAGs
[2024-09-22T11:32:53.066+0000] {logging_mixin.py:190} INFO - [2024-09-22T11:32:53.066+0000] {dag.py:4180} INFO - Setting next_dagrun for example_task_group to None, run_after=None
[2024-09-22T11:32:53.113+0000] {processor.py:208} INFO - Processing /home/airflow/.local/lib/python3.12/site-packages/airflow/example_dags/example_task_group.py took 0.188 seconds
[2024-09-22T11:33:23.856+0000] {processor.py:186} INFO - Started process (PID=152) to work on /home/airflow/.local/lib/python3.12/site-packages/airflow/example_dags/example_task_group.py
[2024-09-22T11:33:23.857+0000] {processor.py:914} INFO - Processing file /home/airflow/.local/lib/python3.12/site-packages/airflow/example_dags/example_task_group.py for tasks to queue
[2024-09-22T11:33:23.861+0000] {logging_mixin.py:190} INFO - [2024-09-22T11:33:23.860+0000] {dagbag.py:588} INFO - Filling up the DagBag from /home/airflow/.local/lib/python3.12/site-packages/airflow/example_dags/example_task_group.py
[2024-09-22T11:33:23.870+0000] {processor.py:925} INFO - DAG(s) 'example_task_group' retrieved from /home/airflow/.local/lib/python3.12/site-packages/airflow/example_dags/example_task_group.py
[2024-09-22T11:33:23.906+0000] {logging_mixin.py:190} INFO - [2024-09-22T11:33:23.905+0000] {dag.py:3239} INFO - Sync 1 DAGs
[2024-09-22T11:33:23.940+0000] {logging_mixin.py:190} INFO - [2024-09-22T11:33:23.939+0000] {dag.py:4180} INFO - Setting next_dagrun for example_task_group to None, run_after=None
[2024-09-22T11:33:23.970+0000] {processor.py:208} INFO - Processing /home/airflow/.local/lib/python3.12/site-packages/airflow/example_dags/example_task_group.py took 0.119 seconds
[2024-09-22T11:34:59.315+0000] {processor.py:186} INFO - Started process (PID=223) to work on /home/airflow/.local/lib/python3.12/site-packages/airflow/example_dags/example_task_group.py
[2024-09-22T11:34:59.317+0000] {processor.py:914} INFO - Processing file /home/airflow/.local/lib/python3.12/site-packages/airflow/example_dags/example_task_group.py for tasks to queue
[2024-09-22T11:34:59.319+0000] {logging_mixin.py:190} INFO - [2024-09-22T11:34:59.318+0000] {dagbag.py:588} INFO - Filling up the DagBag from /home/airflow/.local/lib/python3.12/site-packages/airflow/example_dags/example_task_group.py
[2024-09-22T11:34:59.328+0000] {processor.py:925} INFO - DAG(s) 'example_task_group' retrieved from /home/airflow/.local/lib/python3.12/site-packages/airflow/example_dags/example_task_group.py
[2024-09-22T11:34:59.357+0000] {logging_mixin.py:190} INFO - [2024-09-22T11:34:59.357+0000] {dag.py:3239} INFO - Sync 1 DAGs
[2024-09-22T11:34:59.378+0000] {logging_mixin.py:190} INFO - [2024-09-22T11:34:59.378+0000] {dag.py:4180} INFO - Setting next_dagrun for example_task_group to None, run_after=None
[2024-09-22T11:34:59.405+0000] {processor.py:208} INFO - Processing /home/airflow/.local/lib/python3.12/site-packages/airflow/example_dags/example_task_group.py took 0.095 seconds
[2024-09-22T11:35:29.823+0000] {processor.py:186} INFO - Started process (PID=286) to work on /home/airflow/.local/lib/python3.12/site-packages/airflow/example_dags/example_task_group.py
[2024-09-22T11:35:29.824+0000] {processor.py:914} INFO - Processing file /home/airflow/.local/lib/python3.12/site-packages/airflow/example_dags/example_task_group.py for tasks to queue
[2024-09-22T11:35:29.826+0000] {logging_mixin.py:190} INFO - [2024-09-22T11:35:29.825+0000] {dagbag.py:588} INFO - Filling up the DagBag from /home/airflow/.local/lib/python3.12/site-packages/airflow/example_dags/example_task_group.py
[2024-09-22T11:35:29.833+0000] {processor.py:925} INFO - DAG(s) 'example_task_group' retrieved from /home/airflow/.local/lib/python3.12/site-packages/airflow/example_dags/example_task_group.py
[2024-09-22T11:35:29.857+0000] {logging_mixin.py:190} INFO - [2024-09-22T11:35:29.857+0000] {dag.py:3239} INFO - Sync 1 DAGs
[2024-09-22T11:35:29.871+0000] {logging_mixin.py:190} INFO - [2024-09-22T11:35:29.871+0000] {dag.py:4180} INFO - Setting next_dagrun for example_task_group to None, run_after=None
[2024-09-22T11:35:29.892+0000] {processor.py:208} INFO - Processing /home/airflow/.local/lib/python3.12/site-packages/airflow/example_dags/example_task_group.py took 0.074 seconds
