[2024-09-22T11:28:38.317+0000] {processor.py:186} INFO - Started process (PID=89) to work on /home/airflow/.local/lib/python3.12/site-packages/airflow/example_dags/example_branch_python_dop_operator_3.py
[2024-09-22T11:28:38.319+0000] {processor.py:914} INFO - Processing file /home/airflow/.local/lib/python3.12/site-packages/airflow/example_dags/example_branch_python_dop_operator_3.py for tasks to queue
[2024-09-22T11:28:38.324+0000] {logging_mixin.py:190} INFO - [2024-09-22T11:28:38.323+0000] {dagbag.py:588} INFO - Filling up the DagBag from /home/airflow/.local/lib/python3.12/site-packages/airflow/example_dags/example_branch_python_dop_operator_3.py
[2024-09-22T11:28:38.428+0000] {processor.py:925} INFO - DAG(s) 'example_branch_dop_operator_v3' retrieved from /home/airflow/.local/lib/python3.12/site-packages/airflow/example_dags/example_branch_python_dop_operator_3.py
[2024-09-22T11:28:38.644+0000] {logging_mixin.py:190} INFO - [2024-09-22T11:28:38.643+0000] {override.py:1900} INFO - Created Permission View: can read on DAG:example_branch_dop_operator_v3
[2024-09-22T11:28:38.659+0000] {logging_mixin.py:190} INFO - [2024-09-22T11:28:38.659+0000] {override.py:1900} INFO - Created Permission View: can delete on DAG:example_branch_dop_operator_v3
[2024-09-22T11:28:38.671+0000] {logging_mixin.py:190} INFO - [2024-09-22T11:28:38.671+0000] {override.py:1900} INFO - Created Permission View: can edit on DAG:example_branch_dop_operator_v3
[2024-09-22T11:28:38.699+0000] {logging_mixin.py:190} INFO - [2024-09-22T11:28:38.699+0000] {override.py:1900} INFO - Created Permission View: menu access on DAG Run:example_branch_dop_operator_v3
[2024-09-22T11:28:38.750+0000] {logging_mixin.py:190} INFO - [2024-09-22T11:28:38.750+0000] {override.py:1900} INFO - Created Permission View: can read on DAG Run:example_branch_dop_operator_v3
[2024-09-22T11:28:38.765+0000] {logging_mixin.py:190} INFO - [2024-09-22T11:28:38.765+0000] {override.py:1900} INFO - Created Permission View: can delete on DAG Run:example_branch_dop_operator_v3
[2024-09-22T11:28:38.780+0000] {logging_mixin.py:190} INFO - [2024-09-22T11:28:38.779+0000] {override.py:1900} INFO - Created Permission View: can create on DAG Run:example_branch_dop_operator_v3
[2024-09-22T11:28:38.780+0000] {logging_mixin.py:190} INFO - [2024-09-22T11:28:38.780+0000] {dag.py:3239} INFO - Sync 1 DAGs
[2024-09-22T11:28:38.797+0000] {logging_mixin.py:190} INFO - [2024-09-22T11:28:38.797+0000] {dag.py:3262} INFO - Creating ORM DAG for example_branch_dop_operator_v3
[2024-09-22T11:28:38.826+0000] {logging_mixin.py:190} INFO - [2024-09-22T11:28:38.825+0000] {dag.py:4180} INFO - Setting next_dagrun for example_branch_dop_operator_v3 to 2024-09-22 11:27:00+00:00, run_after=2024-09-22 11:28:00+00:00
[2024-09-22T11:28:38.854+0000] {processor.py:208} INFO - Processing /home/airflow/.local/lib/python3.12/site-packages/airflow/example_dags/example_branch_python_dop_operator_3.py took 0.550 seconds
[2024-09-22T11:29:09.555+0000] {processor.py:186} INFO - Started process (PID=151) to work on /home/airflow/.local/lib/python3.12/site-packages/airflow/example_dags/example_branch_python_dop_operator_3.py
[2024-09-22T11:29:09.557+0000] {processor.py:914} INFO - Processing file /home/airflow/.local/lib/python3.12/site-packages/airflow/example_dags/example_branch_python_dop_operator_3.py for tasks to queue
[2024-09-22T11:29:09.560+0000] {logging_mixin.py:190} INFO - [2024-09-22T11:29:09.560+0000] {dagbag.py:588} INFO - Filling up the DagBag from /home/airflow/.local/lib/python3.12/site-packages/airflow/example_dags/example_branch_python_dop_operator_3.py
[2024-09-22T11:29:09.571+0000] {processor.py:925} INFO - DAG(s) 'example_branch_dop_operator_v3' retrieved from /home/airflow/.local/lib/python3.12/site-packages/airflow/example_dags/example_branch_python_dop_operator_3.py
[2024-09-22T11:29:09.595+0000] {logging_mixin.py:190} INFO - [2024-09-22T11:29:09.595+0000] {dag.py:3239} INFO - Sync 1 DAGs
[2024-09-22T11:29:09.627+0000] {logging_mixin.py:190} INFO - [2024-09-22T11:29:09.626+0000] {dag.py:4180} INFO - Setting next_dagrun for example_branch_dop_operator_v3 to 2024-09-22 11:28:00+00:00, run_after=2024-09-22 11:29:00+00:00
[2024-09-22T11:29:09.877+0000] {processor.py:208} INFO - Processing /home/airflow/.local/lib/python3.12/site-packages/airflow/example_dags/example_branch_python_dop_operator_3.py took 0.327 seconds
[2024-09-22T11:29:44.231+0000] {processor.py:186} INFO - Started process (PID=213) to work on /home/airflow/.local/lib/python3.12/site-packages/airflow/example_dags/example_branch_python_dop_operator_3.py
[2024-09-22T11:29:44.245+0000] {processor.py:914} INFO - Processing file /home/airflow/.local/lib/python3.12/site-packages/airflow/example_dags/example_branch_python_dop_operator_3.py for tasks to queue
[2024-09-22T11:29:44.253+0000] {logging_mixin.py:190} INFO - [2024-09-22T11:29:44.252+0000] {dagbag.py:588} INFO - Filling up the DagBag from /home/airflow/.local/lib/python3.12/site-packages/airflow/example_dags/example_branch_python_dop_operator_3.py
[2024-09-22T11:29:44.381+0000] {processor.py:925} INFO - DAG(s) 'example_branch_dop_operator_v3' retrieved from /home/airflow/.local/lib/python3.12/site-packages/airflow/example_dags/example_branch_python_dop_operator_3.py
[2024-09-22T11:29:48.848+0000] {logging_mixin.py:190} INFO - [2024-09-22T11:29:48.839+0000] {dag.py:3239} INFO - Sync 1 DAGs
[2024-09-22T11:29:49.323+0000] {logging_mixin.py:190} INFO - [2024-09-22T11:29:49.323+0000] {dag.py:4180} INFO - Setting next_dagrun for example_branch_dop_operator_v3 to 2024-09-22 11:28:00+00:00, run_after=2024-09-22 11:29:00+00:00
[2024-09-22T11:29:49.838+0000] {processor.py:208} INFO - Processing /home/airflow/.local/lib/python3.12/site-packages/airflow/example_dags/example_branch_python_dop_operator_3.py took 5.613 seconds
[2024-09-22T11:32:50.191+0000] {processor.py:186} INFO - Started process (PID=74) to work on /home/airflow/.local/lib/python3.12/site-packages/airflow/example_dags/example_branch_python_dop_operator_3.py
[2024-09-22T11:32:50.197+0000] {processor.py:914} INFO - Processing file /home/airflow/.local/lib/python3.12/site-packages/airflow/example_dags/example_branch_python_dop_operator_3.py for tasks to queue
[2024-09-22T11:32:50.200+0000] {logging_mixin.py:190} INFO - [2024-09-22T11:32:50.200+0000] {dagbag.py:588} INFO - Filling up the DagBag from /home/airflow/.local/lib/python3.12/site-packages/airflow/example_dags/example_branch_python_dop_operator_3.py
[2024-09-22T11:32:50.213+0000] {processor.py:925} INFO - DAG(s) 'example_branch_dop_operator_v3' retrieved from /home/airflow/.local/lib/python3.12/site-packages/airflow/example_dags/example_branch_python_dop_operator_3.py
[2024-09-22T11:32:50.317+0000] {logging_mixin.py:190} INFO - [2024-09-22T11:32:50.317+0000] {dag.py:3239} INFO - Sync 1 DAGs
[2024-09-22T11:32:50.439+0000] {logging_mixin.py:190} INFO - [2024-09-22T11:32:50.439+0000] {dag.py:4180} INFO - Setting next_dagrun for example_branch_dop_operator_v3 to 2024-09-22 11:31:00+00:00, run_after=2024-09-22 11:32:00+00:00
[2024-09-22T11:32:50.523+0000] {processor.py:208} INFO - Processing /home/airflow/.local/lib/python3.12/site-packages/airflow/example_dags/example_branch_python_dop_operator_3.py took 0.341 seconds
[2024-09-22T11:33:21.755+0000] {processor.py:186} INFO - Started process (PID=136) to work on /home/airflow/.local/lib/python3.12/site-packages/airflow/example_dags/example_branch_python_dop_operator_3.py
[2024-09-22T11:33:21.756+0000] {processor.py:914} INFO - Processing file /home/airflow/.local/lib/python3.12/site-packages/airflow/example_dags/example_branch_python_dop_operator_3.py for tasks to queue
[2024-09-22T11:33:21.759+0000] {logging_mixin.py:190} INFO - [2024-09-22T11:33:21.759+0000] {dagbag.py:588} INFO - Filling up the DagBag from /home/airflow/.local/lib/python3.12/site-packages/airflow/example_dags/example_branch_python_dop_operator_3.py
[2024-09-22T11:33:21.772+0000] {processor.py:925} INFO - DAG(s) 'example_branch_dop_operator_v3' retrieved from /home/airflow/.local/lib/python3.12/site-packages/airflow/example_dags/example_branch_python_dop_operator_3.py
[2024-09-22T11:33:21.793+0000] {logging_mixin.py:190} INFO - [2024-09-22T11:33:21.793+0000] {dag.py:3239} INFO - Sync 1 DAGs
[2024-09-22T11:33:21.820+0000] {logging_mixin.py:190} INFO - [2024-09-22T11:33:21.820+0000] {dag.py:4180} INFO - Setting next_dagrun for example_branch_dop_operator_v3 to 2024-09-22 11:32:00+00:00, run_after=2024-09-22 11:33:00+00:00
[2024-09-22T11:33:21.839+0000] {processor.py:208} INFO - Processing /home/airflow/.local/lib/python3.12/site-packages/airflow/example_dags/example_branch_python_dop_operator_3.py took 0.090 seconds
[2024-09-22T11:34:57.631+0000] {processor.py:186} INFO - Started process (PID=207) to work on /home/airflow/.local/lib/python3.12/site-packages/airflow/example_dags/example_branch_python_dop_operator_3.py
[2024-09-22T11:34:57.633+0000] {processor.py:914} INFO - Processing file /home/airflow/.local/lib/python3.12/site-packages/airflow/example_dags/example_branch_python_dop_operator_3.py for tasks to queue
[2024-09-22T11:34:57.634+0000] {logging_mixin.py:190} INFO - [2024-09-22T11:34:57.634+0000] {dagbag.py:588} INFO - Filling up the DagBag from /home/airflow/.local/lib/python3.12/site-packages/airflow/example_dags/example_branch_python_dop_operator_3.py
[2024-09-22T11:34:57.649+0000] {processor.py:925} INFO - DAG(s) 'example_branch_dop_operator_v3' retrieved from /home/airflow/.local/lib/python3.12/site-packages/airflow/example_dags/example_branch_python_dop_operator_3.py
[2024-09-22T11:34:57.674+0000] {logging_mixin.py:190} INFO - [2024-09-22T11:34:57.674+0000] {dag.py:3239} INFO - Sync 1 DAGs
[2024-09-22T11:34:57.709+0000] {logging_mixin.py:190} INFO - [2024-09-22T11:34:57.708+0000] {dag.py:4180} INFO - Setting next_dagrun for example_branch_dop_operator_v3 to 2024-09-22 11:33:00+00:00, run_after=2024-09-22 11:34:00+00:00
[2024-09-22T11:34:57.737+0000] {processor.py:208} INFO - Processing /home/airflow/.local/lib/python3.12/site-packages/airflow/example_dags/example_branch_python_dop_operator_3.py took 0.111 seconds
[2024-09-22T11:35:27.829+0000] {processor.py:186} INFO - Started process (PID=269) to work on /home/airflow/.local/lib/python3.12/site-packages/airflow/example_dags/example_branch_python_dop_operator_3.py
[2024-09-22T11:35:27.830+0000] {processor.py:914} INFO - Processing file /home/airflow/.local/lib/python3.12/site-packages/airflow/example_dags/example_branch_python_dop_operator_3.py for tasks to queue
[2024-09-22T11:35:27.831+0000] {logging_mixin.py:190} INFO - [2024-09-22T11:35:27.831+0000] {dagbag.py:588} INFO - Filling up the DagBag from /home/airflow/.local/lib/python3.12/site-packages/airflow/example_dags/example_branch_python_dop_operator_3.py
[2024-09-22T11:35:27.840+0000] {processor.py:925} INFO - DAG(s) 'example_branch_dop_operator_v3' retrieved from /home/airflow/.local/lib/python3.12/site-packages/airflow/example_dags/example_branch_python_dop_operator_3.py
[2024-09-22T11:35:27.861+0000] {logging_mixin.py:190} INFO - [2024-09-22T11:35:27.861+0000] {dag.py:3239} INFO - Sync 1 DAGs
[2024-09-22T11:35:27.889+0000] {logging_mixin.py:190} INFO - [2024-09-22T11:35:27.888+0000] {dag.py:4180} INFO - Setting next_dagrun for example_branch_dop_operator_v3 to 2024-09-22 11:34:00+00:00, run_after=2024-09-22 11:35:00+00:00
[2024-09-22T11:35:27.910+0000] {processor.py:208} INFO - Processing /home/airflow/.local/lib/python3.12/site-packages/airflow/example_dags/example_branch_python_dop_operator_3.py took 0.086 seconds
