[2024-09-22T11:28:53.704+0000] {processor.py:186} INFO - Started process (PID=120) to work on /home/airflow/.local/lib/python3.12/site-packages/airflow/example_dags/example_dag_decorator.py
[2024-09-22T11:28:53.706+0000] {processor.py:914} INFO - Processing file /home/airflow/.local/lib/python3.12/site-packages/airflow/example_dags/example_dag_decorator.py for tasks to queue
[2024-09-22T11:28:53.711+0000] {logging_mixin.py:190} INFO - [2024-09-22T11:28:53.711+0000] {dagbag.py:588} INFO - Filling up the DagBag from /home/airflow/.local/lib/python3.12/site-packages/airflow/example_dags/example_dag_decorator.py
[2024-09-22T11:28:53.773+0000] {processor.py:925} INFO - DAG(s) 'example_dag_decorator' retrieved from /home/airflow/.local/lib/python3.12/site-packages/airflow/example_dags/example_dag_decorator.py
[2024-09-22T11:28:54.208+0000] {logging_mixin.py:190} INFO - [2024-09-22T11:28:54.207+0000] {override.py:1900} INFO - Created Permission View: can read on DAG:example_dag_decorator
[2024-09-22T11:28:54.236+0000] {logging_mixin.py:190} INFO - [2024-09-22T11:28:54.235+0000] {override.py:1900} INFO - Created Permission View: can delete on DAG:example_dag_decorator
[2024-09-22T11:28:54.260+0000] {logging_mixin.py:190} INFO - [2024-09-22T11:28:54.259+0000] {override.py:1900} INFO - Created Permission View: can edit on DAG:example_dag_decorator
[2024-09-22T11:28:54.345+0000] {logging_mixin.py:190} INFO - [2024-09-22T11:28:54.345+0000] {override.py:1900} INFO - Created Permission View: menu access on DAG Run:example_dag_decorator
[2024-09-22T11:28:54.368+0000] {logging_mixin.py:190} INFO - [2024-09-22T11:28:54.368+0000] {override.py:1900} INFO - Created Permission View: can read on DAG Run:example_dag_decorator
[2024-09-22T11:28:54.400+0000] {logging_mixin.py:190} INFO - [2024-09-22T11:28:54.400+0000] {override.py:1900} INFO - Created Permission View: can delete on DAG Run:example_dag_decorator
[2024-09-22T11:28:54.431+0000] {logging_mixin.py:190} INFO - [2024-09-22T11:28:54.425+0000] {override.py:1900} INFO - Created Permission View: can create on DAG Run:example_dag_decorator
[2024-09-22T11:28:54.433+0000] {logging_mixin.py:190} INFO - [2024-09-22T11:28:54.433+0000] {dag.py:3239} INFO - Sync 1 DAGs
[2024-09-22T11:28:54.468+0000] {logging_mixin.py:190} INFO - [2024-09-22T11:28:54.467+0000] {dag.py:3262} INFO - Creating ORM DAG for example_dag_decorator
[2024-09-22T11:28:54.469+0000] {logging_mixin.py:190} INFO - [2024-09-22T11:28:54.469+0000] {dag.py:4180} INFO - Setting next_dagrun for example_dag_decorator to None, run_after=None
[2024-09-22T11:28:54.553+0000] {processor.py:208} INFO - Processing /home/airflow/.local/lib/python3.12/site-packages/airflow/example_dags/example_dag_decorator.py took 0.858 seconds
[2024-09-22T11:29:25.151+0000] {processor.py:186} INFO - Started process (PID=182) to work on /home/airflow/.local/lib/python3.12/site-packages/airflow/example_dags/example_dag_decorator.py
[2024-09-22T11:29:25.153+0000] {processor.py:914} INFO - Processing file /home/airflow/.local/lib/python3.12/site-packages/airflow/example_dags/example_dag_decorator.py for tasks to queue
[2024-09-22T11:29:25.156+0000] {logging_mixin.py:190} INFO - [2024-09-22T11:29:25.156+0000] {dagbag.py:588} INFO - Filling up the DagBag from /home/airflow/.local/lib/python3.12/site-packages/airflow/example_dags/example_dag_decorator.py
[2024-09-22T11:29:25.174+0000] {processor.py:925} INFO - DAG(s) 'example_dag_decorator' retrieved from /home/airflow/.local/lib/python3.12/site-packages/airflow/example_dags/example_dag_decorator.py
[2024-09-22T11:29:25.391+0000] {logging_mixin.py:190} INFO - [2024-09-22T11:29:25.390+0000] {dag.py:3239} INFO - Sync 1 DAGs
[2024-09-22T11:29:25.403+0000] {logging_mixin.py:190} INFO - [2024-09-22T11:29:25.403+0000] {dag.py:4180} INFO - Setting next_dagrun for example_dag_decorator to None, run_after=None
[2024-09-22T11:29:25.428+0000] {processor.py:208} INFO - Processing /home/airflow/.local/lib/python3.12/site-packages/airflow/example_dags/example_dag_decorator.py took 0.282 seconds
[2024-09-22T11:29:57.777+0000] {processor.py:186} INFO - Started process (PID=250) to work on /home/airflow/.local/lib/python3.12/site-packages/airflow/example_dags/example_dag_decorator.py
[2024-09-22T11:29:57.780+0000] {processor.py:914} INFO - Processing file /home/airflow/.local/lib/python3.12/site-packages/airflow/example_dags/example_dag_decorator.py for tasks to queue
[2024-09-22T11:29:57.785+0000] {logging_mixin.py:190} INFO - [2024-09-22T11:29:57.785+0000] {dagbag.py:588} INFO - Filling up the DagBag from /home/airflow/.local/lib/python3.12/site-packages/airflow/example_dags/example_dag_decorator.py
[2024-09-22T11:29:57.830+0000] {processor.py:925} INFO - DAG(s) 'example_dag_decorator' retrieved from /home/airflow/.local/lib/python3.12/site-packages/airflow/example_dags/example_dag_decorator.py
[2024-09-22T11:29:59.246+0000] {logging_mixin.py:190} INFO - [2024-09-22T11:29:59.245+0000] {dag.py:3239} INFO - Sync 1 DAGs
[2024-09-22T11:29:59.264+0000] {logging_mixin.py:190} INFO - [2024-09-22T11:29:59.264+0000] {dag.py:4180} INFO - Setting next_dagrun for example_dag_decorator to None, run_after=None
[2024-09-22T11:29:59.319+0000] {processor.py:208} INFO - Processing /home/airflow/.local/lib/python3.12/site-packages/airflow/example_dags/example_dag_decorator.py took 1.557 seconds
[2024-09-22T11:32:54.685+0000] {processor.py:186} INFO - Started process (PID=105) to work on /home/airflow/.local/lib/python3.12/site-packages/airflow/example_dags/example_dag_decorator.py
[2024-09-22T11:32:54.688+0000] {processor.py:914} INFO - Processing file /home/airflow/.local/lib/python3.12/site-packages/airflow/example_dags/example_dag_decorator.py for tasks to queue
[2024-09-22T11:32:54.690+0000] {logging_mixin.py:190} INFO - [2024-09-22T11:32:54.690+0000] {dagbag.py:588} INFO - Filling up the DagBag from /home/airflow/.local/lib/python3.12/site-packages/airflow/example_dags/example_dag_decorator.py
[2024-09-22T11:32:54.700+0000] {processor.py:925} INFO - DAG(s) 'example_dag_decorator' retrieved from /home/airflow/.local/lib/python3.12/site-packages/airflow/example_dags/example_dag_decorator.py
[2024-09-22T11:32:54.841+0000] {logging_mixin.py:190} INFO - [2024-09-22T11:32:54.840+0000] {dag.py:3239} INFO - Sync 1 DAGs
[2024-09-22T11:32:54.855+0000] {logging_mixin.py:190} INFO - [2024-09-22T11:32:54.853+0000] {dag.py:4180} INFO - Setting next_dagrun for example_dag_decorator to None, run_after=None
[2024-09-22T11:32:54.877+0000] {processor.py:208} INFO - Processing /home/airflow/.local/lib/python3.12/site-packages/airflow/example_dags/example_dag_decorator.py took 0.196 seconds
[2024-09-22T11:33:25.245+0000] {processor.py:186} INFO - Started process (PID=167) to work on /home/airflow/.local/lib/python3.12/site-packages/airflow/example_dags/example_dag_decorator.py
[2024-09-22T11:33:25.246+0000] {processor.py:914} INFO - Processing file /home/airflow/.local/lib/python3.12/site-packages/airflow/example_dags/example_dag_decorator.py for tasks to queue
[2024-09-22T11:33:25.248+0000] {logging_mixin.py:190} INFO - [2024-09-22T11:33:25.248+0000] {dagbag.py:588} INFO - Filling up the DagBag from /home/airflow/.local/lib/python3.12/site-packages/airflow/example_dags/example_dag_decorator.py
[2024-09-22T11:33:25.260+0000] {processor.py:925} INFO - DAG(s) 'example_dag_decorator' retrieved from /home/airflow/.local/lib/python3.12/site-packages/airflow/example_dags/example_dag_decorator.py
[2024-09-22T11:33:25.433+0000] {logging_mixin.py:190} INFO - [2024-09-22T11:33:25.432+0000] {dag.py:3239} INFO - Sync 1 DAGs
[2024-09-22T11:33:25.446+0000] {logging_mixin.py:190} INFO - [2024-09-22T11:33:25.446+0000] {dag.py:4180} INFO - Setting next_dagrun for example_dag_decorator to None, run_after=None
[2024-09-22T11:33:25.473+0000] {processor.py:208} INFO - Processing /home/airflow/.local/lib/python3.12/site-packages/airflow/example_dags/example_dag_decorator.py took 0.232 seconds
[2024-09-22T11:35:01.196+0000] {processor.py:186} INFO - Started process (PID=238) to work on /home/airflow/.local/lib/python3.12/site-packages/airflow/example_dags/example_dag_decorator.py
[2024-09-22T11:35:01.197+0000] {processor.py:914} INFO - Processing file /home/airflow/.local/lib/python3.12/site-packages/airflow/example_dags/example_dag_decorator.py for tasks to queue
[2024-09-22T11:35:01.199+0000] {logging_mixin.py:190} INFO - [2024-09-22T11:35:01.199+0000] {dagbag.py:588} INFO - Filling up the DagBag from /home/airflow/.local/lib/python3.12/site-packages/airflow/example_dags/example_dag_decorator.py
[2024-09-22T11:35:01.215+0000] {processor.py:925} INFO - DAG(s) 'example_dag_decorator' retrieved from /home/airflow/.local/lib/python3.12/site-packages/airflow/example_dags/example_dag_decorator.py
[2024-09-22T11:35:01.463+0000] {logging_mixin.py:190} INFO - [2024-09-22T11:35:01.463+0000] {dag.py:3239} INFO - Sync 1 DAGs
[2024-09-22T11:35:01.481+0000] {logging_mixin.py:190} INFO - [2024-09-22T11:35:01.480+0000] {dag.py:4180} INFO - Setting next_dagrun for example_dag_decorator to None, run_after=None
[2024-09-22T11:35:01.512+0000] {processor.py:208} INFO - Processing /home/airflow/.local/lib/python3.12/site-packages/airflow/example_dags/example_dag_decorator.py took 0.323 seconds
[2024-09-22T11:35:32.546+0000] {processor.py:186} INFO - Started process (PID=303) to work on /home/airflow/.local/lib/python3.12/site-packages/airflow/example_dags/example_dag_decorator.py
[2024-09-22T11:35:32.547+0000] {processor.py:914} INFO - Processing file /home/airflow/.local/lib/python3.12/site-packages/airflow/example_dags/example_dag_decorator.py for tasks to queue
[2024-09-22T11:35:32.549+0000] {logging_mixin.py:190} INFO - [2024-09-22T11:35:32.548+0000] {dagbag.py:588} INFO - Filling up the DagBag from /home/airflow/.local/lib/python3.12/site-packages/airflow/example_dags/example_dag_decorator.py
[2024-09-22T11:35:32.559+0000] {processor.py:925} INFO - DAG(s) 'example_dag_decorator' retrieved from /home/airflow/.local/lib/python3.12/site-packages/airflow/example_dags/example_dag_decorator.py
[2024-09-22T11:35:32.775+0000] {logging_mixin.py:190} INFO - [2024-09-22T11:35:32.775+0000] {dag.py:3239} INFO - Sync 1 DAGs
[2024-09-22T11:35:32.789+0000] {logging_mixin.py:190} INFO - [2024-09-22T11:35:32.789+0000] {dag.py:4180} INFO - Setting next_dagrun for example_dag_decorator to None, run_after=None
[2024-09-22T11:35:32.812+0000] {processor.py:208} INFO - Processing /home/airflow/.local/lib/python3.12/site-packages/airflow/example_dags/example_dag_decorator.py took 0.270 seconds
