[2024-09-22T11:28:50.746+0000] {processor.py:186} INFO - Started process (PID=113) to work on /home/airflow/.local/lib/python3.12/site-packages/airflow/example_dags/tutorial.py
[2024-09-22T11:28:50.748+0000] {processor.py:914} INFO - Processing file /home/airflow/.local/lib/python3.12/site-packages/airflow/example_dags/tutorial.py for tasks to queue
[2024-09-22T11:28:50.751+0000] {logging_mixin.py:190} INFO - [2024-09-22T11:28:50.750+0000] {dagbag.py:588} INFO - Filling up the DagBag from /home/airflow/.local/lib/python3.12/site-packages/airflow/example_dags/tutorial.py
[2024-09-22T11:28:50.767+0000] {processor.py:925} INFO - DAG(s) 'tutorial' retrieved from /home/airflow/.local/lib/python3.12/site-packages/airflow/example_dags/tutorial.py
[2024-09-22T11:28:51.118+0000] {logging_mixin.py:190} INFO - [2024-09-22T11:28:51.116+0000] {override.py:1900} INFO - Created Permission View: can read on DAG:tutorial
[2024-09-22T11:28:51.133+0000] {logging_mixin.py:190} INFO - [2024-09-22T11:28:51.133+0000] {override.py:1900} INFO - Created Permission View: can delete on DAG:tutorial
[2024-09-22T11:28:51.145+0000] {logging_mixin.py:190} INFO - [2024-09-22T11:28:51.145+0000] {override.py:1900} INFO - Created Permission View: can edit on DAG:tutorial
[2024-09-22T11:28:51.159+0000] {logging_mixin.py:190} INFO - [2024-09-22T11:28:51.159+0000] {override.py:1900} INFO - Created Permission View: menu access on DAG Run:tutorial
[2024-09-22T11:28:51.173+0000] {logging_mixin.py:190} INFO - [2024-09-22T11:28:51.172+0000] {override.py:1900} INFO - Created Permission View: can read on DAG Run:tutorial
[2024-09-22T11:28:51.184+0000] {logging_mixin.py:190} INFO - [2024-09-22T11:28:51.183+0000] {override.py:1900} INFO - Created Permission View: can delete on DAG Run:tutorial
[2024-09-22T11:28:51.195+0000] {logging_mixin.py:190} INFO - [2024-09-22T11:28:51.194+0000] {override.py:1900} INFO - Created Permission View: can create on DAG Run:tutorial
[2024-09-22T11:28:51.196+0000] {logging_mixin.py:190} INFO - [2024-09-22T11:28:51.195+0000] {dag.py:3239} INFO - Sync 1 DAGs
[2024-09-22T11:28:51.221+0000] {logging_mixin.py:190} INFO - [2024-09-22T11:28:51.220+0000] {dag.py:3262} INFO - Creating ORM DAG for tutorial
[2024-09-22T11:28:51.234+0000] {logging_mixin.py:190} INFO - [2024-09-22T11:28:51.234+0000] {dag.py:4180} INFO - Setting next_dagrun for tutorial to 2024-09-21 00:00:00+00:00, run_after=2024-09-22 00:00:00+00:00
[2024-09-22T11:28:51.260+0000] {processor.py:208} INFO - Processing /home/airflow/.local/lib/python3.12/site-packages/airflow/example_dags/tutorial.py took 0.525 seconds
[2024-09-22T11:29:21.642+0000] {processor.py:186} INFO - Started process (PID=175) to work on /home/airflow/.local/lib/python3.12/site-packages/airflow/example_dags/tutorial.py
[2024-09-22T11:29:21.643+0000] {processor.py:914} INFO - Processing file /home/airflow/.local/lib/python3.12/site-packages/airflow/example_dags/tutorial.py for tasks to queue
[2024-09-22T11:29:21.646+0000] {logging_mixin.py:190} INFO - [2024-09-22T11:29:21.646+0000] {dagbag.py:588} INFO - Filling up the DagBag from /home/airflow/.local/lib/python3.12/site-packages/airflow/example_dags/tutorial.py
[2024-09-22T11:29:21.661+0000] {processor.py:925} INFO - DAG(s) 'tutorial' retrieved from /home/airflow/.local/lib/python3.12/site-packages/airflow/example_dags/tutorial.py
[2024-09-22T11:29:21.686+0000] {logging_mixin.py:190} INFO - [2024-09-22T11:29:21.686+0000] {dag.py:3239} INFO - Sync 1 DAGs
[2024-09-22T11:29:21.725+0000] {logging_mixin.py:190} INFO - [2024-09-22T11:29:21.724+0000] {dag.py:4180} INFO - Setting next_dagrun for tutorial to 2024-09-21 00:00:00+00:00, run_after=2024-09-22 00:00:00+00:00
[2024-09-22T11:29:21.764+0000] {processor.py:208} INFO - Processing /home/airflow/.local/lib/python3.12/site-packages/airflow/example_dags/tutorial.py took 0.128 seconds
[2024-09-22T11:29:56.324+0000] {processor.py:186} INFO - Started process (PID=237) to work on /home/airflow/.local/lib/python3.12/site-packages/airflow/example_dags/tutorial.py
[2024-09-22T11:29:56.325+0000] {processor.py:914} INFO - Processing file /home/airflow/.local/lib/python3.12/site-packages/airflow/example_dags/tutorial.py for tasks to queue
[2024-09-22T11:29:56.329+0000] {logging_mixin.py:190} INFO - [2024-09-22T11:29:56.328+0000] {dagbag.py:588} INFO - Filling up the DagBag from /home/airflow/.local/lib/python3.12/site-packages/airflow/example_dags/tutorial.py
[2024-09-22T11:29:56.338+0000] {processor.py:925} INFO - DAG(s) 'tutorial' retrieved from /home/airflow/.local/lib/python3.12/site-packages/airflow/example_dags/tutorial.py
[2024-09-22T11:29:56.366+0000] {logging_mixin.py:190} INFO - [2024-09-22T11:29:56.365+0000] {dag.py:3239} INFO - Sync 1 DAGs
[2024-09-22T11:29:56.396+0000] {logging_mixin.py:190} INFO - [2024-09-22T11:29:56.395+0000] {dag.py:4180} INFO - Setting next_dagrun for tutorial to 2024-09-21 00:00:00+00:00, run_after=2024-09-22 00:00:00+00:00
[2024-09-22T11:29:56.424+0000] {processor.py:208} INFO - Processing /home/airflow/.local/lib/python3.12/site-packages/airflow/example_dags/tutorial.py took 0.114 seconds
[2024-09-22T11:32:54.089+0000] {processor.py:186} INFO - Started process (PID=98) to work on /home/airflow/.local/lib/python3.12/site-packages/airflow/example_dags/tutorial.py
[2024-09-22T11:32:54.091+0000] {processor.py:914} INFO - Processing file /home/airflow/.local/lib/python3.12/site-packages/airflow/example_dags/tutorial.py for tasks to queue
[2024-09-22T11:32:54.093+0000] {logging_mixin.py:190} INFO - [2024-09-22T11:32:54.093+0000] {dagbag.py:588} INFO - Filling up the DagBag from /home/airflow/.local/lib/python3.12/site-packages/airflow/example_dags/tutorial.py
[2024-09-22T11:32:54.101+0000] {processor.py:925} INFO - DAG(s) 'tutorial' retrieved from /home/airflow/.local/lib/python3.12/site-packages/airflow/example_dags/tutorial.py
[2024-09-22T11:32:54.123+0000] {logging_mixin.py:190} INFO - [2024-09-22T11:32:54.122+0000] {dag.py:3239} INFO - Sync 1 DAGs
[2024-09-22T11:32:54.149+0000] {logging_mixin.py:190} INFO - [2024-09-22T11:32:54.149+0000] {dag.py:4180} INFO - Setting next_dagrun for tutorial to 2024-09-21 00:00:00+00:00, run_after=2024-09-22 00:00:00+00:00
[2024-09-22T11:32:54.169+0000] {processor.py:208} INFO - Processing /home/airflow/.local/lib/python3.12/site-packages/airflow/example_dags/tutorial.py took 0.085 seconds
[2024-09-22T11:33:24.635+0000] {processor.py:186} INFO - Started process (PID=160) to work on /home/airflow/.local/lib/python3.12/site-packages/airflow/example_dags/tutorial.py
[2024-09-22T11:33:24.636+0000] {processor.py:914} INFO - Processing file /home/airflow/.local/lib/python3.12/site-packages/airflow/example_dags/tutorial.py for tasks to queue
[2024-09-22T11:33:24.639+0000] {logging_mixin.py:190} INFO - [2024-09-22T11:33:24.638+0000] {dagbag.py:588} INFO - Filling up the DagBag from /home/airflow/.local/lib/python3.12/site-packages/airflow/example_dags/tutorial.py
[2024-09-22T11:33:24.646+0000] {processor.py:925} INFO - DAG(s) 'tutorial' retrieved from /home/airflow/.local/lib/python3.12/site-packages/airflow/example_dags/tutorial.py
[2024-09-22T11:33:24.671+0000] {logging_mixin.py:190} INFO - [2024-09-22T11:33:24.671+0000] {dag.py:3239} INFO - Sync 1 DAGs
[2024-09-22T11:33:24.703+0000] {logging_mixin.py:190} INFO - [2024-09-22T11:33:24.703+0000] {dag.py:4180} INFO - Setting next_dagrun for tutorial to 2024-09-21 00:00:00+00:00, run_after=2024-09-22 00:00:00+00:00
[2024-09-22T11:33:24.728+0000] {processor.py:208} INFO - Processing /home/airflow/.local/lib/python3.12/site-packages/airflow/example_dags/tutorial.py took 0.097 seconds
[2024-09-22T11:35:00.483+0000] {processor.py:186} INFO - Started process (PID=231) to work on /home/airflow/.local/lib/python3.12/site-packages/airflow/example_dags/tutorial.py
[2024-09-22T11:35:00.485+0000] {processor.py:914} INFO - Processing file /home/airflow/.local/lib/python3.12/site-packages/airflow/example_dags/tutorial.py for tasks to queue
[2024-09-22T11:35:00.487+0000] {logging_mixin.py:190} INFO - [2024-09-22T11:35:00.486+0000] {dagbag.py:588} INFO - Filling up the DagBag from /home/airflow/.local/lib/python3.12/site-packages/airflow/example_dags/tutorial.py
[2024-09-22T11:35:00.498+0000] {processor.py:925} INFO - DAG(s) 'tutorial' retrieved from /home/airflow/.local/lib/python3.12/site-packages/airflow/example_dags/tutorial.py
[2024-09-22T11:35:00.523+0000] {logging_mixin.py:190} INFO - [2024-09-22T11:35:00.523+0000] {dag.py:3239} INFO - Sync 1 DAGs
[2024-09-22T11:35:00.554+0000] {logging_mixin.py:190} INFO - [2024-09-22T11:35:00.553+0000] {dag.py:4180} INFO - Setting next_dagrun for tutorial to 2024-09-21 00:00:00+00:00, run_after=2024-09-22 00:00:00+00:00
[2024-09-22T11:35:00.584+0000] {processor.py:208} INFO - Processing /home/airflow/.local/lib/python3.12/site-packages/airflow/example_dags/tutorial.py took 0.106 seconds
[2024-09-22T11:35:30.767+0000] {processor.py:186} INFO - Started process (PID=294) to work on /home/airflow/.local/lib/python3.12/site-packages/airflow/example_dags/tutorial.py
[2024-09-22T11:35:30.769+0000] {processor.py:914} INFO - Processing file /home/airflow/.local/lib/python3.12/site-packages/airflow/example_dags/tutorial.py for tasks to queue
[2024-09-22T11:35:30.772+0000] {logging_mixin.py:190} INFO - [2024-09-22T11:35:30.772+0000] {dagbag.py:588} INFO - Filling up the DagBag from /home/airflow/.local/lib/python3.12/site-packages/airflow/example_dags/tutorial.py
[2024-09-22T11:35:30.780+0000] {processor.py:925} INFO - DAG(s) 'tutorial' retrieved from /home/airflow/.local/lib/python3.12/site-packages/airflow/example_dags/tutorial.py
[2024-09-22T11:35:30.801+0000] {logging_mixin.py:190} INFO - [2024-09-22T11:35:30.800+0000] {dag.py:3239} INFO - Sync 1 DAGs
[2024-09-22T11:35:30.826+0000] {logging_mixin.py:190} INFO - [2024-09-22T11:35:30.826+0000] {dag.py:4180} INFO - Setting next_dagrun for tutorial to 2024-09-21 00:00:00+00:00, run_after=2024-09-22 00:00:00+00:00
[2024-09-22T11:35:30.845+0000] {processor.py:208} INFO - Processing /home/airflow/.local/lib/python3.12/site-packages/airflow/example_dags/tutorial.py took 0.083 seconds
