[2024-09-24T19:06:13.385+0000] {local_task_job_runner.py:123} INFO - ::group::Pre task execution logs
[2024-09-24T19:06:13.407+0000] {taskinstance.py:2612} INFO - Dependencies all met for dep_context=non-requeueable deps ti=<TaskInstance: dag1.task1 scheduled__2024-09-24T00:13:00+00:00 [queued]>
[2024-09-24T19:06:13.421+0000] {taskinstance.py:2612} INFO - Dependencies all met for dep_context=requeueable deps ti=<TaskInstance: dag1.task1 scheduled__2024-09-24T00:13:00+00:00 [queued]>
[2024-09-24T19:06:13.423+0000] {taskinstance.py:2865} INFO - Starting attempt 1 of 4
[2024-09-24T19:06:13.443+0000] {taskinstance.py:2888} INFO - Executing <Task(BashOperator): task1> on 2024-09-24 00:13:00+00:00
[2024-09-24T19:06:13.473+0000] {warnings.py:112} WARNING - /home/***/.local/lib/python3.12/site-packages/***/task/task_runner/standard_task_runner.py:70: DeprecationWarning: This process (pid=89) is multi-threaded, use of fork() may lead to deadlocks in the child.
  pid = os.fork()

[2024-09-24T19:06:13.478+0000] {standard_task_runner.py:72} INFO - Started process 97 to run task
[2024-09-24T19:06:13.482+0000] {standard_task_runner.py:104} INFO - Running: ['***', 'tasks', 'run', 'dag1', 'task1', 'scheduled__2024-09-24T00:13:00+00:00', '--job-id', '572', '--raw', '--subdir', 'DAGS_FOLDER/dag1.py', '--cfg-path', '/tmp/tmpxytx2qw4']
[2024-09-24T19:06:13.484+0000] {standard_task_runner.py:105} INFO - Job 572: Subtask task1
[2024-09-24T19:06:13.568+0000] {task_command.py:467} INFO - Running <TaskInstance: dag1.task1 scheduled__2024-09-24T00:13:00+00:00 [running]> on host 5d6b20a950c7
[2024-09-24T19:06:13.694+0000] {taskinstance.py:3131} INFO - Exporting env vars: AIRFLOW_CTX_DAG_OWNER='etl_user' AIRFLOW_CTX_DAG_ID='dag1' AIRFLOW_CTX_TASK_ID='task1' AIRFLOW_CTX_EXECUTION_DATE='2024-09-24T00:13:00+00:00' AIRFLOW_CTX_TRY_NUMBER='1' AIRFLOW_CTX_DAG_RUN_ID='scheduled__2024-09-24T00:13:00+00:00'
[2024-09-24T19:06:13.696+0000] {taskinstance.py:731} INFO - ::endgroup::
[2024-09-24T19:06:13.721+0000] {subprocess.py:63} INFO - Tmp dir root location: /tmp
[2024-09-24T19:06:13.724+0000] {subprocess.py:75} INFO - Running command: ['/usr/bin/bash', '-c', 'echo "Hello, World!"']
[2024-09-24T19:06:13.759+0000] {subprocess.py:86} INFO - Output:
[2024-09-24T19:06:13.760+0000] {subprocess.py:93} INFO - Hello, World!
[2024-09-24T19:06:13.761+0000] {subprocess.py:97} INFO - Command exited with return code 0
[2024-09-24T19:06:13.822+0000] {taskinstance.py:340} INFO - ::group::Post task execution logs
[2024-09-24T19:06:13.823+0000] {taskinstance.py:352} INFO - Marking task as SUCCESS. dag_id=dag1, task_id=task1, run_id=scheduled__2024-09-24T00:13:00+00:00, execution_date=20240924T001300, start_date=20240924T190613, end_date=20240924T190613
[2024-09-24T19:06:13.862+0000] {local_task_job_runner.py:266} INFO - Task exited with return code 0
[2024-09-24T19:06:13.887+0000] {taskinstance.py:3900} INFO - 1 downstream tasks scheduled from follow-on schedule check
[2024-09-24T19:06:13.890+0000] {local_task_job_runner.py:245} INFO - ::endgroup::
