[2024-10-11T15:14:07.360+0000] {local_task_job_runner.py:123} INFO - ::group::Pre task execution logs
[2024-10-11T15:14:07.380+0000] {taskinstance.py:2612} INFO - Dependencies all met for dep_context=non-requeueable deps ti=<TaskInstance: dag1.task2 scheduled__2024-10-11T00:09:00+00:00 [queued]>
[2024-10-11T15:14:07.392+0000] {taskinstance.py:2612} INFO - Dependencies all met for dep_context=requeueable deps ti=<TaskInstance: dag1.task2 scheduled__2024-10-11T00:09:00+00:00 [queued]>
[2024-10-11T15:14:07.393+0000] {taskinstance.py:2865} INFO - Starting attempt 1 of 4
[2024-10-11T15:14:07.408+0000] {taskinstance.py:2888} INFO - Executing <Task(BashOperator): task2> on 2024-10-11 00:09:00+00:00
[2024-10-11T15:14:07.415+0000] {warnings.py:112} WARNING - /home/***/.local/lib/python3.12/site-packages/***/task/task_runner/standard_task_runner.py:70: DeprecationWarning: This process (pid=261) is multi-threaded, use of fork() may lead to deadlocks in the child.
  pid = os.fork()

[2024-10-11T15:14:07.418+0000] {standard_task_runner.py:72} INFO - Started process 262 to run task
[2024-10-11T15:14:07.417+0000] {standard_task_runner.py:104} INFO - Running: ['***', 'tasks', 'run', 'dag1', 'task2', 'scheduled__2024-10-11T00:09:00+00:00', '--job-id', '631', '--raw', '--subdir', 'DAGS_FOLDER/dag1.py', '--cfg-path', '/tmp/tmp1kkzylgr']
[2024-10-11T15:14:07.419+0000] {standard_task_runner.py:105} INFO - Job 631: Subtask task2
[2024-10-11T15:14:07.470+0000] {task_command.py:467} INFO - Running <TaskInstance: dag1.task2 scheduled__2024-10-11T00:09:00+00:00 [running]> on host 7c444714f472
[2024-10-11T15:14:07.560+0000] {taskinstance.py:3131} INFO - Exporting env vars: AIRFLOW_CTX_DAG_OWNER='etl_user' AIRFLOW_CTX_DAG_ID='dag1' AIRFLOW_CTX_TASK_ID='task2' AIRFLOW_CTX_EXECUTION_DATE='2024-10-11T00:09:00+00:00' AIRFLOW_CTX_TRY_NUMBER='1' AIRFLOW_CTX_DAG_RUN_ID='scheduled__2024-10-11T00:09:00+00:00'
[2024-10-11T15:14:07.561+0000] {taskinstance.py:731} INFO - ::endgroup::
[2024-10-11T15:14:07.575+0000] {subprocess.py:63} INFO - Tmp dir root location: /tmp
[2024-10-11T15:14:07.577+0000] {subprocess.py:75} INFO - Running command: ['/usr/bin/bash', '-c', 'echo hello']
[2024-10-11T15:14:07.588+0000] {subprocess.py:86} INFO - Output:
[2024-10-11T15:14:07.590+0000] {subprocess.py:93} INFO - hello
[2024-10-11T15:14:07.590+0000] {subprocess.py:97} INFO - Command exited with return code 0
[2024-10-11T15:14:07.620+0000] {taskinstance.py:340} INFO - ::group::Post task execution logs
[2024-10-11T15:14:07.621+0000] {taskinstance.py:352} INFO - Marking task as SUCCESS. dag_id=dag1, task_id=task2, run_id=scheduled__2024-10-11T00:09:00+00:00, execution_date=20241011T000900, start_date=20241011T151407, end_date=20241011T151407
[2024-10-11T15:14:07.674+0000] {local_task_job_runner.py:266} INFO - Task exited with return code 0
[2024-10-11T15:14:07.691+0000] {taskinstance.py:3900} INFO - 0 downstream tasks scheduled from follow-on schedule check
[2024-10-11T15:14:07.694+0000] {local_task_job_runner.py:245} INFO - ::endgroup::
