[2024-10-11T15:44:09.554+0000] {local_task_job_runner.py:123} INFO - ::group::Pre task execution logs
[2024-10-11T15:44:09.577+0000] {taskinstance.py:2612} INFO - Dependencies all met for dep_context=non-requeueable deps ti=<TaskInstance: dag1.task2 scheduled__2024-10-11T02:49:00+00:00 [queued]>
[2024-10-11T15:44:09.592+0000] {taskinstance.py:2612} INFO - Dependencies all met for dep_context=requeueable deps ti=<TaskInstance: dag1.task2 scheduled__2024-10-11T02:49:00+00:00 [queued]>
[2024-10-11T15:44:09.593+0000] {taskinstance.py:2865} INFO - Starting attempt 1 of 4
[2024-10-11T15:44:09.611+0000] {taskinstance.py:2888} INFO - Executing <Task(BashOperator): task2> on 2024-10-11 02:49:00+00:00
[2024-10-11T15:44:09.618+0000] {warnings.py:112} WARNING - /home/***/.local/lib/python3.12/site-packages/***/task/task_runner/standard_task_runner.py:70: DeprecationWarning: This process (pid=1799) is multi-threaded, use of fork() may lead to deadlocks in the child.
  pid = os.fork()

[2024-10-11T15:44:09.620+0000] {standard_task_runner.py:72} INFO - Started process 1800 to run task
[2024-10-11T15:44:09.620+0000] {standard_task_runner.py:104} INFO - Running: ['***', 'tasks', 'run', 'dag1', 'task2', 'scheduled__2024-10-11T02:49:00+00:00', '--job-id', '951', '--raw', '--subdir', 'DAGS_FOLDER/dag1.py', '--cfg-path', '/tmp/tmpygp67r7v']
[2024-10-11T15:44:09.622+0000] {standard_task_runner.py:105} INFO - Job 951: Subtask task2
[2024-10-11T15:44:09.685+0000] {task_command.py:467} INFO - Running <TaskInstance: dag1.task2 scheduled__2024-10-11T02:49:00+00:00 [running]> on host 7c444714f472
[2024-10-11T15:44:09.777+0000] {taskinstance.py:3131} INFO - Exporting env vars: AIRFLOW_CTX_DAG_OWNER='etl_user' AIRFLOW_CTX_DAG_ID='dag1' AIRFLOW_CTX_TASK_ID='task2' AIRFLOW_CTX_EXECUTION_DATE='2024-10-11T02:49:00+00:00' AIRFLOW_CTX_TRY_NUMBER='1' AIRFLOW_CTX_DAG_RUN_ID='scheduled__2024-10-11T02:49:00+00:00'
[2024-10-11T15:44:09.779+0000] {taskinstance.py:731} INFO - ::endgroup::
[2024-10-11T15:44:09.792+0000] {subprocess.py:63} INFO - Tmp dir root location: /tmp
[2024-10-11T15:44:09.794+0000] {subprocess.py:75} INFO - Running command: ['/usr/bin/bash', '-c', 'echo hello']
[2024-10-11T15:44:09.806+0000] {subprocess.py:86} INFO - Output:
[2024-10-11T15:44:09.808+0000] {subprocess.py:93} INFO - hello
[2024-10-11T15:44:09.808+0000] {subprocess.py:97} INFO - Command exited with return code 0
[2024-10-11T15:44:09.836+0000] {taskinstance.py:340} INFO - ::group::Post task execution logs
[2024-10-11T15:44:09.836+0000] {taskinstance.py:352} INFO - Marking task as SUCCESS. dag_id=dag1, task_id=task2, run_id=scheduled__2024-10-11T02:49:00+00:00, execution_date=20241011T024900, start_date=20241011T154409, end_date=20241011T154409
[2024-10-11T15:44:09.876+0000] {local_task_job_runner.py:266} INFO - Task exited with return code 0
[2024-10-11T15:44:09.896+0000] {taskinstance.py:3900} INFO - 0 downstream tasks scheduled from follow-on schedule check
[2024-10-11T15:44:09.899+0000] {local_task_job_runner.py:245} INFO - ::endgroup::
