[2024-10-11T15:31:46.615+0000] {local_task_job_runner.py:123} INFO - ::group::Pre task execution logs
[2024-10-11T15:31:46.636+0000] {taskinstance.py:2612} INFO - Dependencies all met for dep_context=non-requeueable deps ti=<TaskInstance: dag1.task2 scheduled__2024-10-11T00:13:00+00:00 [queued]>
[2024-10-11T15:31:46.647+0000] {taskinstance.py:2612} INFO - Dependencies all met for dep_context=requeueable deps ti=<TaskInstance: dag1.task2 scheduled__2024-10-11T00:13:00+00:00 [queued]>
[2024-10-11T15:31:46.648+0000] {taskinstance.py:2865} INFO - Starting attempt 1 of 4
[2024-10-11T15:31:46.663+0000] {taskinstance.py:2888} INFO - Executing <Task(BashOperator): task2> on 2024-10-11 00:13:00+00:00
[2024-10-11T15:31:46.671+0000] {warnings.py:112} WARNING - /home/***/.local/lib/python3.12/site-packages/***/task/task_runner/standard_task_runner.py:70: DeprecationWarning: This process (pid=412) is multi-threaded, use of fork() may lead to deadlocks in the child.
  pid = os.fork()

[2024-10-11T15:31:46.673+0000] {standard_task_runner.py:72} INFO - Started process 413 to run task
[2024-10-11T15:31:46.673+0000] {standard_task_runner.py:104} INFO - Running: ['***', 'tasks', 'run', 'dag1', 'task2', 'scheduled__2024-10-11T00:13:00+00:00', '--job-id', '639', '--raw', '--subdir', 'DAGS_FOLDER/dag1.py', '--cfg-path', '/tmp/tmp9cs2cyt2']
[2024-10-11T15:31:46.674+0000] {standard_task_runner.py:105} INFO - Job 639: Subtask task2
[2024-10-11T15:31:46.728+0000] {task_command.py:467} INFO - Running <TaskInstance: dag1.task2 scheduled__2024-10-11T00:13:00+00:00 [running]> on host 7c444714f472
[2024-10-11T15:31:46.823+0000] {taskinstance.py:3131} INFO - Exporting env vars: AIRFLOW_CTX_DAG_OWNER='etl_user' AIRFLOW_CTX_DAG_ID='dag1' AIRFLOW_CTX_TASK_ID='task2' AIRFLOW_CTX_EXECUTION_DATE='2024-10-11T00:13:00+00:00' AIRFLOW_CTX_TRY_NUMBER='1' AIRFLOW_CTX_DAG_RUN_ID='scheduled__2024-10-11T00:13:00+00:00'
[2024-10-11T15:31:46.824+0000] {taskinstance.py:731} INFO - ::endgroup::
[2024-10-11T15:31:46.840+0000] {subprocess.py:63} INFO - Tmp dir root location: /tmp
[2024-10-11T15:31:46.842+0000] {subprocess.py:75} INFO - Running command: ['/usr/bin/bash', '-c', 'echo hello']
[2024-10-11T15:31:46.855+0000] {subprocess.py:86} INFO - Output:
[2024-10-11T15:31:46.856+0000] {subprocess.py:93} INFO - hello
[2024-10-11T15:31:46.857+0000] {subprocess.py:97} INFO - Command exited with return code 0
[2024-10-11T15:31:46.883+0000] {taskinstance.py:340} INFO - ::group::Post task execution logs
[2024-10-11T15:31:46.884+0000] {taskinstance.py:352} INFO - Marking task as SUCCESS. dag_id=dag1, task_id=task2, run_id=scheduled__2024-10-11T00:13:00+00:00, execution_date=20241011T001300, start_date=20241011T153146, end_date=20241011T153146
[2024-10-11T15:31:46.930+0000] {local_task_job_runner.py:266} INFO - Task exited with return code 0
[2024-10-11T15:31:46.947+0000] {taskinstance.py:3900} INFO - 0 downstream tasks scheduled from follow-on schedule check
[2024-10-11T15:31:46.950+0000] {local_task_job_runner.py:245} INFO - ::endgroup::
